<?xml version="1.0" encoding="UTF-8"?>
<testsuite xmlns:xsi="http://www.w3.org/2001/XMLSchema-instance" xsi:noNamespaceSchemaLocation="https://maven.apache.org/surefire/maven-surefire-plugin/xsd/surefire-test-report-3.0.xsd" version="3.0" name="com.misight.service.MisightApplicationTests" time="11.625" tests="1" errors="0" skipped="0" failures="0">
  <properties>
    <property name="java.specification.version" value="22"/>
    <property name="sun.jnu.encoding" value="UTF-8"/>
    <property name="java.class.path" value="/Users/keyinstudent/Documents/S4-Final-BackEnd/target/test-classes:/Users/keyinstudent/Documents/S4-Final-BackEnd/target/classes:/Users/keyinstudent/.m2/repository/com/h2database/h2/2.2.224/h2-2.2.224.jar:/Users/keyinstudent/.m2/repository/org/springframework/boot/spring-boot-starter-data-jpa/3.2.1/spring-boot-starter-data-jpa-3.2.1.jar:/Users/keyinstudent/.m2/repository/org/springframework/boot/spring-boot-starter-aop/3.2.1/spring-boot-starter-aop-3.2.1.jar:/Users/keyinstudent/.m2/repository/org/aspectj/aspectjweaver/1.9.21/aspectjweaver-1.9.21.jar:/Users/keyinstudent/.m2/repository/org/springframework/boot/spring-boot-starter-jdbc/3.2.1/spring-boot-starter-jdbc-3.2.1.jar:/Users/keyinstudent/.m2/repository/com/zaxxer/HikariCP/5.0.1/HikariCP-5.0.1.jar:/Users/keyinstudent/.m2/repository/org/springframework/spring-jdbc/6.1.2/spring-jdbc-6.1.2.jar:/Users/keyinstudent/.m2/repository/org/hibernate/orm/hibernate-core/6.4.1.Final/hibernate-core-6.4.1.Final.jar:/Users/keyinstudent/.m2/repository/jakarta/transaction/jakarta.transaction-api/2.0.1/jakarta.transaction-api-2.0.1.jar:/Users/keyinstudent/.m2/repository/org/jboss/logging/jboss-logging/3.5.3.Final/jboss-logging-3.5.3.Final.jar:/Users/keyinstudent/.m2/repository/org/hibernate/common/hibernate-commons-annotations/6.0.6.Final/hibernate-commons-annotations-6.0.6.Final.jar:/Users/keyinstudent/.m2/repository/io/smallrye/jandex/3.1.2/jandex-3.1.2.jar:/Users/keyinstudent/.m2/repository/com/fasterxml/classmate/1.6.0/classmate-1.6.0.jar:/Users/keyinstudent/.m2/repository/net/bytebuddy/byte-buddy/1.14.10/byte-buddy-1.14.10.jar:/Users/keyinstudent/.m2/repository/org/glassfish/jaxb/jaxb-runtime/4.0.4/jaxb-runtime-4.0.4.jar:/Users/keyinstudent/.m2/repository/org/glassfish/jaxb/jaxb-core/4.0.4/jaxb-core-4.0.4.jar:/Users/keyinstudent/.m2/repository/org/eclipse/angus/angus-activation/2.0.1/angus-activation-2.0.1.jar:/Users/keyinstudent/.m2/repository/org/glassfish/jaxb/txw2/4.0.4/txw2-4.0.4.jar:/Users/keyinstudent/.m2/repository/com/sun/istack/istack-commons-runtime/4.1.2/istack-commons-runtime-4.1.2.jar:/Users/keyinstudent/.m2/repository/jakarta/inject/jakarta.inject-api/2.0.1/jakarta.inject-api-2.0.1.jar:/Users/keyinstudent/.m2/repository/org/antlr/antlr4-runtime/4.13.0/antlr4-runtime-4.13.0.jar:/Users/keyinstudent/.m2/repository/org/springframework/data/spring-data-jpa/3.2.1/spring-data-jpa-3.2.1.jar:/Users/keyinstudent/.m2/repository/org/springframework/data/spring-data-commons/3.2.1/spring-data-commons-3.2.1.jar:/Users/keyinstudent/.m2/repository/org/springframework/spring-orm/6.1.2/spring-orm-6.1.2.jar:/Users/keyinstudent/.m2/repository/org/springframework/spring-context/6.1.2/spring-context-6.1.2.jar:/Users/keyinstudent/.m2/repository/org/springframework/spring-tx/6.1.2/spring-tx-6.1.2.jar:/Users/keyinstudent/.m2/repository/jakarta/annotation/jakarta.annotation-api/2.1.1/jakarta.annotation-api-2.1.1.jar:/Users/keyinstudent/.m2/repository/org/slf4j/slf4j-api/2.0.9/slf4j-api-2.0.9.jar:/Users/keyinstudent/.m2/repository/org/springframework/spring-aspects/6.1.2/spring-aspects-6.1.2.jar:/Users/keyinstudent/.m2/repository/org/springframework/boot/spring-boot-starter-web/3.2.1/spring-boot-starter-web-3.2.1.jar:/Users/keyinstudent/.m2/repository/org/springframework/boot/spring-boot-starter/3.2.1/spring-boot-starter-3.2.1.jar:/Users/keyinstudent/.m2/repository/org/springframework/boot/spring-boot/3.2.1/spring-boot-3.2.1.jar:/Users/keyinstudent/.m2/repository/org/springframework/boot/spring-boot-autoconfigure/3.2.1/spring-boot-autoconfigure-3.2.1.jar:/Users/keyinstudent/.m2/repository/org/springframework/boot/spring-boot-starter-logging/3.2.1/spring-boot-starter-logging-3.2.1.jar:/Users/keyinstudent/.m2/repository/ch/qos/logback/logback-classic/1.4.14/logback-classic-1.4.14.jar:/Users/keyinstudent/.m2/repository/ch/qos/logback/logback-core/1.4.14/logback-core-1.4.14.jar:/Users/keyinstudent/.m2/repository/org/apache/logging/log4j/log4j-to-slf4j/2.21.1/log4j-to-slf4j-2.21.1.jar:/Users/keyinstudent/.m2/repository/org/apache/logging/log4j/log4j-api/2.21.1/log4j-api-2.21.1.jar:/Users/keyinstudent/.m2/repository/org/slf4j/jul-to-slf4j/2.0.9/jul-to-slf4j-2.0.9.jar:/Users/keyinstudent/.m2/repository/org/yaml/snakeyaml/2.2/snakeyaml-2.2.jar:/Users/keyinstudent/.m2/repository/org/springframework/boot/spring-boot-starter-json/3.2.1/spring-boot-starter-json-3.2.1.jar:/Users/keyinstudent/.m2/repository/com/fasterxml/jackson/datatype/jackson-datatype-jdk8/2.15.3/jackson-datatype-jdk8-2.15.3.jar:/Users/keyinstudent/.m2/repository/com/fasterxml/jackson/datatype/jackson-datatype-jsr310/2.15.3/jackson-datatype-jsr310-2.15.3.jar:/Users/keyinstudent/.m2/repository/com/fasterxml/jackson/module/jackson-module-parameter-names/2.15.3/jackson-module-parameter-names-2.15.3.jar:/Users/keyinstudent/.m2/repository/org/springframework/boot/spring-boot-starter-tomcat/3.2.1/spring-boot-starter-tomcat-3.2.1.jar:/Users/keyinstudent/.m2/repository/org/apache/tomcat/embed/tomcat-embed-core/10.1.17/tomcat-embed-core-10.1.17.jar:/Users/keyinstudent/.m2/repository/org/apache/tomcat/embed/tomcat-embed-el/10.1.17/tomcat-embed-el-10.1.17.jar:/Users/keyinstudent/.m2/repository/org/apache/tomcat/embed/tomcat-embed-websocket/10.1.17/tomcat-embed-websocket-10.1.17.jar:/Users/keyinstudent/.m2/repository/org/springframework/spring-webmvc/6.1.2/spring-webmvc-6.1.2.jar:/Users/keyinstudent/.m2/repository/org/springframework/spring-expression/6.1.2/spring-expression-6.1.2.jar:/Users/keyinstudent/.m2/repository/org/springframework/boot/spring-boot-starter-security/3.2.1/spring-boot-starter-security-3.2.1.jar:/Users/keyinstudent/.m2/repository/org/springframework/spring-aop/6.1.2/spring-aop-6.1.2.jar:/Users/keyinstudent/.m2/repository/org/springframework/security/spring-security-config/6.2.1/spring-security-config-6.2.1.jar:/Users/keyinstudent/.m2/repository/org/springframework/security/spring-security-core/6.2.1/spring-security-core-6.2.1.jar:/Users/keyinstudent/.m2/repository/org/springframework/security/spring-security-crypto/6.2.1/spring-security-crypto-6.2.1.jar:/Users/keyinstudent/.m2/repository/org/springframework/security/spring-security-web/6.2.1/spring-security-web-6.2.1.jar:/Users/keyinstudent/.m2/repository/com/fasterxml/jackson/core/jackson-databind/2.15.3/jackson-databind-2.15.3.jar:/Users/keyinstudent/.m2/repository/com/fasterxml/jackson/core/jackson-annotations/2.15.3/jackson-annotations-2.15.3.jar:/Users/keyinstudent/.m2/repository/com/fasterxml/jackson/core/jackson-core/2.15.3/jackson-core-2.15.3.jar:/Users/keyinstudent/.m2/repository/org/postgresql/postgresql/42.6.0/postgresql-42.6.0.jar:/Users/keyinstudent/.m2/repository/org/checkerframework/checker-qual/3.31.0/checker-qual-3.31.0.jar:/Users/keyinstudent/.m2/repository/org/springframework/boot/spring-boot-starter-test/3.2.1/spring-boot-starter-test-3.2.1.jar:/Users/keyinstudent/.m2/repository/org/springframework/boot/spring-boot-test/3.2.1/spring-boot-test-3.2.1.jar:/Users/keyinstudent/.m2/repository/org/springframework/boot/spring-boot-test-autoconfigure/3.2.1/spring-boot-test-autoconfigure-3.2.1.jar:/Users/keyinstudent/.m2/repository/com/jayway/jsonpath/json-path/2.8.0/json-path-2.8.0.jar:/Users/keyinstudent/.m2/repository/jakarta/xml/bind/jakarta.xml.bind-api/4.0.1/jakarta.xml.bind-api-4.0.1.jar:/Users/keyinstudent/.m2/repository/jakarta/activation/jakarta.activation-api/2.1.2/jakarta.activation-api-2.1.2.jar:/Users/keyinstudent/.m2/repository/net/minidev/json-smart/2.5.0/json-smart-2.5.0.jar:/Users/keyinstudent/.m2/repository/net/minidev/accessors-smart/2.5.0/accessors-smart-2.5.0.jar:/Users/keyinstudent/.m2/repository/org/ow2/asm/asm/9.3/asm-9.3.jar:/Users/keyinstudent/.m2/repository/org/assertj/assertj-core/3.24.2/assertj-core-3.24.2.jar:/Users/keyinstudent/.m2/repository/org/awaitility/awaitility/4.2.0/awaitility-4.2.0.jar:/Users/keyinstudent/.m2/repository/org/hamcrest/hamcrest/2.2/hamcrest-2.2.jar:/Users/keyinstudent/.m2/repository/org/junit/jupiter/junit-jupiter/5.10.1/junit-jupiter-5.10.1.jar:/Users/keyinstudent/.m2/repository/org/junit/jupiter/junit-jupiter-api/5.10.1/junit-jupiter-api-5.10.1.jar:/Users/keyinstudent/.m2/repository/org/opentest4j/opentest4j/1.3.0/opentest4j-1.3.0.jar:/Users/keyinstudent/.m2/repository/org/junit/platform/junit-platform-commons/1.10.1/junit-platform-commons-1.10.1.jar:/Users/keyinstudent/.m2/repository/org/apiguardian/apiguardian-api/1.1.2/apiguardian-api-1.1.2.jar:/Users/keyinstudent/.m2/repository/org/junit/jupiter/junit-jupiter-params/5.10.1/junit-jupiter-params-5.10.1.jar:/Users/keyinstudent/.m2/repository/org/junit/jupiter/junit-jupiter-engine/5.10.1/junit-jupiter-engine-5.10.1.jar:/Users/keyinstudent/.m2/repository/org/junit/platform/junit-platform-engine/1.10.1/junit-platform-engine-1.10.1.jar:/Users/keyinstudent/.m2/repository/org/mockito/mockito-core/5.7.0/mockito-core-5.7.0.jar:/Users/keyinstudent/.m2/repository/net/bytebuddy/byte-buddy-agent/1.14.10/byte-buddy-agent-1.14.10.jar:/Users/keyinstudent/.m2/repository/org/objenesis/objenesis/3.3/objenesis-3.3.jar:/Users/keyinstudent/.m2/repository/org/mockito/mockito-junit-jupiter/5.7.0/mockito-junit-jupiter-5.7.0.jar:/Users/keyinstudent/.m2/repository/org/skyscreamer/jsonassert/1.5.1/jsonassert-1.5.1.jar:/Users/keyinstudent/.m2/repository/com/vaadin/external/google/android-json/0.0.20131108.vaadin1/android-json-0.0.20131108.vaadin1.jar:/Users/keyinstudent/.m2/repository/org/springframework/spring-core/6.1.2/spring-core-6.1.2.jar:/Users/keyinstudent/.m2/repository/org/springframework/spring-jcl/6.1.2/spring-jcl-6.1.2.jar:/Users/keyinstudent/.m2/repository/org/springframework/spring-test/6.1.2/spring-test-6.1.2.jar:/Users/keyinstudent/.m2/repository/org/xmlunit/xmlunit-core/2.9.1/xmlunit-core-2.9.1.jar:/Users/keyinstudent/.m2/repository/org/springframework/spring-web/6.1.2/spring-web-6.1.2.jar:/Users/keyinstudent/.m2/repository/org/springframework/spring-beans/6.1.2/spring-beans-6.1.2.jar:/Users/keyinstudent/.m2/repository/io/micrometer/micrometer-observation/1.12.1/micrometer-observation-1.12.1.jar:/Users/keyinstudent/.m2/repository/io/micrometer/micrometer-commons/1.12.1/micrometer-commons-1.12.1.jar:/Users/keyinstudent/.m2/repository/jakarta/persistence/jakarta.persistence-api/3.1.0/jakarta.persistence-api-3.1.0.jar:"/>
    <property name="java.vm.vendor" value="Homebrew"/>
    <property name="sun.arch.data.model" value="64"/>
    <property name="java.vendor.url" value="https://github.com/Homebrew/homebrew-core/issues"/>
    <property name="user.timezone" value="Europe/Oslo"/>
    <property name="org.jboss.logging.provider" value="slf4j"/>
    <property name="os.name" value="Mac OS X"/>
    <property name="java.vm.specification.version" value="22"/>
    <property name="sun.java.launcher" value="SUN_STANDARD"/>
    <property name="user.country" value="CA"/>
    <property name="sun.boot.library.path" value="/usr/local/Cellar/openjdk/22.0.2/libexec/openjdk.jdk/Contents/Home/lib"/>
    <property name="sun.java.command" value="/Users/keyinstudent/Documents/S4-Final-BackEnd/target/surefire/surefirebooter-20241130120043311_3.jar /Users/keyinstudent/Documents/S4-Final-BackEnd/target/surefire 2024-11-30T12-00-43_188-jvmRun1 surefire-20241130120043311_1tmp surefire_0-20241130120043311_2tmp"/>
    <property name="http.nonProxyHosts" value="local|*.local|169.254/16|*.169.254/16"/>
    <property name="jdk.debug" value="release"/>
    <property name="surefire.test.class.path" value="/Users/keyinstudent/Documents/S4-Final-BackEnd/target/test-classes:/Users/keyinstudent/Documents/S4-Final-BackEnd/target/classes:/Users/keyinstudent/.m2/repository/com/h2database/h2/2.2.224/h2-2.2.224.jar:/Users/keyinstudent/.m2/repository/org/springframework/boot/spring-boot-starter-data-jpa/3.2.1/spring-boot-starter-data-jpa-3.2.1.jar:/Users/keyinstudent/.m2/repository/org/springframework/boot/spring-boot-starter-aop/3.2.1/spring-boot-starter-aop-3.2.1.jar:/Users/keyinstudent/.m2/repository/org/aspectj/aspectjweaver/1.9.21/aspectjweaver-1.9.21.jar:/Users/keyinstudent/.m2/repository/org/springframework/boot/spring-boot-starter-jdbc/3.2.1/spring-boot-starter-jdbc-3.2.1.jar:/Users/keyinstudent/.m2/repository/com/zaxxer/HikariCP/5.0.1/HikariCP-5.0.1.jar:/Users/keyinstudent/.m2/repository/org/springframework/spring-jdbc/6.1.2/spring-jdbc-6.1.2.jar:/Users/keyinstudent/.m2/repository/org/hibernate/orm/hibernate-core/6.4.1.Final/hibernate-core-6.4.1.Final.jar:/Users/keyinstudent/.m2/repository/jakarta/transaction/jakarta.transaction-api/2.0.1/jakarta.transaction-api-2.0.1.jar:/Users/keyinstudent/.m2/repository/org/jboss/logging/jboss-logging/3.5.3.Final/jboss-logging-3.5.3.Final.jar:/Users/keyinstudent/.m2/repository/org/hibernate/common/hibernate-commons-annotations/6.0.6.Final/hibernate-commons-annotations-6.0.6.Final.jar:/Users/keyinstudent/.m2/repository/io/smallrye/jandex/3.1.2/jandex-3.1.2.jar:/Users/keyinstudent/.m2/repository/com/fasterxml/classmate/1.6.0/classmate-1.6.0.jar:/Users/keyinstudent/.m2/repository/net/bytebuddy/byte-buddy/1.14.10/byte-buddy-1.14.10.jar:/Users/keyinstudent/.m2/repository/org/glassfish/jaxb/jaxb-runtime/4.0.4/jaxb-runtime-4.0.4.jar:/Users/keyinstudent/.m2/repository/org/glassfish/jaxb/jaxb-core/4.0.4/jaxb-core-4.0.4.jar:/Users/keyinstudent/.m2/repository/org/eclipse/angus/angus-activation/2.0.1/angus-activation-2.0.1.jar:/Users/keyinstudent/.m2/repository/org/glassfish/jaxb/txw2/4.0.4/txw2-4.0.4.jar:/Users/keyinstudent/.m2/repository/com/sun/istack/istack-commons-runtime/4.1.2/istack-commons-runtime-4.1.2.jar:/Users/keyinstudent/.m2/repository/jakarta/inject/jakarta.inject-api/2.0.1/jakarta.inject-api-2.0.1.jar:/Users/keyinstudent/.m2/repository/org/antlr/antlr4-runtime/4.13.0/antlr4-runtime-4.13.0.jar:/Users/keyinstudent/.m2/repository/org/springframework/data/spring-data-jpa/3.2.1/spring-data-jpa-3.2.1.jar:/Users/keyinstudent/.m2/repository/org/springframework/data/spring-data-commons/3.2.1/spring-data-commons-3.2.1.jar:/Users/keyinstudent/.m2/repository/org/springframework/spring-orm/6.1.2/spring-orm-6.1.2.jar:/Users/keyinstudent/.m2/repository/org/springframework/spring-context/6.1.2/spring-context-6.1.2.jar:/Users/keyinstudent/.m2/repository/org/springframework/spring-tx/6.1.2/spring-tx-6.1.2.jar:/Users/keyinstudent/.m2/repository/jakarta/annotation/jakarta.annotation-api/2.1.1/jakarta.annotation-api-2.1.1.jar:/Users/keyinstudent/.m2/repository/org/slf4j/slf4j-api/2.0.9/slf4j-api-2.0.9.jar:/Users/keyinstudent/.m2/repository/org/springframework/spring-aspects/6.1.2/spring-aspects-6.1.2.jar:/Users/keyinstudent/.m2/repository/org/springframework/boot/spring-boot-starter-web/3.2.1/spring-boot-starter-web-3.2.1.jar:/Users/keyinstudent/.m2/repository/org/springframework/boot/spring-boot-starter/3.2.1/spring-boot-starter-3.2.1.jar:/Users/keyinstudent/.m2/repository/org/springframework/boot/spring-boot/3.2.1/spring-boot-3.2.1.jar:/Users/keyinstudent/.m2/repository/org/springframework/boot/spring-boot-autoconfigure/3.2.1/spring-boot-autoconfigure-3.2.1.jar:/Users/keyinstudent/.m2/repository/org/springframework/boot/spring-boot-starter-logging/3.2.1/spring-boot-starter-logging-3.2.1.jar:/Users/keyinstudent/.m2/repository/ch/qos/logback/logback-classic/1.4.14/logback-classic-1.4.14.jar:/Users/keyinstudent/.m2/repository/ch/qos/logback/logback-core/1.4.14/logback-core-1.4.14.jar:/Users/keyinstudent/.m2/repository/org/apache/logging/log4j/log4j-to-slf4j/2.21.1/log4j-to-slf4j-2.21.1.jar:/Users/keyinstudent/.m2/repository/org/apache/logging/log4j/log4j-api/2.21.1/log4j-api-2.21.1.jar:/Users/keyinstudent/.m2/repository/org/slf4j/jul-to-slf4j/2.0.9/jul-to-slf4j-2.0.9.jar:/Users/keyinstudent/.m2/repository/org/yaml/snakeyaml/2.2/snakeyaml-2.2.jar:/Users/keyinstudent/.m2/repository/org/springframework/boot/spring-boot-starter-json/3.2.1/spring-boot-starter-json-3.2.1.jar:/Users/keyinstudent/.m2/repository/com/fasterxml/jackson/datatype/jackson-datatype-jdk8/2.15.3/jackson-datatype-jdk8-2.15.3.jar:/Users/keyinstudent/.m2/repository/com/fasterxml/jackson/datatype/jackson-datatype-jsr310/2.15.3/jackson-datatype-jsr310-2.15.3.jar:/Users/keyinstudent/.m2/repository/com/fasterxml/jackson/module/jackson-module-parameter-names/2.15.3/jackson-module-parameter-names-2.15.3.jar:/Users/keyinstudent/.m2/repository/org/springframework/boot/spring-boot-starter-tomcat/3.2.1/spring-boot-starter-tomcat-3.2.1.jar:/Users/keyinstudent/.m2/repository/org/apache/tomcat/embed/tomcat-embed-core/10.1.17/tomcat-embed-core-10.1.17.jar:/Users/keyinstudent/.m2/repository/org/apache/tomcat/embed/tomcat-embed-el/10.1.17/tomcat-embed-el-10.1.17.jar:/Users/keyinstudent/.m2/repository/org/apache/tomcat/embed/tomcat-embed-websocket/10.1.17/tomcat-embed-websocket-10.1.17.jar:/Users/keyinstudent/.m2/repository/org/springframework/spring-webmvc/6.1.2/spring-webmvc-6.1.2.jar:/Users/keyinstudent/.m2/repository/org/springframework/spring-expression/6.1.2/spring-expression-6.1.2.jar:/Users/keyinstudent/.m2/repository/org/springframework/boot/spring-boot-starter-security/3.2.1/spring-boot-starter-security-3.2.1.jar:/Users/keyinstudent/.m2/repository/org/springframework/spring-aop/6.1.2/spring-aop-6.1.2.jar:/Users/keyinstudent/.m2/repository/org/springframework/security/spring-security-config/6.2.1/spring-security-config-6.2.1.jar:/Users/keyinstudent/.m2/repository/org/springframework/security/spring-security-core/6.2.1/spring-security-core-6.2.1.jar:/Users/keyinstudent/.m2/repository/org/springframework/security/spring-security-crypto/6.2.1/spring-security-crypto-6.2.1.jar:/Users/keyinstudent/.m2/repository/org/springframework/security/spring-security-web/6.2.1/spring-security-web-6.2.1.jar:/Users/keyinstudent/.m2/repository/com/fasterxml/jackson/core/jackson-databind/2.15.3/jackson-databind-2.15.3.jar:/Users/keyinstudent/.m2/repository/com/fasterxml/jackson/core/jackson-annotations/2.15.3/jackson-annotations-2.15.3.jar:/Users/keyinstudent/.m2/repository/com/fasterxml/jackson/core/jackson-core/2.15.3/jackson-core-2.15.3.jar:/Users/keyinstudent/.m2/repository/org/postgresql/postgresql/42.6.0/postgresql-42.6.0.jar:/Users/keyinstudent/.m2/repository/org/checkerframework/checker-qual/3.31.0/checker-qual-3.31.0.jar:/Users/keyinstudent/.m2/repository/org/springframework/boot/spring-boot-starter-test/3.2.1/spring-boot-starter-test-3.2.1.jar:/Users/keyinstudent/.m2/repository/org/springframework/boot/spring-boot-test/3.2.1/spring-boot-test-3.2.1.jar:/Users/keyinstudent/.m2/repository/org/springframework/boot/spring-boot-test-autoconfigure/3.2.1/spring-boot-test-autoconfigure-3.2.1.jar:/Users/keyinstudent/.m2/repository/com/jayway/jsonpath/json-path/2.8.0/json-path-2.8.0.jar:/Users/keyinstudent/.m2/repository/jakarta/xml/bind/jakarta.xml.bind-api/4.0.1/jakarta.xml.bind-api-4.0.1.jar:/Users/keyinstudent/.m2/repository/jakarta/activation/jakarta.activation-api/2.1.2/jakarta.activation-api-2.1.2.jar:/Users/keyinstudent/.m2/repository/net/minidev/json-smart/2.5.0/json-smart-2.5.0.jar:/Users/keyinstudent/.m2/repository/net/minidev/accessors-smart/2.5.0/accessors-smart-2.5.0.jar:/Users/keyinstudent/.m2/repository/org/ow2/asm/asm/9.3/asm-9.3.jar:/Users/keyinstudent/.m2/repository/org/assertj/assertj-core/3.24.2/assertj-core-3.24.2.jar:/Users/keyinstudent/.m2/repository/org/awaitility/awaitility/4.2.0/awaitility-4.2.0.jar:/Users/keyinstudent/.m2/repository/org/hamcrest/hamcrest/2.2/hamcrest-2.2.jar:/Users/keyinstudent/.m2/repository/org/junit/jupiter/junit-jupiter/5.10.1/junit-jupiter-5.10.1.jar:/Users/keyinstudent/.m2/repository/org/junit/jupiter/junit-jupiter-api/5.10.1/junit-jupiter-api-5.10.1.jar:/Users/keyinstudent/.m2/repository/org/opentest4j/opentest4j/1.3.0/opentest4j-1.3.0.jar:/Users/keyinstudent/.m2/repository/org/junit/platform/junit-platform-commons/1.10.1/junit-platform-commons-1.10.1.jar:/Users/keyinstudent/.m2/repository/org/apiguardian/apiguardian-api/1.1.2/apiguardian-api-1.1.2.jar:/Users/keyinstudent/.m2/repository/org/junit/jupiter/junit-jupiter-params/5.10.1/junit-jupiter-params-5.10.1.jar:/Users/keyinstudent/.m2/repository/org/junit/jupiter/junit-jupiter-engine/5.10.1/junit-jupiter-engine-5.10.1.jar:/Users/keyinstudent/.m2/repository/org/junit/platform/junit-platform-engine/1.10.1/junit-platform-engine-1.10.1.jar:/Users/keyinstudent/.m2/repository/org/mockito/mockito-core/5.7.0/mockito-core-5.7.0.jar:/Users/keyinstudent/.m2/repository/net/bytebuddy/byte-buddy-agent/1.14.10/byte-buddy-agent-1.14.10.jar:/Users/keyinstudent/.m2/repository/org/objenesis/objenesis/3.3/objenesis-3.3.jar:/Users/keyinstudent/.m2/repository/org/mockito/mockito-junit-jupiter/5.7.0/mockito-junit-jupiter-5.7.0.jar:/Users/keyinstudent/.m2/repository/org/skyscreamer/jsonassert/1.5.1/jsonassert-1.5.1.jar:/Users/keyinstudent/.m2/repository/com/vaadin/external/google/android-json/0.0.20131108.vaadin1/android-json-0.0.20131108.vaadin1.jar:/Users/keyinstudent/.m2/repository/org/springframework/spring-core/6.1.2/spring-core-6.1.2.jar:/Users/keyinstudent/.m2/repository/org/springframework/spring-jcl/6.1.2/spring-jcl-6.1.2.jar:/Users/keyinstudent/.m2/repository/org/springframework/spring-test/6.1.2/spring-test-6.1.2.jar:/Users/keyinstudent/.m2/repository/org/xmlunit/xmlunit-core/2.9.1/xmlunit-core-2.9.1.jar:/Users/keyinstudent/.m2/repository/org/springframework/spring-web/6.1.2/spring-web-6.1.2.jar:/Users/keyinstudent/.m2/repository/org/springframework/spring-beans/6.1.2/spring-beans-6.1.2.jar:/Users/keyinstudent/.m2/repository/io/micrometer/micrometer-observation/1.12.1/micrometer-observation-1.12.1.jar:/Users/keyinstudent/.m2/repository/io/micrometer/micrometer-commons/1.12.1/micrometer-commons-1.12.1.jar:/Users/keyinstudent/.m2/repository/jakarta/persistence/jakarta.persistence-api/3.1.0/jakarta.persistence-api-3.1.0.jar:"/>
    <property name="sun.cpu.endian" value="little"/>
    <property name="user.home" value="/Users/keyinstudent"/>
    <property name="user.language" value="en"/>
    <property name="java.specification.vendor" value="Oracle Corporation"/>
    <property name="java.version.date" value="2024-07-16"/>
    <property name="java.home" value="/usr/local/Cellar/openjdk/22.0.2/libexec/openjdk.jdk/Contents/Home"/>
    <property name="file.separator" value="/"/>
    <property name="basedir" value="/Users/keyinstudent/Documents/S4-Final-BackEnd"/>
    <property name="java.vm.compressedOopsMode" value="Zero based"/>
    <property name="line.separator" value="&#10;"/>
    <property name="java.vm.specification.vendor" value="Oracle Corporation"/>
    <property name="java.specification.name" value="Java Platform API Specification"/>
    <property name="FILE_LOG_CHARSET" value="UTF-8"/>
    <property name="java.awt.headless" value="true"/>
    <property name="apple.awt.application.name" value="ForkedBooter"/>
    <property name="surefire.real.class.path" value="/Users/keyinstudent/Documents/S4-Final-BackEnd/target/surefire/surefirebooter-20241130120043311_3.jar"/>
    <property name="sun.management.compiler" value="HotSpot 64-Bit Tiered Compilers"/>
    <property name="ftp.nonProxyHosts" value="local|*.local|169.254/16|*.169.254/16"/>
    <property name="java.runtime.version" value="22.0.2"/>
    <property name="user.name" value="keyinstudent"/>
    <property name="stdout.encoding" value="UTF-8"/>
    <property name="path.separator" value=":"/>
    <property name="os.version" value="14.1.2"/>
    <property name="java.runtime.name" value="OpenJDK Runtime Environment"/>
    <property name="file.encoding" value="UTF-8"/>
    <property name="java.vm.name" value="OpenJDK 64-Bit Server VM"/>
    <property name="java.vendor.version" value="Homebrew"/>
    <property name="localRepository" value="/Users/keyinstudent/.m2/repository"/>
    <property name="java.vendor.url.bug" value="https://github.com/Homebrew/homebrew-core/issues"/>
    <property name="java.io.tmpdir" value="/var/folders/bq/3t0yf2293g10jhxx5_2g1pww0000gp/T/"/>
    <property name="com.zaxxer.hikari.pool_number" value="1"/>
    <property name="java.version" value="22.0.2"/>
    <property name="user.dir" value="/Users/keyinstudent/Documents/S4-Final-BackEnd"/>
    <property name="os.arch" value="x86_64"/>
    <property name="java.vm.specification.name" value="Java Virtual Machine Specification"/>
    <property name="PID" value="7864"/>
    <property name="CONSOLE_LOG_CHARSET" value="UTF-8"/>
    <property name="native.encoding" value="UTF-8"/>
    <property name="java.library.path" value="/Users/keyinstudent/Library/Java/Extensions:/Library/Java/Extensions:/Network/Library/Java/Extensions:/System/Library/Java/Extensions:/usr/lib/java:."/>
    <property name="java.vm.info" value="mixed mode, sharing"/>
    <property name="stderr.encoding" value="UTF-8"/>
    <property name="java.vendor" value="Homebrew"/>
    <property name="java.vm.version" value="22.0.2"/>
    <property name="sun.io.unicode.encoding" value="UnicodeBig"/>
    <property name="socksNonProxyHosts" value="local|*.local|169.254/16|*.169.254/16"/>
    <property name="java.class.version" value="66.0"/>
  </properties>
  <testcase name="contextLoads" classname="com.misight.service.MisightApplicationTests" time="0.919">
    <system-out><![CDATA[12:00:44.612 [main] INFO org.springframework.test.context.support.AnnotationConfigContextLoaderUtils -- Could not detect default configuration classes for test class [com.misight.service.MisightApplicationTests]: MisightApplicationTests does not declare any static, non-private, non-final, nested classes annotated with @Configuration.
12:00:44.808 [main] INFO org.springframework.boot.test.context.SpringBootTestContextBootstrapper -- Found @SpringBootConfiguration com.misight.ServerApplication for test class com.misight.service.MisightApplicationTests

  .   ____          _            __ _ _
 /\\ / ___'_ __ _ _(_)_ __  __ _ \ \ \ \
( ( )\___ | '_ | '_| | '_ \/ _` | \ \ \ \
 \\/  ___)| |_)| | | | | || (_| |  ) ) ) )
  '  |____| .__|_| |_|_| |_\__, | / / / /
 =========|_|==============|___/=/_/_/_/
&amp#27;[32m :: Spring Boot :: &amp#27;[39m              &amp#27;[2m (v3.2.1)&amp#27;[0;39m

&amp#27;[2m2024-11-30T12:00:45.488+01:00&amp#27;[0;39m &amp#27;[32m INFO&amp#27;[0;39m &amp#27;[35m7864&amp#27;[0;39m &amp#27;[2m---&amp#27;[0;39m &amp#27;[2m[           main]&amp#27;[0;39m &amp#27;[2m&amp#27;[0;39m&amp#27;[36mc.m.service.MisightApplicationTests     &amp#27;[0;39m &amp#27;[2m:&amp#27;[0;39m Starting MisightApplicationTests using Java 22.0.2 with PID 7864 (started by keyinstudent in /Users/keyinstudent/Documents/S4-Final-BackEnd)
&amp#27;[2m2024-11-30T12:00:45.492+01:00&amp#27;[0;39m &amp#27;[32mDEBUG&amp#27;[0;39m &amp#27;[35m7864&amp#27;[0;39m &amp#27;[2m---&amp#27;[0;39m &amp#27;[2m[           main]&amp#27;[0;39m &amp#27;[2m&amp#27;[0;39m&amp#27;[36mc.m.service.MisightApplicationTests     &amp#27;[0;39m &amp#27;[2m:&amp#27;[0;39m Running with Spring Boot v3.2.1, Spring v6.1.2
&amp#27;[2m2024-11-30T12:00:45.493+01:00&amp#27;[0;39m &amp#27;[32m INFO&amp#27;[0;39m &amp#27;[35m7864&amp#27;[0;39m &amp#27;[2m---&amp#27;[0;39m &amp#27;[2m[           main]&amp#27;[0;39m &amp#27;[2m&amp#27;[0;39m&amp#27;[36mc.m.service.MisightApplicationTests     &amp#27;[0;39m &amp#27;[2m:&amp#27;[0;39m No active profile set, falling back to 1 default profile: "default"
&amp#27;[2m2024-11-30T12:00:45.494+01:00&amp#27;[0;39m &amp#27;[32mDEBUG&amp#27;[0;39m &amp#27;[35m7864&amp#27;[0;39m &amp#27;[2m---&amp#27;[0;39m &amp#27;[2m[           main]&amp#27;[0;39m &amp#27;[2m&amp#27;[0;39m&amp#27;[36mo.s.boot.SpringApplication              &amp#27;[0;39m &amp#27;[2m:&amp#27;[0;39m Loading source class com.misight.ServerApplication
&amp#27;[2m2024-11-30T12:00:45.600+01:00&amp#27;[0;39m &amp#27;[32mDEBUG&amp#27;[0;39m &amp#27;[35m7864&amp#27;[0;39m &amp#27;[2m---&amp#27;[0;39m &amp#27;[2m[           main]&amp#27;[0;39m &amp#27;[2m&amp#27;[0;39m&amp#27;[36mo.s.w.c.s.GenericWebApplicationContext  &amp#27;[0;39m &amp#27;[2m:&amp#27;[0;39m Refreshing org.springframework.web.context.support.GenericWebApplicationContext@1edb61b1
&amp#27;[2m2024-11-30T12:00:45.627+01:00&amp#27;[0;39m &amp#27;[32mDEBUG&amp#27;[0;39m &amp#27;[35m7864&amp#27;[0;39m &amp#27;[2m---&amp#27;[0;39m &amp#27;[2m[           main]&amp#27;[0;39m &amp#27;[2m&amp#27;[0;39m&amp#27;[36mo.s.b.f.s.DefaultListableBeanFactory    &amp#27;[0;39m &amp#27;[2m:&amp#27;[0;39m Creating shared instance of singleton bean 'org.springframework.context.annotation.internalConfigurationAnnotationProcessor'
&amp#27;[2m2024-11-30T12:00:45.642+01:00&amp#27;[0;39m &amp#27;[32mDEBUG&amp#27;[0;39m &amp#27;[35m7864&amp#27;[0;39m &amp#27;[2m---&amp#27;[0;39m &amp#27;[2m[           main]&amp#27;[0;39m &amp#27;[2m&amp#27;[0;39m&amp#27;[36mo.s.b.f.s.DefaultListableBeanFactory    &amp#27;[0;39m &amp#27;[2m:&amp#27;[0;39m Creating shared instance of singleton bean 'org.springframework.boot.autoconfigure.internalCachingMetadataReaderFactory'
&amp#27;[2m2024-11-30T12:00:45.899+01:00&amp#27;[0;39m &amp#27;[32mDEBUG&amp#27;[0;39m &amp#27;[35m7864&amp#27;[0;39m &amp#27;[2m---&amp#27;[0;39m &amp#27;[2m[           main]&amp#27;[0;39m &amp#27;[2m&amp#27;[0;39m&amp#27;[36mo.s.c.a.ClassPathBeanDefinitionScanner  &amp#27;[0;39m &amp#27;[2m:&amp#27;[0;39m Identified candidate component class: file [/Users/keyinstudent/Documents/S4-Final-BackEnd/target/classes/com/misight/config/DatabaseTestRunner.class]
&amp#27;[2m2024-11-30T12:00:45.917+01:00&amp#27;[0;39m &amp#27;[32mDEBUG&amp#27;[0;39m &amp#27;[35m7864&amp#27;[0;39m &amp#27;[2m---&amp#27;[0;39m &amp#27;[2m[           main]&amp#27;[0;39m &amp#27;[2m&amp#27;[0;39m&amp#27;[36mo.s.c.a.ClassPathBeanDefinitionScanner  &amp#27;[0;39m &amp#27;[2m:&amp#27;[0;39m Identified candidate component class: file [/Users/keyinstudent/Documents/S4-Final-BackEnd/target/classes/com/misight/config/RequestLoggingConfig.class]
&amp#27;[2m2024-11-30T12:00:45.939+01:00&amp#27;[0;39m &amp#27;[32mDEBUG&amp#27;[0;39m &amp#27;[35m7864&amp#27;[0;39m &amp#27;[2m---&amp#27;[0;39m &amp#27;[2m[           main]&amp#27;[0;39m &amp#27;[2m&amp#27;[0;39m&amp#27;[36mo.s.c.a.ClassPathBeanDefinitionScanner  &amp#27;[0;39m &amp#27;[2m:&amp#27;[0;39m Identified candidate component class: file [/Users/keyinstudent/Documents/S4-Final-BackEnd/target/classes/com/misight/config/SecurityConfig.class]
&amp#27;[2m2024-11-30T12:00:45.987+01:00&amp#27;[0;39m &amp#27;[32mDEBUG&amp#27;[0;39m &amp#27;[35m7864&amp#27;[0;39m &amp#27;[2m---&amp#27;[0;39m &amp#27;[2m[           main]&amp#27;[0;39m &amp#27;[2m&amp#27;[0;39m&amp#27;[36mo.s.c.a.ClassPathBeanDefinitionScanner  &amp#27;[0;39m &amp#27;[2m:&amp#27;[0;39m Identified candidate component class: file [/Users/keyinstudent/Documents/S4-Final-BackEnd/target/classes/com/misight/controller/EnvironmentalDataController.class]
&amp#27;[2m2024-11-30T12:00:45.989+01:00&amp#27;[0;39m &amp#27;[32mDEBUG&amp#27;[0;39m &amp#27;[35m7864&amp#27;[0;39m &amp#27;[2m---&amp#27;[0;39m &amp#27;[2m[           main]&amp#27;[0;39m &amp#27;[2m&amp#27;[0;39m&amp#27;[36mo.s.c.a.ClassPathBeanDefinitionScanner  &amp#27;[0;39m &amp#27;[2m:&amp#27;[0;39m Identified candidate component class: file [/Users/keyinstudent/Documents/S4-Final-BackEnd/target/classes/com/misight/controller/GlobalExceptionHandler.class]
&amp#27;[2m2024-11-30T12:00:45.991+01:00&amp#27;[0;39m &amp#27;[32mDEBUG&amp#27;[0;39m &amp#27;[35m7864&amp#27;[0;39m &amp#27;[2m---&amp#27;[0;39m &amp#27;[2m[           main]&amp#27;[0;39m &amp#27;[2m&amp#27;[0;39m&amp#27;[36mo.s.c.a.ClassPathBeanDefinitionScanner  &amp#27;[0;39m &amp#27;[2m:&amp#27;[0;39m Identified candidate component class: file [/Users/keyinstudent/Documents/S4-Final-BackEnd/target/classes/com/misight/controller/MineralsController.class]
&amp#27;[2m2024-11-30T12:00:45.995+01:00&amp#27;[0;39m &amp#27;[32mDEBUG&amp#27;[0;39m &amp#27;[35m7864&amp#27;[0;39m &amp#27;[2m---&amp#27;[0;39m &amp#27;[2m[           main]&amp#27;[0;39m &amp#27;[2m&amp#27;[0;39m&amp#27;[36mo.s.c.a.ClassPathBeanDefinitionScanner  &amp#27;[0;39m &amp#27;[2m:&amp#27;[0;39m Identified candidate component class: file [/Users/keyinstudent/Documents/S4-Final-BackEnd/target/classes/com/misight/controller/MinesController.class]
&amp#27;[2m2024-11-30T12:00:46.002+01:00&amp#27;[0;39m &amp#27;[32mDEBUG&amp#27;[0;39m &amp#27;[35m7864&amp#27;[0;39m &amp#27;[2m---&amp#27;[0;39m &amp#27;[2m[           main]&amp#27;[0;39m &amp#27;[2m&amp#27;[0;39m&amp#27;[36mo.s.c.a.ClassPathBeanDefinitionScanner  &amp#27;[0;39m &amp#27;[2m:&amp#27;[0;39m Identified candidate component class: file [/Users/keyinstudent/Documents/S4-Final-BackEnd/target/classes/com/misight/controller/MonitoringStationsController.class]
&amp#27;[2m2024-11-30T12:00:46.003+01:00&amp#27;[0;39m &amp#27;[32mDEBUG&amp#27;[0;39m &amp#27;[35m7864&amp#27;[0;39m &amp#27;[2m---&amp#27;[0;39m &amp#27;[2m[           main]&amp#27;[0;39m &amp#27;[2m&amp#27;[0;39m&amp#27;[36mo.s.c.a.ClassPathBeanDefinitionScanner  &amp#27;[0;39m &amp#27;[2m:&amp#27;[0;39m Identified candidate component class: file [/Users/keyinstudent/Documents/S4-Final-BackEnd/target/classes/com/misight/controller/PollutantsController.class]
&amp#27;[2m2024-11-30T12:00:46.007+01:00&amp#27;[0;39m &amp#27;[32mDEBUG&amp#27;[0;39m &amp#27;[35m7864&amp#27;[0;39m &amp#27;[2m---&amp#27;[0;39m &amp#27;[2m[           main]&amp#27;[0;39m &amp#27;[2m&amp#27;[0;39m&amp#27;[36mo.s.c.a.ClassPathBeanDefinitionScanner  &amp#27;[0;39m &amp#27;[2m:&amp#27;[0;39m Identified candidate component class: file [/Users/keyinstudent/Documents/S4-Final-BackEnd/target/classes/com/misight/controller/PrivilegesController.class]
&amp#27;[2m2024-11-30T12:00:46.008+01:00&amp#27;[0;39m &amp#27;[32mDEBUG&amp#27;[0;39m &amp#27;[35m7864&amp#27;[0;39m &amp#27;[2m---&amp#27;[0;39m &amp#27;[2m[           main]&amp#27;[0;39m &amp#27;[2m&amp#27;[0;39m&amp#27;[36mo.s.c.a.ClassPathBeanDefinitionScanner  &amp#27;[0;39m &amp#27;[2m:&amp#27;[0;39m Identified candidate component class: file [/Users/keyinstudent/Documents/S4-Final-BackEnd/target/classes/com/misight/controller/ProvincesController.class]
&amp#27;[2m2024-11-30T12:00:46.009+01:00&amp#27;[0;39m &amp#27;[32mDEBUG&amp#27;[0;39m &amp#27;[35m7864&amp#27;[0;39m &amp#27;[2m---&amp#27;[0;39m &amp#27;[2m[           main]&amp#27;[0;39m &amp#27;[2m&amp#27;[0;39m&amp#27;[36mo.s.c.a.ClassPathBeanDefinitionScanner  &amp#27;[0;39m &amp#27;[2m:&amp#27;[0;39m Identified candidate component class: file [/Users/keyinstudent/Documents/S4-Final-BackEnd/target/classes/com/misight/controller/RootController.class]
&amp#27;[2m2024-11-30T12:00:46.018+01:00&amp#27;[0;39m &amp#27;[32mDEBUG&amp#27;[0;39m &amp#27;[35m7864&amp#27;[0;39m &amp#27;[2m---&amp#27;[0;39m &amp#27;[2m[           main]&amp#27;[0;39m &amp#27;[2m&amp#27;[0;39m&amp#27;[36mo.s.c.a.ClassPathBeanDefinitionScanner  &amp#27;[0;39m &amp#27;[2m:&amp#27;[0;39m Identified candidate component class: file [/Users/keyinstudent/Documents/S4-Final-BackEnd/target/classes/com/misight/controller/SafetyDataController.class]
&amp#27;[2m2024-11-30T12:00:46.020+01:00&amp#27;[0;39m &amp#27;[32mDEBUG&amp#27;[0;39m &amp#27;[35m7864&amp#27;[0;39m &amp#27;[2m---&amp#27;[0;39m &amp#27;[2m[           main]&amp#27;[0;39m &amp#27;[2m&amp#27;[0;39m&amp#27;[36mo.s.c.a.ClassPathBeanDefinitionScanner  &amp#27;[0;39m &amp#27;[2m:&amp#27;[0;39m Identified candidate component class: file [/Users/keyinstudent/Documents/S4-Final-BackEnd/target/classes/com/misight/controller/UserController.class]
&amp#27;[2m2024-11-30T12:00:46.020+01:00&amp#27;[0;39m &amp#27;[32mDEBUG&amp#27;[0;39m &amp#27;[35m7864&amp#27;[0;39m &amp#27;[2m---&amp#27;[0;39m &amp#27;[2m[           main]&amp#27;[0;39m &amp#27;[2m&amp#27;[0;39m&amp#27;[36mo.s.c.a.ClassPathBeanDefinitionScanner  &amp#27;[0;39m &amp#27;[2m:&amp#27;[0;39m Identified candidate component class: file [/Users/keyinstudent/Documents/S4-Final-BackEnd/target/classes/com/misight/controller/UserPrivilegeController.class]
&amp#27;[2m2024-11-30T12:00:46.057+01:00&amp#27;[0;39m &amp#27;[32mDEBUG&amp#27;[0;39m &amp#27;[35m7864&amp#27;[0;39m &amp#27;[2m---&amp#27;[0;39m &amp#27;[2m[           main]&amp#27;[0;39m &amp#27;[2m&amp#27;[0;39m&amp#27;[36mo.s.c.a.ClassPathBeanDefinitionScanner  &amp#27;[0;39m &amp#27;[2m:&amp#27;[0;39m Ignored because not a concrete top-level class: file [/Users/keyinstudent/Documents/S4-Final-BackEnd/target/classes/com/misight/repository/EnvironmentalDataRepo.class]
&amp#27;[2m2024-11-30T12:00:46.059+01:00&amp#27;[0;39m &amp#27;[32mDEBUG&amp#27;[0;39m &amp#27;[35m7864&amp#27;[0;39m &amp#27;[2m---&amp#27;[0;39m &amp#27;[2m[           main]&amp#27;[0;39m &amp#27;[2m&amp#27;[0;39m&amp#27;[36mo.s.c.a.ClassPathBeanDefinitionScanner  &amp#27;[0;39m &amp#27;[2m:&amp#27;[0;39m Ignored because not a concrete top-level class: file [/Users/keyinstudent/Documents/S4-Final-BackEnd/target/classes/com/misight/repository/MineralsRepo.class]
&amp#27;[2m2024-11-30T12:00:46.059+01:00&amp#27;[0;39m &amp#27;[32mDEBUG&amp#27;[0;39m &amp#27;[35m7864&amp#27;[0;39m &amp#27;[2m---&amp#27;[0;39m &amp#27;[2m[           main]&amp#27;[0;39m &amp#27;[2m&amp#27;[0;39m&amp#27;[36mo.s.c.a.ClassPathBeanDefinitionScanner  &amp#27;[0;39m &amp#27;[2m:&amp#27;[0;39m Ignored because not a concrete top-level class: file [/Users/keyinstudent/Documents/S4-Final-BackEnd/target/classes/com/misight/repository/MinesRepo.class]
&amp#27;[2m2024-11-30T12:00:46.060+01:00&amp#27;[0;39m &amp#27;[32mDEBUG&amp#27;[0;39m &amp#27;[35m7864&amp#27;[0;39m &amp#27;[2m---&amp#27;[0;39m &amp#27;[2m[           main]&amp#27;[0;39m &amp#27;[2m&amp#27;[0;39m&amp#27;[36mo.s.c.a.ClassPathBeanDefinitionScanner  &amp#27;[0;39m &amp#27;[2m:&amp#27;[0;39m Ignored because not a concrete top-level class: file [/Users/keyinstudent/Documents/S4-Final-BackEnd/target/classes/com/misight/repository/MonitoringStationsRepo.class]
&amp#27;[2m2024-11-30T12:00:46.060+01:00&amp#27;[0;39m &amp#27;[32mDEBUG&amp#27;[0;39m &amp#27;[35m7864&amp#27;[0;39m &amp#27;[2m---&amp#27;[0;39m &amp#27;[2m[           main]&amp#27;[0;39m &amp#27;[2m&amp#27;[0;39m&amp#27;[36mo.s.c.a.ClassPathBeanDefinitionScanner  &amp#27;[0;39m &amp#27;[2m:&amp#27;[0;39m Ignored because not a concrete top-level class: file [/Users/keyinstudent/Documents/S4-Final-BackEnd/target/classes/com/misight/repository/PollutantsRepo.class]
&amp#27;[2m2024-11-30T12:00:46.061+01:00&amp#27;[0;39m &amp#27;[32mDEBUG&amp#27;[0;39m &amp#27;[35m7864&amp#27;[0;39m &amp#27;[2m---&amp#27;[0;39m &amp#27;[2m[           main]&amp#27;[0;39m &amp#27;[2m&amp#27;[0;39m&amp#27;[36mo.s.c.a.ClassPathBeanDefinitionScanner  &amp#27;[0;39m &amp#27;[2m:&amp#27;[0;39m Ignored because not a concrete top-level class: file [/Users/keyinstudent/Documents/S4-Final-BackEnd/target/classes/com/misight/repository/PrivilegesRepo.class]
&amp#27;[2m2024-11-30T12:00:46.062+01:00&amp#27;[0;39m &amp#27;[32mDEBUG&amp#27;[0;39m &amp#27;[35m7864&amp#27;[0;39m &amp#27;[2m---&amp#27;[0;39m &amp#27;[2m[           main]&amp#27;[0;39m &amp#27;[2m&amp#27;[0;39m&amp#27;[36mo.s.c.a.ClassPathBeanDefinitionScanner  &amp#27;[0;39m &amp#27;[2m:&amp#27;[0;39m Ignored because not a concrete top-level class: file [/Users/keyinstudent/Documents/S4-Final-BackEnd/target/classes/com/misight/repository/ProvincesRepo.class]
&amp#27;[2m2024-11-30T12:00:46.063+01:00&amp#27;[0;39m &amp#27;[32mDEBUG&amp#27;[0;39m &amp#27;[35m7864&amp#27;[0;39m &amp#27;[2m---&amp#27;[0;39m &amp#27;[2m[           main]&amp#27;[0;39m &amp#27;[2m&amp#27;[0;39m&amp#27;[36mo.s.c.a.ClassPathBeanDefinitionScanner  &amp#27;[0;39m &amp#27;[2m:&amp#27;[0;39m Ignored because not a concrete top-level class: file [/Users/keyinstudent/Documents/S4-Final-BackEnd/target/classes/com/misight/repository/SafetyDataRepo.class]
&amp#27;[2m2024-11-30T12:00:46.064+01:00&amp#27;[0;39m &amp#27;[32mDEBUG&amp#27;[0;39m &amp#27;[35m7864&amp#27;[0;39m &amp#27;[2m---&amp#27;[0;39m &amp#27;[2m[           main]&amp#27;[0;39m &amp#27;[2m&amp#27;[0;39m&amp#27;[36mo.s.c.a.ClassPathBeanDefinitionScanner  &amp#27;[0;39m &amp#27;[2m:&amp#27;[0;39m Ignored because not a concrete top-level class: file [/Users/keyinstudent/Documents/S4-Final-BackEnd/target/classes/com/misight/repository/UserPrivilegeRepo.class]
&amp#27;[2m2024-11-30T12:00:46.064+01:00&amp#27;[0;39m &amp#27;[32mDEBUG&amp#27;[0;39m &amp#27;[35m7864&amp#27;[0;39m &amp#27;[2m---&amp#27;[0;39m &amp#27;[2m[           main]&amp#27;[0;39m &amp#27;[2m&amp#27;[0;39m&amp#27;[36mo.s.c.a.ClassPathBeanDefinitionScanner  &amp#27;[0;39m &amp#27;[2m:&amp#27;[0;39m Ignored because not a concrete top-level class: file [/Users/keyinstudent/Documents/S4-Final-BackEnd/target/classes/com/misight/repository/UserRepo.class]
&amp#27;[2m2024-11-30T12:00:46.064+01:00&amp#27;[0;39m &amp#27;[32mDEBUG&amp#27;[0;39m &amp#27;[35m7864&amp#27;[0;39m &amp#27;[2m---&amp#27;[0;39m &amp#27;[2m[           main]&amp#27;[0;39m &amp#27;[2m&amp#27;[0;39m&amp#27;[36mo.s.c.a.ClassPathBeanDefinitionScanner  &amp#27;[0;39m &amp#27;[2m:&amp#27;[0;39m Identified candidate component class: file [/Users/keyinstudent/Documents/S4-Final-BackEnd/target/classes/com/misight/service/EnvironmentalDataService.class]
&amp#27;[2m2024-11-30T12:00:46.066+01:00&amp#27;[0;39m &amp#27;[32mDEBUG&amp#27;[0;39m &amp#27;[35m7864&amp#27;[0;39m &amp#27;[2m---&amp#27;[0;39m &amp#27;[2m[           main]&amp#27;[0;39m &amp#27;[2m&amp#27;[0;39m&amp#27;[36mo.s.c.a.ClassPathBeanDefinitionScanner  &amp#27;[0;39m &amp#27;[2m:&amp#27;[0;39m Identified candidate component class: file [/Users/keyinstudent/Documents/S4-Final-BackEnd/target/classes/com/misight/service/MineralsService.class]
&amp#27;[2m2024-11-30T12:00:46.066+01:00&amp#27;[0;39m &amp#27;[32mDEBUG&amp#27;[0;39m &amp#27;[35m7864&amp#27;[0;39m &amp#27;[2m---&amp#27;[0;39m &amp#27;[2m[           main]&amp#27;[0;39m &amp#27;[2m&amp#27;[0;39m&amp#27;[36mo.s.c.a.ClassPathBeanDefinitionScanner  &amp#27;[0;39m &amp#27;[2m:&amp#27;[0;39m Identified candidate component class: file [/Users/keyinstudent/Documents/S4-Final-BackEnd/target/classes/com/misight/service/MinesService.class]
&amp#27;[2m2024-11-30T12:00:46.068+01:00&amp#27;[0;39m &amp#27;[32mDEBUG&amp#27;[0;39m &amp#27;[35m7864&amp#27;[0;39m &amp#27;[2m---&amp#27;[0;39m &amp#27;[2m[           main]&amp#27;[0;39m &amp#27;[2m&amp#27;[0;39m&amp#27;[36mo.s.c.a.ClassPathBeanDefinitionScanner  &amp#27;[0;39m &amp#27;[2m:&amp#27;[0;39m Identified candidate component class: file [/Users/keyinstudent/Documents/S4-Final-BackEnd/target/classes/com/misight/service/MonitoringStationsService.class]
&amp#27;[2m2024-11-30T12:00:46.068+01:00&amp#27;[0;39m &amp#27;[32mDEBUG&amp#27;[0;39m &amp#27;[35m7864&amp#27;[0;39m &amp#27;[2m---&amp#27;[0;39m &amp#27;[2m[           main]&amp#27;[0;39m &amp#27;[2m&amp#27;[0;39m&amp#27;[36mo.s.c.a.ClassPathBeanDefinitionScanner  &amp#27;[0;39m &amp#27;[2m:&amp#27;[0;39m Identified candidate component class: file [/Users/keyinstudent/Documents/S4-Final-BackEnd/target/classes/com/misight/service/PollutantsService.class]
&amp#27;[2m2024-11-30T12:00:46.068+01:00&amp#27;[0;39m &amp#27;[32mDEBUG&amp#27;[0;39m &amp#27;[35m7864&amp#27;[0;39m &amp#27;[2m---&amp#27;[0;39m &amp#27;[2m[           main]&amp#27;[0;39m &amp#27;[2m&amp#27;[0;39m&amp#27;[36mo.s.c.a.ClassPathBeanDefinitionScanner  &amp#27;[0;39m &amp#27;[2m:&amp#27;[0;39m Identified candidate component class: file [/Users/keyinstudent/Documents/S4-Final-BackEnd/target/classes/com/misight/service/PrivilegesService.class]
&amp#27;[2m2024-11-30T12:00:46.069+01:00&amp#27;[0;39m &amp#27;[32mDEBUG&amp#27;[0;39m &amp#27;[35m7864&amp#27;[0;39m &amp#27;[2m---&amp#27;[0;39m &amp#27;[2m[           main]&amp#27;[0;39m &amp#27;[2m&amp#27;[0;39m&amp#27;[36mo.s.c.a.ClassPathBeanDefinitionScanner  &amp#27;[0;39m &amp#27;[2m:&amp#27;[0;39m Identified candidate component class: file [/Users/keyinstudent/Documents/S4-Final-BackEnd/target/classes/com/misight/service/ProvincesService.class]
&amp#27;[2m2024-11-30T12:00:46.070+01:00&amp#27;[0;39m &amp#27;[32mDEBUG&amp#27;[0;39m &amp#27;[35m7864&amp#27;[0;39m &amp#27;[2m---&amp#27;[0;39m &amp#27;[2m[           main]&amp#27;[0;39m &amp#27;[2m&amp#27;[0;39m&amp#27;[36mo.s.c.a.ClassPathBeanDefinitionScanner  &amp#27;[0;39m &amp#27;[2m:&amp#27;[0;39m Identified candidate component class: file [/Users/keyinstudent/Documents/S4-Final-BackEnd/target/classes/com/misight/service/SafetyDataService.class]
&amp#27;[2m2024-11-30T12:00:46.071+01:00&amp#27;[0;39m &amp#27;[32mDEBUG&amp#27;[0;39m &amp#27;[35m7864&amp#27;[0;39m &amp#27;[2m---&amp#27;[0;39m &amp#27;[2m[           main]&amp#27;[0;39m &amp#27;[2m&amp#27;[0;39m&amp#27;[36mo.s.c.a.ClassPathBeanDefinitionScanner  &amp#27;[0;39m &amp#27;[2m:&amp#27;[0;39m Identified candidate component class: file [/Users/keyinstudent/Documents/S4-Final-BackEnd/target/classes/com/misight/service/UserPrivilegeServiceImpl.class]
&amp#27;[2m2024-11-30T12:00:46.072+01:00&amp#27;[0;39m &amp#27;[32mDEBUG&amp#27;[0;39m &amp#27;[35m7864&amp#27;[0;39m &amp#27;[2m---&amp#27;[0;39m &amp#27;[2m[           main]&amp#27;[0;39m &amp#27;[2m&amp#27;[0;39m&amp#27;[36mo.s.c.a.ClassPathBeanDefinitionScanner  &amp#27;[0;39m &amp#27;[2m:&amp#27;[0;39m Identified candidate component class: file [/Users/keyinstudent/Documents/S4-Final-BackEnd/target/classes/com/misight/service/UserService.class]
&amp#27;[2m2024-11-30T12:00:47.029+01:00&amp#27;[0;39m &amp#27;[32m INFO&amp#27;[0;39m &amp#27;[35m7864&amp#27;[0;39m &amp#27;[2m---&amp#27;[0;39m &amp#27;[2m[           main]&amp#27;[0;39m &amp#27;[2m&amp#27;[0;39m&amp#27;[36m.s.d.r.c.RepositoryConfigurationDelegate&amp#27;[0;39m &amp#27;[2m:&amp#27;[0;39m Bootstrapping Spring Data JPA repositories in DEFAULT mode.
&amp#27;[2m2024-11-30T12:00:47.036+01:00&amp#27;[0;39m &amp#27;[32mDEBUG&amp#27;[0;39m &amp#27;[35m7864&amp#27;[0;39m &amp#27;[2m---&amp#27;[0;39m &amp#27;[2m[           main]&amp#27;[0;39m &amp#27;[2m&amp#27;[0;39m&amp#27;[36mo.s.b.f.s.DefaultListableBeanFactory    &amp#27;[0;39m &amp#27;[2m:&amp#27;[0;39m Creating shared instance of singleton bean 'org.springframework.boot.autoconfigure.AutoConfigurationPackages'
&amp#27;[2m2024-11-30T12:00:47.044+01:00&amp#27;[0;39m &amp#27;[32mDEBUG&amp#27;[0;39m &amp#27;[35m7864&amp#27;[0;39m &amp#27;[2m---&amp#27;[0;39m &amp#27;[2m[           main]&amp#27;[0;39m &amp#27;[2m&amp#27;[0;39m&amp#27;[36mo.s.b.a.AutoConfigurationPackages       &amp#27;[0;39m &amp#27;[2m:&amp#27;[0;39m @EnableAutoConfiguration was declared on a class in the package 'com.misight'. Automatic @Repository and @Entity scanning is enabled.
&amp#27;[2m2024-11-30T12:00:47.046+01:00&amp#27;[0;39m &amp#27;[32mDEBUG&amp#27;[0;39m &amp#27;[35m7864&amp#27;[0;39m &amp#27;[2m---&amp#27;[0;39m &amp#27;[2m[           main]&amp#27;[0;39m &amp#27;[2m&amp#27;[0;39m&amp#27;[36m.s.d.r.c.RepositoryConfigurationDelegate&amp#27;[0;39m &amp#27;[2m:&amp#27;[0;39m Scanning for JPA repositories in packages com.misight.
&amp#27;[2m2024-11-30T12:00:47.068+01:00&amp#27;[0;39m &amp#27;[32mDEBUG&amp#27;[0;39m &amp#27;[35m7864&amp#27;[0;39m &amp#27;[2m---&amp#27;[0;39m &amp#27;[2m[           main]&amp#27;[0;39m &amp#27;[2m&amp#27;[0;39m&amp#27;[36mo.s.d.r.c.RepositoryComponentProvider   &amp#27;[0;39m &amp#27;[2m:&amp#27;[0;39m Identified candidate component class: file [/Users/keyinstudent/Documents/S4-Final-BackEnd/target/classes/com/misight/repository/EnvironmentalDataRepo.class]
&amp#27;[2m2024-11-30T12:00:47.070+01:00&amp#27;[0;39m &amp#27;[32mDEBUG&amp#27;[0;39m &amp#27;[35m7864&amp#27;[0;39m &amp#27;[2m---&amp#27;[0;39m &amp#27;[2m[           main]&amp#27;[0;39m &amp#27;[2m&amp#27;[0;39m&amp#27;[36mo.s.d.r.c.RepositoryComponentProvider   &amp#27;[0;39m &amp#27;[2m:&amp#27;[0;39m Identified candidate component class: file [/Users/keyinstudent/Documents/S4-Final-BackEnd/target/classes/com/misight/repository/MineralsRepo.class]
&amp#27;[2m2024-11-30T12:00:47.070+01:00&amp#27;[0;39m &amp#27;[32mDEBUG&amp#27;[0;39m &amp#27;[35m7864&amp#27;[0;39m &amp#27;[2m---&amp#27;[0;39m &amp#27;[2m[           main]&amp#27;[0;39m &amp#27;[2m&amp#27;[0;39m&amp#27;[36mo.s.d.r.c.RepositoryComponentProvider   &amp#27;[0;39m &amp#27;[2m:&amp#27;[0;39m Identified candidate component class: file [/Users/keyinstudent/Documents/S4-Final-BackEnd/target/classes/com/misight/repository/MinesRepo.class]
&amp#27;[2m2024-11-30T12:00:47.071+01:00&amp#27;[0;39m &amp#27;[32mDEBUG&amp#27;[0;39m &amp#27;[35m7864&amp#27;[0;39m &amp#27;[2m---&amp#27;[0;39m &amp#27;[2m[           main]&amp#27;[0;39m &amp#27;[2m&amp#27;[0;39m&amp#27;[36mo.s.d.r.c.RepositoryComponentProvider   &amp#27;[0;39m &amp#27;[2m:&amp#27;[0;39m Identified candidate component class: file [/Users/keyinstudent/Documents/S4-Final-BackEnd/target/classes/com/misight/repository/MonitoringStationsRepo.class]
&amp#27;[2m2024-11-30T12:00:47.073+01:00&amp#27;[0;39m &amp#27;[32mDEBUG&amp#27;[0;39m &amp#27;[35m7864&amp#27;[0;39m &amp#27;[2m---&amp#27;[0;39m &amp#27;[2m[           main]&amp#27;[0;39m &amp#27;[2m&amp#27;[0;39m&amp#27;[36mo.s.d.r.c.RepositoryComponentProvider   &amp#27;[0;39m &amp#27;[2m:&amp#27;[0;39m Identified candidate component class: file [/Users/keyinstudent/Documents/S4-Final-BackEnd/target/classes/com/misight/repository/PollutantsRepo.class]
&amp#27;[2m2024-11-30T12:00:47.074+01:00&amp#27;[0;39m &amp#27;[32mDEBUG&amp#27;[0;39m &amp#27;[35m7864&amp#27;[0;39m &amp#27;[2m---&amp#27;[0;39m &amp#27;[2m[           main]&amp#27;[0;39m &amp#27;[2m&amp#27;[0;39m&amp#27;[36mo.s.d.r.c.RepositoryComponentProvider   &amp#27;[0;39m &amp#27;[2m:&amp#27;[0;39m Identified candidate component class: file [/Users/keyinstudent/Documents/S4-Final-BackEnd/target/classes/com/misight/repository/PrivilegesRepo.class]
&amp#27;[2m2024-11-30T12:00:47.074+01:00&amp#27;[0;39m &amp#27;[32mDEBUG&amp#27;[0;39m &amp#27;[35m7864&amp#27;[0;39m &amp#27;[2m---&amp#27;[0;39m &amp#27;[2m[           main]&amp#27;[0;39m &amp#27;[2m&amp#27;[0;39m&amp#27;[36mo.s.d.r.c.RepositoryComponentProvider   &amp#27;[0;39m &amp#27;[2m:&amp#27;[0;39m Identified candidate component class: file [/Users/keyinstudent/Documents/S4-Final-BackEnd/target/classes/com/misight/repository/ProvincesRepo.class]
&amp#27;[2m2024-11-30T12:00:47.074+01:00&amp#27;[0;39m &amp#27;[32mDEBUG&amp#27;[0;39m &amp#27;[35m7864&amp#27;[0;39m &amp#27;[2m---&amp#27;[0;39m &amp#27;[2m[           main]&amp#27;[0;39m &amp#27;[2m&amp#27;[0;39m&amp#27;[36mo.s.d.r.c.RepositoryComponentProvider   &amp#27;[0;39m &amp#27;[2m:&amp#27;[0;39m Identified candidate component class: file [/Users/keyinstudent/Documents/S4-Final-BackEnd/target/classes/com/misight/repository/SafetyDataRepo.class]
&amp#27;[2m2024-11-30T12:00:47.074+01:00&amp#27;[0;39m &amp#27;[32mDEBUG&amp#27;[0;39m &amp#27;[35m7864&amp#27;[0;39m &amp#27;[2m---&amp#27;[0;39m &amp#27;[2m[           main]&amp#27;[0;39m &amp#27;[2m&amp#27;[0;39m&amp#27;[36mo.s.d.r.c.RepositoryComponentProvider   &amp#27;[0;39m &amp#27;[2m:&amp#27;[0;39m Identified candidate component class: file [/Users/keyinstudent/Documents/S4-Final-BackEnd/target/classes/com/misight/repository/UserPrivilegeRepo.class]
&amp#27;[2m2024-11-30T12:00:47.074+01:00&amp#27;[0;39m &amp#27;[32mDEBUG&amp#27;[0;39m &amp#27;[35m7864&amp#27;[0;39m &amp#27;[2m---&amp#27;[0;39m &amp#27;[2m[           main]&amp#27;[0;39m &amp#27;[2m&amp#27;[0;39m&amp#27;[36mo.s.d.r.c.RepositoryComponentProvider   &amp#27;[0;39m &amp#27;[2m:&amp#27;[0;39m Identified candidate component class: file [/Users/keyinstudent/Documents/S4-Final-BackEnd/target/classes/com/misight/repository/UserRepo.class]
&amp#27;[2m2024-11-30T12:00:47.123+01:00&amp#27;[0;39m &amp#27;[32mDEBUG&amp#27;[0;39m &amp#27;[35m7864&amp#27;[0;39m &amp#27;[2m---&amp#27;[0;39m &amp#27;[2m[           main]&amp#27;[0;39m &amp#27;[2m&amp#27;[0;39m&amp#27;[36mssPathScanningCandidateComponentProvider&amp#27;[0;39m &amp#27;[2m:&amp#27;[0;39m Identified candidate component class: file [/Users/keyinstudent/Documents/S4-Final-BackEnd/target/classes/com/misight/service/UserPrivilegeServiceImpl.class]
&amp#27;[2m2024-11-30T12:00:47.150+01:00&amp#27;[0;39m &amp#27;[32m INFO&amp#27;[0;39m &amp#27;[35m7864&amp#27;[0;39m &amp#27;[2m---&amp#27;[0;39m &amp#27;[2m[           main]&amp#27;[0;39m &amp#27;[2m&amp#27;[0;39m&amp#27;[36m.s.d.r.c.RepositoryConfigurationDelegate&amp#27;[0;39m &amp#27;[2m:&amp#27;[0;39m Finished Spring Data repository scanning in 102 ms. Found 10 JPA repository interfaces.
&amp#27;[2m2024-11-30T12:00:47.305+01:00&amp#27;[0;39m &amp#27;[32mDEBUG&amp#27;[0;39m &amp#27;[35m7864&amp#27;[0;39m &amp#27;[2m---&amp#27;[0;39m &amp#27;[2m[           main]&amp#27;[0;39m &amp#27;[2m&amp#27;[0;39m&amp#27;[36mo.s.b.f.s.DefaultListableBeanFactory    &amp#27;[0;39m &amp#27;[2m:&amp#27;[0;39m Creating shared instance of singleton bean 'springSecurityHandlerMappingIntrospectorBeanDefinitionRegistryPostProcessor'
&amp#27;[2m2024-11-30T12:00:47.486+01:00&amp#27;[0;39m &amp#27;[32mDEBUG&amp#27;[0;39m &amp#27;[35m7864&amp#27;[0;39m &amp#27;[2m---&amp#27;[0;39m &amp#27;[2m[           main]&amp#27;[0;39m &amp#27;[2m&amp#27;[0;39m&amp#27;[36mo.s.b.f.s.DefaultListableBeanFactory    &amp#27;[0;39m &amp#27;[2m:&amp#27;[0;39m Creating shared instance of singleton bean 'propertySourcesPlaceholderConfigurer'
&amp#27;[2m2024-11-30T12:00:47.493+01:00&amp#27;[0;39m &amp#27;[32mDEBUG&amp#27;[0;39m &amp#27;[35m7864&amp#27;[0;39m &amp#27;[2m---&amp#27;[0;39m &amp#27;[2m[           main]&amp#27;[0;39m &amp#27;[2m&amp#27;[0;39m&amp#27;[36mo.s.b.f.s.DefaultListableBeanFactory    &amp#27;[0;39m &amp#27;[2m:&amp#27;[0;39m Creating shared instance of singleton bean 'org.springframework.boot.test.mock.mockito.MockitoPostProcessor'
&amp#27;[2m2024-11-30T12:00:47.498+01:00&amp#27;[0;39m &amp#27;[32mDEBUG&amp#27;[0;39m &amp#27;[35m7864&amp#27;[0;39m &amp#27;[2m---&amp#27;[0;39m &amp#27;[2m[           main]&amp#27;[0;39m &amp#27;[2m&amp#27;[0;39m&amp#27;[36mo.s.b.f.s.DefaultListableBeanFactory    &amp#27;[0;39m &amp#27;[2m:&amp#27;[0;39m Creating shared instance of singleton bean 'emBeanDefinitionRegistrarPostProcessor'
&amp#27;[2m2024-11-30T12:00:47.499+01:00&amp#27;[0;39m &amp#27;[32mDEBUG&amp#27;[0;39m &amp#27;[35m7864&amp#27;[0;39m &amp#27;[2m---&amp#27;[0;39m &amp#27;[2m[           main]&amp#27;[0;39m &amp#27;[2m&amp#27;[0;39m&amp#27;[36mo.s.b.f.s.DefaultListableBeanFactory    &amp#27;[0;39m &amp#27;[2m:&amp#27;[0;39m Creating shared instance of singleton bean 'org.springframework.boot.sql.init.dependency.DatabaseInitializationDependencyConfigurer$DependsOnDatabaseInitializationPostProcessor'
&amp#27;[2m2024-11-30T12:00:47.603+01:00&amp#27;[0;39m &amp#27;[32mDEBUG&amp#27;[0;39m &amp#27;[35m7864&amp#27;[0;39m &amp#27;[2m---&amp#27;[0;39m &amp#27;[2m[           main]&amp#27;[0;39m &amp#27;[2m&amp#27;[0;39m&amp#27;[36mo.s.b.f.s.DefaultListableBeanFactory    &amp#27;[0;39m &amp#27;[2m:&amp#27;[0;39m Creating shared instance of singleton bean 'org.springframework.context.event.internalEventListenerProcessor'
&amp#27;[2m2024-11-30T12:00:47.605+01:00&amp#27;[0;39m &amp#27;[32mDEBUG&amp#27;[0;39m &amp#27;[35m7864&amp#27;[0;39m &amp#27;[2m---&amp#27;[0;39m &amp#27;[2m[           main]&amp#27;[0;39m &amp#27;[2m&amp#27;[0;39m&amp#27;[36mo.s.b.f.s.DefaultListableBeanFactory    &amp#27;[0;39m &amp#27;[2m:&amp#27;[0;39m Creating shared instance of singleton bean 'conversionServicePostProcessor'
&amp#27;[2m2024-11-30T12:00:47.615+01:00&amp#27;[0;39m &amp#27;[32mDEBUG&amp#27;[0;39m &amp#27;[35m7864&amp#27;[0;39m &amp#27;[2m---&amp#27;[0;39m &amp#27;[2m[           main]&amp#27;[0;39m &amp#27;[2m&amp#27;[0;39m&amp#27;[36mo.s.b.f.s.DefaultListableBeanFactory    &amp#27;[0;39m &amp#27;[2m:&amp#27;[0;39m Creating shared instance of singleton bean 'preserveErrorControllerTargetClassPostProcessor'
&amp#27;[2m2024-11-30T12:00:47.619+01:00&amp#27;[0;39m &amp#27;[32mDEBUG&amp#27;[0;39m &amp#27;[35m7864&amp#27;[0;39m &amp#27;[2m---&amp#27;[0;39m &amp#27;[2m[           main]&amp#27;[0;39m &amp#27;[2m&amp#27;[0;39m&amp#27;[36mo.s.b.f.s.DefaultListableBeanFactory    &amp#27;[0;39m &amp#27;[2m:&amp#27;[0;39m Creating shared instance of singleton bean 'org.springframework.context.event.internalEventListenerFactory'
&amp#27;[2m2024-11-30T12:00:47.620+01:00&amp#27;[0;39m &amp#27;[32mDEBUG&amp#27;[0;39m &amp#27;[35m7864&amp#27;[0;39m &amp#27;[2m---&amp#27;[0;39m &amp#27;[2m[           main]&amp#27;[0;39m &amp#27;[2m&amp#27;[0;39m&amp#27;[36mo.s.b.f.s.DefaultListableBeanFactory    &amp#27;[0;39m &amp#27;[2m:&amp#27;[0;39m Creating shared instance of singleton bean 'org.springframework.transaction.config.internalTransactionalEventListenerFactory'
&amp#27;[2m2024-11-30T12:00:47.630+01:00&amp#27;[0;39m &amp#27;[32mDEBUG&amp#27;[0;39m &amp#27;[35m7864&amp#27;[0;39m &amp#27;[2m---&amp#27;[0;39m &amp#27;[2m[           main]&amp#27;[0;39m &amp#27;[2m&amp#27;[0;39m&amp#27;[36mo.s.b.f.s.DefaultListableBeanFactory    &amp#27;[0;39m &amp#27;[2m:&amp#27;[0;39m Creating shared instance of singleton bean 'org.springframework.boot.test.mock.mockito.MockitoPostProcessor$SpyPostProcessor'
&amp#27;[2m2024-11-30T12:00:47.634+01:00&amp#27;[0;39m &amp#27;[32mDEBUG&amp#27;[0;39m &amp#27;[35m7864&amp#27;[0;39m &amp#27;[2m---&amp#27;[0;39m &amp#27;[2m[           main]&amp#27;[0;39m &amp#27;[2m&amp#27;[0;39m&amp#27;[36mo.s.b.f.s.DefaultListableBeanFactory    &amp#27;[0;39m &amp#27;[2m:&amp#27;[0;39m Creating shared instance of singleton bean 'org.springframework.context.annotation.internalAutowiredAnnotationProcessor'
&amp#27;[2m2024-11-30T12:00:47.637+01:00&amp#27;[0;39m &amp#27;[32mDEBUG&amp#27;[0;39m &amp#27;[35m7864&amp#27;[0;39m &amp#27;[2m---&amp#27;[0;39m &amp#27;[2m[           main]&amp#27;[0;39m &amp#27;[2m&amp#27;[0;39m&amp#27;[36mo.s.b.f.s.DefaultListableBeanFactory    &amp#27;[0;39m &amp#27;[2m:&amp#27;[0;39m Creating shared instance of singleton bean 'org.springframework.context.annotation.internalCommonAnnotationProcessor'
&amp#27;[2m2024-11-30T12:00:47.639+01:00&amp#27;[0;39m &amp#27;[32mDEBUG&amp#27;[0;39m &amp#27;[35m7864&amp#27;[0;39m &amp#27;[2m---&amp#27;[0;39m &amp#27;[2m[           main]&amp#27;[0;39m &amp#27;[2m&amp#27;[0;39m&amp#27;[36mo.s.b.f.s.DefaultListableBeanFactory    &amp#27;[0;39m &amp#27;[2m:&amp#27;[0;39m Creating shared instance of singleton bean 'org.springframework.context.annotation.internalPersistenceAnnotationProcessor'
&amp#27;[2m2024-11-30T12:00:47.639+01:00&amp#27;[0;39m &amp#27;[32mDEBUG&amp#27;[0;39m &amp#27;[35m7864&amp#27;[0;39m &amp#27;[2m---&amp#27;[0;39m &amp#27;[2m[           main]&amp#27;[0;39m &amp#27;[2m&amp#27;[0;39m&amp#27;[36mo.s.b.f.s.DefaultListableBeanFactory    &amp#27;[0;39m &amp#27;[2m:&amp#27;[0;39m Creating shared instance of singleton bean 'org.springframework.boot.context.properties.ConfigurationPropertiesBindingPostProcessor'
&amp#27;[2m2024-11-30T12:00:47.639+01:00&amp#27;[0;39m &amp#27;[32mDEBUG&amp#27;[0;39m &amp#27;[35m7864&amp#27;[0;39m &amp#27;[2m---&amp#27;[0;39m &amp#27;[2m[           main]&amp#27;[0;39m &amp#27;[2m&amp#27;[0;39m&amp#27;[36mo.s.b.f.s.DefaultListableBeanFactory    &amp#27;[0;39m &amp#27;[2m:&amp#27;[0;39m Creating shared instance of singleton bean 'org.springframework.boot.context.internalConfigurationPropertiesBinder'
&amp#27;[2m2024-11-30T12:00:47.646+01:00&amp#27;[0;39m &amp#27;[32mDEBUG&amp#27;[0;39m &amp#27;[35m7864&amp#27;[0;39m &amp#27;[2m---&amp#27;[0;39m &amp#27;[2m[           main]&amp#27;[0;39m &amp#27;[2m&amp#27;[0;39m&amp#27;[36mo.s.b.f.s.DefaultListableBeanFactory    &amp#27;[0;39m &amp#27;[2m:&amp#27;[0;39m Creating shared instance of singleton bean 'jdbcConnectionDetailsHikariBeanPostProcessor'
&amp#27;[2m2024-11-30T12:00:47.677+01:00&amp#27;[0;39m &amp#27;[32mDEBUG&amp#27;[0;39m &amp#27;[35m7864&amp#27;[0;39m &amp#27;[2m---&amp#27;[0;39m &amp#27;[2m[           main]&amp#27;[0;39m &amp#27;[2m&amp#27;[0;39m&amp#27;[36mo.s.b.f.s.DefaultListableBeanFactory    &amp#27;[0;39m &amp#27;[2m:&amp#27;[0;39m Creating shared instance of singleton bean 'org.springframework.aop.config.internalAutoProxyCreator'
&amp#27;[2m2024-11-30T12:00:47.725+01:00&amp#27;[0;39m &amp#27;[32mDEBUG&amp#27;[0;39m &amp#27;[35m7864&amp#27;[0;39m &amp#27;[2m---&amp#27;[0;39m &amp#27;[2m[           main]&amp#27;[0;39m &amp#27;[2m&amp#27;[0;39m&amp#27;[36mo.s.b.f.s.DefaultListableBeanFactory    &amp#27;[0;39m &amp#27;[2m:&amp#27;[0;39m Creating shared instance of singleton bean 'persistenceExceptionTranslationPostProcessor'
&amp#27;[2m2024-11-30T12:00:47.774+01:00&amp#27;[0;39m &amp#27;[32mDEBUG&amp#27;[0;39m &amp#27;[35m7864&amp#27;[0;39m &amp#27;[2m---&amp#27;[0;39m &amp#27;[2m[           main]&amp#27;[0;39m &amp#27;[2m&amp#27;[0;39m&amp#27;[36mo.s.b.f.s.DefaultListableBeanFactory    &amp#27;[0;39m &amp#27;[2m:&amp#27;[0;39m Autowiring by type from bean name 'persistenceExceptionTranslationPostProcessor' via factory method to bean named 'environment'
&amp#27;[2m2024-11-30T12:00:47.782+01:00&amp#27;[0;39m &amp#27;[32mDEBUG&amp#27;[0;39m &amp#27;[35m7864&amp#27;[0;39m &amp#27;[2m---&amp#27;[0;39m &amp#27;[2m[           main]&amp#27;[0;39m &amp#27;[2m&amp#27;[0;39m&amp#27;[36mo.s.b.f.s.DefaultListableBeanFactory    &amp#27;[0;39m &amp#27;[2m:&amp#27;[0;39m Creating shared instance of singleton bean 'webServerFactoryCustomizerBeanPostProcessor'
&amp#27;[2m2024-11-30T12:00:47.784+01:00&amp#27;[0;39m &amp#27;[32mDEBUG&amp#27;[0;39m &amp#27;[35m7864&amp#27;[0;39m &amp#27;[2m---&amp#27;[0;39m &amp#27;[2m[           main]&amp#27;[0;39m &amp#27;[2m&amp#27;[0;39m&amp#27;[36mo.s.b.f.s.DefaultListableBeanFactory    &amp#27;[0;39m &amp#27;[2m:&amp#27;[0;39m Creating shared instance of singleton bean 'errorPageRegistrarBeanPostProcessor'
&amp#27;[2m2024-11-30T12:00:47.785+01:00&amp#27;[0;39m &amp#27;[32mDEBUG&amp#27;[0;39m &amp#27;[35m7864&amp#27;[0;39m &amp#27;[2m---&amp#27;[0;39m &amp#27;[2m[           main]&amp#27;[0;39m &amp#27;[2m&amp#27;[0;39m&amp#27;[36mo.s.b.f.s.DefaultListableBeanFactory    &amp#27;[0;39m &amp#27;[2m:&amp#27;[0;39m Creating shared instance of singleton bean 'projectingArgumentResolverBeanPostProcessor'
&amp#27;[2m2024-11-30T12:00:47.787+01:00&amp#27;[0;39m &amp#27;[32mDEBUG&amp#27;[0;39m &amp#27;[35m7864&amp#27;[0;39m &amp#27;[2m---&amp#27;[0;39m &amp#27;[2m[           main]&amp#27;[0;39m &amp#27;[2m&amp#27;[0;39m&amp#27;[36mo.s.b.f.s.DefaultListableBeanFactory    &amp#27;[0;39m &amp#27;[2m:&amp#27;[0;39m Creating shared instance of singleton bean 'org.springframework.transaction.config.internalTransactionAdvisor'
&amp#27;[2m2024-11-30T12:00:47.788+01:00&amp#27;[0;39m &amp#27;[32mDEBUG&amp#27;[0;39m &amp#27;[35m7864&amp#27;[0;39m &amp#27;[2m---&amp#27;[0;39m &amp#27;[2m[           main]&amp#27;[0;39m &amp#27;[2m&amp#27;[0;39m&amp#27;[36mo.s.b.f.s.DefaultListableBeanFactory    &amp#27;[0;39m &amp#27;[2m:&amp#27;[0;39m Creating shared instance of singleton bean 'org.springframework.transaction.annotation.ProxyTransactionManagementConfiguration'
&amp#27;[2m2024-11-30T12:00:47.821+01:00&amp#27;[0;39m &amp#27;[32mDEBUG&amp#27;[0;39m &amp#27;[35m7864&amp#27;[0;39m &amp#27;[2m---&amp#27;[0;39m &amp#27;[2m[           main]&amp#27;[0;39m &amp#27;[2m&amp#27;[0;39m&amp#27;[36mo.s.b.f.s.DefaultListableBeanFactory    &amp#27;[0;39m &amp#27;[2m:&amp#27;[0;39m Creating shared instance of singleton bean 'transactionAttributeSource'
&amp#27;[2m2024-11-30T12:00:47.824+01:00&amp#27;[0;39m &amp#27;[32mDEBUG&amp#27;[0;39m &amp#27;[35m7864&amp#27;[0;39m &amp#27;[2m---&amp#27;[0;39m &amp#27;[2m[           main]&amp#27;[0;39m &amp#27;[2m&amp#27;[0;39m&amp#27;[36mo.s.b.f.s.DefaultListableBeanFactory    &amp#27;[0;39m &amp#27;[2m:&amp#27;[0;39m Creating shared instance of singleton bean 'transactionInterceptor'
&amp#27;[2m2024-11-30T12:00:47.826+01:00&amp#27;[0;39m &amp#27;[32mDEBUG&amp#27;[0;39m &amp#27;[35m7864&amp#27;[0;39m &amp#27;[2m---&amp#27;[0;39m &amp#27;[2m[           main]&amp#27;[0;39m &amp#27;[2m&amp#27;[0;39m&amp#27;[36mo.s.b.f.s.DefaultListableBeanFactory    &amp#27;[0;39m &amp#27;[2m:&amp#27;[0;39m Autowiring by type from bean name 'transactionInterceptor' via factory method to bean named 'transactionAttributeSource'
&amp#27;[2m2024-11-30T12:00:47.831+01:00&amp#27;[0;39m &amp#27;[32mDEBUG&amp#27;[0;39m &amp#27;[35m7864&amp#27;[0;39m &amp#27;[2m---&amp#27;[0;39m &amp#27;[2m[           main]&amp#27;[0;39m &amp#27;[2m&amp#27;[0;39m&amp#27;[36mo.s.b.f.s.DefaultListableBeanFactory    &amp#27;[0;39m &amp#27;[2m:&amp#27;[0;39m Autowiring by type from bean name 'org.springframework.transaction.config.internalTransactionAdvisor' via factory method to bean named 'transactionAttributeSource'
&amp#27;[2m2024-11-30T12:00:47.831+01:00&amp#27;[0;39m &amp#27;[32mDEBUG&amp#27;[0;39m &amp#27;[35m7864&amp#27;[0;39m &amp#27;[2m---&amp#27;[0;39m &amp#27;[2m[           main]&amp#27;[0;39m &amp#27;[2m&amp#27;[0;39m&amp#27;[36mo.s.b.f.s.DefaultListableBeanFactory    &amp#27;[0;39m &amp#27;[2m:&amp#27;[0;39m Autowiring by type from bean name 'org.springframework.transaction.config.internalTransactionAdvisor' via factory method to bean named 'transactionInterceptor'
&amp#27;[2m2024-11-30T12:00:47.864+01:00&amp#27;[0;39m &amp#27;[32mDEBUG&amp#27;[0;39m &amp#27;[35m7864&amp#27;[0;39m &amp#27;[2m---&amp#27;[0;39m &amp#27;[2m[           main]&amp#27;[0;39m &amp#27;[2m&amp#27;[0;39m&amp#27;[36mo.s.u.c.s.UiApplicationContextUtils     &amp#27;[0;39m &amp#27;[2m:&amp#27;[0;39m Unable to locate ThemeSource with name 'themeSource': using default [org.springframework.ui.context.support.ResourceBundleThemeSource@72b6832e]
&amp#27;[2m2024-11-30T12:00:47.871+01:00&amp#27;[0;39m &amp#27;[32mDEBUG&amp#27;[0;39m &amp#27;[35m7864&amp#27;[0;39m &amp#27;[2m---&amp#27;[0;39m &amp#27;[2m[           main]&amp#27;[0;39m &amp#27;[2m&amp#27;[0;39m&amp#27;[36mo.s.b.f.s.DefaultListableBeanFactory    &amp#27;[0;39m &amp#27;[2m:&amp#27;[0;39m Creating shared instance of singleton bean 'dataSourceScriptDatabaseInitializer'
&amp#27;[2m2024-11-30T12:00:47.871+01:00&amp#27;[0;39m &amp#27;[32mDEBUG&amp#27;[0;39m &amp#27;[35m7864&amp#27;[0;39m &amp#27;[2m---&amp#27;[0;39m &amp#27;[2m[           main]&amp#27;[0;39m &amp#27;[2m&amp#27;[0;39m&amp#27;[36mo.s.b.f.s.DefaultListableBeanFactory    &amp#27;[0;39m &amp#27;[2m:&amp#27;[0;39m Creating shared instance of singleton bean 'org.springframework.boot.autoconfigure.sql.init.DataSourceInitializationConfiguration'
&amp#27;[2m2024-11-30T12:00:47.877+01:00&amp#27;[0;39m &amp#27;[32mDEBUG&amp#27;[0;39m &amp#27;[35m7864&amp#27;[0;39m &amp#27;[2m---&amp#27;[0;39m &amp#27;[2m[           main]&amp#27;[0;39m &amp#27;[2m&amp#27;[0;39m&amp#27;[36mo.s.b.f.s.DefaultListableBeanFactory    &amp#27;[0;39m &amp#27;[2m:&amp#27;[0;39m Creating shared instance of singleton bean 'dataSource'
&amp#27;[2m2024-11-30T12:00:47.877+01:00&amp#27;[0;39m &amp#27;[32mDEBUG&amp#27;[0;39m &amp#27;[35m7864&amp#27;[0;39m &amp#27;[2m---&amp#27;[0;39m &amp#27;[2m[           main]&amp#27;[0;39m &amp#27;[2m&amp#27;[0;39m&amp#27;[36mo.s.b.f.s.DefaultListableBeanFactory    &amp#27;[0;39m &amp#27;[2m:&amp#27;[0;39m Creating shared instance of singleton bean 'org.springframework.boot.autoconfigure.jdbc.DataSourceConfiguration$Hikari'
&amp#27;[2m2024-11-30T12:00:47.878+01:00&amp#27;[0;39m &amp#27;[32mDEBUG&amp#27;[0;39m &amp#27;[35m7864&amp#27;[0;39m &amp#27;[2m---&amp#27;[0;39m &amp#27;[2m[           main]&amp#27;[0;39m &amp#27;[2m&amp#27;[0;39m&amp#27;[36mo.s.b.f.s.DefaultListableBeanFactory    &amp#27;[0;39m &amp#27;[2m:&amp#27;[0;39m Creating shared instance of singleton bean 'spring.datasource-org.springframework.boot.autoconfigure.jdbc.DataSourceProperties'
&amp#27;[2m2024-11-30T12:00:47.880+01:00&amp#27;[0;39m &amp#27;[32mDEBUG&amp#27;[0;39m &amp#27;[35m7864&amp#27;[0;39m &amp#27;[2m---&amp#27;[0;39m &amp#27;[2m[           main]&amp#27;[0;39m &amp#27;[2m&amp#27;[0;39m&amp#27;[36mo.s.b.f.s.DefaultListableBeanFactory    &amp#27;[0;39m &amp#27;[2m:&amp#27;[0;39m Creating shared instance of singleton bean 'org.springframework.boot.context.properties.BoundConfigurationProperties'
&amp#27;[2m2024-11-30T12:00:47.921+01:00&amp#27;[0;39m &amp#27;[32mDEBUG&amp#27;[0;39m &amp#27;[35m7864&amp#27;[0;39m &amp#27;[2m---&amp#27;[0;39m &amp#27;[2m[           main]&amp#27;[0;39m &amp#27;[2m&amp#27;[0;39m&amp#27;[36mo.s.b.f.s.DefaultListableBeanFactory    &amp#27;[0;39m &amp#27;[2m:&amp#27;[0;39m Creating shared instance of singleton bean 'jdbcConnectionDetails'
&amp#27;[2m2024-11-30T12:00:47.921+01:00&amp#27;[0;39m &amp#27;[32mDEBUG&amp#27;[0;39m &amp#27;[35m7864&amp#27;[0;39m &amp#27;[2m---&amp#27;[0;39m &amp#27;[2m[           main]&amp#27;[0;39m &amp#27;[2m&amp#27;[0;39m&amp#27;[36mo.s.b.f.s.DefaultListableBeanFactory    &amp#27;[0;39m &amp#27;[2m:&amp#27;[0;39m Creating shared instance of singleton bean 'org.springframework.boot.autoconfigure.jdbc.DataSourceAutoConfiguration$PooledDataSourceConfiguration'
&amp#27;[2m2024-11-30T12:00:47.922+01:00&amp#27;[0;39m &amp#27;[32mDEBUG&amp#27;[0;39m &amp#27;[35m7864&amp#27;[0;39m &amp#27;[2m---&amp#27;[0;39m &amp#27;[2m[           main]&amp#27;[0;39m &amp#27;[2m&amp#27;[0;39m&amp#27;[36mo.s.b.f.s.DefaultListableBeanFactory    &amp#27;[0;39m &amp#27;[2m:&amp#27;[0;39m Autowiring by type from bean name 'jdbcConnectionDetails' via factory method to bean named 'spring.datasource-org.springframework.boot.autoconfigure.jdbc.DataSourceProperties'
&amp#27;[2m2024-11-30T12:00:47.926+01:00&amp#27;[0;39m &amp#27;[32mDEBUG&amp#27;[0;39m &amp#27;[35m7864&amp#27;[0;39m &amp#27;[2m---&amp#27;[0;39m &amp#27;[2m[           main]&amp#27;[0;39m &amp#27;[2m&amp#27;[0;39m&amp#27;[36mo.s.b.f.s.DefaultListableBeanFactory    &amp#27;[0;39m &amp#27;[2m:&amp#27;[0;39m Autowiring by type from bean name 'dataSource' via factory method to bean named 'spring.datasource-org.springframework.boot.autoconfigure.jdbc.DataSourceProperties'
&amp#27;[2m2024-11-30T12:00:47.926+01:00&amp#27;[0;39m &amp#27;[32mDEBUG&amp#27;[0;39m &amp#27;[35m7864&amp#27;[0;39m &amp#27;[2m---&amp#27;[0;39m &amp#27;[2m[           main]&amp#27;[0;39m &amp#27;[2m&amp#27;[0;39m&amp#27;[36mo.s.b.f.s.DefaultListableBeanFactory    &amp#27;[0;39m &amp#27;[2m:&amp#27;[0;39m Autowiring by type from bean name 'dataSource' via factory method to bean named 'jdbcConnectionDetails'
&amp#27;[2m2024-11-30T12:00:47.989+01:00&amp#27;[0;39m &amp#27;[32mDEBUG&amp#27;[0;39m &amp#27;[35m7864&amp#27;[0;39m &amp#27;[2m---&amp#27;[0;39m &amp#27;[2m[           main]&amp#27;[0;39m &amp#27;[2m&amp#27;[0;39m&amp#27;[36mo.s.b.f.s.DefaultListableBeanFactory    &amp#27;[0;39m &amp#27;[2m:&amp#27;[0;39m Creating shared instance of singleton bean 'spring.sql.init-org.springframework.boot.autoconfigure.sql.init.SqlInitializationProperties'
&amp#27;[2m2024-11-30T12:00:48.003+01:00&amp#27;[0;39m &amp#27;[32mDEBUG&amp#27;[0;39m &amp#27;[35m7864&amp#27;[0;39m &amp#27;[2m---&amp#27;[0;39m &amp#27;[2m[           main]&amp#27;[0;39m &amp#27;[2m&amp#27;[0;39m&amp#27;[36mo.s.b.f.s.DefaultListableBeanFactory    &amp#27;[0;39m &amp#27;[2m:&amp#27;[0;39m Autowiring by type from bean name 'dataSourceScriptDatabaseInitializer' via factory method to bean named 'dataSource'
&amp#27;[2m2024-11-30T12:00:48.003+01:00&amp#27;[0;39m &amp#27;[32mDEBUG&amp#27;[0;39m &amp#27;[35m7864&amp#27;[0;39m &amp#27;[2m---&amp#27;[0;39m &amp#27;[2m[           main]&amp#27;[0;39m &amp#27;[2m&amp#27;[0;39m&amp#27;[36mo.s.b.f.s.DefaultListableBeanFactory    &amp#27;[0;39m &amp#27;[2m:&amp#27;[0;39m Autowiring by type from bean name 'dataSourceScriptDatabaseInitializer' via factory method to bean named 'spring.sql.init-org.springframework.boot.autoconfigure.sql.init.SqlInitializationProperties'
&amp#27;[2m2024-11-30T12:00:48.012+01:00&amp#27;[0;39m &amp#27;[32mDEBUG&amp#27;[0;39m &amp#27;[35m7864&amp#27;[0;39m &amp#27;[2m---&amp#27;[0;39m &amp#27;[2m[           main]&amp#27;[0;39m &amp#27;[2m&amp#27;[0;39m&amp#27;[36mo.s.b.f.s.DefaultListableBeanFactory    &amp#27;[0;39m &amp#27;[2m:&amp#27;[0;39m Creating shared instance of singleton bean 'entityManagerFactory'
&amp#27;[2m2024-11-30T12:00:48.015+01:00&amp#27;[0;39m &amp#27;[32mDEBUG&amp#27;[0;39m &amp#27;[35m7864&amp#27;[0;39m &amp#27;[2m---&amp#27;[0;39m &amp#27;[2m[           main]&amp#27;[0;39m &amp#27;[2m&amp#27;[0;39m&amp#27;[36mo.s.b.f.s.DefaultListableBeanFactory    &amp#27;[0;39m &amp#27;[2m:&amp#27;[0;39m Creating shared instance of singleton bean 'org.springframework.boot.autoconfigure.orm.jpa.HibernateJpaConfiguration'
&amp#27;[2m2024-11-30T12:00:48.019+01:00&amp#27;[0;39m &amp#27;[32mDEBUG&amp#27;[0;39m &amp#27;[35m7864&amp#27;[0;39m &amp#27;[2m---&amp#27;[0;39m &amp#27;[2m[           main]&amp#27;[0;39m &amp#27;[2m&amp#27;[0;39m&amp#27;[36mo.s.b.f.s.DefaultListableBeanFactory    &amp#27;[0;39m &amp#27;[2m:&amp#27;[0;39m Creating shared instance of singleton bean 'spring.jpa-org.springframework.boot.autoconfigure.orm.jpa.JpaProperties'
&amp#27;[2m2024-11-30T12:00:48.037+01:00&amp#27;[0;39m &amp#27;[32mDEBUG&amp#27;[0;39m &amp#27;[35m7864&amp#27;[0;39m &amp#27;[2m---&amp#27;[0;39m &amp#27;[2m[           main]&amp#27;[0;39m &amp#27;[2m&amp#27;[0;39m&amp#27;[36mo.s.b.f.s.DefaultListableBeanFactory    &amp#27;[0;39m &amp#27;[2m:&amp#27;[0;39m Creating shared instance of singleton bean 'spring.jpa.hibernate-org.springframework.boot.autoconfigure.orm.jpa.HibernateProperties'
&amp#27;[2m2024-11-30T12:00:48.047+01:00&amp#27;[0;39m &amp#27;[32mDEBUG&amp#27;[0;39m &amp#27;[35m7864&amp#27;[0;39m &amp#27;[2m---&amp#27;[0;39m &amp#27;[2m[           main]&amp#27;[0;39m &amp#27;[2m&amp#27;[0;39m&amp#27;[36mo.s.b.f.s.DefaultListableBeanFactory    &amp#27;[0;39m &amp#27;[2m:&amp#27;[0;39m Autowiring by type from bean name 'org.springframework.boot.autoconfigure.orm.jpa.HibernateJpaConfiguration' via constructor to bean named 'dataSource'
&amp#27;[2m2024-11-30T12:00:48.048+01:00&amp#27;[0;39m &amp#27;[32mDEBUG&amp#27;[0;39m &amp#27;[35m7864&amp#27;[0;39m &amp#27;[2m---&amp#27;[0;39m &amp#27;[2m[           main]&amp#27;[0;39m &amp#27;[2m&amp#27;[0;39m&amp#27;[36mo.s.b.f.s.DefaultListableBeanFactory    &amp#27;[0;39m &amp#27;[2m:&amp#27;[0;39m Autowiring by type from bean name 'org.springframework.boot.autoconfigure.orm.jpa.HibernateJpaConfiguration' via constructor to bean named 'spring.jpa-org.springframework.boot.autoconfigure.orm.jpa.JpaProperties'
&amp#27;[2m2024-11-30T12:00:48.048+01:00&amp#27;[0;39m &amp#27;[32mDEBUG&amp#27;[0;39m &amp#27;[35m7864&amp#27;[0;39m &amp#27;[2m---&amp#27;[0;39m &amp#27;[2m[           main]&amp#27;[0;39m &amp#27;[2m&amp#27;[0;39m&amp#27;[36mo.s.b.f.s.DefaultListableBeanFactory    &amp#27;[0;39m &amp#27;[2m:&amp#27;[0;39m Autowiring by type from bean name 'org.springframework.boot.autoconfigure.orm.jpa.HibernateJpaConfiguration' via constructor to bean named 'org.springframework.beans.factory.support.DefaultListableBeanFactory@537b32ef'
&amp#27;[2m2024-11-30T12:00:48.048+01:00&amp#27;[0;39m &amp#27;[32mDEBUG&amp#27;[0;39m &amp#27;[35m7864&amp#27;[0;39m &amp#27;[2m---&amp#27;[0;39m &amp#27;[2m[           main]&amp#27;[0;39m &amp#27;[2m&amp#27;[0;39m&amp#27;[36mo.s.b.f.s.DefaultListableBeanFactory    &amp#27;[0;39m &amp#27;[2m:&amp#27;[0;39m Autowiring by type from bean name 'org.springframework.boot.autoconfigure.orm.jpa.HibernateJpaConfiguration' via constructor to bean named 'spring.jpa.hibernate-org.springframework.boot.autoconfigure.orm.jpa.HibernateProperties'
&amp#27;[2m2024-11-30T12:00:48.056+01:00&amp#27;[0;39m &amp#27;[32mDEBUG&amp#27;[0;39m &amp#27;[35m7864&amp#27;[0;39m &amp#27;[2m---&amp#27;[0;39m &amp#27;[2m[           main]&amp#27;[0;39m &amp#27;[2m&amp#27;[0;39m&amp#27;[36mo.s.b.f.s.DefaultListableBeanFactory    &amp#27;[0;39m &amp#27;[2m:&amp#27;[0;39m Creating shared instance of singleton bean 'hikariPoolDataSourceMetadataProvider'
&amp#27;[2m2024-11-30T12:00:48.057+01:00&amp#27;[0;39m &amp#27;[32mDEBUG&amp#27;[0;39m &amp#27;[35m7864&amp#27;[0;39m &amp#27;[2m---&amp#27;[0;39m &amp#27;[2m[           main]&amp#27;[0;39m &amp#27;[2m&amp#27;[0;39m&amp#27;[36mo.s.b.f.s.DefaultListableBeanFactory    &amp#27;[0;39m &amp#27;[2m:&amp#27;[0;39m Creating shared instance of singleton bean 'org.springframework.boot.autoconfigure.jdbc.metadata.DataSourcePoolMetadataProvidersConfiguration$HikariPoolDataSourceMetadataProviderConfiguration'
&amp#27;[2m2024-11-30T12:00:48.079+01:00&amp#27;[0;39m &amp#27;[32mDEBUG&amp#27;[0;39m &amp#27;[35m7864&amp#27;[0;39m &amp#27;[2m---&amp#27;[0;39m &amp#27;[2m[           main]&amp#27;[0;39m &amp#27;[2m&amp#27;[0;39m&amp#27;[36mo.s.b.f.s.DefaultListableBeanFactory    &amp#27;[0;39m &amp#27;[2m:&amp#27;[0;39m Creating shared instance of singleton bean 'entityManagerFactoryBuilder'
&amp#27;[2m2024-11-30T12:00:48.080+01:00&amp#27;[0;39m &amp#27;[32mDEBUG&amp#27;[0;39m &amp#27;[35m7864&amp#27;[0;39m &amp#27;[2m---&amp#27;[0;39m &amp#27;[2m[           main]&amp#27;[0;39m &amp#27;[2m&amp#27;[0;39m&amp#27;[36mo.s.b.f.s.DefaultListableBeanFactory    &amp#27;[0;39m &amp#27;[2m:&amp#27;[0;39m Creating shared instance of singleton bean 'jpaVendorAdapter'
&amp#27;[2m2024-11-30T12:00:48.100+01:00&amp#27;[0;39m &amp#27;[32mDEBUG&amp#27;[0;39m &amp#27;[35m7864&amp#27;[0;39m &amp#27;[2m---&amp#27;[0;39m &amp#27;[2m[           main]&amp#27;[0;39m &amp#27;[2m&amp#27;[0;39m&amp#27;[36mo.s.b.f.s.DefaultListableBeanFactory    &amp#27;[0;39m &amp#27;[2m:&amp#27;[0;39m Autowiring by type from bean name 'entityManagerFactoryBuilder' via factory method to bean named 'jpaVendorAdapter'
&amp#27;[2m2024-11-30T12:00:48.108+01:00&amp#27;[0;39m &amp#27;[32mDEBUG&amp#27;[0;39m &amp#27;[35m7864&amp#27;[0;39m &amp#27;[2m---&amp#27;[0;39m &amp#27;[2m[           main]&amp#27;[0;39m &amp#27;[2m&amp#27;[0;39m&amp#27;[36mo.s.b.f.s.DefaultListableBeanFactory    &amp#27;[0;39m &amp#27;[2m:&amp#27;[0;39m Creating shared instance of singleton bean 'persistenceManagedTypes'
&amp#27;[2m2024-11-30T12:00:48.110+01:00&amp#27;[0;39m &amp#27;[32mDEBUG&amp#27;[0;39m &amp#27;[35m7864&amp#27;[0;39m &amp#27;[2m---&amp#27;[0;39m &amp#27;[2m[           main]&amp#27;[0;39m &amp#27;[2m&amp#27;[0;39m&amp#27;[36mo.s.b.f.s.DefaultListableBeanFactory    &amp#27;[0;39m &amp#27;[2m:&amp#27;[0;39m Autowiring by type from bean name 'persistenceManagedTypes' via factory method to bean named 'org.springframework.beans.factory.support.DefaultListableBeanFactory@537b32ef'
&amp#27;[2m2024-11-30T12:00:48.110+01:00&amp#27;[0;39m &amp#27;[32mDEBUG&amp#27;[0;39m &amp#27;[35m7864&amp#27;[0;39m &amp#27;[2m---&amp#27;[0;39m &amp#27;[2m[           main]&amp#27;[0;39m &amp#27;[2m&amp#27;[0;39m&amp#27;[36mo.s.b.f.s.DefaultListableBeanFactory    &amp#27;[0;39m &amp#27;[2m:&amp#27;[0;39m Autowiring by type from bean name 'persistenceManagedTypes' via factory method to bean named 'org.springframework.web.context.support.GenericWebApplicationContext@1edb61b1'
&amp#27;[2m2024-11-30T12:00:48.134+01:00&amp#27;[0;39m &amp#27;[32mDEBUG&amp#27;[0;39m &amp#27;[35m7864&amp#27;[0;39m &amp#27;[2m---&amp#27;[0;39m &amp#27;[2m[           main]&amp#27;[0;39m &amp#27;[2m&amp#27;[0;39m&amp#27;[36mo.s.b.f.s.DefaultListableBeanFactory    &amp#27;[0;39m &amp#27;[2m:&amp#27;[0;39m Autowiring by type from bean name 'entityManagerFactory' via factory method to bean named 'entityManagerFactoryBuilder'
&amp#27;[2m2024-11-30T12:00:48.135+01:00&amp#27;[0;39m &amp#27;[32mDEBUG&amp#27;[0;39m &amp#27;[35m7864&amp#27;[0;39m &amp#27;[2m---&amp#27;[0;39m &amp#27;[2m[           main]&amp#27;[0;39m &amp#27;[2m&amp#27;[0;39m&amp#27;[36mo.s.b.f.s.DefaultListableBeanFactory    &amp#27;[0;39m &amp#27;[2m:&amp#27;[0;39m Autowiring by type from bean name 'entityManagerFactory' via factory method to bean named 'persistenceManagedTypes'
&amp#27;[2m2024-11-30T12:00:48.159+01:00&amp#27;[0;39m &amp#27;[32mDEBUG&amp#27;[0;39m &amp#27;[35m7864&amp#27;[0;39m &amp#27;[2m---&amp#27;[0;39m &amp#27;[2m[           main]&amp#27;[0;39m &amp#27;[2m&amp#27;[0;39m&amp#27;[36mj.LocalContainerEntityManagerFactoryBean&amp#27;[0;39m &amp#27;[2m:&amp#27;[0;39m Building JPA container EntityManagerFactory for persistence unit 'default'
&amp#27;[2m2024-11-30T12:00:48.178+01:00&amp#27;[0;39m &amp#27;[32m INFO&amp#27;[0;39m &amp#27;[35m7864&amp#27;[0;39m &amp#27;[2m---&amp#27;[0;39m &amp#27;[2m[           main]&amp#27;[0;39m &amp#27;[2m&amp#27;[0;39m&amp#27;[36mo.hibernate.jpa.internal.util.LogHelper &amp#27;[0;39m &amp#27;[2m:&amp#27;[0;39m HHH000204: Processing PersistenceUnitInfo [name: default]
&amp#27;[2m2024-11-30T12:00:48.224+01:00&amp#27;[0;39m &amp#27;[32m INFO&amp#27;[0;39m &amp#27;[35m7864&amp#27;[0;39m &amp#27;[2m---&amp#27;[0;39m &amp#27;[2m[           main]&amp#27;[0;39m &amp#27;[2m&amp#27;[0;39m&amp#27;[36morg.hibernate.Version                   &amp#27;[0;39m &amp#27;[2m:&amp#27;[0;39m HHH000412: Hibernate ORM core version 6.4.1.Final
&amp#27;[2m2024-11-30T12:00:48.256+01:00&amp#27;[0;39m &amp#27;[32m INFO&amp#27;[0;39m &amp#27;[35m7864&amp#27;[0;39m &amp#27;[2m---&amp#27;[0;39m &amp#27;[2m[           main]&amp#27;[0;39m &amp#27;[2m&amp#27;[0;39m&amp#27;[36mo.h.c.internal.RegionFactoryInitiator   &amp#27;[0;39m &amp#27;[2m:&amp#27;[0;39m HHH000026: Second-level cache disabled
&amp#27;[2m2024-11-30T12:00:48.640+01:00&amp#27;[0;39m &amp#27;[32m INFO&amp#27;[0;39m &amp#27;[35m7864&amp#27;[0;39m &amp#27;[2m---&amp#27;[0;39m &amp#27;[2m[           main]&amp#27;[0;39m &amp#27;[2m&amp#27;[0;39m&amp#27;[36mo.s.o.j.p.SpringPersistenceUnitInfo     &amp#27;[0;39m &amp#27;[2m:&amp#27;[0;39m No LoadTimeWeaver setup: ignoring JPA class transformer
&amp#27;[2m2024-11-30T12:00:48.718+01:00&amp#27;[0;39m &amp#27;[33m WARN&amp#27;[0;39m &amp#27;[35m7864&amp#27;[0;39m &amp#27;[2m---&amp#27;[0;39m &amp#27;[2m[           main]&amp#27;[0;39m &amp#27;[2m&amp#27;[0;39m&amp#27;[36mcom.zaxxer.hikari.HikariConfig          &amp#27;[0;39m &amp#27;[2m:&amp#27;[0;39m HikariPool-1 - idleTimeout is close to or more than maxLifetime, disabling it.
&amp#27;[2m2024-11-30T12:00:48.721+01:00&amp#27;[0;39m &amp#27;[32m INFO&amp#27;[0;39m &amp#27;[35m7864&amp#27;[0;39m &amp#27;[2m---&amp#27;[0;39m &amp#27;[2m[           main]&amp#27;[0;39m &amp#27;[2m&amp#27;[0;39m&amp#27;[36mcom.zaxxer.hikari.HikariDataSource      &amp#27;[0;39m &amp#27;[2m:&amp#27;[0;39m HikariPool-1 - Starting...
&amp#27;[2m2024-11-30T12:00:49.068+01:00&amp#27;[0;39m &amp#27;[32m INFO&amp#27;[0;39m &amp#27;[35m7864&amp#27;[0;39m &amp#27;[2m---&amp#27;[0;39m &amp#27;[2m[           main]&amp#27;[0;39m &amp#27;[2m&amp#27;[0;39m&amp#27;[36mcom.zaxxer.hikari.pool.HikariPool       &amp#27;[0;39m &amp#27;[2m:&amp#27;[0;39m HikariPool-1 - Added connection org.postgresql.jdbc.PgConnection@8432469
&amp#27;[2m2024-11-30T12:00:49.071+01:00&amp#27;[0;39m &amp#27;[32m INFO&amp#27;[0;39m &amp#27;[35m7864&amp#27;[0;39m &amp#27;[2m---&amp#27;[0;39m &amp#27;[2m[           main]&amp#27;[0;39m &amp#27;[2m&amp#27;[0;39m&amp#27;[36mcom.zaxxer.hikari.HikariDataSource      &amp#27;[0;39m &amp#27;[2m:&amp#27;[0;39m HikariPool-1 - Start completed.
&amp#27;[2m2024-11-30T12:00:49.115+01:00&amp#27;[0;39m &amp#27;[33m WARN&amp#27;[0;39m &amp#27;[35m7864&amp#27;[0;39m &amp#27;[2m---&amp#27;[0;39m &amp#27;[2m[           main]&amp#27;[0;39m &amp#27;[2m&amp#27;[0;39m&amp#27;[36morg.hibernate.orm.deprecation           &amp#27;[0;39m &amp#27;[2m:&amp#27;[0;39m HHH90000025: PostgreSQLDialect does not need to be specified explicitly using 'hibernate.dialect' (remove the property setting and it will be selected by default)
&amp#27;[2m2024-11-30T12:00:49.151+01:00&amp#27;[0;39m &amp#27;[32mDEBUG&amp#27;[0;39m &amp#27;[35m7864&amp#27;[0;39m &amp#27;[2m---&amp#27;[0;39m &amp#27;[2m[           main]&amp#27;[0;39m &amp#27;[2m&amp#27;[0;39m&amp#27;[36mo.h.t.d.sql.spi.DdlTypeRegistry         &amp#27;[0;39m &amp#27;[2m:&amp#27;[0;39m addDescriptor(2003, org.hibernate.type.descriptor.sql.internal.ArrayDdlTypeImpl@4beae1e3) replaced previous registration(org.hibernate.type.descriptor.sql.internal.ArrayDdlTypeImpl@3c488b34)
&amp#27;[2m2024-11-30T12:00:49.152+01:00&amp#27;[0;39m &amp#27;[32mDEBUG&amp#27;[0;39m &amp#27;[35m7864&amp#27;[0;39m &amp#27;[2m---&amp#27;[0;39m &amp#27;[2m[           main]&amp#27;[0;39m &amp#27;[2m&amp#27;[0;39m&amp#27;[36mo.h.t.d.sql.spi.DdlTypeRegistry         &amp#27;[0;39m &amp#27;[2m:&amp#27;[0;39m addDescriptor(6, org.hibernate.type.descriptor.sql.internal.CapacityDependentDdlType@32e697ac) replaced previous registration(org.hibernate.type.descriptor.sql.internal.DdlTypeImpl@3866c96e)
&amp#27;[2m2024-11-30T12:00:50.399+01:00&amp#27;[0;39m &amp#27;[32m INFO&amp#27;[0;39m &amp#27;[35m7864&amp#27;[0;39m &amp#27;[2m---&amp#27;[0;39m &amp#27;[2m[           main]&amp#27;[0;39m &amp#27;[2m&amp#27;[0;39m&amp#27;[36mo.h.e.t.j.p.i.JtaPlatformInitiator      &amp#27;[0;39m &amp#27;[2m:&amp#27;[0;39m HHH000489: No JTA platform available (set 'hibernate.transaction.jta.platform' to enable JTA platform integration)
&amp#27;[2m2024-11-30T12:00:50.691+01:00&amp#27;[0;39m &amp#27;[32m INFO&amp#27;[0;39m &amp#27;[35m7864&amp#27;[0;39m &amp#27;[2m---&amp#27;[0;39m &amp#27;[2m[           main]&amp#27;[0;39m &amp#27;[2m&amp#27;[0;39m&amp#27;[36mj.LocalContainerEntityManagerFactoryBean&amp#27;[0;39m &amp#27;[2m:&amp#27;[0;39m Initialized JPA EntityManagerFactory for persistence unit 'default'
&amp#27;[2m2024-11-30T12:00:50.722+01:00&amp#27;[0;39m &amp#27;[32mDEBUG&amp#27;[0;39m &amp#27;[35m7864&amp#27;[0;39m &amp#27;[2m---&amp#27;[0;39m &amp#27;[2m[           main]&amp#27;[0;39m &amp#27;[2m&amp#27;[0;39m&amp#27;[36mo.s.b.f.s.DefaultListableBeanFactory    &amp#27;[0;39m &amp#27;[2m:&amp#27;[0;39m Creating shared instance of singleton bean 'serverApplication'
&amp#27;[2m2024-11-30T12:00:50.746+01:00&amp#27;[0;39m &amp#27;[32mDEBUG&amp#27;[0;39m &amp#27;[35m7864&amp#27;[0;39m &amp#27;[2m---&amp#27;[0;39m &amp#27;[2m[           main]&amp#27;[0;39m &amp#27;[2m&amp#27;[0;39m&amp#27;[36mo.s.b.f.s.DefaultListableBeanFactory    &amp#27;[0;39m &amp#27;[2m:&amp#27;[0;39m Creating shared instance of singleton bean 'databaseTestRunner'
&amp#27;[2m2024-11-30T12:00:50.750+01:00&amp#27;[0;39m &amp#27;[32mDEBUG&amp#27;[0;39m &amp#27;[35m7864&amp#27;[0;39m &amp#27;[2m---&amp#27;[0;39m &amp#27;[2m[           main]&amp#27;[0;39m &amp#27;[2m&amp#27;[0;39m&amp#27;[36mo.s.b.f.s.DefaultListableBeanFactory    &amp#27;[0;39m &amp#27;[2m:&amp#27;[0;39m Creating shared instance of singleton bean 'requestLoggingConfig'
&amp#27;[2m2024-11-30T12:00:50.753+01:00&amp#27;[0;39m &amp#27;[32mDEBUG&amp#27;[0;39m &amp#27;[35m7864&amp#27;[0;39m &amp#27;[2m---&amp#27;[0;39m &amp#27;[2m[           main]&amp#27;[0;39m &amp#27;[2m&amp#27;[0;39m&amp#27;[36mo.s.b.f.s.DefaultListableBeanFactory    &amp#27;[0;39m &amp#27;[2m:&amp#27;[0;39m Creating shared instance of singleton bean 'securityConfig'
&amp#27;[2m2024-11-30T12:00:50.755+01:00&amp#27;[0;39m &amp#27;[32mDEBUG&amp#27;[0;39m &amp#27;[35m7864&amp#27;[0;39m &amp#27;[2m---&amp#27;[0;39m &amp#27;[2m[           main]&amp#27;[0;39m &amp#27;[2m&amp#27;[0;39m&amp#27;[36mo.s.b.f.s.DefaultListableBeanFactory    &amp#27;[0;39m &amp#27;[2m:&amp#27;[0;39m Creating shared instance of singleton bean 'environmentalDataController'
&amp#27;[2m2024-11-30T12:00:50.785+01:00&amp#27;[0;39m &amp#27;[32mDEBUG&amp#27;[0;39m &amp#27;[35m7864&amp#27;[0;39m &amp#27;[2m---&amp#27;[0;39m &amp#27;[2m[           main]&amp#27;[0;39m &amp#27;[2m&amp#27;[0;39m&amp#27;[36mo.s.b.f.s.DefaultListableBeanFactory    &amp#27;[0;39m &amp#27;[2m:&amp#27;[0;39m Creating shared instance of singleton bean 'environmentalDataService'
&amp#27;[2m2024-11-30T12:00:50.788+01:00&amp#27;[0;39m &amp#27;[32mDEBUG&amp#27;[0;39m &amp#27;[35m7864&amp#27;[0;39m &amp#27;[2m---&amp#27;[0;39m &amp#27;[2m[           main]&amp#27;[0;39m &amp#27;[2m&amp#27;[0;39m&amp#27;[36mo.s.b.f.s.DefaultListableBeanFactory    &amp#27;[0;39m &amp#27;[2m:&amp#27;[0;39m Creating shared instance of singleton bean 'environmentalDataRepo'
&amp#27;[2m2024-11-30T12:00:50.833+01:00&amp#27;[0;39m &amp#27;[32mDEBUG&amp#27;[0;39m &amp#27;[35m7864&amp#27;[0;39m &amp#27;[2m---&amp#27;[0;39m &amp#27;[2m[           main]&amp#27;[0;39m &amp#27;[2m&amp#27;[0;39m&amp#27;[36mo.s.b.f.s.DefaultListableBeanFactory    &amp#27;[0;39m &amp#27;[2m:&amp#27;[0;39m Creating shared instance of singleton bean 'jpa.named-queries#0'
&amp#27;[2m2024-11-30T12:00:50.847+01:00&amp#27;[0;39m &amp#27;[32mDEBUG&amp#27;[0;39m &amp#27;[35m7864&amp#27;[0;39m &amp#27;[2m---&amp#27;[0;39m &amp#27;[2m[           main]&amp#27;[0;39m &amp#27;[2m&amp#27;[0;39m&amp#27;[36mo.s.b.f.s.DefaultListableBeanFactory    &amp#27;[0;39m &amp#27;[2m:&amp#27;[0;39m Creating shared instance of singleton bean 'jpa.EnvironmentalDataRepo.fragments#0'
&amp#27;[2m2024-11-30T12:00:50.852+01:00&amp#27;[0;39m &amp#27;[32mDEBUG&amp#27;[0;39m &amp#27;[35m7864&amp#27;[0;39m &amp#27;[2m---&amp#27;[0;39m &amp#27;[2m[           main]&amp#27;[0;39m &amp#27;[2m&amp#27;[0;39m&amp#27;[36mo.s.b.f.s.DefaultListableBeanFactory    &amp#27;[0;39m &amp#27;[2m:&amp#27;[0;39m Creating shared instance of singleton bean 'jpaSharedEM_entityManagerFactory'
&amp#27;[2m2024-11-30T12:00:50.885+01:00&amp#27;[0;39m &amp#27;[32mDEBUG&amp#27;[0;39m &amp#27;[35m7864&amp#27;[0;39m &amp#27;[2m---&amp#27;[0;39m &amp#27;[2m[           main]&amp#27;[0;39m &amp#27;[2m&amp#27;[0;39m&amp#27;[36mo.s.b.f.s.DefaultListableBeanFactory    &amp#27;[0;39m &amp#27;[2m:&amp#27;[0;39m Creating shared instance of singleton bean 'jpaMappingContext'
&amp#27;[2m2024-11-30T12:00:50.887+01:00&amp#27;[0;39m &amp#27;[32mDEBUG&amp#27;[0;39m &amp#27;[35m7864&amp#27;[0;39m &amp#27;[2m---&amp#27;[0;39m &amp#27;[2m[           main]&amp#27;[0;39m &amp#27;[2m&amp#27;[0;39m&amp#27;[36m.c.JpaMetamodelMappingContextFactoryBean&amp#27;[0;39m &amp#27;[2m:&amp#27;[0;39m Initializing JpaMetamodelMappingContext…
&amp#27;[2m2024-11-30T12:00:50.919+01:00&amp#27;[0;39m &amp#27;[32mDEBUG&amp#27;[0;39m &amp#27;[35m7864&amp#27;[0;39m &amp#27;[2m---&amp#27;[0;39m &amp#27;[2m[           main]&amp#27;[0;39m &amp#27;[2m&amp#27;[0;39m&amp#27;[36m.c.JpaMetamodelMappingContextFactoryBean&amp#27;[0;39m &amp#27;[2m:&amp#27;[0;39m Finished initializing JpaMetamodelMappingContext
&amp#27;[2m2024-11-30T12:00:50.957+01:00&amp#27;[0;39m &amp#27;[32mDEBUG&amp#27;[0;39m &amp#27;[35m7864&amp#27;[0;39m &amp#27;[2m---&amp#27;[0;39m &amp#27;[2m[           main]&amp#27;[0;39m &amp#27;[2m&amp#27;[0;39m&amp#27;[36mtor$SharedEntityManagerInvocationHandler&amp#27;[0;39m &amp#27;[2m:&amp#27;[0;39m Creating new EntityManager for shared EntityManager invocation
&amp#27;[2m2024-11-30T12:00:50.987+01:00&amp#27;[0;39m &amp#27;[32mDEBUG&amp#27;[0;39m &amp#27;[35m7864&amp#27;[0;39m &amp#27;[2m---&amp#27;[0;39m &amp#27;[2m[           main]&amp#27;[0;39m &amp#27;[2m&amp#27;[0;39m&amp#27;[36mtor$SharedEntityManagerInvocationHandler&amp#27;[0;39m &amp#27;[2m:&amp#27;[0;39m Creating new EntityManager for shared EntityManager invocation
&amp#27;[2m2024-11-30T12:00:51.147+01:00&amp#27;[0;39m &amp#27;[32mDEBUG&amp#27;[0;39m &amp#27;[35m7864&amp#27;[0;39m &amp#27;[2m---&amp#27;[0;39m &amp#27;[2m[           main]&amp#27;[0;39m &amp#27;[2m&amp#27;[0;39m&amp#27;[36mo.s.d.r.c.s.RepositoryFactorySupport    &amp#27;[0;39m &amp#27;[2m:&amp#27;[0;39m Initializing repository instance for com.misight.repository.EnvironmentalDataRepo…
&amp#27;[2m2024-11-30T12:00:51.169+01:00&amp#27;[0;39m &amp#27;[32mDEBUG&amp#27;[0;39m &amp#27;[35m7864&amp#27;[0;39m &amp#27;[2m---&amp#27;[0;39m &amp#27;[2m[           main]&amp#27;[0;39m &amp#27;[2m&amp#27;[0;39m&amp#27;[36mtor$SharedEntityManagerInvocationHandler&amp#27;[0;39m &amp#27;[2m:&amp#27;[0;39m Creating new EntityManager for shared EntityManager invocation
&amp#27;[2m2024-11-30T12:00:51.249+01:00&amp#27;[0;39m &amp#27;[32mDEBUG&amp#27;[0;39m &amp#27;[35m7864&amp#27;[0;39m &amp#27;[2m---&amp#27;[0;39m &amp#27;[2m[           main]&amp#27;[0;39m &amp#27;[2m&amp#27;[0;39m&amp#27;[36mo.s.d.jpa.repository.query.NamedQuery   &amp#27;[0;39m &amp#27;[2m:&amp#27;[0;39m Looking up named query EnvironmentalData.findByPollutantId
&amp#27;[2m2024-11-30T12:00:51.252+01:00&amp#27;[0;39m &amp#27;[32mDEBUG&amp#27;[0;39m &amp#27;[35m7864&amp#27;[0;39m &amp#27;[2m---&amp#27;[0;39m &amp#27;[2m[           main]&amp#27;[0;39m &amp#27;[2m&amp#27;[0;39m&amp#27;[36mo.s.d.jpa.repository.query.NamedQuery   &amp#27;[0;39m &amp#27;[2m:&amp#27;[0;39m Did not find named query EnvironmentalData.findByPollutantId
&amp#27;[2m2024-11-30T12:00:51.254+01:00&amp#27;[0;39m &amp#27;[32mDEBUG&amp#27;[0;39m &amp#27;[35m7864&amp#27;[0;39m &amp#27;[2m---&amp#27;[0;39m &amp#27;[2m[           main]&amp#27;[0;39m &amp#27;[2m&amp#27;[0;39m&amp#27;[36mtor$SharedEntityManagerInvocationHandler&amp#27;[0;39m &amp#27;[2m:&amp#27;[0;39m Creating new EntityManager for shared EntityManager invocation
&amp#27;[2m2024-11-30T12:00:51.303+01:00&amp#27;[0;39m &amp#27;[32mDEBUG&amp#27;[0;39m &amp#27;[35m7864&amp#27;[0;39m &amp#27;[2m---&amp#27;[0;39m &amp#27;[2m[           main]&amp#27;[0;39m &amp#27;[2m&amp#27;[0;39m&amp#27;[36mo.s.d.jpa.repository.query.NamedQuery   &amp#27;[0;39m &amp#27;[2m:&amp#27;[0;39m Looking up named query EnvironmentalData.findByMonitoringStationId
&amp#27;[2m2024-11-30T12:00:51.303+01:00&amp#27;[0;39m &amp#27;[32mDEBUG&amp#27;[0;39m &amp#27;[35m7864&amp#27;[0;39m &amp#27;[2m---&amp#27;[0;39m &amp#27;[2m[           main]&amp#27;[0;39m &amp#27;[2m&amp#27;[0;39m&amp#27;[36mo.s.d.jpa.repository.query.NamedQuery   &amp#27;[0;39m &amp#27;[2m:&amp#27;[0;39m Did not find named query EnvironmentalData.findByMonitoringStationId
&amp#27;[2m2024-11-30T12:00:51.303+01:00&amp#27;[0;39m &amp#27;[32mDEBUG&amp#27;[0;39m &amp#27;[35m7864&amp#27;[0;39m &amp#27;[2m---&amp#27;[0;39m &amp#27;[2m[           main]&amp#27;[0;39m &amp#27;[2m&amp#27;[0;39m&amp#27;[36mtor$SharedEntityManagerInvocationHandler&amp#27;[0;39m &amp#27;[2m:&amp#27;[0;39m Creating new EntityManager for shared EntityManager invocation
&amp#27;[2m2024-11-30T12:00:51.307+01:00&amp#27;[0;39m &amp#27;[32mDEBUG&amp#27;[0;39m &amp#27;[35m7864&amp#27;[0;39m &amp#27;[2m---&amp#27;[0;39m &amp#27;[2m[           main]&amp#27;[0;39m &amp#27;[2m&amp#27;[0;39m&amp#27;[36mo.s.d.jpa.repository.query.NamedQuery   &amp#27;[0;39m &amp#27;[2m:&amp#27;[0;39m Looking up named query EnvironmentalData.findByMeasurementDateBetween
&amp#27;[2m2024-11-30T12:00:51.307+01:00&amp#27;[0;39m &amp#27;[32mDEBUG&amp#27;[0;39m &amp#27;[35m7864&amp#27;[0;39m &amp#27;[2m---&amp#27;[0;39m &amp#27;[2m[           main]&amp#27;[0;39m &amp#27;[2m&amp#27;[0;39m&amp#27;[36mo.s.d.jpa.repository.query.NamedQuery   &amp#27;[0;39m &amp#27;[2m:&amp#27;[0;39m Did not find named query EnvironmentalData.findByMeasurementDateBetween
&amp#27;[2m2024-11-30T12:00:51.307+01:00&amp#27;[0;39m &amp#27;[32mDEBUG&amp#27;[0;39m &amp#27;[35m7864&amp#27;[0;39m &amp#27;[2m---&amp#27;[0;39m &amp#27;[2m[           main]&amp#27;[0;39m &amp#27;[2m&amp#27;[0;39m&amp#27;[36mtor$SharedEntityManagerInvocationHandler&amp#27;[0;39m &amp#27;[2m:&amp#27;[0;39m Creating new EntityManager for shared EntityManager invocation
&amp#27;[2m2024-11-30T12:00:51.308+01:00&amp#27;[0;39m &amp#27;[32mDEBUG&amp#27;[0;39m &amp#27;[35m7864&amp#27;[0;39m &amp#27;[2m---&amp#27;[0;39m &amp#27;[2m[           main]&amp#27;[0;39m &amp#27;[2m&amp#27;[0;39m&amp#27;[36mo.s.d.jpa.repository.query.NamedQuery   &amp#27;[0;39m &amp#27;[2m:&amp#27;[0;39m Looking up named query EnvironmentalData.findByMineId
&amp#27;[2m2024-11-30T12:00:51.309+01:00&amp#27;[0;39m &amp#27;[32mDEBUG&amp#27;[0;39m &amp#27;[35m7864&amp#27;[0;39m &amp#27;[2m---&amp#27;[0;39m &amp#27;[2m[           main]&amp#27;[0;39m &amp#27;[2m&amp#27;[0;39m&amp#27;[36mo.s.d.jpa.repository.query.NamedQuery   &amp#27;[0;39m &amp#27;[2m:&amp#27;[0;39m Did not find named query EnvironmentalData.findByMineId
&amp#27;[2m2024-11-30T12:00:51.309+01:00&amp#27;[0;39m &amp#27;[32mDEBUG&amp#27;[0;39m &amp#27;[35m7864&amp#27;[0;39m &amp#27;[2m---&amp#27;[0;39m &amp#27;[2m[           main]&amp#27;[0;39m &amp#27;[2m&amp#27;[0;39m&amp#27;[36mtor$SharedEntityManagerInvocationHandler&amp#27;[0;39m &amp#27;[2m:&amp#27;[0;39m Creating new EntityManager for shared EntityManager invocation
&amp#27;[2m2024-11-30T12:00:51.328+01:00&amp#27;[0;39m &amp#27;[32m INFO&amp#27;[0;39m &amp#27;[35m7864&amp#27;[0;39m &amp#27;[2m---&amp#27;[0;39m &amp#27;[2m[           main]&amp#27;[0;39m &amp#27;[2m&amp#27;[0;39m&amp#27;[36mo.s.d.j.r.query.QueryEnhancerFactory    &amp#27;[0;39m &amp#27;[2m:&amp#27;[0;39m Hibernate is in classpath; If applicable, HQL parser will be used.
&amp#27;[2m2024-11-30T12:00:51.712+01:00&amp#27;[0;39m &amp#27;[32mDEBUG&amp#27;[0;39m &amp#27;[35m7864&amp#27;[0;39m &amp#27;[2m---&amp#27;[0;39m &amp#27;[2m[           main]&amp#27;[0;39m &amp#27;[2m&amp#27;[0;39m&amp#27;[36mo.s.d.jpa.repository.query.NamedQuery   &amp#27;[0;39m &amp#27;[2m:&amp#27;[0;39m Did not find named query EnvironmentalData.findByMineIdAndDateRange.count
&amp#27;[2m2024-11-30T12:00:51.725+01:00&amp#27;[0;39m &amp#27;[32mDEBUG&amp#27;[0;39m &amp#27;[35m7864&amp#27;[0;39m &amp#27;[2m---&amp#27;[0;39m &amp#27;[2m[           main]&amp#27;[0;39m &amp#27;[2m&amp#27;[0;39m&amp#27;[36mtor$SharedEntityManagerInvocationHandler&amp#27;[0;39m &amp#27;[2m:&amp#27;[0;39m Creating new EntityManager for shared EntityManager invocation
&amp#27;[2m2024-11-30T12:00:52.013+01:00&amp#27;[0;39m &amp#27;[32mDEBUG&amp#27;[0;39m &amp#27;[35m7864&amp#27;[0;39m &amp#27;[2m---&amp#27;[0;39m &amp#27;[2m[           main]&amp#27;[0;39m &amp#27;[2m&amp#27;[0;39m&amp#27;[36mo.s.d.r.c.s.RepositoryFactorySupport    &amp#27;[0;39m &amp#27;[2m:&amp#27;[0;39m Finished creation of repository instance for com.misight.repository.EnvironmentalDataRepo.
&amp#27;[2m2024-11-30T12:00:52.047+01:00&amp#27;[0;39m &amp#27;[32mDEBUG&amp#27;[0;39m &amp#27;[35m7864&amp#27;[0;39m &amp#27;[2m---&amp#27;[0;39m &amp#27;[2m[           main]&amp#27;[0;39m &amp#27;[2m&amp#27;[0;39m&amp#27;[36mo.s.b.f.s.DefaultListableBeanFactory    &amp#27;[0;39m &amp#27;[2m:&amp#27;[0;39m Autowiring by type from bean name 'environmentalDataService' via constructor to bean named 'environmentalDataRepo'
&amp#27;[2m2024-11-30T12:00:52.136+01:00&amp#27;[0;39m &amp#27;[32mDEBUG&amp#27;[0;39m &amp#27;[35m7864&amp#27;[0;39m &amp#27;[2m---&amp#27;[0;39m &amp#27;[2m[           main]&amp#27;[0;39m &amp#27;[2m&amp#27;[0;39m&amp#27;[36mo.s.b.f.s.DefaultListableBeanFactory    &amp#27;[0;39m &amp#27;[2m:&amp#27;[0;39m Autowiring by type from bean name 'environmentalDataController' via constructor to bean named 'environmentalDataService'
&amp#27;[2m2024-11-30T12:00:52.148+01:00&amp#27;[0;39m &amp#27;[32mDEBUG&amp#27;[0;39m &amp#27;[35m7864&amp#27;[0;39m &amp#27;[2m---&amp#27;[0;39m &amp#27;[2m[           main]&amp#27;[0;39m &amp#27;[2m&amp#27;[0;39m&amp#27;[36mo.s.b.f.s.DefaultListableBeanFactory    &amp#27;[0;39m &amp#27;[2m:&amp#27;[0;39m Creating shared instance of singleton bean 'globalExceptionHandler'
&amp#27;[2m2024-11-30T12:00:52.166+01:00&amp#27;[0;39m &amp#27;[32mDEBUG&amp#27;[0;39m &amp#27;[35m7864&amp#27;[0;39m &amp#27;[2m---&amp#27;[0;39m &amp#27;[2m[           main]&amp#27;[0;39m &amp#27;[2m&amp#27;[0;39m&amp#27;[36mo.s.b.f.s.DefaultListableBeanFactory    &amp#27;[0;39m &amp#27;[2m:&amp#27;[0;39m Creating shared instance of singleton bean 'mineralsController'
&amp#27;[2m2024-11-30T12:00:52.178+01:00&amp#27;[0;39m &amp#27;[32mDEBUG&amp#27;[0;39m &amp#27;[35m7864&amp#27;[0;39m &amp#27;[2m---&amp#27;[0;39m &amp#27;[2m[           main]&amp#27;[0;39m &amp#27;[2m&amp#27;[0;39m&amp#27;[36mo.s.b.f.s.DefaultListableBeanFactory    &amp#27;[0;39m &amp#27;[2m:&amp#27;[0;39m Creating shared instance of singleton bean 'mineralsService'
&amp#27;[2m2024-11-30T12:00:52.180+01:00&amp#27;[0;39m &amp#27;[32mDEBUG&amp#27;[0;39m &amp#27;[35m7864&amp#27;[0;39m &amp#27;[2m---&amp#27;[0;39m &amp#27;[2m[           main]&amp#27;[0;39m &amp#27;[2m&amp#27;[0;39m&amp#27;[36mo.s.b.f.s.DefaultListableBeanFactory    &amp#27;[0;39m &amp#27;[2m:&amp#27;[0;39m Creating shared instance of singleton bean 'mineralsRepo'
&amp#27;[2m2024-11-30T12:00:52.205+01:00&amp#27;[0;39m &amp#27;[32mDEBUG&amp#27;[0;39m &amp#27;[35m7864&amp#27;[0;39m &amp#27;[2m---&amp#27;[0;39m &amp#27;[2m[           main]&amp#27;[0;39m &amp#27;[2m&amp#27;[0;39m&amp#27;[36mo.s.b.f.s.DefaultListableBeanFactory    &amp#27;[0;39m &amp#27;[2m:&amp#27;[0;39m Creating shared instance of singleton bean 'jpa.named-queries#2'
&amp#27;[2m2024-11-30T12:00:52.215+01:00&amp#27;[0;39m &amp#27;[32mDEBUG&amp#27;[0;39m &amp#27;[35m7864&amp#27;[0;39m &amp#27;[2m---&amp#27;[0;39m &amp#27;[2m[           main]&amp#27;[0;39m &amp#27;[2m&amp#27;[0;39m&amp#27;[36mo.s.b.f.s.DefaultListableBeanFactory    &amp#27;[0;39m &amp#27;[2m:&amp#27;[0;39m Creating shared instance of singleton bean 'jpa.MineralsRepo.fragments#0'
&amp#27;[2m2024-11-30T12:00:52.218+01:00&amp#27;[0;39m &amp#27;[32mDEBUG&amp#27;[0;39m &amp#27;[35m7864&amp#27;[0;39m &amp#27;[2m---&amp#27;[0;39m &amp#27;[2m[           main]&amp#27;[0;39m &amp#27;[2m&amp#27;[0;39m&amp#27;[36mtor$SharedEntityManagerInvocationHandler&amp#27;[0;39m &amp#27;[2m:&amp#27;[0;39m Creating new EntityManager for shared EntityManager invocation
&amp#27;[2m2024-11-30T12:00:52.225+01:00&amp#27;[0;39m &amp#27;[32mDEBUG&amp#27;[0;39m &amp#27;[35m7864&amp#27;[0;39m &amp#27;[2m---&amp#27;[0;39m &amp#27;[2m[           main]&amp#27;[0;39m &amp#27;[2m&amp#27;[0;39m&amp#27;[36mo.s.d.r.c.s.RepositoryFactorySupport    &amp#27;[0;39m &amp#27;[2m:&amp#27;[0;39m Initializing repository instance for com.misight.repository.MineralsRepo…
&amp#27;[2m2024-11-30T12:00:52.230+01:00&amp#27;[0;39m &amp#27;[32mDEBUG&amp#27;[0;39m &amp#27;[35m7864&amp#27;[0;39m &amp#27;[2m---&amp#27;[0;39m &amp#27;[2m[           main]&amp#27;[0;39m &amp#27;[2m&amp#27;[0;39m&amp#27;[36mtor$SharedEntityManagerInvocationHandler&amp#27;[0;39m &amp#27;[2m:&amp#27;[0;39m Creating new EntityManager for shared EntityManager invocation
&amp#27;[2m2024-11-30T12:00:52.262+01:00&amp#27;[0;39m &amp#27;[32mDEBUG&amp#27;[0;39m &amp#27;[35m7864&amp#27;[0;39m &amp#27;[2m---&amp#27;[0;39m &amp#27;[2m[           main]&amp#27;[0;39m &amp#27;[2m&amp#27;[0;39m&amp#27;[36mo.s.d.jpa.repository.query.NamedQuery   &amp#27;[0;39m &amp#27;[2m:&amp#27;[0;39m Looking up named query Minerals.existsByName
&amp#27;[2m2024-11-30T12:00:52.262+01:00&amp#27;[0;39m &amp#27;[32mDEBUG&amp#27;[0;39m &amp#27;[35m7864&amp#27;[0;39m &amp#27;[2m---&amp#27;[0;39m &amp#27;[2m[           main]&amp#27;[0;39m &amp#27;[2m&amp#27;[0;39m&amp#27;[36mo.s.d.jpa.repository.query.NamedQuery   &amp#27;[0;39m &amp#27;[2m:&amp#27;[0;39m Did not find named query Minerals.existsByName
&amp#27;[2m2024-11-30T12:00:52.263+01:00&amp#27;[0;39m &amp#27;[32mDEBUG&amp#27;[0;39m &amp#27;[35m7864&amp#27;[0;39m &amp#27;[2m---&amp#27;[0;39m &amp#27;[2m[           main]&amp#27;[0;39m &amp#27;[2m&amp#27;[0;39m&amp#27;[36mtor$SharedEntityManagerInvocationHandler&amp#27;[0;39m &amp#27;[2m:&amp#27;[0;39m Creating new EntityManager for shared EntityManager invocation
&amp#27;[2m2024-11-30T12:00:52.359+01:00&amp#27;[0;39m &amp#27;[32mDEBUG&amp#27;[0;39m &amp#27;[35m7864&amp#27;[0;39m &amp#27;[2m---&amp#27;[0;39m &amp#27;[2m[           main]&amp#27;[0;39m &amp#27;[2m&amp#27;[0;39m&amp#27;[36mo.s.d.jpa.repository.query.NamedQuery   &amp#27;[0;39m &amp#27;[2m:&amp#27;[0;39m Did not find named query Minerals.findByNameContaining.count
&amp#27;[2m2024-11-30T12:00:52.360+01:00&amp#27;[0;39m &amp#27;[32mDEBUG&amp#27;[0;39m &amp#27;[35m7864&amp#27;[0;39m &amp#27;[2m---&amp#27;[0;39m &amp#27;[2m[           main]&amp#27;[0;39m &amp#27;[2m&amp#27;[0;39m&amp#27;[36mtor$SharedEntityManagerInvocationHandler&amp#27;[0;39m &amp#27;[2m:&amp#27;[0;39m Creating new EntityManager for shared EntityManager invocation
&amp#27;[2m2024-11-30T12:00:52.447+01:00&amp#27;[0;39m &amp#27;[32mDEBUG&amp#27;[0;39m &amp#27;[35m7864&amp#27;[0;39m &amp#27;[2m---&amp#27;[0;39m &amp#27;[2m[           main]&amp#27;[0;39m &amp#27;[2m&amp#27;[0;39m&amp#27;[36mo.s.d.jpa.repository.query.NamedQuery   &amp#27;[0;39m &amp#27;[2m:&amp#27;[0;39m Did not find named query Minerals.findByMineId.count
&amp#27;[2m2024-11-30T12:00:52.448+01:00&amp#27;[0;39m &amp#27;[32mDEBUG&amp#27;[0;39m &amp#27;[35m7864&amp#27;[0;39m &amp#27;[2m---&amp#27;[0;39m &amp#27;[2m[           main]&amp#27;[0;39m &amp#27;[2m&amp#27;[0;39m&amp#27;[36mtor$SharedEntityManagerInvocationHandler&amp#27;[0;39m &amp#27;[2m:&amp#27;[0;39m Creating new EntityManager for shared EntityManager invocation
&amp#27;[2m2024-11-30T12:00:52.461+01:00&amp#27;[0;39m &amp#27;[32mDEBUG&amp#27;[0;39m &amp#27;[35m7864&amp#27;[0;39m &amp#27;[2m---&amp#27;[0;39m &amp#27;[2m[           main]&amp#27;[0;39m &amp#27;[2m&amp#27;[0;39m&amp#27;[36mo.s.d.r.c.s.RepositoryFactorySupport    &amp#27;[0;39m &amp#27;[2m:&amp#27;[0;39m Finished creation of repository instance for com.misight.repository.MineralsRepo.
&amp#27;[2m2024-11-30T12:00:52.464+01:00&amp#27;[0;39m &amp#27;[32mDEBUG&amp#27;[0;39m &amp#27;[35m7864&amp#27;[0;39m &amp#27;[2m---&amp#27;[0;39m &amp#27;[2m[           main]&amp#27;[0;39m &amp#27;[2m&amp#27;[0;39m&amp#27;[36mo.s.b.f.s.DefaultListableBeanFactory    &amp#27;[0;39m &amp#27;[2m:&amp#27;[0;39m Autowiring by type from bean name 'mineralsService' via constructor to bean named 'mineralsRepo'
&amp#27;[2m2024-11-30T12:00:52.485+01:00&amp#27;[0;39m &amp#27;[32mDEBUG&amp#27;[0;39m &amp#27;[35m7864&amp#27;[0;39m &amp#27;[2m---&amp#27;[0;39m &amp#27;[2m[           main]&amp#27;[0;39m &amp#27;[2m&amp#27;[0;39m&amp#27;[36mo.s.b.f.s.DefaultListableBeanFactory    &amp#27;[0;39m &amp#27;[2m:&amp#27;[0;39m Autowiring by type from bean name 'mineralsController' via constructor to bean named 'mineralsService'
&amp#27;[2m2024-11-30T12:00:52.486+01:00&amp#27;[0;39m &amp#27;[32mDEBUG&amp#27;[0;39m &amp#27;[35m7864&amp#27;[0;39m &amp#27;[2m---&amp#27;[0;39m &amp#27;[2m[           main]&amp#27;[0;39m &amp#27;[2m&amp#27;[0;39m&amp#27;[36mo.s.b.f.s.DefaultListableBeanFactory    &amp#27;[0;39m &amp#27;[2m:&amp#27;[0;39m Creating shared instance of singleton bean 'minesController'
&amp#27;[2m2024-11-30T12:00:52.491+01:00&amp#27;[0;39m &amp#27;[32mDEBUG&amp#27;[0;39m &amp#27;[35m7864&amp#27;[0;39m &amp#27;[2m---&amp#27;[0;39m &amp#27;[2m[           main]&amp#27;[0;39m &amp#27;[2m&amp#27;[0;39m&amp#27;[36mo.s.b.f.s.DefaultListableBeanFactory    &amp#27;[0;39m &amp#27;[2m:&amp#27;[0;39m Creating shared instance of singleton bean 'minesService'
&amp#27;[2m2024-11-30T12:00:52.492+01:00&amp#27;[0;39m &amp#27;[32mDEBUG&amp#27;[0;39m &amp#27;[35m7864&amp#27;[0;39m &amp#27;[2m---&amp#27;[0;39m &amp#27;[2m[           main]&amp#27;[0;39m &amp#27;[2m&amp#27;[0;39m&amp#27;[36mo.s.b.f.s.DefaultListableBeanFactory    &amp#27;[0;39m &amp#27;[2m:&amp#27;[0;39m Creating shared instance of singleton bean 'minesRepo'
&amp#27;[2m2024-11-30T12:00:52.499+01:00&amp#27;[0;39m &amp#27;[32mDEBUG&amp#27;[0;39m &amp#27;[35m7864&amp#27;[0;39m &amp#27;[2m---&amp#27;[0;39m &amp#27;[2m[           main]&amp#27;[0;39m &amp#27;[2m&amp#27;[0;39m&amp#27;[36mo.s.b.f.s.DefaultListableBeanFactory    &amp#27;[0;39m &amp#27;[2m:&amp#27;[0;39m Creating shared instance of singleton bean 'jpa.named-queries#4'
&amp#27;[2m2024-11-30T12:00:52.502+01:00&amp#27;[0;39m &amp#27;[32mDEBUG&amp#27;[0;39m &amp#27;[35m7864&amp#27;[0;39m &amp#27;[2m---&amp#27;[0;39m &amp#27;[2m[           main]&amp#27;[0;39m &amp#27;[2m&amp#27;[0;39m&amp#27;[36mo.s.b.f.s.DefaultListableBeanFactory    &amp#27;[0;39m &amp#27;[2m:&amp#27;[0;39m Creating shared instance of singleton bean 'jpa.MinesRepo.fragments#0'
&amp#27;[2m2024-11-30T12:00:52.503+01:00&amp#27;[0;39m &amp#27;[32mDEBUG&amp#27;[0;39m &amp#27;[35m7864&amp#27;[0;39m &amp#27;[2m---&amp#27;[0;39m &amp#27;[2m[           main]&amp#27;[0;39m &amp#27;[2m&amp#27;[0;39m&amp#27;[36mtor$SharedEntityManagerInvocationHandler&amp#27;[0;39m &amp#27;[2m:&amp#27;[0;39m Creating new EntityManager for shared EntityManager invocation
&amp#27;[2m2024-11-30T12:00:52.505+01:00&amp#27;[0;39m &amp#27;[32mDEBUG&amp#27;[0;39m &amp#27;[35m7864&amp#27;[0;39m &amp#27;[2m---&amp#27;[0;39m &amp#27;[2m[           main]&amp#27;[0;39m &amp#27;[2m&amp#27;[0;39m&amp#27;[36mo.s.d.r.c.s.RepositoryFactorySupport    &amp#27;[0;39m &amp#27;[2m:&amp#27;[0;39m Initializing repository instance for com.misight.repository.MinesRepo…
&amp#27;[2m2024-11-30T12:00:52.506+01:00&amp#27;[0;39m &amp#27;[32mDEBUG&amp#27;[0;39m &amp#27;[35m7864&amp#27;[0;39m &amp#27;[2m---&amp#27;[0;39m &amp#27;[2m[           main]&amp#27;[0;39m &amp#27;[2m&amp#27;[0;39m&amp#27;[36mtor$SharedEntityManagerInvocationHandler&amp#27;[0;39m &amp#27;[2m:&amp#27;[0;39m Creating new EntityManager for shared EntityManager invocation
&amp#27;[2m2024-11-30T12:00:52.538+01:00&amp#27;[0;39m &amp#27;[32mDEBUG&amp#27;[0;39m &amp#27;[35m7864&amp#27;[0;39m &amp#27;[2m---&amp#27;[0;39m &amp#27;[2m[           main]&amp#27;[0;39m &amp#27;[2m&amp#27;[0;39m&amp#27;[36mo.s.d.jpa.repository.query.NamedQuery   &amp#27;[0;39m &amp#27;[2m:&amp#27;[0;39m Did not find named query Mines.findAll.count
&amp#27;[2m2024-11-30T12:00:52.539+01:00&amp#27;[0;39m &amp#27;[32mDEBUG&amp#27;[0;39m &amp#27;[35m7864&amp#27;[0;39m &amp#27;[2m---&amp#27;[0;39m &amp#27;[2m[           main]&amp#27;[0;39m &amp#27;[2m&amp#27;[0;39m&amp#27;[36mtor$SharedEntityManagerInvocationHandler&amp#27;[0;39m &amp#27;[2m:&amp#27;[0;39m Creating new EntityManager for shared EntityManager invocation
&amp#27;[2m2024-11-30T12:00:52.550+01:00&amp#27;[0;39m &amp#27;[32mDEBUG&amp#27;[0;39m &amp#27;[35m7864&amp#27;[0;39m &amp#27;[2m---&amp#27;[0;39m &amp#27;[2m[           main]&amp#27;[0;39m &amp#27;[2m&amp#27;[0;39m&amp#27;[36mo.s.d.jpa.repository.query.NamedQuery   &amp#27;[0;39m &amp#27;[2m:&amp#27;[0;39m Looking up named query Mines.findByCompanyIgnoreCase
&amp#27;[2m2024-11-30T12:00:52.550+01:00&amp#27;[0;39m &amp#27;[32mDEBUG&amp#27;[0;39m &amp#27;[35m7864&amp#27;[0;39m &amp#27;[2m---&amp#27;[0;39m &amp#27;[2m[           main]&amp#27;[0;39m &amp#27;[2m&amp#27;[0;39m&amp#27;[36mo.s.d.jpa.repository.query.NamedQuery   &amp#27;[0;39m &amp#27;[2m:&amp#27;[0;39m Did not find named query Mines.findByCompanyIgnoreCase
&amp#27;[2m2024-11-30T12:00:52.550+01:00&amp#27;[0;39m &amp#27;[32mDEBUG&amp#27;[0;39m &amp#27;[35m7864&amp#27;[0;39m &amp#27;[2m---&amp#27;[0;39m &amp#27;[2m[           main]&amp#27;[0;39m &amp#27;[2m&amp#27;[0;39m&amp#27;[36mtor$SharedEntityManagerInvocationHandler&amp#27;[0;39m &amp#27;[2m:&amp#27;[0;39m Creating new EntityManager for shared EntityManager invocation
&amp#27;[2m2024-11-30T12:00:52.557+01:00&amp#27;[0;39m &amp#27;[32mDEBUG&amp#27;[0;39m &amp#27;[35m7864&amp#27;[0;39m &amp#27;[2m---&amp#27;[0;39m &amp#27;[2m[           main]&amp#27;[0;39m &amp#27;[2m&amp#27;[0;39m&amp#27;[36mo.s.d.jpa.repository.query.NamedQuery   &amp#27;[0;39m &amp#27;[2m:&amp#27;[0;39m Did not find named query Mines.findByProvinceId.count
&amp#27;[2m2024-11-30T12:00:52.558+01:00&amp#27;[0;39m &amp#27;[32mDEBUG&amp#27;[0;39m &amp#27;[35m7864&amp#27;[0;39m &amp#27;[2m---&amp#27;[0;39m &amp#27;[2m[           main]&amp#27;[0;39m &amp#27;[2m&amp#27;[0;39m&amp#27;[36mtor$SharedEntityManagerInvocationHandler&amp#27;[0;39m &amp#27;[2m:&amp#27;[0;39m Creating new EntityManager for shared EntityManager invocation
&amp#27;[2m2024-11-30T12:00:52.565+01:00&amp#27;[0;39m &amp#27;[32mDEBUG&amp#27;[0;39m &amp#27;[35m7864&amp#27;[0;39m &amp#27;[2m---&amp#27;[0;39m &amp#27;[2m[           main]&amp#27;[0;39m &amp#27;[2m&amp#27;[0;39m&amp#27;[36mo.s.d.jpa.repository.query.NamedQuery   &amp#27;[0;39m &amp#27;[2m:&amp#27;[0;39m Did not find named query Mines.findByMineralId.count
&amp#27;[2m2024-11-30T12:00:52.568+01:00&amp#27;[0;39m &amp#27;[32mDEBUG&amp#27;[0;39m &amp#27;[35m7864&amp#27;[0;39m &amp#27;[2m---&amp#27;[0;39m &amp#27;[2m[           main]&amp#27;[0;39m &amp#27;[2m&amp#27;[0;39m&amp#27;[36mtor$SharedEntityManagerInvocationHandler&amp#27;[0;39m &amp#27;[2m:&amp#27;[0;39m Creating new EntityManager for shared EntityManager invocation
&amp#27;[2m2024-11-30T12:00:52.575+01:00&amp#27;[0;39m &amp#27;[32mDEBUG&amp#27;[0;39m &amp#27;[35m7864&amp#27;[0;39m &amp#27;[2m---&amp#27;[0;39m &amp#27;[2m[           main]&amp#27;[0;39m &amp#27;[2m&amp#27;[0;39m&amp#27;[36mo.s.d.jpa.repository.query.NamedQuery   &amp#27;[0;39m &amp#27;[2m:&amp#27;[0;39m Looking up named query Mines.findByNameIgnoreCase
&amp#27;[2m2024-11-30T12:00:52.576+01:00&amp#27;[0;39m &amp#27;[32mDEBUG&amp#27;[0;39m &amp#27;[35m7864&amp#27;[0;39m &amp#27;[2m---&amp#27;[0;39m &amp#27;[2m[           main]&amp#27;[0;39m &amp#27;[2m&amp#27;[0;39m&amp#27;[36mo.s.d.jpa.repository.query.NamedQuery   &amp#27;[0;39m &amp#27;[2m:&amp#27;[0;39m Did not find named query Mines.findByNameIgnoreCase
&amp#27;[2m2024-11-30T12:00:52.576+01:00&amp#27;[0;39m &amp#27;[32mDEBUG&amp#27;[0;39m &amp#27;[35m7864&amp#27;[0;39m &amp#27;[2m---&amp#27;[0;39m &amp#27;[2m[           main]&amp#27;[0;39m &amp#27;[2m&amp#27;[0;39m&amp#27;[36mtor$SharedEntityManagerInvocationHandler&amp#27;[0;39m &amp#27;[2m:&amp#27;[0;39m Creating new EntityManager for shared EntityManager invocation
&amp#27;[2m2024-11-30T12:00:52.579+01:00&amp#27;[0;39m &amp#27;[32mDEBUG&amp#27;[0;39m &amp#27;[35m7864&amp#27;[0;39m &amp#27;[2m---&amp#27;[0;39m &amp#27;[2m[           main]&amp#27;[0;39m &amp#27;[2m&amp#27;[0;39m&amp#27;[36mo.s.d.jpa.repository.query.NamedQuery   &amp#27;[0;39m &amp#27;[2m:&amp#27;[0;39m Did not find named query Mines.findAllWithMinerals.count
&amp#27;[2m2024-11-30T12:00:52.580+01:00&amp#27;[0;39m &amp#27;[32mDEBUG&amp#27;[0;39m &amp#27;[35m7864&amp#27;[0;39m &amp#27;[2m---&amp#27;[0;39m &amp#27;[2m[           main]&amp#27;[0;39m &amp#27;[2m&amp#27;[0;39m&amp#27;[36mtor$SharedEntityManagerInvocationHandler&amp#27;[0;39m &amp#27;[2m:&amp#27;[0;39m Creating new EntityManager for shared EntityManager invocation
&amp#27;[2m2024-11-30T12:00:52.593+01:00&amp#27;[0;39m &amp#27;[32mDEBUG&amp#27;[0;39m &amp#27;[35m7864&amp#27;[0;39m &amp#27;[2m---&amp#27;[0;39m &amp#27;[2m[           main]&amp#27;[0;39m &amp#27;[2m&amp#27;[0;39m&amp#27;[36mo.s.d.jpa.repository.query.NamedQuery   &amp#27;[0;39m &amp#27;[2m:&amp#27;[0;39m Did not find named query Mines.findByIdWithSafetyData.count
&amp#27;[2m2024-11-30T12:00:52.593+01:00&amp#27;[0;39m &amp#27;[32mDEBUG&amp#27;[0;39m &amp#27;[35m7864&amp#27;[0;39m &amp#27;[2m---&amp#27;[0;39m &amp#27;[2m[           main]&amp#27;[0;39m &amp#27;[2m&amp#27;[0;39m&amp#27;[36mtor$SharedEntityManagerInvocationHandler&amp#27;[0;39m &amp#27;[2m:&amp#27;[0;39m Creating new EntityManager for shared EntityManager invocation
&amp#27;[2m2024-11-30T12:00:52.603+01:00&amp#27;[0;39m &amp#27;[32mDEBUG&amp#27;[0;39m &amp#27;[35m7864&amp#27;[0;39m &amp#27;[2m---&amp#27;[0;39m &amp#27;[2m[           main]&amp#27;[0;39m &amp#27;[2m&amp#27;[0;39m&amp#27;[36mo.s.d.jpa.repository.query.NamedQuery   &amp#27;[0;39m &amp#27;[2m:&amp#27;[0;39m Did not find named query Mines.findAllBasic.count
&amp#27;[2m2024-11-30T12:00:52.603+01:00&amp#27;[0;39m &amp#27;[32mDEBUG&amp#27;[0;39m &amp#27;[35m7864&amp#27;[0;39m &amp#27;[2m---&amp#27;[0;39m &amp#27;[2m[           main]&amp#27;[0;39m &amp#27;[2m&amp#27;[0;39m&amp#27;[36mtor$SharedEntityManagerInvocationHandler&amp#27;[0;39m &amp#27;[2m:&amp#27;[0;39m Creating new EntityManager for shared EntityManager invocation
&amp#27;[2m2024-11-30T12:00:52.608+01:00&amp#27;[0;39m &amp#27;[32mDEBUG&amp#27;[0;39m &amp#27;[35m7864&amp#27;[0;39m &amp#27;[2m---&amp#27;[0;39m &amp#27;[2m[           main]&amp#27;[0;39m &amp#27;[2m&amp#27;[0;39m&amp#27;[36mo.s.d.jpa.repository.query.NamedQuery   &amp#27;[0;39m &amp#27;[2m:&amp#27;[0;39m Did not find named query Mines.findByIdWithEnvironmentalData.count
&amp#27;[2m2024-11-30T12:00:52.609+01:00&amp#27;[0;39m &amp#27;[32mDEBUG&amp#27;[0;39m &amp#27;[35m7864&amp#27;[0;39m &amp#27;[2m---&amp#27;[0;39m &amp#27;[2m[           main]&amp#27;[0;39m &amp#27;[2m&amp#27;[0;39m&amp#27;[36mtor$SharedEntityManagerInvocationHandler&amp#27;[0;39m &amp#27;[2m:&amp#27;[0;39m Creating new EntityManager for shared EntityManager invocation
&amp#27;[2m2024-11-30T12:00:52.612+01:00&amp#27;[0;39m &amp#27;[32mDEBUG&amp#27;[0;39m &amp#27;[35m7864&amp#27;[0;39m &amp#27;[2m---&amp#27;[0;39m &amp#27;[2m[           main]&amp#27;[0;39m &amp#27;[2m&amp#27;[0;39m&amp#27;[36mo.s.d.jpa.repository.query.NamedQuery   &amp#27;[0;39m &amp#27;[2m:&amp#27;[0;39m Did not find named query Mines.findByIdWithMinerals.count
&amp#27;[2m2024-11-30T12:00:52.613+01:00&amp#27;[0;39m &amp#27;[32mDEBUG&amp#27;[0;39m &amp#27;[35m7864&amp#27;[0;39m &amp#27;[2m---&amp#27;[0;39m &amp#27;[2m[           main]&amp#27;[0;39m &amp#27;[2m&amp#27;[0;39m&amp#27;[36mtor$SharedEntityManagerInvocationHandler&amp#27;[0;39m &amp#27;[2m:&amp#27;[0;39m Creating new EntityManager for shared EntityManager invocation
&amp#27;[2m2024-11-30T12:00:52.619+01:00&amp#27;[0;39m &amp#27;[32mDEBUG&amp#27;[0;39m &amp#27;[35m7864&amp#27;[0;39m &amp#27;[2m---&amp#27;[0;39m &amp#27;[2m[           main]&amp#27;[0;39m &amp#27;[2m&amp#27;[0;39m&amp#27;[36mo.s.d.r.c.s.RepositoryFactorySupport    &amp#27;[0;39m &amp#27;[2m:&amp#27;[0;39m Finished creation of repository instance for com.misight.repository.MinesRepo.
&amp#27;[2m2024-11-30T12:00:52.621+01:00&amp#27;[0;39m &amp#27;[32mDEBUG&amp#27;[0;39m &amp#27;[35m7864&amp#27;[0;39m &amp#27;[2m---&amp#27;[0;39m &amp#27;[2m[           main]&amp#27;[0;39m &amp#27;[2m&amp#27;[0;39m&amp#27;[36mo.s.b.f.s.DefaultListableBeanFactory    &amp#27;[0;39m &amp#27;[2m:&amp#27;[0;39m Autowiring by type from bean name 'minesService' via constructor to bean named 'minesRepo'
&amp#27;[2m2024-11-30T12:00:52.621+01:00&amp#27;[0;39m &amp#27;[32mDEBUG&amp#27;[0;39m &amp#27;[35m7864&amp#27;[0;39m &amp#27;[2m---&amp#27;[0;39m &amp#27;[2m[           main]&amp#27;[0;39m &amp#27;[2m&amp#27;[0;39m&amp#27;[36mo.s.b.f.s.DefaultListableBeanFactory    &amp#27;[0;39m &amp#27;[2m:&amp#27;[0;39m Autowiring by type from bean name 'minesService' via constructor to bean named 'mineralsRepo'
&amp#27;[2m2024-11-30T12:00:52.649+01:00&amp#27;[0;39m &amp#27;[32mDEBUG&amp#27;[0;39m &amp#27;[35m7864&amp#27;[0;39m &amp#27;[2m---&amp#27;[0;39m &amp#27;[2m[           main]&amp#27;[0;39m &amp#27;[2m&amp#27;[0;39m&amp#27;[36mo.s.b.f.s.DefaultListableBeanFactory    &amp#27;[0;39m &amp#27;[2m:&amp#27;[0;39m Autowiring by type from bean name 'minesController' via constructor to bean named 'minesService'
&amp#27;[2m2024-11-30T12:00:52.651+01:00&amp#27;[0;39m &amp#27;[32mDEBUG&amp#27;[0;39m &amp#27;[35m7864&amp#27;[0;39m &amp#27;[2m---&amp#27;[0;39m &amp#27;[2m[           main]&amp#27;[0;39m &amp#27;[2m&amp#27;[0;39m&amp#27;[36mo.s.b.f.s.DefaultListableBeanFactory    &amp#27;[0;39m &amp#27;[2m:&amp#27;[0;39m Creating shared instance of singleton bean 'monitoringStationsController'
&amp#27;[2m2024-11-30T12:00:52.652+01:00&amp#27;[0;39m &amp#27;[32mDEBUG&amp#27;[0;39m &amp#27;[35m7864&amp#27;[0;39m &amp#27;[2m---&amp#27;[0;39m &amp#27;[2m[           main]&amp#27;[0;39m &amp#27;[2m&amp#27;[0;39m&amp#27;[36mo.s.b.f.s.DefaultListableBeanFactory    &amp#27;[0;39m &amp#27;[2m:&amp#27;[0;39m Creating shared instance of singleton bean 'monitoringStationsService'
&amp#27;[2m2024-11-30T12:00:52.652+01:00&amp#27;[0;39m &amp#27;[32mDEBUG&amp#27;[0;39m &amp#27;[35m7864&amp#27;[0;39m &amp#27;[2m---&amp#27;[0;39m &amp#27;[2m[           main]&amp#27;[0;39m &amp#27;[2m&amp#27;[0;39m&amp#27;[36mo.s.b.f.s.DefaultListableBeanFactory    &amp#27;[0;39m &amp#27;[2m:&amp#27;[0;39m Creating shared instance of singleton bean 'monitoringStationsRepo'
&amp#27;[2m2024-11-30T12:00:52.657+01:00&amp#27;[0;39m &amp#27;[32mDEBUG&amp#27;[0;39m &amp#27;[35m7864&amp#27;[0;39m &amp#27;[2m---&amp#27;[0;39m &amp#27;[2m[           main]&amp#27;[0;39m &amp#27;[2m&amp#27;[0;39m&amp#27;[36mo.s.b.f.s.DefaultListableBeanFactory    &amp#27;[0;39m &amp#27;[2m:&amp#27;[0;39m Creating shared instance of singleton bean 'jpa.named-queries#8'
&amp#27;[2m2024-11-30T12:00:52.658+01:00&amp#27;[0;39m &amp#27;[32mDEBUG&amp#27;[0;39m &amp#27;[35m7864&amp#27;[0;39m &amp#27;[2m---&amp#27;[0;39m &amp#27;[2m[           main]&amp#27;[0;39m &amp#27;[2m&amp#27;[0;39m&amp#27;[36mo.s.b.f.s.DefaultListableBeanFactory    &amp#27;[0;39m &amp#27;[2m:&amp#27;[0;39m Creating shared instance of singleton bean 'jpa.MonitoringStationsRepo.fragments#0'
&amp#27;[2m2024-11-30T12:00:52.659+01:00&amp#27;[0;39m &amp#27;[32mDEBUG&amp#27;[0;39m &amp#27;[35m7864&amp#27;[0;39m &amp#27;[2m---&amp#27;[0;39m &amp#27;[2m[           main]&amp#27;[0;39m &amp#27;[2m&amp#27;[0;39m&amp#27;[36mtor$SharedEntityManagerInvocationHandler&amp#27;[0;39m &amp#27;[2m:&amp#27;[0;39m Creating new EntityManager for shared EntityManager invocation
&amp#27;[2m2024-11-30T12:00:52.661+01:00&amp#27;[0;39m &amp#27;[32mDEBUG&amp#27;[0;39m &amp#27;[35m7864&amp#27;[0;39m &amp#27;[2m---&amp#27;[0;39m &amp#27;[2m[           main]&amp#27;[0;39m &amp#27;[2m&amp#27;[0;39m&amp#27;[36mo.s.d.r.c.s.RepositoryFactorySupport    &amp#27;[0;39m &amp#27;[2m:&amp#27;[0;39m Initializing repository instance for com.misight.repository.MonitoringStationsRepo…
&amp#27;[2m2024-11-30T12:00:52.662+01:00&amp#27;[0;39m &amp#27;[32mDEBUG&amp#27;[0;39m &amp#27;[35m7864&amp#27;[0;39m &amp#27;[2m---&amp#27;[0;39m &amp#27;[2m[           main]&amp#27;[0;39m &amp#27;[2m&amp#27;[0;39m&amp#27;[36mtor$SharedEntityManagerInvocationHandler&amp#27;[0;39m &amp#27;[2m:&amp#27;[0;39m Creating new EntityManager for shared EntityManager invocation
&amp#27;[2m2024-11-30T12:00:52.689+01:00&amp#27;[0;39m &amp#27;[32mDEBUG&amp#27;[0;39m &amp#27;[35m7864&amp#27;[0;39m &amp#27;[2m---&amp#27;[0;39m &amp#27;[2m[           main]&amp#27;[0;39m &amp#27;[2m&amp#27;[0;39m&amp#27;[36mo.s.d.jpa.repository.query.NamedQuery   &amp#27;[0;39m &amp#27;[2m:&amp#27;[0;39m Did not find named query MonitoringStations.findByProvinceId.count
&amp#27;[2m2024-11-30T12:00:52.689+01:00&amp#27;[0;39m &amp#27;[32mDEBUG&amp#27;[0;39m &amp#27;[35m7864&amp#27;[0;39m &amp#27;[2m---&amp#27;[0;39m &amp#27;[2m[           main]&amp#27;[0;39m &amp#27;[2m&amp#27;[0;39m&amp#27;[36mtor$SharedEntityManagerInvocationHandler&amp#27;[0;39m &amp#27;[2m:&amp#27;[0;39m Creating new EntityManager for shared EntityManager invocation
&amp#27;[2m2024-11-30T12:00:52.691+01:00&amp#27;[0;39m &amp#27;[32mDEBUG&amp#27;[0;39m &amp#27;[35m7864&amp#27;[0;39m &amp#27;[2m---&amp#27;[0;39m &amp#27;[2m[           main]&amp#27;[0;39m &amp#27;[2m&amp#27;[0;39m&amp#27;[36mo.s.d.jpa.repository.query.NamedQuery   &amp#27;[0;39m &amp#27;[2m:&amp#27;[0;39m Looking up named query MonitoringStations.findByLocation
&amp#27;[2m2024-11-30T12:00:52.692+01:00&amp#27;[0;39m &amp#27;[32mDEBUG&amp#27;[0;39m &amp#27;[35m7864&amp#27;[0;39m &amp#27;[2m---&amp#27;[0;39m &amp#27;[2m[           main]&amp#27;[0;39m &amp#27;[2m&amp#27;[0;39m&amp#27;[36mo.s.d.jpa.repository.query.NamedQuery   &amp#27;[0;39m &amp#27;[2m:&amp#27;[0;39m Did not find named query MonitoringStations.findByLocation
&amp#27;[2m2024-11-30T12:00:52.692+01:00&amp#27;[0;39m &amp#27;[32mDEBUG&amp#27;[0;39m &amp#27;[35m7864&amp#27;[0;39m &amp#27;[2m---&amp#27;[0;39m &amp#27;[2m[           main]&amp#27;[0;39m &amp#27;[2m&amp#27;[0;39m&amp#27;[36mtor$SharedEntityManagerInvocationHandler&amp#27;[0;39m &amp#27;[2m:&amp#27;[0;39m Creating new EntityManager for shared EntityManager invocation
&amp#27;[2m2024-11-30T12:00:52.696+01:00&amp#27;[0;39m &amp#27;[32mDEBUG&amp#27;[0;39m &amp#27;[35m7864&amp#27;[0;39m &amp#27;[2m---&amp#27;[0;39m &amp#27;[2m[           main]&amp#27;[0;39m &amp#27;[2m&amp#27;[0;39m&amp#27;[36mo.s.d.r.c.s.RepositoryFactorySupport    &amp#27;[0;39m &amp#27;[2m:&amp#27;[0;39m Finished creation of repository instance for com.misight.repository.MonitoringStationsRepo.
&amp#27;[2m2024-11-30T12:00:52.698+01:00&amp#27;[0;39m &amp#27;[32mDEBUG&amp#27;[0;39m &amp#27;[35m7864&amp#27;[0;39m &amp#27;[2m---&amp#27;[0;39m &amp#27;[2m[           main]&amp#27;[0;39m &amp#27;[2m&amp#27;[0;39m&amp#27;[36mo.s.b.f.s.DefaultListableBeanFactory    &amp#27;[0;39m &amp#27;[2m:&amp#27;[0;39m Autowiring by type from bean name 'monitoringStationsService' via constructor to bean named 'monitoringStationsRepo'
&amp#27;[2m2024-11-30T12:00:52.724+01:00&amp#27;[0;39m &amp#27;[32mDEBUG&amp#27;[0;39m &amp#27;[35m7864&amp#27;[0;39m &amp#27;[2m---&amp#27;[0;39m &amp#27;[2m[           main]&amp#27;[0;39m &amp#27;[2m&amp#27;[0;39m&amp#27;[36mo.s.b.f.s.DefaultListableBeanFactory    &amp#27;[0;39m &amp#27;[2m:&amp#27;[0;39m Autowiring by type from bean name 'monitoringStationsController' via constructor to bean named 'monitoringStationsService'
&amp#27;[2m2024-11-30T12:00:52.725+01:00&amp#27;[0;39m &amp#27;[32mDEBUG&amp#27;[0;39m &amp#27;[35m7864&amp#27;[0;39m &amp#27;[2m---&amp#27;[0;39m &amp#27;[2m[           main]&amp#27;[0;39m &amp#27;[2m&amp#27;[0;39m&amp#27;[36mo.s.b.f.s.DefaultListableBeanFactory    &amp#27;[0;39m &amp#27;[2m:&amp#27;[0;39m Creating shared instance of singleton bean 'pollutantsController'
&amp#27;[2m2024-11-30T12:00:52.727+01:00&amp#27;[0;39m &amp#27;[32mDEBUG&amp#27;[0;39m &amp#27;[35m7864&amp#27;[0;39m &amp#27;[2m---&amp#27;[0;39m &amp#27;[2m[           main]&amp#27;[0;39m &amp#27;[2m&amp#27;[0;39m&amp#27;[36mo.s.b.f.s.DefaultListableBeanFactory    &amp#27;[0;39m &amp#27;[2m:&amp#27;[0;39m Creating shared instance of singleton bean 'pollutantsService'
&amp#27;[2m2024-11-30T12:00:52.728+01:00&amp#27;[0;39m &amp#27;[32mDEBUG&amp#27;[0;39m &amp#27;[35m7864&amp#27;[0;39m &amp#27;[2m---&amp#27;[0;39m &amp#27;[2m[           main]&amp#27;[0;39m &amp#27;[2m&amp#27;[0;39m&amp#27;[36mo.s.b.f.s.DefaultListableBeanFactory    &amp#27;[0;39m &amp#27;[2m:&amp#27;[0;39m Creating shared instance of singleton bean 'pollutantsRepo'
&amp#27;[2m2024-11-30T12:00:52.730+01:00&amp#27;[0;39m &amp#27;[32mDEBUG&amp#27;[0;39m &amp#27;[35m7864&amp#27;[0;39m &amp#27;[2m---&amp#27;[0;39m &amp#27;[2m[           main]&amp#27;[0;39m &amp#27;[2m&amp#27;[0;39m&amp#27;[36mo.s.b.f.s.DefaultListableBeanFactory    &amp#27;[0;39m &amp#27;[2m:&amp#27;[0;39m Creating shared instance of singleton bean 'jpa.named-queries#7'
&amp#27;[2m2024-11-30T12:00:52.732+01:00&amp#27;[0;39m &amp#27;[32mDEBUG&amp#27;[0;39m &amp#27;[35m7864&amp#27;[0;39m &amp#27;[2m---&amp#27;[0;39m &amp#27;[2m[           main]&amp#27;[0;39m &amp#27;[2m&amp#27;[0;39m&amp#27;[36mo.s.b.f.s.DefaultListableBeanFactory    &amp#27;[0;39m &amp#27;[2m:&amp#27;[0;39m Creating shared instance of singleton bean 'jpa.PollutantsRepo.fragments#0'
&amp#27;[2m2024-11-30T12:00:52.732+01:00&amp#27;[0;39m &amp#27;[32mDEBUG&amp#27;[0;39m &amp#27;[35m7864&amp#27;[0;39m &amp#27;[2m---&amp#27;[0;39m &amp#27;[2m[           main]&amp#27;[0;39m &amp#27;[2m&amp#27;[0;39m&amp#27;[36mtor$SharedEntityManagerInvocationHandler&amp#27;[0;39m &amp#27;[2m:&amp#27;[0;39m Creating new EntityManager for shared EntityManager invocation
&amp#27;[2m2024-11-30T12:00:52.733+01:00&amp#27;[0;39m &amp#27;[32mDEBUG&amp#27;[0;39m &amp#27;[35m7864&amp#27;[0;39m &amp#27;[2m---&amp#27;[0;39m &amp#27;[2m[           main]&amp#27;[0;39m &amp#27;[2m&amp#27;[0;39m&amp#27;[36mo.s.d.r.c.s.RepositoryFactorySupport    &amp#27;[0;39m &amp#27;[2m:&amp#27;[0;39m Initializing repository instance for com.misight.repository.PollutantsRepo…
&amp#27;[2m2024-11-30T12:00:52.734+01:00&amp#27;[0;39m &amp#27;[32mDEBUG&amp#27;[0;39m &amp#27;[35m7864&amp#27;[0;39m &amp#27;[2m---&amp#27;[0;39m &amp#27;[2m[           main]&amp#27;[0;39m &amp#27;[2m&amp#27;[0;39m&amp#27;[36mtor$SharedEntityManagerInvocationHandler&amp#27;[0;39m &amp#27;[2m:&amp#27;[0;39m Creating new EntityManager for shared EntityManager invocation
&amp#27;[2m2024-11-30T12:00:52.746+01:00&amp#27;[0;39m &amp#27;[32mDEBUG&amp#27;[0;39m &amp#27;[35m7864&amp#27;[0;39m &amp#27;[2m---&amp#27;[0;39m &amp#27;[2m[           main]&amp#27;[0;39m &amp#27;[2m&amp#27;[0;39m&amp#27;[36mo.s.d.jpa.repository.query.NamedQuery   &amp#27;[0;39m &amp#27;[2m:&amp#27;[0;39m Looking up named query Pollutants.findByName
&amp#27;[2m2024-11-30T12:00:52.746+01:00&amp#27;[0;39m &amp#27;[32mDEBUG&amp#27;[0;39m &amp#27;[35m7864&amp#27;[0;39m &amp#27;[2m---&amp#27;[0;39m &amp#27;[2m[           main]&amp#27;[0;39m &amp#27;[2m&amp#27;[0;39m&amp#27;[36mo.s.d.jpa.repository.query.NamedQuery   &amp#27;[0;39m &amp#27;[2m:&amp#27;[0;39m Did not find named query Pollutants.findByName
&amp#27;[2m2024-11-30T12:00:52.746+01:00&amp#27;[0;39m &amp#27;[32mDEBUG&amp#27;[0;39m &amp#27;[35m7864&amp#27;[0;39m &amp#27;[2m---&amp#27;[0;39m &amp#27;[2m[           main]&amp#27;[0;39m &amp#27;[2m&amp#27;[0;39m&amp#27;[36mtor$SharedEntityManagerInvocationHandler&amp#27;[0;39m &amp#27;[2m:&amp#27;[0;39m Creating new EntityManager for shared EntityManager invocation
&amp#27;[2m2024-11-30T12:00:52.753+01:00&amp#27;[0;39m &amp#27;[32mDEBUG&amp#27;[0;39m &amp#27;[35m7864&amp#27;[0;39m &amp#27;[2m---&amp#27;[0;39m &amp#27;[2m[           main]&amp#27;[0;39m &amp#27;[2m&amp#27;[0;39m&amp#27;[36mo.s.d.jpa.repository.query.NamedQuery   &amp#27;[0;39m &amp#27;[2m:&amp#27;[0;39m Did not find named query Pollutants.findByNameContaining.count
&amp#27;[2m2024-11-30T12:00:52.753+01:00&amp#27;[0;39m &amp#27;[32mDEBUG&amp#27;[0;39m &amp#27;[35m7864&amp#27;[0;39m &amp#27;[2m---&amp#27;[0;39m &amp#27;[2m[           main]&amp#27;[0;39m &amp#27;[2m&amp#27;[0;39m&amp#27;[36mtor$SharedEntityManagerInvocationHandler&amp#27;[0;39m &amp#27;[2m:&amp#27;[0;39m Creating new EntityManager for shared EntityManager invocation
&amp#27;[2m2024-11-30T12:00:52.756+01:00&amp#27;[0;39m &amp#27;[32mDEBUG&amp#27;[0;39m &amp#27;[35m7864&amp#27;[0;39m &amp#27;[2m---&amp#27;[0;39m &amp#27;[2m[           main]&amp#27;[0;39m &amp#27;[2m&amp#27;[0;39m&amp#27;[36mo.s.d.jpa.repository.query.NamedQuery   &amp#27;[0;39m &amp#27;[2m:&amp#27;[0;39m Looking up named query Pollutants.existsByName
&amp#27;[2m2024-11-30T12:00:52.757+01:00&amp#27;[0;39m &amp#27;[32mDEBUG&amp#27;[0;39m &amp#27;[35m7864&amp#27;[0;39m &amp#27;[2m---&amp#27;[0;39m &amp#27;[2m[           main]&amp#27;[0;39m &amp#27;[2m&amp#27;[0;39m&amp#27;[36mo.s.d.jpa.repository.query.NamedQuery   &amp#27;[0;39m &amp#27;[2m:&amp#27;[0;39m Did not find named query Pollutants.existsByName
&amp#27;[2m2024-11-30T12:00:52.757+01:00&amp#27;[0;39m &amp#27;[32mDEBUG&amp#27;[0;39m &amp#27;[35m7864&amp#27;[0;39m &amp#27;[2m---&amp#27;[0;39m &amp#27;[2m[           main]&amp#27;[0;39m &amp#27;[2m&amp#27;[0;39m&amp#27;[36mtor$SharedEntityManagerInvocationHandler&amp#27;[0;39m &amp#27;[2m:&amp#27;[0;39m Creating new EntityManager for shared EntityManager invocation
&amp#27;[2m2024-11-30T12:00:52.759+01:00&amp#27;[0;39m &amp#27;[32mDEBUG&amp#27;[0;39m &amp#27;[35m7864&amp#27;[0;39m &amp#27;[2m---&amp#27;[0;39m &amp#27;[2m[           main]&amp#27;[0;39m &amp#27;[2m&amp#27;[0;39m&amp#27;[36mo.s.d.jpa.repository.query.NamedQuery   &amp#27;[0;39m &amp#27;[2m:&amp#27;[0;39m Looking up named query Pollutants.findByCategory
&amp#27;[2m2024-11-30T12:00:52.760+01:00&amp#27;[0;39m &amp#27;[32mDEBUG&amp#27;[0;39m &amp#27;[35m7864&amp#27;[0;39m &amp#27;[2m---&amp#27;[0;39m &amp#27;[2m[           main]&amp#27;[0;39m &amp#27;[2m&amp#27;[0;39m&amp#27;[36mo.s.d.jpa.repository.query.NamedQuery   &amp#27;[0;39m &amp#27;[2m:&amp#27;[0;39m Did not find named query Pollutants.findByCategory
&amp#27;[2m2024-11-30T12:00:52.761+01:00&amp#27;[0;39m &amp#27;[32mDEBUG&amp#27;[0;39m &amp#27;[35m7864&amp#27;[0;39m &amp#27;[2m---&amp#27;[0;39m &amp#27;[2m[           main]&amp#27;[0;39m &amp#27;[2m&amp#27;[0;39m&amp#27;[36mtor$SharedEntityManagerInvocationHandler&amp#27;[0;39m &amp#27;[2m:&amp#27;[0;39m Creating new EntityManager for shared EntityManager invocation
&amp#27;[2m2024-11-30T12:00:52.764+01:00&amp#27;[0;39m &amp#27;[32mDEBUG&amp#27;[0;39m &amp#27;[35m7864&amp#27;[0;39m &amp#27;[2m---&amp#27;[0;39m &amp#27;[2m[           main]&amp#27;[0;39m &amp#27;[2m&amp#27;[0;39m&amp#27;[36mo.s.d.r.c.s.RepositoryFactorySupport    &amp#27;[0;39m &amp#27;[2m:&amp#27;[0;39m Finished creation of repository instance for com.misight.repository.PollutantsRepo.
&amp#27;[2m2024-11-30T12:00:52.765+01:00&amp#27;[0;39m &amp#27;[32mDEBUG&amp#27;[0;39m &amp#27;[35m7864&amp#27;[0;39m &amp#27;[2m---&amp#27;[0;39m &amp#27;[2m[           main]&amp#27;[0;39m &amp#27;[2m&amp#27;[0;39m&amp#27;[36mo.s.b.f.s.DefaultListableBeanFactory    &amp#27;[0;39m &amp#27;[2m:&amp#27;[0;39m Autowiring by type from bean name 'pollutantsService' via constructor to bean named 'pollutantsRepo'
&amp#27;[2m2024-11-30T12:00:52.774+01:00&amp#27;[0;39m &amp#27;[32mDEBUG&amp#27;[0;39m &amp#27;[35m7864&amp#27;[0;39m &amp#27;[2m---&amp#27;[0;39m &amp#27;[2m[           main]&amp#27;[0;39m &amp#27;[2m&amp#27;[0;39m&amp#27;[36mo.s.b.f.s.DefaultListableBeanFactory    &amp#27;[0;39m &amp#27;[2m:&amp#27;[0;39m Autowiring by type from bean name 'pollutantsController' via constructor to bean named 'pollutantsService'
&amp#27;[2m2024-11-30T12:00:52.777+01:00&amp#27;[0;39m &amp#27;[32mDEBUG&amp#27;[0;39m &amp#27;[35m7864&amp#27;[0;39m &amp#27;[2m---&amp#27;[0;39m &amp#27;[2m[           main]&amp#27;[0;39m &amp#27;[2m&amp#27;[0;39m&amp#27;[36mo.s.b.f.s.DefaultListableBeanFactory    &amp#27;[0;39m &amp#27;[2m:&amp#27;[0;39m Creating shared instance of singleton bean 'privilegesController'
&amp#27;[2m2024-11-30T12:00:52.778+01:00&amp#27;[0;39m &amp#27;[32mDEBUG&amp#27;[0;39m &amp#27;[35m7864&amp#27;[0;39m &amp#27;[2m---&amp#27;[0;39m &amp#27;[2m[           main]&amp#27;[0;39m &amp#27;[2m&amp#27;[0;39m&amp#27;[36mo.s.b.f.s.DefaultListableBeanFactory    &amp#27;[0;39m &amp#27;[2m:&amp#27;[0;39m Creating shared instance of singleton bean 'privilegesService'
&amp#27;[2m2024-11-30T12:00:52.778+01:00&amp#27;[0;39m &amp#27;[32mDEBUG&amp#27;[0;39m &amp#27;[35m7864&amp#27;[0;39m &amp#27;[2m---&amp#27;[0;39m &amp#27;[2m[           main]&amp#27;[0;39m &amp#27;[2m&amp#27;[0;39m&amp#27;[36mo.s.b.f.s.DefaultListableBeanFactory    &amp#27;[0;39m &amp#27;[2m:&amp#27;[0;39m Creating shared instance of singleton bean 'privilegesRepo'
&amp#27;[2m2024-11-30T12:00:52.781+01:00&amp#27;[0;39m &amp#27;[32mDEBUG&amp#27;[0;39m &amp#27;[35m7864&amp#27;[0;39m &amp#27;[2m---&amp#27;[0;39m &amp#27;[2m[           main]&amp#27;[0;39m &amp#27;[2m&amp#27;[0;39m&amp#27;[36mo.s.b.f.s.DefaultListableBeanFactory    &amp#27;[0;39m &amp#27;[2m:&amp#27;[0;39m Creating shared instance of singleton bean 'jpa.named-queries#5'
&amp#27;[2m2024-11-30T12:00:52.781+01:00&amp#27;[0;39m &amp#27;[32mDEBUG&amp#27;[0;39m &amp#27;[35m7864&amp#27;[0;39m &amp#27;[2m---&amp#27;[0;39m &amp#27;[2m[           main]&amp#27;[0;39m &amp#27;[2m&amp#27;[0;39m&amp#27;[36mo.s.b.f.s.DefaultListableBeanFactory    &amp#27;[0;39m &amp#27;[2m:&amp#27;[0;39m Creating shared instance of singleton bean 'jpa.PrivilegesRepo.fragments#0'
&amp#27;[2m2024-11-30T12:00:52.782+01:00&amp#27;[0;39m &amp#27;[32mDEBUG&amp#27;[0;39m &amp#27;[35m7864&amp#27;[0;39m &amp#27;[2m---&amp#27;[0;39m &amp#27;[2m[           main]&amp#27;[0;39m &amp#27;[2m&amp#27;[0;39m&amp#27;[36mtor$SharedEntityManagerInvocationHandler&amp#27;[0;39m &amp#27;[2m:&amp#27;[0;39m Creating new EntityManager for shared EntityManager invocation
&amp#27;[2m2024-11-30T12:00:52.814+01:00&amp#27;[0;39m &amp#27;[32mDEBUG&amp#27;[0;39m &amp#27;[35m7864&amp#27;[0;39m &amp#27;[2m---&amp#27;[0;39m &amp#27;[2m[           main]&amp#27;[0;39m &amp#27;[2m&amp#27;[0;39m&amp#27;[36mo.s.d.r.c.s.RepositoryFactorySupport    &amp#27;[0;39m &amp#27;[2m:&amp#27;[0;39m Initializing repository instance for com.misight.repository.PrivilegesRepo…
&amp#27;[2m2024-11-30T12:00:52.816+01:00&amp#27;[0;39m &amp#27;[32mDEBUG&amp#27;[0;39m &amp#27;[35m7864&amp#27;[0;39m &amp#27;[2m---&amp#27;[0;39m &amp#27;[2m[           main]&amp#27;[0;39m &amp#27;[2m&amp#27;[0;39m&amp#27;[36mtor$SharedEntityManagerInvocationHandler&amp#27;[0;39m &amp#27;[2m:&amp#27;[0;39m Creating new EntityManager for shared EntityManager invocation
&amp#27;[2m2024-11-30T12:00:52.828+01:00&amp#27;[0;39m &amp#27;[32mDEBUG&amp#27;[0;39m &amp#27;[35m7864&amp#27;[0;39m &amp#27;[2m---&amp#27;[0;39m &amp#27;[2m[           main]&amp#27;[0;39m &amp#27;[2m&amp#27;[0;39m&amp#27;[36mo.s.d.jpa.repository.query.NamedQuery   &amp#27;[0;39m &amp#27;[2m:&amp#27;[0;39m Looking up named query Privileges.existsByName
&amp#27;[2m2024-11-30T12:00:52.828+01:00&amp#27;[0;39m &amp#27;[32mDEBUG&amp#27;[0;39m &amp#27;[35m7864&amp#27;[0;39m &amp#27;[2m---&amp#27;[0;39m &amp#27;[2m[           main]&amp#27;[0;39m &amp#27;[2m&amp#27;[0;39m&amp#27;[36mo.s.d.jpa.repository.query.NamedQuery   &amp#27;[0;39m &amp#27;[2m:&amp#27;[0;39m Did not find named query Privileges.existsByName
&amp#27;[2m2024-11-30T12:00:52.829+01:00&amp#27;[0;39m &amp#27;[32mDEBUG&amp#27;[0;39m &amp#27;[35m7864&amp#27;[0;39m &amp#27;[2m---&amp#27;[0;39m &amp#27;[2m[           main]&amp#27;[0;39m &amp#27;[2m&amp#27;[0;39m&amp#27;[36mtor$SharedEntityManagerInvocationHandler&amp#27;[0;39m &amp#27;[2m:&amp#27;[0;39m Creating new EntityManager for shared EntityManager invocation
&amp#27;[2m2024-11-30T12:00:52.832+01:00&amp#27;[0;39m &amp#27;[32mDEBUG&amp#27;[0;39m &amp#27;[35m7864&amp#27;[0;39m &amp#27;[2m---&amp#27;[0;39m &amp#27;[2m[           main]&amp#27;[0;39m &amp#27;[2m&amp#27;[0;39m&amp#27;[36mo.s.d.jpa.repository.query.NamedQuery   &amp#27;[0;39m &amp#27;[2m:&amp#27;[0;39m Looking up named query Privileges.findByNameIn
&amp#27;[2m2024-11-30T12:00:52.832+01:00&amp#27;[0;39m &amp#27;[32mDEBUG&amp#27;[0;39m &amp#27;[35m7864&amp#27;[0;39m &amp#27;[2m---&amp#27;[0;39m &amp#27;[2m[           main]&amp#27;[0;39m &amp#27;[2m&amp#27;[0;39m&amp#27;[36mo.s.d.jpa.repository.query.NamedQuery   &amp#27;[0;39m &amp#27;[2m:&amp#27;[0;39m Did not find named query Privileges.findByNameIn
&amp#27;[2m2024-11-30T12:00:52.832+01:00&amp#27;[0;39m &amp#27;[32mDEBUG&amp#27;[0;39m &amp#27;[35m7864&amp#27;[0;39m &amp#27;[2m---&amp#27;[0;39m &amp#27;[2m[           main]&amp#27;[0;39m &amp#27;[2m&amp#27;[0;39m&amp#27;[36mtor$SharedEntityManagerInvocationHandler&amp#27;[0;39m &amp#27;[2m:&amp#27;[0;39m Creating new EntityManager for shared EntityManager invocation
&amp#27;[2m2024-11-30T12:00:52.835+01:00&amp#27;[0;39m &amp#27;[32mDEBUG&amp#27;[0;39m &amp#27;[35m7864&amp#27;[0;39m &amp#27;[2m---&amp#27;[0;39m &amp#27;[2m[           main]&amp#27;[0;39m &amp#27;[2m&amp#27;[0;39m&amp#27;[36mo.s.d.jpa.repository.query.NamedQuery   &amp#27;[0;39m &amp#27;[2m:&amp#27;[0;39m Looking up named query Privileges.findByName
&amp#27;[2m2024-11-30T12:00:52.836+01:00&amp#27;[0;39m &amp#27;[32mDEBUG&amp#27;[0;39m &amp#27;[35m7864&amp#27;[0;39m &amp#27;[2m---&amp#27;[0;39m &amp#27;[2m[           main]&amp#27;[0;39m &amp#27;[2m&amp#27;[0;39m&amp#27;[36mo.s.d.jpa.repository.query.NamedQuery   &amp#27;[0;39m &amp#27;[2m:&amp#27;[0;39m Did not find named query Privileges.findByName
&amp#27;[2m2024-11-30T12:00:52.836+01:00&amp#27;[0;39m &amp#27;[32mDEBUG&amp#27;[0;39m &amp#27;[35m7864&amp#27;[0;39m &amp#27;[2m---&amp#27;[0;39m &amp#27;[2m[           main]&amp#27;[0;39m &amp#27;[2m&amp#27;[0;39m&amp#27;[36mtor$SharedEntityManagerInvocationHandler&amp#27;[0;39m &amp#27;[2m:&amp#27;[0;39m Creating new EntityManager for shared EntityManager invocation
&amp#27;[2m2024-11-30T12:00:52.839+01:00&amp#27;[0;39m &amp#27;[32mDEBUG&amp#27;[0;39m &amp#27;[35m7864&amp#27;[0;39m &amp#27;[2m---&amp#27;[0;39m &amp#27;[2m[           main]&amp#27;[0;39m &amp#27;[2m&amp#27;[0;39m&amp#27;[36mo.s.d.r.c.s.RepositoryFactorySupport    &amp#27;[0;39m &amp#27;[2m:&amp#27;[0;39m Finished creation of repository instance for com.misight.repository.PrivilegesRepo.
&amp#27;[2m2024-11-30T12:00:52.839+01:00&amp#27;[0;39m &amp#27;[32mDEBUG&amp#27;[0;39m &amp#27;[35m7864&amp#27;[0;39m &amp#27;[2m---&amp#27;[0;39m &amp#27;[2m[           main]&amp#27;[0;39m &amp#27;[2m&amp#27;[0;39m&amp#27;[36mo.s.b.f.s.DefaultListableBeanFactory    &amp#27;[0;39m &amp#27;[2m:&amp#27;[0;39m Autowiring by type from bean name 'privilegesService' via constructor to bean named 'privilegesRepo'
&amp#27;[2m2024-11-30T12:00:52.850+01:00&amp#27;[0;39m &amp#27;[32mDEBUG&amp#27;[0;39m &amp#27;[35m7864&amp#27;[0;39m &amp#27;[2m---&amp#27;[0;39m &amp#27;[2m[           main]&amp#27;[0;39m &amp#27;[2m&amp#27;[0;39m&amp#27;[36mo.s.b.f.s.DefaultListableBeanFactory    &amp#27;[0;39m &amp#27;[2m:&amp#27;[0;39m Autowiring by type from bean name 'privilegesController' via constructor to bean named 'privilegesService'
&amp#27;[2m2024-11-30T12:00:52.853+01:00&amp#27;[0;39m &amp#27;[32mDEBUG&amp#27;[0;39m &amp#27;[35m7864&amp#27;[0;39m &amp#27;[2m---&amp#27;[0;39m &amp#27;[2m[           main]&amp#27;[0;39m &amp#27;[2m&amp#27;[0;39m&amp#27;[36mo.s.b.f.s.DefaultListableBeanFactory    &amp#27;[0;39m &amp#27;[2m:&amp#27;[0;39m Creating shared instance of singleton bean 'provincesController'
&amp#27;[2m2024-11-30T12:00:52.855+01:00&amp#27;[0;39m &amp#27;[32mDEBUG&amp#27;[0;39m &amp#27;[35m7864&amp#27;[0;39m &amp#27;[2m---&amp#27;[0;39m &amp#27;[2m[           main]&amp#27;[0;39m &amp#27;[2m&amp#27;[0;39m&amp#27;[36mo.s.b.f.s.DefaultListableBeanFactory    &amp#27;[0;39m &amp#27;[2m:&amp#27;[0;39m Creating shared instance of singleton bean 'provincesService'
&amp#27;[2m2024-11-30T12:00:52.855+01:00&amp#27;[0;39m &amp#27;[32mDEBUG&amp#27;[0;39m &amp#27;[35m7864&amp#27;[0;39m &amp#27;[2m---&amp#27;[0;39m &amp#27;[2m[           main]&amp#27;[0;39m &amp#27;[2m&amp#27;[0;39m&amp#27;[36mo.s.b.f.s.DefaultListableBeanFactory    &amp#27;[0;39m &amp#27;[2m:&amp#27;[0;39m Creating shared instance of singleton bean 'provincesRepo'
&amp#27;[2m2024-11-30T12:00:52.857+01:00&amp#27;[0;39m &amp#27;[32mDEBUG&amp#27;[0;39m &amp#27;[35m7864&amp#27;[0;39m &amp#27;[2m---&amp#27;[0;39m &amp#27;[2m[           main]&amp#27;[0;39m &amp#27;[2m&amp#27;[0;39m&amp#27;[36mo.s.b.f.s.DefaultListableBeanFactory    &amp#27;[0;39m &amp#27;[2m:&amp#27;[0;39m Creating shared instance of singleton bean 'jpa.named-queries#3'
&amp#27;[2m2024-11-30T12:00:52.859+01:00&amp#27;[0;39m &amp#27;[32mDEBUG&amp#27;[0;39m &amp#27;[35m7864&amp#27;[0;39m &amp#27;[2m---&amp#27;[0;39m &amp#27;[2m[           main]&amp#27;[0;39m &amp#27;[2m&amp#27;[0;39m&amp#27;[36mo.s.b.f.s.DefaultListableBeanFactory    &amp#27;[0;39m &amp#27;[2m:&amp#27;[0;39m Creating shared instance of singleton bean 'jpa.ProvincesRepo.fragments#0'
&amp#27;[2m2024-11-30T12:00:52.860+01:00&amp#27;[0;39m &amp#27;[32mDEBUG&amp#27;[0;39m &amp#27;[35m7864&amp#27;[0;39m &amp#27;[2m---&amp#27;[0;39m &amp#27;[2m[           main]&amp#27;[0;39m &amp#27;[2m&amp#27;[0;39m&amp#27;[36mtor$SharedEntityManagerInvocationHandler&amp#27;[0;39m &amp#27;[2m:&amp#27;[0;39m Creating new EntityManager for shared EntityManager invocation
&amp#27;[2m2024-11-30T12:00:52.861+01:00&amp#27;[0;39m &amp#27;[32mDEBUG&amp#27;[0;39m &amp#27;[35m7864&amp#27;[0;39m &amp#27;[2m---&amp#27;[0;39m &amp#27;[2m[           main]&amp#27;[0;39m &amp#27;[2m&amp#27;[0;39m&amp#27;[36mo.s.d.r.c.s.RepositoryFactorySupport    &amp#27;[0;39m &amp#27;[2m:&amp#27;[0;39m Initializing repository instance for com.misight.repository.ProvincesRepo…
&amp#27;[2m2024-11-30T12:00:52.863+01:00&amp#27;[0;39m &amp#27;[32mDEBUG&amp#27;[0;39m &amp#27;[35m7864&amp#27;[0;39m &amp#27;[2m---&amp#27;[0;39m &amp#27;[2m[           main]&amp#27;[0;39m &amp#27;[2m&amp#27;[0;39m&amp#27;[36mtor$SharedEntityManagerInvocationHandler&amp#27;[0;39m &amp#27;[2m:&amp#27;[0;39m Creating new EntityManager for shared EntityManager invocation
&amp#27;[2m2024-11-30T12:00:52.878+01:00&amp#27;[0;39m &amp#27;[32mDEBUG&amp#27;[0;39m &amp#27;[35m7864&amp#27;[0;39m &amp#27;[2m---&amp#27;[0;39m &amp#27;[2m[           main]&amp#27;[0;39m &amp#27;[2m&amp#27;[0;39m&amp#27;[36mo.s.d.jpa.repository.query.NamedQuery   &amp#27;[0;39m &amp#27;[2m:&amp#27;[0;39m Did not find named query Provinces.findAllBasic.count
&amp#27;[2m2024-11-30T12:00:52.878+01:00&amp#27;[0;39m &amp#27;[32mDEBUG&amp#27;[0;39m &amp#27;[35m7864&amp#27;[0;39m &amp#27;[2m---&amp#27;[0;39m &amp#27;[2m[           main]&amp#27;[0;39m &amp#27;[2m&amp#27;[0;39m&amp#27;[36mtor$SharedEntityManagerInvocationHandler&amp#27;[0;39m &amp#27;[2m:&amp#27;[0;39m Creating new EntityManager for shared EntityManager invocation
&amp#27;[2m2024-11-30T12:00:52.880+01:00&amp#27;[0;39m &amp#27;[32mDEBUG&amp#27;[0;39m &amp#27;[35m7864&amp#27;[0;39m &amp#27;[2m---&amp#27;[0;39m &amp#27;[2m[           main]&amp#27;[0;39m &amp#27;[2m&amp#27;[0;39m&amp#27;[36mo.s.d.jpa.repository.query.NamedQuery   &amp#27;[0;39m &amp#27;[2m:&amp#27;[0;39m Looking up named query Provinces.existsByNameIgnoreCase
&amp#27;[2m2024-11-30T12:00:52.881+01:00&amp#27;[0;39m &amp#27;[32mDEBUG&amp#27;[0;39m &amp#27;[35m7864&amp#27;[0;39m &amp#27;[2m---&amp#27;[0;39m &amp#27;[2m[           main]&amp#27;[0;39m &amp#27;[2m&amp#27;[0;39m&amp#27;[36mo.s.d.jpa.repository.query.NamedQuery   &amp#27;[0;39m &amp#27;[2m:&amp#27;[0;39m Did not find named query Provinces.existsByNameIgnoreCase
&amp#27;[2m2024-11-30T12:00:52.881+01:00&amp#27;[0;39m &amp#27;[32mDEBUG&amp#27;[0;39m &amp#27;[35m7864&amp#27;[0;39m &amp#27;[2m---&amp#27;[0;39m &amp#27;[2m[           main]&amp#27;[0;39m &amp#27;[2m&amp#27;[0;39m&amp#27;[36mtor$SharedEntityManagerInvocationHandler&amp#27;[0;39m &amp#27;[2m:&amp#27;[0;39m Creating new EntityManager for shared EntityManager invocation
&amp#27;[2m2024-11-30T12:00:52.886+01:00&amp#27;[0;39m &amp#27;[32mDEBUG&amp#27;[0;39m &amp#27;[35m7864&amp#27;[0;39m &amp#27;[2m---&amp#27;[0;39m &amp#27;[2m[           main]&amp#27;[0;39m &amp#27;[2m&amp#27;[0;39m&amp#27;[36mo.s.d.jpa.repository.query.NamedQuery   &amp#27;[0;39m &amp#27;[2m:&amp#27;[0;39m Did not find named query Provinces.findByIdWithMines.count
&amp#27;[2m2024-11-30T12:00:52.886+01:00&amp#27;[0;39m &amp#27;[32mDEBUG&amp#27;[0;39m &amp#27;[35m7864&amp#27;[0;39m &amp#27;[2m---&amp#27;[0;39m &amp#27;[2m[           main]&amp#27;[0;39m &amp#27;[2m&amp#27;[0;39m&amp#27;[36mtor$SharedEntityManagerInvocationHandler&amp#27;[0;39m &amp#27;[2m:&amp#27;[0;39m Creating new EntityManager for shared EntityManager invocation
&amp#27;[2m2024-11-30T12:00:52.891+01:00&amp#27;[0;39m &amp#27;[32mDEBUG&amp#27;[0;39m &amp#27;[35m7864&amp#27;[0;39m &amp#27;[2m---&amp#27;[0;39m &amp#27;[2m[           main]&amp#27;[0;39m &amp#27;[2m&amp#27;[0;39m&amp#27;[36mo.s.d.jpa.repository.query.NamedQuery   &amp#27;[0;39m &amp#27;[2m:&amp#27;[0;39m Did not find named query Provinces.findByIdWithStations.count
&amp#27;[2m2024-11-30T12:00:52.892+01:00&amp#27;[0;39m &amp#27;[32mDEBUG&amp#27;[0;39m &amp#27;[35m7864&amp#27;[0;39m &amp#27;[2m---&amp#27;[0;39m &amp#27;[2m[           main]&amp#27;[0;39m &amp#27;[2m&amp#27;[0;39m&amp#27;[36mtor$SharedEntityManagerInvocationHandler&amp#27;[0;39m &amp#27;[2m:&amp#27;[0;39m Creating new EntityManager for shared EntityManager invocation
&amp#27;[2m2024-11-30T12:00:52.895+01:00&amp#27;[0;39m &amp#27;[32mDEBUG&amp#27;[0;39m &amp#27;[35m7864&amp#27;[0;39m &amp#27;[2m---&amp#27;[0;39m &amp#27;[2m[           main]&amp#27;[0;39m &amp#27;[2m&amp#27;[0;39m&amp#27;[36mo.s.d.jpa.repository.query.NamedQuery   &amp#27;[0;39m &amp#27;[2m:&amp#27;[0;39m Looking up named query Provinces.findByNameIgnoreCase
&amp#27;[2m2024-11-30T12:00:52.895+01:00&amp#27;[0;39m &amp#27;[32mDEBUG&amp#27;[0;39m &amp#27;[35m7864&amp#27;[0;39m &amp#27;[2m---&amp#27;[0;39m &amp#27;[2m[           main]&amp#27;[0;39m &amp#27;[2m&amp#27;[0;39m&amp#27;[36mo.s.d.jpa.repository.query.NamedQuery   &amp#27;[0;39m &amp#27;[2m:&amp#27;[0;39m Did not find named query Provinces.findByNameIgnoreCase
&amp#27;[2m2024-11-30T12:00:52.896+01:00&amp#27;[0;39m &amp#27;[32mDEBUG&amp#27;[0;39m &amp#27;[35m7864&amp#27;[0;39m &amp#27;[2m---&amp#27;[0;39m &amp#27;[2m[           main]&amp#27;[0;39m &amp#27;[2m&amp#27;[0;39m&amp#27;[36mtor$SharedEntityManagerInvocationHandler&amp#27;[0;39m &amp#27;[2m:&amp#27;[0;39m Creating new EntityManager for shared EntityManager invocation
&amp#27;[2m2024-11-30T12:00:52.904+01:00&amp#27;[0;39m &amp#27;[32mDEBUG&amp#27;[0;39m &amp#27;[35m7864&amp#27;[0;39m &amp#27;[2m---&amp#27;[0;39m &amp#27;[2m[           main]&amp#27;[0;39m &amp#27;[2m&amp#27;[0;39m&amp#27;[36mo.s.d.r.c.s.RepositoryFactorySupport    &amp#27;[0;39m &amp#27;[2m:&amp#27;[0;39m Finished creation of repository instance for com.misight.repository.ProvincesRepo.
&amp#27;[2m2024-11-30T12:00:52.904+01:00&amp#27;[0;39m &amp#27;[32mDEBUG&amp#27;[0;39m &amp#27;[35m7864&amp#27;[0;39m &amp#27;[2m---&amp#27;[0;39m &amp#27;[2m[           main]&amp#27;[0;39m &amp#27;[2m&amp#27;[0;39m&amp#27;[36mo.s.b.f.s.DefaultListableBeanFactory    &amp#27;[0;39m &amp#27;[2m:&amp#27;[0;39m Autowiring by type from bean name 'provincesService' via constructor to bean named 'provincesRepo'
&amp#27;[2m2024-11-30T12:00:52.911+01:00&amp#27;[0;39m &amp#27;[32mDEBUG&amp#27;[0;39m &amp#27;[35m7864&amp#27;[0;39m &amp#27;[2m---&amp#27;[0;39m &amp#27;[2m[           main]&amp#27;[0;39m &amp#27;[2m&amp#27;[0;39m&amp#27;[36mo.s.b.f.s.DefaultListableBeanFactory    &amp#27;[0;39m &amp#27;[2m:&amp#27;[0;39m Autowiring by type from bean name 'provincesController' via constructor to bean named 'provincesService'
&amp#27;[2m2024-11-30T12:00:52.912+01:00&amp#27;[0;39m &amp#27;[32mDEBUG&amp#27;[0;39m &amp#27;[35m7864&amp#27;[0;39m &amp#27;[2m---&amp#27;[0;39m &amp#27;[2m[           main]&amp#27;[0;39m &amp#27;[2m&amp#27;[0;39m&amp#27;[36mo.s.b.f.s.DefaultListableBeanFactory    &amp#27;[0;39m &amp#27;[2m:&amp#27;[0;39m Creating shared instance of singleton bean 'rootController'
&amp#27;[2m2024-11-30T12:00:52.914+01:00&amp#27;[0;39m &amp#27;[32mDEBUG&amp#27;[0;39m &amp#27;[35m7864&amp#27;[0;39m &amp#27;[2m---&amp#27;[0;39m &amp#27;[2m[           main]&amp#27;[0;39m &amp#27;[2m&amp#27;[0;39m&amp#27;[36mo.s.b.f.s.DefaultListableBeanFactory    &amp#27;[0;39m &amp#27;[2m:&amp#27;[0;39m Creating shared instance of singleton bean 'safetyDataController'
&amp#27;[2m2024-11-30T12:00:52.915+01:00&amp#27;[0;39m &amp#27;[32mDEBUG&amp#27;[0;39m &amp#27;[35m7864&amp#27;[0;39m &amp#27;[2m---&amp#27;[0;39m &amp#27;[2m[           main]&amp#27;[0;39m &amp#27;[2m&amp#27;[0;39m&amp#27;[36mo.s.b.f.s.DefaultListableBeanFactory    &amp#27;[0;39m &amp#27;[2m:&amp#27;[0;39m Creating shared instance of singleton bean 'safetyDataService'
&amp#27;[2m2024-11-30T12:00:52.916+01:00&amp#27;[0;39m &amp#27;[32mDEBUG&amp#27;[0;39m &amp#27;[35m7864&amp#27;[0;39m &amp#27;[2m---&amp#27;[0;39m &amp#27;[2m[           main]&amp#27;[0;39m &amp#27;[2m&amp#27;[0;39m&amp#27;[36mo.s.b.f.s.DefaultListableBeanFactory    &amp#27;[0;39m &amp#27;[2m:&amp#27;[0;39m Creating shared instance of singleton bean 'safetyDataRepo'
&amp#27;[2m2024-11-30T12:00:52.918+01:00&amp#27;[0;39m &amp#27;[32mDEBUG&amp#27;[0;39m &amp#27;[35m7864&amp#27;[0;39m &amp#27;[2m---&amp#27;[0;39m &amp#27;[2m[           main]&amp#27;[0;39m &amp#27;[2m&amp#27;[0;39m&amp#27;[36mo.s.b.f.s.DefaultListableBeanFactory    &amp#27;[0;39m &amp#27;[2m:&amp#27;[0;39m Creating shared instance of singleton bean 'jpa.named-queries#9'
&amp#27;[2m2024-11-30T12:00:52.920+01:00&amp#27;[0;39m &amp#27;[32mDEBUG&amp#27;[0;39m &amp#27;[35m7864&amp#27;[0;39m &amp#27;[2m---&amp#27;[0;39m &amp#27;[2m[           main]&amp#27;[0;39m &amp#27;[2m&amp#27;[0;39m&amp#27;[36mo.s.b.f.s.DefaultListableBeanFactory    &amp#27;[0;39m &amp#27;[2m:&amp#27;[0;39m Creating shared instance of singleton bean 'jpa.SafetyDataRepo.fragments#0'
&amp#27;[2m2024-11-30T12:00:52.920+01:00&amp#27;[0;39m &amp#27;[32mDEBUG&amp#27;[0;39m &amp#27;[35m7864&amp#27;[0;39m &amp#27;[2m---&amp#27;[0;39m &amp#27;[2m[           main]&amp#27;[0;39m &amp#27;[2m&amp#27;[0;39m&amp#27;[36mtor$SharedEntityManagerInvocationHandler&amp#27;[0;39m &amp#27;[2m:&amp#27;[0;39m Creating new EntityManager for shared EntityManager invocation
&amp#27;[2m2024-11-30T12:00:52.922+01:00&amp#27;[0;39m &amp#27;[32mDEBUG&amp#27;[0;39m &amp#27;[35m7864&amp#27;[0;39m &amp#27;[2m---&amp#27;[0;39m &amp#27;[2m[           main]&amp#27;[0;39m &amp#27;[2m&amp#27;[0;39m&amp#27;[36mo.s.d.r.c.s.RepositoryFactorySupport    &amp#27;[0;39m &amp#27;[2m:&amp#27;[0;39m Initializing repository instance for com.misight.repository.SafetyDataRepo…
&amp#27;[2m2024-11-30T12:00:52.923+01:00&amp#27;[0;39m &amp#27;[32mDEBUG&amp#27;[0;39m &amp#27;[35m7864&amp#27;[0;39m &amp#27;[2m---&amp#27;[0;39m &amp#27;[2m[           main]&amp#27;[0;39m &amp#27;[2m&amp#27;[0;39m&amp#27;[36mtor$SharedEntityManagerInvocationHandler&amp#27;[0;39m &amp#27;[2m:&amp#27;[0;39m Creating new EntityManager for shared EntityManager invocation
&amp#27;[2m2024-11-30T12:00:52.945+01:00&amp#27;[0;39m &amp#27;[32mDEBUG&amp#27;[0;39m &amp#27;[35m7864&amp#27;[0;39m &amp#27;[2m---&amp#27;[0;39m &amp#27;[2m[           main]&amp#27;[0;39m &amp#27;[2m&amp#27;[0;39m&amp#27;[36mo.s.d.jpa.repository.query.NamedQuery   &amp#27;[0;39m &amp#27;[2m:&amp#27;[0;39m Did not find named query SafetyData.findByMineIdAndDateRange.count
&amp#27;[2m2024-11-30T12:00:52.946+01:00&amp#27;[0;39m &amp#27;[32mDEBUG&amp#27;[0;39m &amp#27;[35m7864&amp#27;[0;39m &amp#27;[2m---&amp#27;[0;39m &amp#27;[2m[           main]&amp#27;[0;39m &amp#27;[2m&amp#27;[0;39m&amp#27;[36mtor$SharedEntityManagerInvocationHandler&amp#27;[0;39m &amp#27;[2m:&amp#27;[0;39m Creating new EntityManager for shared EntityManager invocation
&amp#27;[2m2024-11-30T12:00:52.953+01:00&amp#27;[0;39m &amp#27;[32mDEBUG&amp#27;[0;39m &amp#27;[35m7864&amp#27;[0;39m &amp#27;[2m---&amp#27;[0;39m &amp#27;[2m[           main]&amp#27;[0;39m &amp#27;[2m&amp#27;[0;39m&amp#27;[36mo.s.d.jpa.repository.query.NamedQuery   &amp#27;[0;39m &amp#27;[2m:&amp#27;[0;39m Looking up named query SafetyData.findByMineId
&amp#27;[2m2024-11-30T12:00:52.954+01:00&amp#27;[0;39m &amp#27;[32mDEBUG&amp#27;[0;39m &amp#27;[35m7864&amp#27;[0;39m &amp#27;[2m---&amp#27;[0;39m &amp#27;[2m[           main]&amp#27;[0;39m &amp#27;[2m&amp#27;[0;39m&amp#27;[36mo.s.d.jpa.repository.query.NamedQuery   &amp#27;[0;39m &amp#27;[2m:&amp#27;[0;39m Did not find named query SafetyData.findByMineId
&amp#27;[2m2024-11-30T12:00:52.954+01:00&amp#27;[0;39m &amp#27;[32mDEBUG&amp#27;[0;39m &amp#27;[35m7864&amp#27;[0;39m &amp#27;[2m---&amp#27;[0;39m &amp#27;[2m[           main]&amp#27;[0;39m &amp#27;[2m&amp#27;[0;39m&amp#27;[36mtor$SharedEntityManagerInvocationHandler&amp#27;[0;39m &amp#27;[2m:&amp#27;[0;39m Creating new EntityManager for shared EntityManager invocation
&amp#27;[2m2024-11-30T12:00:52.956+01:00&amp#27;[0;39m &amp#27;[32mDEBUG&amp#27;[0;39m &amp#27;[35m7864&amp#27;[0;39m &amp#27;[2m---&amp#27;[0;39m &amp#27;[2m[           main]&amp#27;[0;39m &amp#27;[2m&amp#27;[0;39m&amp#27;[36mo.s.d.jpa.repository.query.NamedQuery   &amp#27;[0;39m &amp#27;[2m:&amp#27;[0;39m Looking up named query SafetyData.findByDateRecordedBetween
&amp#27;[2m2024-11-30T12:00:52.956+01:00&amp#27;[0;39m &amp#27;[32mDEBUG&amp#27;[0;39m &amp#27;[35m7864&amp#27;[0;39m &amp#27;[2m---&amp#27;[0;39m &amp#27;[2m[           main]&amp#27;[0;39m &amp#27;[2m&amp#27;[0;39m&amp#27;[36mo.s.d.jpa.repository.query.NamedQuery   &amp#27;[0;39m &amp#27;[2m:&amp#27;[0;39m Did not find named query SafetyData.findByDateRecordedBetween
&amp#27;[2m2024-11-30T12:00:52.956+01:00&amp#27;[0;39m &amp#27;[32mDEBUG&amp#27;[0;39m &amp#27;[35m7864&amp#27;[0;39m &amp#27;[2m---&amp#27;[0;39m &amp#27;[2m[           main]&amp#27;[0;39m &amp#27;[2m&amp#27;[0;39m&amp#27;[36mtor$SharedEntityManagerInvocationHandler&amp#27;[0;39m &amp#27;[2m:&amp#27;[0;39m Creating new EntityManager for shared EntityManager invocation
&amp#27;[2m2024-11-30T12:00:52.964+01:00&amp#27;[0;39m &amp#27;[32mDEBUG&amp#27;[0;39m &amp#27;[35m7864&amp#27;[0;39m &amp#27;[2m---&amp#27;[0;39m &amp#27;[2m[           main]&amp#27;[0;39m &amp#27;[2m&amp#27;[0;39m&amp#27;[36mo.s.d.r.c.s.RepositoryFactorySupport    &amp#27;[0;39m &amp#27;[2m:&amp#27;[0;39m Finished creation of repository instance for com.misight.repository.SafetyDataRepo.
&amp#27;[2m2024-11-30T12:00:52.967+01:00&amp#27;[0;39m &amp#27;[32mDEBUG&amp#27;[0;39m &amp#27;[35m7864&amp#27;[0;39m &amp#27;[2m---&amp#27;[0;39m &amp#27;[2m[           main]&amp#27;[0;39m &amp#27;[2m&amp#27;[0;39m&amp#27;[36mo.s.b.f.s.DefaultListableBeanFactory    &amp#27;[0;39m &amp#27;[2m:&amp#27;[0;39m Autowiring by type from bean name 'safetyDataService' via constructor to bean named 'safetyDataRepo'
&amp#27;[2m2024-11-30T12:00:52.967+01:00&amp#27;[0;39m &amp#27;[32mDEBUG&amp#27;[0;39m &amp#27;[35m7864&amp#27;[0;39m &amp#27;[2m---&amp#27;[0;39m &amp#27;[2m[           main]&amp#27;[0;39m &amp#27;[2m&amp#27;[0;39m&amp#27;[36mo.s.b.f.s.DefaultListableBeanFactory    &amp#27;[0;39m &amp#27;[2m:&amp#27;[0;39m Autowiring by type from bean name 'safetyDataService' via constructor to bean named 'minesRepo'
&amp#27;[2m2024-11-30T12:00:52.983+01:00&amp#27;[0;39m &amp#27;[32mDEBUG&amp#27;[0;39m &amp#27;[35m7864&amp#27;[0;39m &amp#27;[2m---&amp#27;[0;39m &amp#27;[2m[           main]&amp#27;[0;39m &amp#27;[2m&amp#27;[0;39m&amp#27;[36mo.s.b.f.s.DefaultListableBeanFactory    &amp#27;[0;39m &amp#27;[2m:&amp#27;[0;39m Autowiring by type from bean name 'safetyDataController' via constructor to bean named 'safetyDataService'
&amp#27;[2m2024-11-30T12:00:52.984+01:00&amp#27;[0;39m &amp#27;[32mDEBUG&amp#27;[0;39m &amp#27;[35m7864&amp#27;[0;39m &amp#27;[2m---&amp#27;[0;39m &amp#27;[2m[           main]&amp#27;[0;39m &amp#27;[2m&amp#27;[0;39m&amp#27;[36mo.s.b.f.s.DefaultListableBeanFactory    &amp#27;[0;39m &amp#27;[2m:&amp#27;[0;39m Creating shared instance of singleton bean 'userController'
&amp#27;[2m2024-11-30T12:00:52.985+01:00&amp#27;[0;39m &amp#27;[32mDEBUG&amp#27;[0;39m &amp#27;[35m7864&amp#27;[0;39m &amp#27;[2m---&amp#27;[0;39m &amp#27;[2m[           main]&amp#27;[0;39m &amp#27;[2m&amp#27;[0;39m&amp#27;[36mo.s.b.f.s.DefaultListableBeanFactory    &amp#27;[0;39m &amp#27;[2m:&amp#27;[0;39m Creating shared instance of singleton bean 'userService'
&amp#27;[2m2024-11-30T12:00:52.985+01:00&amp#27;[0;39m &amp#27;[32mDEBUG&amp#27;[0;39m &amp#27;[35m7864&amp#27;[0;39m &amp#27;[2m---&amp#27;[0;39m &amp#27;[2m[           main]&amp#27;[0;39m &amp#27;[2m&amp#27;[0;39m&amp#27;[36mo.s.b.f.s.DefaultListableBeanFactory    &amp#27;[0;39m &amp#27;[2m:&amp#27;[0;39m Creating shared instance of singleton bean 'userRepo'
&amp#27;[2m2024-11-30T12:00:52.989+01:00&amp#27;[0;39m &amp#27;[32mDEBUG&amp#27;[0;39m &amp#27;[35m7864&amp#27;[0;39m &amp#27;[2m---&amp#27;[0;39m &amp#27;[2m[           main]&amp#27;[0;39m &amp#27;[2m&amp#27;[0;39m&amp#27;[36mo.s.b.f.s.DefaultListableBeanFactory    &amp#27;[0;39m &amp#27;[2m:&amp#27;[0;39m Creating shared instance of singleton bean 'jpa.named-queries#1'
&amp#27;[2m2024-11-30T12:00:52.989+01:00&amp#27;[0;39m &amp#27;[32mDEBUG&amp#27;[0;39m &amp#27;[35m7864&amp#27;[0;39m &amp#27;[2m---&amp#27;[0;39m &amp#27;[2m[           main]&amp#27;[0;39m &amp#27;[2m&amp#27;[0;39m&amp#27;[36mo.s.b.f.s.DefaultListableBeanFactory    &amp#27;[0;39m &amp#27;[2m:&amp#27;[0;39m Creating shared instance of singleton bean 'jpa.UserRepo.fragments#0'
&amp#27;[2m2024-11-30T12:00:52.990+01:00&amp#27;[0;39m &amp#27;[32mDEBUG&amp#27;[0;39m &amp#27;[35m7864&amp#27;[0;39m &amp#27;[2m---&amp#27;[0;39m &amp#27;[2m[           main]&amp#27;[0;39m &amp#27;[2m&amp#27;[0;39m&amp#27;[36mtor$SharedEntityManagerInvocationHandler&amp#27;[0;39m &amp#27;[2m:&amp#27;[0;39m Creating new EntityManager for shared EntityManager invocation
&amp#27;[2m2024-11-30T12:00:52.992+01:00&amp#27;[0;39m &amp#27;[32mDEBUG&amp#27;[0;39m &amp#27;[35m7864&amp#27;[0;39m &amp#27;[2m---&amp#27;[0;39m &amp#27;[2m[           main]&amp#27;[0;39m &amp#27;[2m&amp#27;[0;39m&amp#27;[36mo.s.d.r.c.s.RepositoryFactorySupport    &amp#27;[0;39m &amp#27;[2m:&amp#27;[0;39m Initializing repository instance for com.misight.repository.UserRepo…
&amp#27;[2m2024-11-30T12:00:52.993+01:00&amp#27;[0;39m &amp#27;[32mDEBUG&amp#27;[0;39m &amp#27;[35m7864&amp#27;[0;39m &amp#27;[2m---&amp#27;[0;39m &amp#27;[2m[           main]&amp#27;[0;39m &amp#27;[2m&amp#27;[0;39m&amp#27;[36mtor$SharedEntityManagerInvocationHandler&amp#27;[0;39m &amp#27;[2m:&amp#27;[0;39m Creating new EntityManager for shared EntityManager invocation
&amp#27;[2m2024-11-30T12:00:52.998+01:00&amp#27;[0;39m &amp#27;[32mDEBUG&amp#27;[0;39m &amp#27;[35m7864&amp#27;[0;39m &amp#27;[2m---&amp#27;[0;39m &amp#27;[2m[           main]&amp#27;[0;39m &amp#27;[2m&amp#27;[0;39m&amp#27;[36mo.s.d.jpa.repository.query.NamedQuery   &amp#27;[0;39m &amp#27;[2m:&amp#27;[0;39m Looking up named query User.existsByUsername
&amp#27;[2m2024-11-30T12:00:52.999+01:00&amp#27;[0;39m &amp#27;[32mDEBUG&amp#27;[0;39m &amp#27;[35m7864&amp#27;[0;39m &amp#27;[2m---&amp#27;[0;39m &amp#27;[2m[           main]&amp#27;[0;39m &amp#27;[2m&amp#27;[0;39m&amp#27;[36mo.s.d.jpa.repository.query.NamedQuery   &amp#27;[0;39m &amp#27;[2m:&amp#27;[0;39m Did not find named query User.existsByUsername
&amp#27;[2m2024-11-30T12:00:52.999+01:00&amp#27;[0;39m &amp#27;[32mDEBUG&amp#27;[0;39m &amp#27;[35m7864&amp#27;[0;39m &amp#27;[2m---&amp#27;[0;39m &amp#27;[2m[           main]&amp#27;[0;39m &amp#27;[2m&amp#27;[0;39m&amp#27;[36mtor$SharedEntityManagerInvocationHandler&amp#27;[0;39m &amp#27;[2m:&amp#27;[0;39m Creating new EntityManager for shared EntityManager invocation
&amp#27;[2m2024-11-30T12:00:53.015+01:00&amp#27;[0;39m &amp#27;[32mDEBUG&amp#27;[0;39m &amp#27;[35m7864&amp#27;[0;39m &amp#27;[2m---&amp#27;[0;39m &amp#27;[2m[           main]&amp#27;[0;39m &amp#27;[2m&amp#27;[0;39m&amp#27;[36mo.s.d.jpa.repository.query.NamedQuery   &amp#27;[0;39m &amp#27;[2m:&amp#27;[0;39m Did not find named query User.findByUsernameWithPrivileges.count
&amp#27;[2m2024-11-30T12:00:53.016+01:00&amp#27;[0;39m &amp#27;[32mDEBUG&amp#27;[0;39m &amp#27;[35m7864&amp#27;[0;39m &amp#27;[2m---&amp#27;[0;39m &amp#27;[2m[           main]&amp#27;[0;39m &amp#27;[2m&amp#27;[0;39m&amp#27;[36mtor$SharedEntityManagerInvocationHandler&amp#27;[0;39m &amp#27;[2m:&amp#27;[0;39m Creating new EntityManager for shared EntityManager invocation
&amp#27;[2m2024-11-30T12:00:53.018+01:00&amp#27;[0;39m &amp#27;[32mDEBUG&amp#27;[0;39m &amp#27;[35m7864&amp#27;[0;39m &amp#27;[2m---&amp#27;[0;39m &amp#27;[2m[           main]&amp#27;[0;39m &amp#27;[2m&amp#27;[0;39m&amp#27;[36mo.s.d.jpa.repository.query.NamedQuery   &amp#27;[0;39m &amp#27;[2m:&amp#27;[0;39m Looking up named query User.findByUsername
&amp#27;[2m2024-11-30T12:00:53.018+01:00&amp#27;[0;39m &amp#27;[32mDEBUG&amp#27;[0;39m &amp#27;[35m7864&amp#27;[0;39m &amp#27;[2m---&amp#27;[0;39m &amp#27;[2m[           main]&amp#27;[0;39m &amp#27;[2m&amp#27;[0;39m&amp#27;[36mo.s.d.jpa.repository.query.NamedQuery   &amp#27;[0;39m &amp#27;[2m:&amp#27;[0;39m Did not find named query User.findByUsername
&amp#27;[2m2024-11-30T12:00:53.018+01:00&amp#27;[0;39m &amp#27;[32mDEBUG&amp#27;[0;39m &amp#27;[35m7864&amp#27;[0;39m &amp#27;[2m---&amp#27;[0;39m &amp#27;[2m[           main]&amp#27;[0;39m &amp#27;[2m&amp#27;[0;39m&amp#27;[36mtor$SharedEntityManagerInvocationHandler&amp#27;[0;39m &amp#27;[2m:&amp#27;[0;39m Creating new EntityManager for shared EntityManager invocation
&amp#27;[2m2024-11-30T12:00:53.021+01:00&amp#27;[0;39m &amp#27;[32mDEBUG&amp#27;[0;39m &amp#27;[35m7864&amp#27;[0;39m &amp#27;[2m---&amp#27;[0;39m &amp#27;[2m[           main]&amp#27;[0;39m &amp#27;[2m&amp#27;[0;39m&amp#27;[36mo.s.d.r.c.s.RepositoryFactorySupport    &amp#27;[0;39m &amp#27;[2m:&amp#27;[0;39m Finished creation of repository instance for com.misight.repository.UserRepo.
&amp#27;[2m2024-11-30T12:00:53.022+01:00&amp#27;[0;39m &amp#27;[32mDEBUG&amp#27;[0;39m &amp#27;[35m7864&amp#27;[0;39m &amp#27;[2m---&amp#27;[0;39m &amp#27;[2m[           main]&amp#27;[0;39m &amp#27;[2m&amp#27;[0;39m&amp#27;[36mo.s.b.f.s.DefaultListableBeanFactory    &amp#27;[0;39m &amp#27;[2m:&amp#27;[0;39m Creating shared instance of singleton bean 'passwordEncoder'
&amp#27;[2m2024-11-30T12:00:53.029+01:00&amp#27;[0;39m &amp#27;[32mDEBUG&amp#27;[0;39m &amp#27;[35m7864&amp#27;[0;39m &amp#27;[2m---&amp#27;[0;39m &amp#27;[2m[           main]&amp#27;[0;39m &amp#27;[2m&amp#27;[0;39m&amp#27;[36mo.s.b.f.s.DefaultListableBeanFactory    &amp#27;[0;39m &amp#27;[2m:&amp#27;[0;39m Autowiring by type from bean name 'userService' via constructor to bean named 'userRepo'
&amp#27;[2m2024-11-30T12:00:53.029+01:00&amp#27;[0;39m &amp#27;[32mDEBUG&amp#27;[0;39m &amp#27;[35m7864&amp#27;[0;39m &amp#27;[2m---&amp#27;[0;39m &amp#27;[2m[           main]&amp#27;[0;39m &amp#27;[2m&amp#27;[0;39m&amp#27;[36mo.s.b.f.s.DefaultListableBeanFactory    &amp#27;[0;39m &amp#27;[2m:&amp#27;[0;39m Autowiring by type from bean name 'userService' via constructor to bean named 'privilegesRepo'
&amp#27;[2m2024-11-30T12:00:53.029+01:00&amp#27;[0;39m &amp#27;[32mDEBUG&amp#27;[0;39m &amp#27;[35m7864&amp#27;[0;39m &amp#27;[2m---&amp#27;[0;39m &amp#27;[2m[           main]&amp#27;[0;39m &amp#27;[2m&amp#27;[0;39m&amp#27;[36mo.s.b.f.s.DefaultListableBeanFactory    &amp#27;[0;39m &amp#27;[2m:&amp#27;[0;39m Autowiring by type from bean name 'userService' via constructor to bean named 'passwordEncoder'
&amp#27;[2m2024-11-30T12:00:53.055+01:00&amp#27;[0;39m &amp#27;[32mDEBUG&amp#27;[0;39m &amp#27;[35m7864&amp#27;[0;39m &amp#27;[2m---&amp#27;[0;39m &amp#27;[2m[           main]&amp#27;[0;39m &amp#27;[2m&amp#27;[0;39m&amp#27;[36mo.s.b.f.s.DefaultListableBeanFactory    &amp#27;[0;39m &amp#27;[2m:&amp#27;[0;39m Autowiring by type from bean name 'userController' via constructor to bean named 'userService'
&amp#27;[2m2024-11-30T12:00:53.056+01:00&amp#27;[0;39m &amp#27;[32mDEBUG&amp#27;[0;39m &amp#27;[35m7864&amp#27;[0;39m &amp#27;[2m---&amp#27;[0;39m &amp#27;[2m[           main]&amp#27;[0;39m &amp#27;[2m&amp#27;[0;39m&amp#27;[36mo.s.b.f.s.DefaultListableBeanFactory    &amp#27;[0;39m &amp#27;[2m:&amp#27;[0;39m Creating shared instance of singleton bean 'userPrivilegeController'
&amp#27;[2m2024-11-30T12:00:53.057+01:00&amp#27;[0;39m &amp#27;[32mDEBUG&amp#27;[0;39m &amp#27;[35m7864&amp#27;[0;39m &amp#27;[2m---&amp#27;[0;39m &amp#27;[2m[           main]&amp#27;[0;39m &amp#27;[2m&amp#27;[0;39m&amp#27;[36mo.s.b.f.s.DefaultListableBeanFactory    &amp#27;[0;39m &amp#27;[2m:&amp#27;[0;39m Creating shared instance of singleton bean 'userPrivilegeServiceImpl'
&amp#27;[2m2024-11-30T12:00:53.058+01:00&amp#27;[0;39m &amp#27;[32mDEBUG&amp#27;[0;39m &amp#27;[35m7864&amp#27;[0;39m &amp#27;[2m---&amp#27;[0;39m &amp#27;[2m[           main]&amp#27;[0;39m &amp#27;[2m&amp#27;[0;39m&amp#27;[36mo.s.b.f.s.DefaultListableBeanFactory    &amp#27;[0;39m &amp#27;[2m:&amp#27;[0;39m Creating shared instance of singleton bean 'userPrivilegeRepo'
&amp#27;[2m2024-11-30T12:00:53.060+01:00&amp#27;[0;39m &amp#27;[32mDEBUG&amp#27;[0;39m &amp#27;[35m7864&amp#27;[0;39m &amp#27;[2m---&amp#27;[0;39m &amp#27;[2m[           main]&amp#27;[0;39m &amp#27;[2m&amp#27;[0;39m&amp#27;[36mo.s.b.f.s.DefaultListableBeanFactory    &amp#27;[0;39m &amp#27;[2m:&amp#27;[0;39m Creating shared instance of singleton bean 'jpa.named-queries#6'
&amp#27;[2m2024-11-30T12:00:53.060+01:00&amp#27;[0;39m &amp#27;[32mDEBUG&amp#27;[0;39m &amp#27;[35m7864&amp#27;[0;39m &amp#27;[2m---&amp#27;[0;39m &amp#27;[2m[           main]&amp#27;[0;39m &amp#27;[2m&amp#27;[0;39m&amp#27;[36mo.s.b.f.s.DefaultListableBeanFactory    &amp#27;[0;39m &amp#27;[2m:&amp#27;[0;39m Creating shared instance of singleton bean 'jpa.UserPrivilegeRepo.fragments#0'
&amp#27;[2m2024-11-30T12:00:53.061+01:00&amp#27;[0;39m &amp#27;[32mDEBUG&amp#27;[0;39m &amp#27;[35m7864&amp#27;[0;39m &amp#27;[2m---&amp#27;[0;39m &amp#27;[2m[           main]&amp#27;[0;39m &amp#27;[2m&amp#27;[0;39m&amp#27;[36mtor$SharedEntityManagerInvocationHandler&amp#27;[0;39m &amp#27;[2m:&amp#27;[0;39m Creating new EntityManager for shared EntityManager invocation
&amp#27;[2m2024-11-30T12:00:53.067+01:00&amp#27;[0;39m &amp#27;[32mDEBUG&amp#27;[0;39m &amp#27;[35m7864&amp#27;[0;39m &amp#27;[2m---&amp#27;[0;39m &amp#27;[2m[           main]&amp#27;[0;39m &amp#27;[2m&amp#27;[0;39m&amp#27;[36mo.s.d.r.c.s.RepositoryFactorySupport    &amp#27;[0;39m &amp#27;[2m:&amp#27;[0;39m Initializing repository instance for com.misight.repository.UserPrivilegeRepo…
&amp#27;[2m2024-11-30T12:00:53.068+01:00&amp#27;[0;39m &amp#27;[32mDEBUG&amp#27;[0;39m &amp#27;[35m7864&amp#27;[0;39m &amp#27;[2m---&amp#27;[0;39m &amp#27;[2m[           main]&amp#27;[0;39m &amp#27;[2m&amp#27;[0;39m&amp#27;[36mtor$SharedEntityManagerInvocationHandler&amp#27;[0;39m &amp#27;[2m:&amp#27;[0;39m Creating new EntityManager for shared EntityManager invocation
&amp#27;[2m2024-11-30T12:00:53.073+01:00&amp#27;[0;39m &amp#27;[32mDEBUG&amp#27;[0;39m &amp#27;[35m7864&amp#27;[0;39m &amp#27;[2m---&amp#27;[0;39m &amp#27;[2m[           main]&amp#27;[0;39m &amp#27;[2m&amp#27;[0;39m&amp#27;[36mo.s.d.jpa.repository.query.NamedQuery   &amp#27;[0;39m &amp#27;[2m:&amp#27;[0;39m Looking up named query UserPrivilege.findByUserId
&amp#27;[2m2024-11-30T12:00:53.075+01:00&amp#27;[0;39m &amp#27;[32mDEBUG&amp#27;[0;39m &amp#27;[35m7864&amp#27;[0;39m &amp#27;[2m---&amp#27;[0;39m &amp#27;[2m[           main]&amp#27;[0;39m &amp#27;[2m&amp#27;[0;39m&amp#27;[36mo.s.d.jpa.repository.query.NamedQuery   &amp#27;[0;39m &amp#27;[2m:&amp#27;[0;39m Did not find named query UserPrivilege.findByUserId
&amp#27;[2m2024-11-30T12:00:53.076+01:00&amp#27;[0;39m &amp#27;[32mDEBUG&amp#27;[0;39m &amp#27;[35m7864&amp#27;[0;39m &amp#27;[2m---&amp#27;[0;39m &amp#27;[2m[           main]&amp#27;[0;39m &amp#27;[2m&amp#27;[0;39m&amp#27;[36mtor$SharedEntityManagerInvocationHandler&amp#27;[0;39m &amp#27;[2m:&amp#27;[0;39m Creating new EntityManager for shared EntityManager invocation
&amp#27;[2m2024-11-30T12:00:53.078+01:00&amp#27;[0;39m &amp#27;[32mDEBUG&amp#27;[0;39m &amp#27;[35m7864&amp#27;[0;39m &amp#27;[2m---&amp#27;[0;39m &amp#27;[2m[           main]&amp#27;[0;39m &amp#27;[2m&amp#27;[0;39m&amp#27;[36mo.s.d.jpa.repository.query.NamedQuery   &amp#27;[0;39m &amp#27;[2m:&amp#27;[0;39m Looking up named query UserPrivilege.deleteByUserIdAndPrivilegeId
&amp#27;[2m2024-11-30T12:00:53.078+01:00&amp#27;[0;39m &amp#27;[32mDEBUG&amp#27;[0;39m &amp#27;[35m7864&amp#27;[0;39m &amp#27;[2m---&amp#27;[0;39m &amp#27;[2m[           main]&amp#27;[0;39m &amp#27;[2m&amp#27;[0;39m&amp#27;[36mo.s.d.jpa.repository.query.NamedQuery   &amp#27;[0;39m &amp#27;[2m:&amp#27;[0;39m Did not find named query UserPrivilege.deleteByUserIdAndPrivilegeId
&amp#27;[2m2024-11-30T12:00:53.080+01:00&amp#27;[0;39m &amp#27;[32mDEBUG&amp#27;[0;39m &amp#27;[35m7864&amp#27;[0;39m &amp#27;[2m---&amp#27;[0;39m &amp#27;[2m[           main]&amp#27;[0;39m &amp#27;[2m&amp#27;[0;39m&amp#27;[36mtor$SharedEntityManagerInvocationHandler&amp#27;[0;39m &amp#27;[2m:&amp#27;[0;39m Creating new EntityManager for shared EntityManager invocation
&amp#27;[2m2024-11-30T12:00:53.086+01:00&amp#27;[0;39m &amp#27;[32mDEBUG&amp#27;[0;39m &amp#27;[35m7864&amp#27;[0;39m &amp#27;[2m---&amp#27;[0;39m &amp#27;[2m[           main]&amp#27;[0;39m &amp#27;[2m&amp#27;[0;39m&amp#27;[36mo.s.d.r.c.s.RepositoryFactorySupport    &amp#27;[0;39m &amp#27;[2m:&amp#27;[0;39m Finished creation of repository instance for com.misight.repository.UserPrivilegeRepo.
&amp#27;[2m2024-11-30T12:00:53.100+01:00&amp#27;[0;39m &amp#27;[32mDEBUG&amp#27;[0;39m &amp#27;[35m7864&amp#27;[0;39m &amp#27;[2m---&amp#27;[0;39m &amp#27;[2m[           main]&amp#27;[0;39m &amp#27;[2m&amp#27;[0;39m&amp#27;[36mo.s.b.f.s.DefaultListableBeanFactory    &amp#27;[0;39m &amp#27;[2m:&amp#27;[0;39m Creating shared instance of singleton bean 'testDatabaseConnection'
&amp#27;[2m2024-11-30T12:00:53.101+01:00&amp#27;[0;39m &amp#27;[32mDEBUG&amp#27;[0;39m &amp#27;[35m7864&amp#27;[0;39m &amp#27;[2m---&amp#27;[0;39m &amp#27;[2m[           main]&amp#27;[0;39m &amp#27;[2m&amp#27;[0;39m&amp#27;[36mo.s.b.f.s.DefaultListableBeanFactory    &amp#27;[0;39m &amp#27;[2m:&amp#27;[0;39m Creating shared instance of singleton bean 'jdbcTemplate'
&amp#27;[2m2024-11-30T12:00:53.101+01:00&amp#27;[0;39m &amp#27;[32mDEBUG&amp#27;[0;39m &amp#27;[35m7864&amp#27;[0;39m &amp#27;[2m---&amp#27;[0;39m &amp#27;[2m[           main]&amp#27;[0;39m &amp#27;[2m&amp#27;[0;39m&amp#27;[36mo.s.b.f.s.DefaultListableBeanFactory    &amp#27;[0;39m &amp#27;[2m:&amp#27;[0;39m Creating shared instance of singleton bean 'org.springframework.boot.autoconfigure.jdbc.JdbcTemplateConfiguration'
&amp#27;[2m2024-11-30T12:00:53.104+01:00&amp#27;[0;39m &amp#27;[32mDEBUG&amp#27;[0;39m &amp#27;[35m7864&amp#27;[0;39m &amp#27;[2m---&amp#27;[0;39m &amp#27;[2m[           main]&amp#27;[0;39m &amp#27;[2m&amp#27;[0;39m&amp#27;[36mo.s.b.f.s.DefaultListableBeanFactory    &amp#27;[0;39m &amp#27;[2m:&amp#27;[0;39m Creating shared instance of singleton bean 'spring.jdbc-org.springframework.boot.autoconfigure.jdbc.JdbcProperties'
&amp#27;[2m2024-11-30T12:00:53.127+01:00&amp#27;[0;39m &amp#27;[32mDEBUG&amp#27;[0;39m &amp#27;[35m7864&amp#27;[0;39m &amp#27;[2m---&amp#27;[0;39m &amp#27;[2m[           main]&amp#27;[0;39m &amp#27;[2m&amp#27;[0;39m&amp#27;[36mo.s.b.f.s.DefaultListableBeanFactory    &amp#27;[0;39m &amp#27;[2m:&amp#27;[0;39m Autowiring by type from bean name 'jdbcTemplate' via factory method to bean named 'dataSource'
&amp#27;[2m2024-11-30T12:00:53.128+01:00&amp#27;[0;39m &amp#27;[32mDEBUG&amp#27;[0;39m &amp#27;[35m7864&amp#27;[0;39m &amp#27;[2m---&amp#27;[0;39m &amp#27;[2m[           main]&amp#27;[0;39m &amp#27;[2m&amp#27;[0;39m&amp#27;[36mo.s.b.f.s.DefaultListableBeanFactory    &amp#27;[0;39m &amp#27;[2m:&amp#27;[0;39m Autowiring by type from bean name 'jdbcTemplate' via factory method to bean named 'spring.jdbc-org.springframework.boot.autoconfigure.jdbc.JdbcProperties'
&amp#27;[2m2024-11-30T12:00:53.144+01:00&amp#27;[0;39m &amp#27;[32mDEBUG&amp#27;[0;39m &amp#27;[35m7864&amp#27;[0;39m &amp#27;[2m---&amp#27;[0;39m &amp#27;[2m[           main]&amp#27;[0;39m &amp#27;[2m&amp#27;[0;39m&amp#27;[36mo.s.b.f.s.DefaultListableBeanFactory    &amp#27;[0;39m &amp#27;[2m:&amp#27;[0;39m Autowiring by type from bean name 'testDatabaseConnection' via factory method to bean named 'jdbcTemplate'
&amp#27;[2m2024-11-30T12:00:53.148+01:00&amp#27;[0;39m &amp#27;[32mDEBUG&amp#27;[0;39m &amp#27;[35m7864&amp#27;[0;39m &amp#27;[2m---&amp#27;[0;39m &amp#27;[2m[           main]&amp#27;[0;39m &amp#27;[2m&amp#27;[0;39m&amp#27;[36mo.s.b.f.s.DefaultListableBeanFactory    &amp#27;[0;39m &amp#27;[2m:&amp#27;[0;39m Creating shared instance of singleton bean 'logFilter'
&amp#27;[2m2024-11-30T12:00:53.152+01:00&amp#27;[0;39m &amp#27;[32mDEBUG&amp#27;[0;39m &amp#27;[35m7864&amp#27;[0;39m &amp#27;[2m---&amp#27;[0;39m &amp#27;[2m[           main]&amp#27;[0;39m &amp#27;[2m&amp#27;[0;39m&amp#27;[36mo.s.b.f.s.DefaultListableBeanFactory    &amp#27;[0;39m &amp#27;[2m:&amp#27;[0;39m Creating shared instance of singleton bean 'org.springframework.security.config.annotation.configuration.ObjectPostProcessorConfiguration'
&amp#27;[2m2024-11-30T12:00:53.152+01:00&amp#27;[0;39m &amp#27;[32mDEBUG&amp#27;[0;39m &amp#27;[35m7864&amp#27;[0;39m &amp#27;[2m---&amp#27;[0;39m &amp#27;[2m[           main]&amp#27;[0;39m &amp#27;[2m&amp#27;[0;39m&amp#27;[36mo.s.b.f.s.DefaultListableBeanFactory    &amp#27;[0;39m &amp#27;[2m:&amp#27;[0;39m Creating shared instance of singleton bean 'objectPostProcessor'
&amp#27;[2m2024-11-30T12:00:53.153+01:00&amp#27;[0;39m &amp#27;[32mDEBUG&amp#27;[0;39m &amp#27;[35m7864&amp#27;[0;39m &amp#27;[2m---&amp#27;[0;39m &amp#27;[2m[           main]&amp#27;[0;39m &amp#27;[2m&amp#27;[0;39m&amp#27;[36mo.s.b.f.s.DefaultListableBeanFactory    &amp#27;[0;39m &amp#27;[2m:&amp#27;[0;39m Autowiring by type from bean name 'objectPostProcessor' via factory method to bean named 'org.springframework.beans.factory.support.DefaultListableBeanFactory@537b32ef'
&amp#27;[2m2024-11-30T12:00:53.157+01:00&amp#27;[0;39m &amp#27;[32mDEBUG&amp#27;[0;39m &amp#27;[35m7864&amp#27;[0;39m &amp#27;[2m---&amp#27;[0;39m &amp#27;[2m[           main]&amp#27;[0;39m &amp#27;[2m&amp#27;[0;39m&amp#27;[36mo.s.b.f.s.DefaultListableBeanFactory    &amp#27;[0;39m &amp#27;[2m:&amp#27;[0;39m Creating shared instance of singleton bean 'org.springframework.security.config.annotation.authentication.configuration.AuthenticationConfiguration'
&amp#27;[2m2024-11-30T12:00:53.166+01:00&amp#27;[0;39m &amp#27;[32mDEBUG&amp#27;[0;39m &amp#27;[35m7864&amp#27;[0;39m &amp#27;[2m---&amp#27;[0;39m &amp#27;[2m[           main]&amp#27;[0;39m &amp#27;[2m&amp#27;[0;39m&amp#27;[36mo.s.b.f.s.DefaultListableBeanFactory    &amp#27;[0;39m &amp#27;[2m:&amp#27;[0;39m Creating shared instance of singleton bean 'enableGlobalAuthenticationAutowiredConfigurer'
&amp#27;[2m2024-11-30T12:00:53.167+01:00&amp#27;[0;39m &amp#27;[32mDEBUG&amp#27;[0;39m &amp#27;[35m7864&amp#27;[0;39m &amp#27;[2m---&amp#27;[0;39m &amp#27;[2m[           main]&amp#27;[0;39m &amp#27;[2m&amp#27;[0;39m&amp#27;[36mo.s.b.f.s.DefaultListableBeanFactory    &amp#27;[0;39m &amp#27;[2m:&amp#27;[0;39m Autowiring by type from bean name 'enableGlobalAuthenticationAutowiredConfigurer' via factory method to bean named 'org.springframework.web.context.support.GenericWebApplicationContext@1edb61b1'
&amp#27;[2m2024-11-30T12:00:53.176+01:00&amp#27;[0;39m &amp#27;[32mDEBUG&amp#27;[0;39m &amp#27;[35m7864&amp#27;[0;39m &amp#27;[2m---&amp#27;[0;39m &amp#27;[2m[           main]&amp#27;[0;39m &amp#27;[2m&amp#27;[0;39m&amp#27;[36mo.s.b.f.s.DefaultListableBeanFactory    &amp#27;[0;39m &amp#27;[2m:&amp#27;[0;39m Creating shared instance of singleton bean 'initializeUserDetailsBeanManagerConfigurer'
&amp#27;[2m2024-11-30T12:00:53.177+01:00&amp#27;[0;39m &amp#27;[32mDEBUG&amp#27;[0;39m &amp#27;[35m7864&amp#27;[0;39m &amp#27;[2m---&amp#27;[0;39m &amp#27;[2m[           main]&amp#27;[0;39m &amp#27;[2m&amp#27;[0;39m&amp#27;[36mo.s.b.f.s.DefaultListableBeanFactory    &amp#27;[0;39m &amp#27;[2m:&amp#27;[0;39m Autowiring by type from bean name 'initializeUserDetailsBeanManagerConfigurer' via factory method to bean named 'org.springframework.web.context.support.GenericWebApplicationContext@1edb61b1'
&amp#27;[2m2024-11-30T12:00:53.179+01:00&amp#27;[0;39m &amp#27;[32mDEBUG&amp#27;[0;39m &amp#27;[35m7864&amp#27;[0;39m &amp#27;[2m---&amp#27;[0;39m &amp#27;[2m[           main]&amp#27;[0;39m &amp#27;[2m&amp#27;[0;39m&amp#27;[36mo.s.b.f.s.DefaultListableBeanFactory    &amp#27;[0;39m &amp#27;[2m:&amp#27;[0;39m Creating shared instance of singleton bean 'initializeAuthenticationProviderBeanManagerConfigurer'
&amp#27;[2m2024-11-30T12:00:53.180+01:00&amp#27;[0;39m &amp#27;[32mDEBUG&amp#27;[0;39m &amp#27;[35m7864&amp#27;[0;39m &amp#27;[2m---&amp#27;[0;39m &amp#27;[2m[           main]&amp#27;[0;39m &amp#27;[2m&amp#27;[0;39m&amp#27;[36mo.s.b.f.s.DefaultListableBeanFactory    &amp#27;[0;39m &amp#27;[2m:&amp#27;[0;39m Autowiring by type from bean name 'initializeAuthenticationProviderBeanManagerConfigurer' via factory method to bean named 'org.springframework.web.context.support.GenericWebApplicationContext@1edb61b1'
&amp#27;[2m2024-11-30T12:00:53.188+01:00&amp#27;[0;39m &amp#27;[32mDEBUG&amp#27;[0;39m &amp#27;[35m7864&amp#27;[0;39m &amp#27;[2m---&amp#27;[0;39m &amp#27;[2m[           main]&amp#27;[0;39m &amp#27;[2m&amp#27;[0;39m&amp#27;[36mo.s.b.f.s.DefaultListableBeanFactory    &amp#27;[0;39m &amp#27;[2m:&amp#27;[0;39m Creating shared instance of singleton bean 'authenticationManagerBuilder'
&amp#27;[2m2024-11-30T12:00:53.189+01:00&amp#27;[0;39m &amp#27;[32mDEBUG&amp#27;[0;39m &amp#27;[35m7864&amp#27;[0;39m &amp#27;[2m---&amp#27;[0;39m &amp#27;[2m[           main]&amp#27;[0;39m &amp#27;[2m&amp#27;[0;39m&amp#27;[36mo.s.b.f.s.DefaultListableBeanFactory    &amp#27;[0;39m &amp#27;[2m:&amp#27;[0;39m Autowiring by type from bean name 'authenticationManagerBuilder' via factory method to bean named 'objectPostProcessor'
&amp#27;[2m2024-11-30T12:00:53.189+01:00&amp#27;[0;39m &amp#27;[32mDEBUG&amp#27;[0;39m &amp#27;[35m7864&amp#27;[0;39m &amp#27;[2m---&amp#27;[0;39m &amp#27;[2m[           main]&amp#27;[0;39m &amp#27;[2m&amp#27;[0;39m&amp#27;[36mo.s.b.f.s.DefaultListableBeanFactory    &amp#27;[0;39m &amp#27;[2m:&amp#27;[0;39m Autowiring by type from bean name 'authenticationManagerBuilder' via factory method to bean named 'org.springframework.web.context.support.GenericWebApplicationContext@1edb61b1'
&amp#27;[2m2024-11-30T12:00:53.191+01:00&amp#27;[0;39m &amp#27;[32mDEBUG&amp#27;[0;39m &amp#27;[35m7864&amp#27;[0;39m &amp#27;[2m---&amp#27;[0;39m &amp#27;[2m[           main]&amp#27;[0;39m &amp#27;[2m&amp#27;[0;39m&amp#27;[36mo.s.b.f.s.DefaultListableBeanFactory    &amp#27;[0;39m &amp#27;[2m:&amp#27;[0;39m Creating shared instance of singleton bean 'authenticationEventPublisher'
&amp#27;[2m2024-11-30T12:00:53.192+01:00&amp#27;[0;39m &amp#27;[32mDEBUG&amp#27;[0;39m &amp#27;[35m7864&amp#27;[0;39m &amp#27;[2m---&amp#27;[0;39m &amp#27;[2m[           main]&amp#27;[0;39m &amp#27;[2m&amp#27;[0;39m&amp#27;[36mo.s.b.f.s.DefaultListableBeanFactory    &amp#27;[0;39m &amp#27;[2m:&amp#27;[0;39m Creating shared instance of singleton bean 'org.springframework.boot.autoconfigure.security.servlet.SecurityAutoConfiguration'
&amp#27;[2m2024-11-30T12:00:53.195+01:00&amp#27;[0;39m &amp#27;[32mDEBUG&amp#27;[0;39m &amp#27;[35m7864&amp#27;[0;39m &amp#27;[2m---&amp#27;[0;39m &amp#27;[2m[           main]&amp#27;[0;39m &amp#27;[2m&amp#27;[0;39m&amp#27;[36mo.s.b.f.s.DefaultListableBeanFactory    &amp#27;[0;39m &amp#27;[2m:&amp#27;[0;39m Autowiring by type from bean name 'authenticationEventPublisher' via factory method to bean named 'org.springframework.web.context.support.GenericWebApplicationContext@1edb61b1'
&amp#27;[2m2024-11-30T12:00:53.210+01:00&amp#27;[0;39m &amp#27;[32mDEBUG&amp#27;[0;39m &amp#27;[35m7864&amp#27;[0;39m &amp#27;[2m---&amp#27;[0;39m &amp#27;[2m[           main]&amp#27;[0;39m &amp#27;[2m&amp#27;[0;39m&amp#27;[36mo.s.b.f.s.DefaultListableBeanFactory    &amp#27;[0;39m &amp#27;[2m:&amp#27;[0;39m Creating shared instance of singleton bean 'org.springframework.security.config.annotation.web.configuration.WebSecurityConfiguration'
&amp#27;[2m2024-11-30T12:00:53.216+01:00&amp#27;[0;39m &amp#27;[32mDEBUG&amp#27;[0;39m &amp#27;[35m7864&amp#27;[0;39m &amp#27;[2m---&amp#27;[0;39m &amp#27;[2m[           main]&amp#27;[0;39m &amp#27;[2m&amp#27;[0;39m&amp#27;[36mo.s.b.f.s.DefaultListableBeanFactory    &amp#27;[0;39m &amp#27;[2m:&amp#27;[0;39m Creating shared instance of singleton bean 'org.springframework.security.config.annotation.web.configuration.HttpSecurityConfiguration'
&amp#27;[2m2024-11-30T12:00:53.226+01:00&amp#27;[0;39m &amp#27;[32mDEBUG&amp#27;[0;39m &amp#27;[35m7864&amp#27;[0;39m &amp#27;[2m---&amp#27;[0;39m &amp#27;[2m[           main]&amp#27;[0;39m &amp#27;[2m&amp#27;[0;39m&amp#27;[36mo.s.b.f.s.DefaultListableBeanFactory    &amp#27;[0;39m &amp#27;[2m:&amp#27;[0;39m Creating shared instance of singleton bean 'mvcContentNegotiationManager'
&amp#27;[2m2024-11-30T12:00:53.226+01:00&amp#27;[0;39m &amp#27;[32mDEBUG&amp#27;[0;39m &amp#27;[35m7864&amp#27;[0;39m &amp#27;[2m---&amp#27;[0;39m &amp#27;[2m[           main]&amp#27;[0;39m &amp#27;[2m&amp#27;[0;39m&amp#27;[36mo.s.b.f.s.DefaultListableBeanFactory    &amp#27;[0;39m &amp#27;[2m:&amp#27;[0;39m Creating shared instance of singleton bean 'org.springframework.boot.autoconfigure.web.servlet.WebMvcAutoConfiguration$EnableWebMvcConfiguration'
&amp#27;[2m2024-11-30T12:00:53.227+01:00&amp#27;[0;39m &amp#27;[32mDEBUG&amp#27;[0;39m &amp#27;[35m7864&amp#27;[0;39m &amp#27;[2m---&amp#27;[0;39m &amp#27;[2m[           main]&amp#27;[0;39m &amp#27;[2m&amp#27;[0;39m&amp#27;[36mo.s.b.f.s.DefaultListableBeanFactory    &amp#27;[0;39m &amp#27;[2m:&amp#27;[0;39m Creating shared instance of singleton bean 'spring.mvc-org.springframework.boot.autoconfigure.web.servlet.WebMvcProperties'
&amp#27;[2m2024-11-30T12:00:53.242+01:00&amp#27;[0;39m &amp#27;[32mDEBUG&amp#27;[0;39m &amp#27;[35m7864&amp#27;[0;39m &amp#27;[2m---&amp#27;[0;39m &amp#27;[2m[           main]&amp#27;[0;39m &amp#27;[2m&amp#27;[0;39m&amp#27;[36mo.s.b.f.s.DefaultListableBeanFactory    &amp#27;[0;39m &amp#27;[2m:&amp#27;[0;39m Creating shared instance of singleton bean 'spring.web-org.springframework.boot.autoconfigure.web.WebProperties'
&amp#27;[2m2024-11-30T12:00:53.251+01:00&amp#27;[0;39m &amp#27;[32mDEBUG&amp#27;[0;39m &amp#27;[35m7864&amp#27;[0;39m &amp#27;[2m---&amp#27;[0;39m &amp#27;[2m[           main]&amp#27;[0;39m &amp#27;[2m&amp#27;[0;39m&amp#27;[36mo.s.b.f.s.DefaultListableBeanFactory    &amp#27;[0;39m &amp#27;[2m:&amp#27;[0;39m Autowiring by type from bean name 'org.springframework.boot.autoconfigure.web.servlet.WebMvcAutoConfiguration$EnableWebMvcConfiguration' via constructor to bean named 'spring.mvc-org.springframework.boot.autoconfigure.web.servlet.WebMvcProperties'
&amp#27;[2m2024-11-30T12:00:53.252+01:00&amp#27;[0;39m &amp#27;[32mDEBUG&amp#27;[0;39m &amp#27;[35m7864&amp#27;[0;39m &amp#27;[2m---&amp#27;[0;39m &amp#27;[2m[           main]&amp#27;[0;39m &amp#27;[2m&amp#27;[0;39m&amp#27;[36mo.s.b.f.s.DefaultListableBeanFactory    &amp#27;[0;39m &amp#27;[2m:&amp#27;[0;39m Autowiring by type from bean name 'org.springframework.boot.autoconfigure.web.servlet.WebMvcAutoConfiguration$EnableWebMvcConfiguration' via constructor to bean named 'spring.web-org.springframework.boot.autoconfigure.web.WebProperties'
&amp#27;[2m2024-11-30T12:00:53.252+01:00&amp#27;[0;39m &amp#27;[32mDEBUG&amp#27;[0;39m &amp#27;[35m7864&amp#27;[0;39m &amp#27;[2m---&amp#27;[0;39m &amp#27;[2m[           main]&amp#27;[0;39m &amp#27;[2m&amp#27;[0;39m&amp#27;[36mo.s.b.f.s.DefaultListableBeanFactory    &amp#27;[0;39m &amp#27;[2m:&amp#27;[0;39m Autowiring by type from bean name 'org.springframework.boot.autoconfigure.web.servlet.WebMvcAutoConfiguration$EnableWebMvcConfiguration' via constructor to bean named 'org.springframework.beans.factory.support.DefaultListableBeanFactory@537b32ef'
&amp#27;[2m2024-11-30T12:00:53.266+01:00&amp#27;[0;39m &amp#27;[32mDEBUG&amp#27;[0;39m &amp#27;[35m7864&amp#27;[0;39m &amp#27;[2m---&amp#27;[0;39m &amp#27;[2m[           main]&amp#27;[0;39m &amp#27;[2m&amp#27;[0;39m&amp#27;[36mo.s.b.f.s.DefaultListableBeanFactory    &amp#27;[0;39m &amp#27;[2m:&amp#27;[0;39m Creating shared instance of singleton bean 'org.springframework.security.config.annotation.web.configuration.WebMvcSecurityConfiguration'
&amp#27;[2m2024-11-30T12:00:53.269+01:00&amp#27;[0;39m &amp#27;[32mDEBUG&amp#27;[0;39m &amp#27;[35m7864&amp#27;[0;39m &amp#27;[2m---&amp#27;[0;39m &amp#27;[2m[           main]&amp#27;[0;39m &amp#27;[2m&amp#27;[0;39m&amp#27;[36mo.s.b.f.s.DefaultListableBeanFactory    &amp#27;[0;39m &amp#27;[2m:&amp#27;[0;39m Creating shared instance of singleton bean 'org.springframework.boot.autoconfigure.web.servlet.WebMvcAutoConfiguration$WebMvcAutoConfigurationAdapter'
&amp#27;[2m2024-11-30T12:00:53.269+01:00&amp#27;[0;39m &amp#27;[32mDEBUG&amp#27;[0;39m &amp#27;[35m7864&amp#27;[0;39m &amp#27;[2m---&amp#27;[0;39m &amp#27;[2m[           main]&amp#27;[0;39m &amp#27;[2m&amp#27;[0;39m&amp#27;[36mo.s.b.f.s.DefaultListableBeanFactory    &amp#27;[0;39m &amp#27;[2m:&amp#27;[0;39m Autowiring by type from bean name 'org.springframework.boot.autoconfigure.web.servlet.WebMvcAutoConfiguration$WebMvcAutoConfigurationAdapter' via constructor to bean named 'spring.web-org.springframework.boot.autoconfigure.web.WebProperties'
&amp#27;[2m2024-11-30T12:00:53.269+01:00&amp#27;[0;39m &amp#27;[32mDEBUG&amp#27;[0;39m &amp#27;[35m7864&amp#27;[0;39m &amp#27;[2m---&amp#27;[0;39m &amp#27;[2m[           main]&amp#27;[0;39m &amp#27;[2m&amp#27;[0;39m&amp#27;[36mo.s.b.f.s.DefaultListableBeanFactory    &amp#27;[0;39m &amp#27;[2m:&amp#27;[0;39m Autowiring by type from bean name 'org.springframework.boot.autoconfigure.web.servlet.WebMvcAutoConfiguration$WebMvcAutoConfigurationAdapter' via constructor to bean named 'spring.mvc-org.springframework.boot.autoconfigure.web.servlet.WebMvcProperties'
&amp#27;[2m2024-11-30T12:00:53.269+01:00&amp#27;[0;39m &amp#27;[32mDEBUG&amp#27;[0;39m &amp#27;[35m7864&amp#27;[0;39m &amp#27;[2m---&amp#27;[0;39m &amp#27;[2m[           main]&amp#27;[0;39m &amp#27;[2m&amp#27;[0;39m&amp#27;[36mo.s.b.f.s.DefaultListableBeanFactory    &amp#27;[0;39m &amp#27;[2m:&amp#27;[0;39m Autowiring by type from bean name 'org.springframework.boot.autoconfigure.web.servlet.WebMvcAutoConfiguration$WebMvcAutoConfigurationAdapter' via constructor to bean named 'org.springframework.beans.factory.support.DefaultListableBeanFactory@537b32ef'
&amp#27;[2m2024-11-30T12:00:53.275+01:00&amp#27;[0;39m &amp#27;[32mDEBUG&amp#27;[0;39m &amp#27;[35m7864&amp#27;[0;39m &amp#27;[2m---&amp#27;[0;39m &amp#27;[2m[           main]&amp#27;[0;39m &amp#27;[2m&amp#27;[0;39m&amp#27;[36mo.s.b.f.s.DefaultListableBeanFactory    &amp#27;[0;39m &amp#27;[2m:&amp#27;[0;39m Creating shared instance of singleton bean 'openEntityManagerInViewInterceptorConfigurer'
&amp#27;[2m2024-11-30T12:00:53.275+01:00&amp#27;[0;39m &amp#27;[32mDEBUG&amp#27;[0;39m &amp#27;[35m7864&amp#27;[0;39m &amp#27;[2m---&amp#27;[0;39m &amp#27;[2m[           main]&amp#27;[0;39m &amp#27;[2m&amp#27;[0;39m&amp#27;[36mo.s.b.f.s.DefaultListableBeanFactory    &amp#27;[0;39m &amp#27;[2m:&amp#27;[0;39m Creating shared instance of singleton bean 'org.springframework.boot.autoconfigure.orm.jpa.JpaBaseConfiguration$JpaWebConfiguration'
&amp#27;[2m2024-11-30T12:00:53.275+01:00&amp#27;[0;39m &amp#27;[32mDEBUG&amp#27;[0;39m &amp#27;[35m7864&amp#27;[0;39m &amp#27;[2m---&amp#27;[0;39m &amp#27;[2m[           main]&amp#27;[0;39m &amp#27;[2m&amp#27;[0;39m&amp#27;[36mo.s.b.f.s.DefaultListableBeanFactory    &amp#27;[0;39m &amp#27;[2m:&amp#27;[0;39m Autowiring by type from bean name 'org.springframework.boot.autoconfigure.orm.jpa.JpaBaseConfiguration$JpaWebConfiguration' via constructor to bean named 'spring.jpa-org.springframework.boot.autoconfigure.orm.jpa.JpaProperties'
&amp#27;[2m2024-11-30T12:00:53.276+01:00&amp#27;[0;39m &amp#27;[32mDEBUG&amp#27;[0;39m &amp#27;[35m7864&amp#27;[0;39m &amp#27;[2m---&amp#27;[0;39m &amp#27;[2m[           main]&amp#27;[0;39m &amp#27;[2m&amp#27;[0;39m&amp#27;[36mo.s.b.f.s.DefaultListableBeanFactory    &amp#27;[0;39m &amp#27;[2m:&amp#27;[0;39m Creating shared instance of singleton bean 'openEntityManagerInViewInterceptor'
&amp#27;[2m2024-11-30T12:00:53.277+01:00&amp#27;[0;39m &amp#27;[33m WARN&amp#27;[0;39m &amp#27;[35m7864&amp#27;[0;39m &amp#27;[2m---&amp#27;[0;39m &amp#27;[2m[           main]&amp#27;[0;39m &amp#27;[2m&amp#27;[0;39m&amp#27;[36mJpaBaseConfiguration$JpaWebConfiguration&amp#27;[0;39m &amp#27;[2m:&amp#27;[0;39m spring.jpa.open-in-view is enabled by default. Therefore, database queries may be performed during view rendering. Explicitly configure spring.jpa.open-in-view to disable this warning
&amp#27;[2m2024-11-30T12:00:53.285+01:00&amp#27;[0;39m &amp#27;[32mDEBUG&amp#27;[0;39m &amp#27;[35m7864&amp#27;[0;39m &amp#27;[2m---&amp#27;[0;39m &amp#27;[2m[           main]&amp#27;[0;39m &amp#27;[2m&amp#27;[0;39m&amp#27;[36mo.s.b.f.s.DefaultListableBeanFactory    &amp#27;[0;39m &amp#27;[2m:&amp#27;[0;39m Autowiring by type from bean name 'openEntityManagerInViewInterceptorConfigurer' via factory method to bean named 'openEntityManagerInViewInterceptor'
&amp#27;[2m2024-11-30T12:00:53.288+01:00&amp#27;[0;39m &amp#27;[32mDEBUG&amp#27;[0;39m &amp#27;[35m7864&amp#27;[0;39m &amp#27;[2m---&amp#27;[0;39m &amp#27;[2m[           main]&amp#27;[0;39m &amp#27;[2m&amp#27;[0;39m&amp#27;[36mo.s.b.f.s.DefaultListableBeanFactory    &amp#27;[0;39m &amp#27;[2m:&amp#27;[0;39m Creating shared instance of singleton bean 'org.springframework.data.web.config.SpringDataWebConfiguration'
&amp#27;[2m2024-11-30T12:00:53.297+01:00&amp#27;[0;39m &amp#27;[32mDEBUG&amp#27;[0;39m &amp#27;[35m7864&amp#27;[0;39m &amp#27;[2m---&amp#27;[0;39m &amp#27;[2m[           main]&amp#27;[0;39m &amp#27;[2m&amp#27;[0;39m&amp#27;[36mo.s.b.f.s.DefaultListableBeanFactory    &amp#27;[0;39m &amp#27;[2m:&amp#27;[0;39m Autowiring by type from bean name 'org.springframework.data.web.config.SpringDataWebConfiguration' via constructor to bean named 'org.springframework.web.context.support.GenericWebApplicationContext@1edb61b1'
&amp#27;[2m2024-11-30T12:00:53.325+01:00&amp#27;[0;39m &amp#27;[32mDEBUG&amp#27;[0;39m &amp#27;[35m7864&amp#27;[0;39m &amp#27;[2m---&amp#27;[0;39m &amp#27;[2m[           main]&amp#27;[0;39m &amp#27;[2m&amp#27;[0;39m&amp#27;[36mo.s.b.f.s.DefaultListableBeanFactory    &amp#27;[0;39m &amp#27;[2m:&amp#27;[0;39m Creating shared instance of singleton bean 'inMemoryUserDetailsManager'
&amp#27;[2m2024-11-30T12:00:53.325+01:00&amp#27;[0;39m &amp#27;[32mDEBUG&amp#27;[0;39m &amp#27;[35m7864&amp#27;[0;39m &amp#27;[2m---&amp#27;[0;39m &amp#27;[2m[           main]&amp#27;[0;39m &amp#27;[2m&amp#27;[0;39m&amp#27;[36mo.s.b.f.s.DefaultListableBeanFactory    &amp#27;[0;39m &amp#27;[2m:&amp#27;[0;39m Creating shared instance of singleton bean 'org.springframework.boot.autoconfigure.security.servlet.UserDetailsServiceAutoConfiguration'
&amp#27;[2m2024-11-30T12:00:53.326+01:00&amp#27;[0;39m &amp#27;[32mDEBUG&amp#27;[0;39m &amp#27;[35m7864&amp#27;[0;39m &amp#27;[2m---&amp#27;[0;39m &amp#27;[2m[           main]&amp#27;[0;39m &amp#27;[2m&amp#27;[0;39m&amp#27;[36mo.s.b.f.s.DefaultListableBeanFactory    &amp#27;[0;39m &amp#27;[2m:&amp#27;[0;39m Creating shared instance of singleton bean 'spring.security-org.springframework.boot.autoconfigure.security.SecurityProperties'
&amp#27;[2m2024-11-30T12:00:53.333+01:00&amp#27;[0;39m &amp#27;[32mDEBUG&amp#27;[0;39m &amp#27;[35m7864&amp#27;[0;39m &amp#27;[2m---&amp#27;[0;39m &amp#27;[2m[           main]&amp#27;[0;39m &amp#27;[2m&amp#27;[0;39m&amp#27;[36mo.s.b.f.s.DefaultListableBeanFactory    &amp#27;[0;39m &amp#27;[2m:&amp#27;[0;39m Autowiring by type from bean name 'inMemoryUserDetailsManager' via factory method to bean named 'spring.security-org.springframework.boot.autoconfigure.security.SecurityProperties'
&amp#27;[2m2024-11-30T12:00:53.337+01:00&amp#27;[0;39m &amp#27;[33m WARN&amp#27;[0;39m &amp#27;[35m7864&amp#27;[0;39m &amp#27;[2m---&amp#27;[0;39m &amp#27;[2m[           main]&amp#27;[0;39m &amp#27;[2m&amp#27;[0;39m&amp#27;[36m.s.s.UserDetailsServiceAutoConfiguration&amp#27;[0;39m &amp#27;[2m:&amp#27;[0;39m 

Using generated security password: f2bed621-cba1-48e7-a240-61d1d18d74eb

This generated password is for development use only. Your security configuration must be updated before running your application in production.

&amp#27;[2m2024-11-30T12:00:53.427+01:00&amp#27;[0;39m &amp#27;[32mDEBUG&amp#27;[0;39m &amp#27;[35m7864&amp#27;[0;39m &amp#27;[2m---&amp#27;[0;39m &amp#27;[2m[           main]&amp#27;[0;39m &amp#27;[2m&amp#27;[0;39m&amp#27;[36mo.s.b.f.s.DefaultListableBeanFactory    &amp#27;[0;39m &amp#27;[2m:&amp#27;[0;39m Creating shared instance of singleton bean 'mvcHandlerMappingIntrospectorRequestTransformer'
&amp#27;[2m2024-11-30T12:00:53.428+01:00&amp#27;[0;39m &amp#27;[32mDEBUG&amp#27;[0;39m &amp#27;[35m7864&amp#27;[0;39m &amp#27;[2m---&amp#27;[0;39m &amp#27;[2m[           main]&amp#27;[0;39m &amp#27;[2m&amp#27;[0;39m&amp#27;[36mo.s.b.f.s.DefaultListableBeanFactory    &amp#27;[0;39m &amp#27;[2m:&amp#27;[0;39m Creating shared instance of singleton bean 'mvcHandlerMappingIntrospector'
&amp#27;[2m2024-11-30T12:00:53.433+01:00&amp#27;[0;39m &amp#27;[32mDEBUG&amp#27;[0;39m &amp#27;[35m7864&amp#27;[0;39m &amp#27;[2m---&amp#27;[0;39m &amp#27;[2m[           main]&amp#27;[0;39m &amp#27;[2m&amp#27;[0;39m&amp#27;[36mo.s.b.f.s.DefaultListableBeanFactory    &amp#27;[0;39m &amp#27;[2m:&amp#27;[0;39m Creating shared instance of singleton bean 'welcomePageHandlerMapping'
&amp#27;[2m2024-11-30T12:00:53.435+01:00&amp#27;[0;39m &amp#27;[32mDEBUG&amp#27;[0;39m &amp#27;[35m7864&amp#27;[0;39m &amp#27;[2m---&amp#27;[0;39m &amp#27;[2m[           main]&amp#27;[0;39m &amp#27;[2m&amp#27;[0;39m&amp#27;[36mo.s.b.f.s.DefaultListableBeanFactory    &amp#27;[0;39m &amp#27;[2m:&amp#27;[0;39m Creating shared instance of singleton bean 'mvcConversionService'
&amp#27;[2m2024-11-30T12:00:53.448+01:00&amp#27;[0;39m &amp#27;[32mDEBUG&amp#27;[0;39m &amp#27;[35m7864&amp#27;[0;39m &amp#27;[2m---&amp#27;[0;39m &amp#27;[2m[           main]&amp#27;[0;39m &amp#27;[2m&amp#27;[0;39m&amp#27;[36mo.s.b.f.s.DefaultListableBeanFactory    &amp#27;[0;39m &amp#27;[2m:&amp#27;[0;39m Creating shared instance of singleton bean 'mvcResourceUrlProvider'
&amp#27;[2m2024-11-30T12:00:53.450+01:00&amp#27;[0;39m &amp#27;[32mDEBUG&amp#27;[0;39m &amp#27;[35m7864&amp#27;[0;39m &amp#27;[2m---&amp#27;[0;39m &amp#27;[2m[           main]&amp#27;[0;39m &amp#27;[2m&amp#27;[0;39m&amp#27;[36mo.s.b.f.s.DefaultListableBeanFactory    &amp#27;[0;39m &amp#27;[2m:&amp#27;[0;39m Autowiring by type from bean name 'welcomePageHandlerMapping' via factory method to bean named 'org.springframework.web.context.support.GenericWebApplicationContext@1edb61b1'
&amp#27;[2m2024-11-30T12:00:53.451+01:00&amp#27;[0;39m &amp#27;[32mDEBUG&amp#27;[0;39m &amp#27;[35m7864&amp#27;[0;39m &amp#27;[2m---&amp#27;[0;39m &amp#27;[2m[           main]&amp#27;[0;39m &amp#27;[2m&amp#27;[0;39m&amp#27;[36mo.s.b.f.s.DefaultListableBeanFactory    &amp#27;[0;39m &amp#27;[2m:&amp#27;[0;39m Autowiring by type from bean name 'welcomePageHandlerMapping' via factory method to bean named 'mvcConversionService'
&amp#27;[2m2024-11-30T12:00:53.451+01:00&amp#27;[0;39m &amp#27;[32mDEBUG&amp#27;[0;39m &amp#27;[35m7864&amp#27;[0;39m &amp#27;[2m---&amp#27;[0;39m &amp#27;[2m[           main]&amp#27;[0;39m &amp#27;[2m&amp#27;[0;39m&amp#27;[36mo.s.b.f.s.DefaultListableBeanFactory    &amp#27;[0;39m &amp#27;[2m:&amp#27;[0;39m Autowiring by type from bean name 'welcomePageHandlerMapping' via factory method to bean named 'mvcResourceUrlProvider'
&amp#27;[2m2024-11-30T12:00:53.470+01:00&amp#27;[0;39m &amp#27;[32mDEBUG&amp#27;[0;39m &amp#27;[35m7864&amp#27;[0;39m &amp#27;[2m---&amp#27;[0;39m &amp#27;[2m[           main]&amp#27;[0;39m &amp#27;[2m&amp#27;[0;39m&amp#27;[36mo.s.b.f.s.DefaultListableBeanFactory    &amp#27;[0;39m &amp#27;[2m:&amp#27;[0;39m Creating shared instance of singleton bean 'welcomePageNotAcceptableHandlerMapping'
&amp#27;[2m2024-11-30T12:00:53.470+01:00&amp#27;[0;39m &amp#27;[32mDEBUG&amp#27;[0;39m &amp#27;[35m7864&amp#27;[0;39m &amp#27;[2m---&amp#27;[0;39m &amp#27;[2m[           main]&amp#27;[0;39m &amp#27;[2m&amp#27;[0;39m&amp#27;[36mo.s.b.f.s.DefaultListableBeanFactory    &amp#27;[0;39m &amp#27;[2m:&amp#27;[0;39m Autowiring by type from bean name 'welcomePageNotAcceptableHandlerMapping' via factory method to bean named 'org.springframework.web.context.support.GenericWebApplicationContext@1edb61b1'
&amp#27;[2m2024-11-30T12:00:53.470+01:00&amp#27;[0;39m &amp#27;[32mDEBUG&amp#27;[0;39m &amp#27;[35m7864&amp#27;[0;39m &amp#27;[2m---&amp#27;[0;39m &amp#27;[2m[           main]&amp#27;[0;39m &amp#27;[2m&amp#27;[0;39m&amp#27;[36mo.s.b.f.s.DefaultListableBeanFactory    &amp#27;[0;39m &amp#27;[2m:&amp#27;[0;39m Autowiring by type from bean name 'welcomePageNotAcceptableHandlerMapping' via factory method to bean named 'mvcConversionService'
&amp#27;[2m2024-11-30T12:00:53.470+01:00&amp#27;[0;39m &amp#27;[32mDEBUG&amp#27;[0;39m &amp#27;[35m7864&amp#27;[0;39m &amp#27;[2m---&amp#27;[0;39m &amp#27;[2m[           main]&amp#27;[0;39m &amp#27;[2m&amp#27;[0;39m&amp#27;[36mo.s.b.f.s.DefaultListableBeanFactory    &amp#27;[0;39m &amp#27;[2m:&amp#27;[0;39m Autowiring by type from bean name 'welcomePageNotAcceptableHandlerMapping' via factory method to bean named 'mvcResourceUrlProvider'
&amp#27;[2m2024-11-30T12:00:53.474+01:00&amp#27;[0;39m &amp#27;[32mDEBUG&amp#27;[0;39m &amp#27;[35m7864&amp#27;[0;39m &amp#27;[2m---&amp#27;[0;39m &amp#27;[2m[           main]&amp#27;[0;39m &amp#27;[2m&amp#27;[0;39m&amp#27;[36mo.s.b.f.s.DefaultListableBeanFactory    &amp#27;[0;39m &amp#27;[2m:&amp#27;[0;39m Creating shared instance of singleton bean 'requestMappingHandlerMapping'
&amp#27;[2m2024-11-30T12:00:53.476+01:00&amp#27;[0;39m &amp#27;[32mDEBUG&amp#27;[0;39m &amp#27;[35m7864&amp#27;[0;39m &amp#27;[2m---&amp#27;[0;39m &amp#27;[2m[           main]&amp#27;[0;39m &amp#27;[2m&amp#27;[0;39m&amp#27;[36mo.s.b.f.s.DefaultListableBeanFactory    &amp#27;[0;39m &amp#27;[2m:&amp#27;[0;39m Autowiring by type from bean name 'requestMappingHandlerMapping' via factory method to bean named 'mvcContentNegotiationManager'
&amp#27;[2m2024-11-30T12:00:53.477+01:00&amp#27;[0;39m &amp#27;[32mDEBUG&amp#27;[0;39m &amp#27;[35m7864&amp#27;[0;39m &amp#27;[2m---&amp#27;[0;39m &amp#27;[2m[           main]&amp#27;[0;39m &amp#27;[2m&amp#27;[0;39m&amp#27;[36mo.s.b.f.s.DefaultListableBeanFactory    &amp#27;[0;39m &amp#27;[2m:&amp#27;[0;39m Autowiring by type from bean name 'requestMappingHandlerMapping' via factory method to bean named 'mvcConversionService'
&amp#27;[2m2024-11-30T12:00:53.477+01:00&amp#27;[0;39m &amp#27;[32mDEBUG&amp#27;[0;39m &amp#27;[35m7864&amp#27;[0;39m &amp#27;[2m---&amp#27;[0;39m &amp#27;[2m[           main]&amp#27;[0;39m &amp#27;[2m&amp#27;[0;39m&amp#27;[36mo.s.b.f.s.DefaultListableBeanFactory    &amp#27;[0;39m &amp#27;[2m:&amp#27;[0;39m Autowiring by type from bean name 'requestMappingHandlerMapping' via factory method to bean named 'mvcResourceUrlProvider'
&amp#27;[2m2024-11-30T12:00:53.762+01:00&amp#27;[0;39m &amp#27;[32mDEBUG&amp#27;[0;39m &amp#27;[35m7864&amp#27;[0;39m &amp#27;[2m---&amp#27;[0;39m &amp#27;[2m[           main]&amp#27;[0;39m &amp#27;[2m&amp#27;[0;39m&amp#27;[36ms.w.s.m.m.a.RequestMappingHandlerMapping&amp#27;[0;39m &amp#27;[2m:&amp#27;[0;39m 73 mappings in 'requestMappingHandlerMapping'
&amp#27;[2m2024-11-30T12:00:53.815+01:00&amp#27;[0;39m &amp#27;[32mDEBUG&amp#27;[0;39m &amp#27;[35m7864&amp#27;[0;39m &amp#27;[2m---&amp#27;[0;39m &amp#27;[2m[           main]&amp#27;[0;39m &amp#27;[2m&amp#27;[0;39m&amp#27;[36mo.s.b.f.s.DefaultListableBeanFactory    &amp#27;[0;39m &amp#27;[2m:&amp#27;[0;39m Creating shared instance of singleton bean 'viewControllerHandlerMapping'
&amp#27;[2m2024-11-30T12:00:53.861+01:00&amp#27;[0;39m &amp#27;[32mDEBUG&amp#27;[0;39m &amp#27;[35m7864&amp#27;[0;39m &amp#27;[2m---&amp#27;[0;39m &amp#27;[2m[           main]&amp#27;[0;39m &amp#27;[2m&amp#27;[0;39m&amp#27;[36mo.s.b.f.s.DefaultListableBeanFactory    &amp#27;[0;39m &amp#27;[2m:&amp#27;[0;39m Autowiring by type from bean name 'viewControllerHandlerMapping' via factory method to bean named 'mvcConversionService'
&amp#27;[2m2024-11-30T12:00:53.862+01:00&amp#27;[0;39m &amp#27;[32mDEBUG&amp#27;[0;39m &amp#27;[35m7864&amp#27;[0;39m &amp#27;[2m---&amp#27;[0;39m &amp#27;[2m[           main]&amp#27;[0;39m &amp#27;[2m&amp#27;[0;39m&amp#27;[36mo.s.b.f.s.DefaultListableBeanFactory    &amp#27;[0;39m &amp#27;[2m:&amp#27;[0;39m Autowiring by type from bean name 'viewControllerHandlerMapping' via factory method to bean named 'mvcResourceUrlProvider'
&amp#27;[2m2024-11-30T12:00:53.878+01:00&amp#27;[0;39m &amp#27;[32mDEBUG&amp#27;[0;39m &amp#27;[35m7864&amp#27;[0;39m &amp#27;[2m---&amp#27;[0;39m &amp#27;[2m[           main]&amp#27;[0;39m &amp#27;[2m&amp#27;[0;39m&amp#27;[36mo.s.b.f.s.DefaultListableBeanFactory    &amp#27;[0;39m &amp#27;[2m:&amp#27;[0;39m Creating shared instance of singleton bean 'beanNameHandlerMapping'
&amp#27;[2m2024-11-30T12:00:53.882+01:00&amp#27;[0;39m &amp#27;[32mDEBUG&amp#27;[0;39m &amp#27;[35m7864&amp#27;[0;39m &amp#27;[2m---&amp#27;[0;39m &amp#27;[2m[           main]&amp#27;[0;39m &amp#27;[2m&amp#27;[0;39m&amp#27;[36mo.s.b.f.s.DefaultListableBeanFactory    &amp#27;[0;39m &amp#27;[2m:&amp#27;[0;39m Autowiring by type from bean name 'beanNameHandlerMapping' via factory method to bean named 'mvcConversionService'
&amp#27;[2m2024-11-30T12:00:53.882+01:00&amp#27;[0;39m &amp#27;[32mDEBUG&amp#27;[0;39m &amp#27;[35m7864&amp#27;[0;39m &amp#27;[2m---&amp#27;[0;39m &amp#27;[2m[           main]&amp#27;[0;39m &amp#27;[2m&amp#27;[0;39m&amp#27;[36mo.s.b.f.s.DefaultListableBeanFactory    &amp#27;[0;39m &amp#27;[2m:&amp#27;[0;39m Autowiring by type from bean name 'beanNameHandlerMapping' via factory method to bean named 'mvcResourceUrlProvider'
&amp#27;[2m2024-11-30T12:00:53.909+01:00&amp#27;[0;39m &amp#27;[32mDEBUG&amp#27;[0;39m &amp#27;[35m7864&amp#27;[0;39m &amp#27;[2m---&amp#27;[0;39m &amp#27;[2m[           main]&amp#27;[0;39m &amp#27;[2m&amp#27;[0;39m&amp#27;[36mo.s.b.f.s.DefaultListableBeanFactory    &amp#27;[0;39m &amp#27;[2m:&amp#27;[0;39m Creating shared instance of singleton bean 'routerFunctionMapping'
&amp#27;[2m2024-11-30T12:00:53.910+01:00&amp#27;[0;39m &amp#27;[32mDEBUG&amp#27;[0;39m &amp#27;[35m7864&amp#27;[0;39m &amp#27;[2m---&amp#27;[0;39m &amp#27;[2m[           main]&amp#27;[0;39m &amp#27;[2m&amp#27;[0;39m&amp#27;[36mo.s.b.f.s.DefaultListableBeanFactory    &amp#27;[0;39m &amp#27;[2m:&amp#27;[0;39m Autowiring by type from bean name 'routerFunctionMapping' via factory method to bean named 'mvcConversionService'
&amp#27;[2m2024-11-30T12:00:53.910+01:00&amp#27;[0;39m &amp#27;[32mDEBUG&amp#27;[0;39m &amp#27;[35m7864&amp#27;[0;39m &amp#27;[2m---&amp#27;[0;39m &amp#27;[2m[           main]&amp#27;[0;39m &amp#27;[2m&amp#27;[0;39m&amp#27;[36mo.s.b.f.s.DefaultListableBeanFactory    &amp#27;[0;39m &amp#27;[2m:&amp#27;[0;39m Autowiring by type from bean name 'routerFunctionMapping' via factory method to bean named 'mvcResourceUrlProvider'
&amp#27;[2m2024-11-30T12:00:53.928+01:00&amp#27;[0;39m &amp#27;[32mDEBUG&amp#27;[0;39m &amp#27;[35m7864&amp#27;[0;39m &amp#27;[2m---&amp#27;[0;39m &amp#27;[2m[           main]&amp#27;[0;39m &amp#27;[2m&amp#27;[0;39m&amp#27;[36mo.s.b.f.s.DefaultListableBeanFactory    &amp#27;[0;39m &amp#27;[2m:&amp#27;[0;39m Creating shared instance of singleton bean 'messageConverters'
&amp#27;[2m2024-11-30T12:00:53.929+01:00&amp#27;[0;39m &amp#27;[32mDEBUG&amp#27;[0;39m &amp#27;[35m7864&amp#27;[0;39m &amp#27;[2m---&amp#27;[0;39m &amp#27;[2m[           main]&amp#27;[0;39m &amp#27;[2m&amp#27;[0;39m&amp#27;[36mo.s.b.f.s.DefaultListableBeanFactory    &amp#27;[0;39m &amp#27;[2m:&amp#27;[0;39m Creating shared instance of singleton bean 'org.springframework.boot.autoconfigure.http.HttpMessageConvertersAutoConfiguration'
&amp#27;[2m2024-11-30T12:00:53.960+01:00&amp#27;[0;39m &amp#27;[32mDEBUG&amp#27;[0;39m &amp#27;[35m7864&amp#27;[0;39m &amp#27;[2m---&amp#27;[0;39m &amp#27;[2m[           main]&amp#27;[0;39m &amp#27;[2m&amp#27;[0;39m&amp#27;[36mo.s.b.f.s.DefaultListableBeanFactory    &amp#27;[0;39m &amp#27;[2m:&amp#27;[0;39m Creating shared instance of singleton bean 'stringHttpMessageConverter'
&amp#27;[2m2024-11-30T12:00:53.960+01:00&amp#27;[0;39m &amp#27;[32mDEBUG&amp#27;[0;39m &amp#27;[35m7864&amp#27;[0;39m &amp#27;[2m---&amp#27;[0;39m &amp#27;[2m[           main]&amp#27;[0;39m &amp#27;[2m&amp#27;[0;39m&amp#27;[36mo.s.b.f.s.DefaultListableBeanFactory    &amp#27;[0;39m &amp#27;[2m:&amp#27;[0;39m Creating shared instance of singleton bean 'org.springframework.boot.autoconfigure.http.HttpMessageConvertersAutoConfiguration$StringHttpMessageConverterConfiguration'
&amp#27;[2m2024-11-30T12:00:53.965+01:00&amp#27;[0;39m &amp#27;[32mDEBUG&amp#27;[0;39m &amp#27;[35m7864&amp#27;[0;39m &amp#27;[2m---&amp#27;[0;39m &amp#27;[2m[           main]&amp#27;[0;39m &amp#27;[2m&amp#27;[0;39m&amp#27;[36mo.s.b.f.s.DefaultListableBeanFactory    &amp#27;[0;39m &amp#27;[2m:&amp#27;[0;39m Autowiring by type from bean name 'stringHttpMessageConverter' via factory method to bean named 'environment'
&amp#27;[2m2024-11-30T12:00:54.016+01:00&amp#27;[0;39m &amp#27;[32mDEBUG&amp#27;[0;39m &amp#27;[35m7864&amp#27;[0;39m &amp#27;[2m---&amp#27;[0;39m &amp#27;[2m[           main]&amp#27;[0;39m &amp#27;[2m&amp#27;[0;39m&amp#27;[36mo.s.b.f.s.DefaultListableBeanFactory    &amp#27;[0;39m &amp#27;[2m:&amp#27;[0;39m Creating shared instance of singleton bean 'mappingJackson2HttpMessageConverter'
&amp#27;[2m2024-11-30T12:00:54.017+01:00&amp#27;[0;39m &amp#27;[32mDEBUG&amp#27;[0;39m &amp#27;[35m7864&amp#27;[0;39m &amp#27;[2m---&amp#27;[0;39m &amp#27;[2m[           main]&amp#27;[0;39m &amp#27;[2m&amp#27;[0;39m&amp#27;[36mo.s.b.f.s.DefaultListableBeanFactory    &amp#27;[0;39m &amp#27;[2m:&amp#27;[0;39m Creating shared instance of singleton bean 'org.springframework.boot.autoconfigure.http.JacksonHttpMessageConvertersConfiguration$MappingJackson2HttpMessageConverterConfiguration'
&amp#27;[2m2024-11-30T12:00:54.024+01:00&amp#27;[0;39m &amp#27;[32mDEBUG&amp#27;[0;39m &amp#27;[35m7864&amp#27;[0;39m &amp#27;[2m---&amp#27;[0;39m &amp#27;[2m[           main]&amp#27;[0;39m &amp#27;[2m&amp#27;[0;39m&amp#27;[36mo.s.b.f.s.DefaultListableBeanFactory    &amp#27;[0;39m &amp#27;[2m:&amp#27;[0;39m Creating shared instance of singleton bean 'jacksonObjectMapper'
&amp#27;[2m2024-11-30T12:00:54.024+01:00&amp#27;[0;39m &amp#27;[32mDEBUG&amp#27;[0;39m &amp#27;[35m7864&amp#27;[0;39m &amp#27;[2m---&amp#27;[0;39m &amp#27;[2m[           main]&amp#27;[0;39m &amp#27;[2m&amp#27;[0;39m&amp#27;[36mo.s.b.f.s.DefaultListableBeanFactory    &amp#27;[0;39m &amp#27;[2m:&amp#27;[0;39m Creating shared instance of singleton bean 'org.springframework.boot.autoconfigure.jackson.JacksonAutoConfiguration$JacksonObjectMapperConfiguration'
&amp#27;[2m2024-11-30T12:00:54.027+01:00&amp#27;[0;39m &amp#27;[32mDEBUG&amp#27;[0;39m &amp#27;[35m7864&amp#27;[0;39m &amp#27;[2m---&amp#27;[0;39m &amp#27;[2m[           main]&amp#27;[0;39m &amp#27;[2m&amp#27;[0;39m&amp#27;[36mo.s.b.f.s.DefaultListableBeanFactory    &amp#27;[0;39m &amp#27;[2m:&amp#27;[0;39m Creating shared instance of singleton bean 'org.springframework.boot.autoconfigure.jackson.JacksonAutoConfiguration$JacksonObjectMapperBuilderConfiguration'
&amp#27;[2m2024-11-30T12:00:54.029+01:00&amp#27;[0;39m &amp#27;[32mDEBUG&amp#27;[0;39m &amp#27;[35m7864&amp#27;[0;39m &amp#27;[2m---&amp#27;[0;39m &amp#27;[2m[           main]&amp#27;[0;39m &amp#27;[2m&amp#27;[0;39m&amp#27;[36mo.s.b.f.s.DefaultListableBeanFactory    &amp#27;[0;39m &amp#27;[2m:&amp#27;[0;39m Creating shared instance of singleton bean 'standardJacksonObjectMapperBuilderCustomizer'
&amp#27;[2m2024-11-30T12:00:54.030+01:00&amp#27;[0;39m &amp#27;[32mDEBUG&amp#27;[0;39m &amp#27;[35m7864&amp#27;[0;39m &amp#27;[2m---&amp#27;[0;39m &amp#27;[2m[           main]&amp#27;[0;39m &amp#27;[2m&amp#27;[0;39m&amp#27;[36mo.s.b.f.s.DefaultListableBeanFactory    &amp#27;[0;39m &amp#27;[2m:&amp#27;[0;39m Creating shared instance of singleton bean 'org.springframework.boot.autoconfigure.jackson.JacksonAutoConfiguration$Jackson2ObjectMapperBuilderCustomizerConfiguration'
&amp#27;[2m2024-11-30T12:00:54.031+01:00&amp#27;[0;39m &amp#27;[32mDEBUG&amp#27;[0;39m &amp#27;[35m7864&amp#27;[0;39m &amp#27;[2m---&amp#27;[0;39m &amp#27;[2m[           main]&amp#27;[0;39m &amp#27;[2m&amp#27;[0;39m&amp#27;[36mo.s.b.f.s.DefaultListableBeanFactory    &amp#27;[0;39m &amp#27;[2m:&amp#27;[0;39m Creating shared instance of singleton bean 'spring.jackson-org.springframework.boot.autoconfigure.jackson.JacksonProperties'
&amp#27;[2m2024-11-30T12:00:54.046+01:00&amp#27;[0;39m &amp#27;[32mDEBUG&amp#27;[0;39m &amp#27;[35m7864&amp#27;[0;39m &amp#27;[2m---&amp#27;[0;39m &amp#27;[2m[           main]&amp#27;[0;39m &amp#27;[2m&amp#27;[0;39m&amp#27;[36mo.s.b.f.s.DefaultListableBeanFactory    &amp#27;[0;39m &amp#27;[2m:&amp#27;[0;39m Autowiring by type from bean name 'standardJacksonObjectMapperBuilderCustomizer' via factory method to bean named 'spring.jackson-org.springframework.boot.autoconfigure.jackson.JacksonProperties'
&amp#27;[2m2024-11-30T12:00:54.049+01:00&amp#27;[0;39m &amp#27;[32mDEBUG&amp#27;[0;39m &amp#27;[35m7864&amp#27;[0;39m &amp#27;[2m---&amp#27;[0;39m &amp#27;[2m[           main]&amp#27;[0;39m &amp#27;[2m&amp#27;[0;39m&amp#27;[36mo.s.b.f.s.DefaultListableBeanFactory    &amp#27;[0;39m &amp#27;[2m:&amp#27;[0;39m Creating shared instance of singleton bean 'parameterNamesModule'
&amp#27;[2m2024-11-30T12:00:54.049+01:00&amp#27;[0;39m &amp#27;[32mDEBUG&amp#27;[0;39m &amp#27;[35m7864&amp#27;[0;39m &amp#27;[2m---&amp#27;[0;39m &amp#27;[2m[           main]&amp#27;[0;39m &amp#27;[2m&amp#27;[0;39m&amp#27;[36mo.s.b.f.s.DefaultListableBeanFactory    &amp#27;[0;39m &amp#27;[2m:&amp#27;[0;39m Creating shared instance of singleton bean 'org.springframework.boot.autoconfigure.jackson.JacksonAutoConfiguration$ParameterNamesModuleConfiguration'
&amp#27;[2m2024-11-30T12:00:54.054+01:00&amp#27;[0;39m &amp#27;[32mDEBUG&amp#27;[0;39m &amp#27;[35m7864&amp#27;[0;39m &amp#27;[2m---&amp#27;[0;39m &amp#27;[2m[           main]&amp#27;[0;39m &amp#27;[2m&amp#27;[0;39m&amp#27;[36mo.s.b.f.s.DefaultListableBeanFactory    &amp#27;[0;39m &amp#27;[2m:&amp#27;[0;39m Creating shared instance of singleton bean 'jsonMixinModule'
&amp#27;[2m2024-11-30T12:00:54.054+01:00&amp#27;[0;39m &amp#27;[32mDEBUG&amp#27;[0;39m &amp#27;[35m7864&amp#27;[0;39m &amp#27;[2m---&amp#27;[0;39m &amp#27;[2m[           main]&amp#27;[0;39m &amp#27;[2m&amp#27;[0;39m&amp#27;[36mo.s.b.f.s.DefaultListableBeanFactory    &amp#27;[0;39m &amp#27;[2m:&amp#27;[0;39m Creating shared instance of singleton bean 'org.springframework.boot.autoconfigure.jackson.JacksonAutoConfiguration$JacksonMixinConfiguration'
&amp#27;[2m2024-11-30T12:00:54.055+01:00&amp#27;[0;39m &amp#27;[32mDEBUG&amp#27;[0;39m &amp#27;[35m7864&amp#27;[0;39m &amp#27;[2m---&amp#27;[0;39m &amp#27;[2m[           main]&amp#27;[0;39m &amp#27;[2m&amp#27;[0;39m&amp#27;[36mo.s.b.f.s.DefaultListableBeanFactory    &amp#27;[0;39m &amp#27;[2m:&amp#27;[0;39m Creating shared instance of singleton bean 'jsonMixinModuleEntries'
&amp#27;[2m2024-11-30T12:00:54.055+01:00&amp#27;[0;39m &amp#27;[32mDEBUG&amp#27;[0;39m &amp#27;[35m7864&amp#27;[0;39m &amp#27;[2m---&amp#27;[0;39m &amp#27;[2m[           main]&amp#27;[0;39m &amp#27;[2m&amp#27;[0;39m&amp#27;[36mo.s.b.f.s.DefaultListableBeanFactory    &amp#27;[0;39m &amp#27;[2m:&amp#27;[0;39m Autowiring by type from bean name 'jsonMixinModuleEntries' via factory method to bean named 'org.springframework.web.context.support.GenericWebApplicationContext@1edb61b1'
&amp#27;[2m2024-11-30T12:00:54.090+01:00&amp#27;[0;39m &amp#27;[32mDEBUG&amp#27;[0;39m &amp#27;[35m7864&amp#27;[0;39m &amp#27;[2m---&amp#27;[0;39m &amp#27;[2m[           main]&amp#27;[0;39m &amp#27;[2m&amp#27;[0;39m&amp#27;[36mo.s.b.f.s.DefaultListableBeanFactory    &amp#27;[0;39m &amp#27;[2m:&amp#27;[0;39m Autowiring by type from bean name 'jsonMixinModule' via factory method to bean named 'org.springframework.web.context.support.GenericWebApplicationContext@1edb61b1'
&amp#27;[2m2024-11-30T12:00:54.090+01:00&amp#27;[0;39m &amp#27;[32mDEBUG&amp#27;[0;39m &amp#27;[35m7864&amp#27;[0;39m &amp#27;[2m---&amp#27;[0;39m &amp#27;[2m[           main]&amp#27;[0;39m &amp#27;[2m&amp#27;[0;39m&amp#27;[36mo.s.b.f.s.DefaultListableBeanFactory    &amp#27;[0;39m &amp#27;[2m:&amp#27;[0;39m Autowiring by type from bean name 'jsonMixinModule' via factory method to bean named 'jsonMixinModuleEntries'
&amp#27;[2m2024-11-30T12:00:54.093+01:00&amp#27;[0;39m &amp#27;[32mDEBUG&amp#27;[0;39m &amp#27;[35m7864&amp#27;[0;39m &amp#27;[2m---&amp#27;[0;39m &amp#27;[2m[           main]&amp#27;[0;39m &amp#27;[2m&amp#27;[0;39m&amp#27;[36mo.s.b.f.s.DefaultListableBeanFactory    &amp#27;[0;39m &amp#27;[2m:&amp#27;[0;39m Creating shared instance of singleton bean 'jsonComponentModule'
&amp#27;[2m2024-11-30T12:00:54.093+01:00&amp#27;[0;39m &amp#27;[32mDEBUG&amp#27;[0;39m &amp#27;[35m7864&amp#27;[0;39m &amp#27;[2m---&amp#27;[0;39m &amp#27;[2m[           main]&amp#27;[0;39m &amp#27;[2m&amp#27;[0;39m&amp#27;[36mo.s.b.f.s.DefaultListableBeanFactory    &amp#27;[0;39m &amp#27;[2m:&amp#27;[0;39m Creating shared instance of singleton bean 'org.springframework.boot.autoconfigure.jackson.JacksonAutoConfiguration'
&amp#27;[2m2024-11-30T12:00:54.101+01:00&amp#27;[0;39m &amp#27;[32mDEBUG&amp#27;[0;39m &amp#27;[35m7864&amp#27;[0;39m &amp#27;[2m---&amp#27;[0;39m &amp#27;[2m[           main]&amp#27;[0;39m &amp#27;[2m&amp#27;[0;39m&amp#27;[36mo.s.b.f.s.DefaultListableBeanFactory    &amp#27;[0;39m &amp#27;[2m:&amp#27;[0;39m Creating shared instance of singleton bean 'jacksonGeoModule'
&amp#27;[2m2024-11-30T12:00:54.101+01:00&amp#27;[0;39m &amp#27;[32mDEBUG&amp#27;[0;39m &amp#27;[35m7864&amp#27;[0;39m &amp#27;[2m---&amp#27;[0;39m &amp#27;[2m[           main]&amp#27;[0;39m &amp#27;[2m&amp#27;[0;39m&amp#27;[36mo.s.b.f.s.DefaultListableBeanFactory    &amp#27;[0;39m &amp#27;[2m:&amp#27;[0;39m Creating shared instance of singleton bean 'org.springframework.data.web.config.SpringDataJacksonConfiguration'
&amp#27;[2m2024-11-30T12:00:54.105+01:00&amp#27;[0;39m &amp#27;[32mDEBUG&amp#27;[0;39m &amp#27;[35m7864&amp#27;[0;39m &amp#27;[2m---&amp#27;[0;39m &amp#27;[2m[           main]&amp#27;[0;39m &amp#27;[2m&amp#27;[0;39m&amp#27;[36mo.s.b.f.s.DefaultListableBeanFactory    &amp#27;[0;39m &amp#27;[2m:&amp#27;[0;39m Autowiring by type from bean name 'jacksonObjectMapperBuilder' via factory method to bean named 'org.springframework.web.context.support.GenericWebApplicationContext@1edb61b1'
&amp#27;[2m2024-11-30T12:00:54.105+01:00&amp#27;[0;39m &amp#27;[32mDEBUG&amp#27;[0;39m &amp#27;[35m7864&amp#27;[0;39m &amp#27;[2m---&amp#27;[0;39m &amp#27;[2m[           main]&amp#27;[0;39m &amp#27;[2m&amp#27;[0;39m&amp#27;[36mo.s.b.f.s.DefaultListableBeanFactory    &amp#27;[0;39m &amp#27;[2m:&amp#27;[0;39m Autowiring by type from bean name 'jacksonObjectMapperBuilder' via factory method to bean named 'standardJacksonObjectMapperBuilderCustomizer'
&amp#27;[2m2024-11-30T12:00:54.108+01:00&amp#27;[0;39m &amp#27;[32mDEBUG&amp#27;[0;39m &amp#27;[35m7864&amp#27;[0;39m &amp#27;[2m---&amp#27;[0;39m &amp#27;[2m[           main]&amp#27;[0;39m &amp#27;[2m&amp#27;[0;39m&amp#27;[36mo.s.b.f.s.DefaultListableBeanFactory    &amp#27;[0;39m &amp#27;[2m:&amp#27;[0;39m Autowiring by type from bean name 'jacksonObjectMapper' via factory method to bean named 'jacksonObjectMapperBuilder'
&amp#27;[2m2024-11-30T12:00:54.130+01:00&amp#27;[0;39m &amp#27;[32mDEBUG&amp#27;[0;39m &amp#27;[35m7864&amp#27;[0;39m &amp#27;[2m---&amp#27;[0;39m &amp#27;[2m[           main]&amp#27;[0;39m &amp#27;[2m&amp#27;[0;39m&amp#27;[36mo.s.b.f.s.DefaultListableBeanFactory    &amp#27;[0;39m &amp#27;[2m:&amp#27;[0;39m Autowiring by type from bean name 'mappingJackson2HttpMessageConverter' via factory method to bean named 'jacksonObjectMapper'
&amp#27;[2m2024-11-30T12:00:54.195+01:00&amp#27;[0;39m &amp#27;[32mDEBUG&amp#27;[0;39m &amp#27;[35m7864&amp#27;[0;39m &amp#27;[2m---&amp#27;[0;39m &amp#27;[2m[           main]&amp#27;[0;39m &amp#27;[2m&amp#27;[0;39m&amp#27;[36mo.s.b.f.s.DefaultListableBeanFactory    &amp#27;[0;39m &amp#27;[2m:&amp#27;[0;39m Creating shared instance of singleton bean 'resourceHandlerMapping'
&amp#27;[2m2024-11-30T12:00:54.197+01:00&amp#27;[0;39m &amp#27;[32mDEBUG&amp#27;[0;39m &amp#27;[35m7864&amp#27;[0;39m &amp#27;[2m---&amp#27;[0;39m &amp#27;[2m[           main]&amp#27;[0;39m &amp#27;[2m&amp#27;[0;39m&amp#27;[36mo.s.b.f.s.DefaultListableBeanFactory    &amp#27;[0;39m &amp#27;[2m:&amp#27;[0;39m Autowiring by type from bean name 'resourceHandlerMapping' via factory method to bean named 'mvcContentNegotiationManager'
&amp#27;[2m2024-11-30T12:00:54.197+01:00&amp#27;[0;39m &amp#27;[32mDEBUG&amp#27;[0;39m &amp#27;[35m7864&amp#27;[0;39m &amp#27;[2m---&amp#27;[0;39m &amp#27;[2m[           main]&amp#27;[0;39m &amp#27;[2m&amp#27;[0;39m&amp#27;[36mo.s.b.f.s.DefaultListableBeanFactory    &amp#27;[0;39m &amp#27;[2m:&amp#27;[0;39m Autowiring by type from bean name 'resourceHandlerMapping' via factory method to bean named 'mvcConversionService'
&amp#27;[2m2024-11-30T12:00:54.197+01:00&amp#27;[0;39m &amp#27;[32mDEBUG&amp#27;[0;39m &amp#27;[35m7864&amp#27;[0;39m &amp#27;[2m---&amp#27;[0;39m &amp#27;[2m[           main]&amp#27;[0;39m &amp#27;[2m&amp#27;[0;39m&amp#27;[36mo.s.b.f.s.DefaultListableBeanFactory    &amp#27;[0;39m &amp#27;[2m:&amp#27;[0;39m Autowiring by type from bean name 'resourceHandlerMapping' via factory method to bean named 'mvcResourceUrlProvider'
&amp#27;[2m2024-11-30T12:00:54.197+01:00&amp#27;[0;39m &amp#27;[32mDEBUG&amp#27;[0;39m &amp#27;[35m7864&amp#27;[0;39m &amp#27;[2m---&amp#27;[0;39m &amp#27;[2m[           main]&amp#27;[0;39m &amp#27;[2m&amp#27;[0;39m&amp#27;[36mo.s.w.s.c.annotation.WebMvcConfigurer   &amp#27;[0;39m &amp#27;[2m:&amp#27;[0;39m Default resource handling disabled
&amp#27;[2m2024-11-30T12:00:54.198+01:00&amp#27;[0;39m &amp#27;[32mDEBUG&amp#27;[0;39m &amp#27;[35m7864&amp#27;[0;39m &amp#27;[2m---&amp#27;[0;39m &amp#27;[2m[           main]&amp#27;[0;39m &amp#27;[2m&amp#27;[0;39m&amp#27;[36mo.s.b.f.s.DefaultListableBeanFactory    &amp#27;[0;39m &amp#27;[2m:&amp#27;[0;39m Creating shared instance of singleton bean 'defaultServletHandlerMapping'
&amp#27;[2m2024-11-30T12:00:54.215+01:00&amp#27;[0;39m &amp#27;[32mDEBUG&amp#27;[0;39m &amp#27;[35m7864&amp#27;[0;39m &amp#27;[2m---&amp#27;[0;39m &amp#27;[2m[           main]&amp#27;[0;39m &amp#27;[2m&amp#27;[0;39m&amp#27;[36mo.s.b.f.s.DefaultListableBeanFactory    &amp#27;[0;39m &amp#27;[2m:&amp#27;[0;39m Creating shared instance of singleton bean 'filterChain'
&amp#27;[2m2024-11-30T12:00:54.217+01:00&amp#27;[0;39m &amp#27;[32mDEBUG&amp#27;[0;39m &amp#27;[35m7864&amp#27;[0;39m &amp#27;[2m---&amp#27;[0;39m &amp#27;[2m[           main]&amp#27;[0;39m &amp#27;[2m&amp#27;[0;39m&amp#27;[36mo.s.b.f.s.DefaultListableBeanFactory    &amp#27;[0;39m &amp#27;[2m:&amp#27;[0;39m Autowiring by type from bean name 'filterChain' via factory method to bean named 'org.springframework.security.config.annotation.web.configuration.HttpSecurityConfiguration.httpSecurity'
&amp#27;[2m2024-11-30T12:00:54.219+01:00&amp#27;[0;39m &amp#27;[32mDEBUG&amp#27;[0;39m &amp#27;[35m7864&amp#27;[0;39m &amp#27;[2m---&amp#27;[0;39m &amp#27;[2m[           main]&amp#27;[0;39m &amp#27;[2m&amp#27;[0;39m&amp#27;[36mo.s.b.f.s.DefaultListableBeanFactory    &amp#27;[0;39m &amp#27;[2m:&amp#27;[0;39m Creating shared instance of singleton bean 'corsConfigurationSource'
&amp#27;[2m2024-11-30T12:00:54.261+01:00&amp#27;[0;39m &amp#27;[32m INFO&amp#27;[0;39m &amp#27;[35m7864&amp#27;[0;39m &amp#27;[2m---&amp#27;[0;39m &amp#27;[2m[           main]&amp#27;[0;39m &amp#27;[2m&amp#27;[0;39m&amp#27;[36mo.s.s.web.DefaultSecurityFilterChain    &amp#27;[0;39m &amp#27;[2m:&amp#27;[0;39m Will secure any request with [org.springframework.security.web.session.DisableEncodeUrlFilter@5f36ba0f, org.springframework.security.web.context.request.async.WebAsyncManagerIntegrationFilter@70c741be, org.springframework.security.web.context.SecurityContextHolderFilter@66373f77, org.springframework.security.web.header.HeaderWriterFilter@6050d04d, org.springframework.web.filter.CorsFilter@611d867, org.springframework.security.web.authentication.logout.LogoutFilter@5f324d9f, org.springframework.security.web.savedrequest.RequestCacheAwareFilter@6f014f27, org.springframework.security.web.servletapi.SecurityContextHolderAwareRequestFilter@185b998d, org.springframework.security.web.authentication.AnonymousAuthenticationFilter@5efb7f82, org.springframework.security.web.access.ExceptionTranslationFilter@5d71813b, org.springframework.security.web.access.intercept.AuthorizationFilter@446d7669]
&amp#27;[2m2024-11-30T12:00:54.268+01:00&amp#27;[0;39m &amp#27;[32mDEBUG&amp#27;[0;39m &amp#27;[35m7864&amp#27;[0;39m &amp#27;[2m---&amp#27;[0;39m &amp#27;[2m[           main]&amp#27;[0;39m &amp#27;[2m&amp#27;[0;39m&amp#27;[36mo.s.b.f.s.DefaultListableBeanFactory    &amp#27;[0;39m &amp#27;[2m:&amp#27;[0;39m Creating shared instance of singleton bean 'delegatingApplicationListener'
&amp#27;[2m2024-11-30T12:00:54.270+01:00&amp#27;[0;39m &amp#27;[32mDEBUG&amp#27;[0;39m &amp#27;[35m7864&amp#27;[0;39m &amp#27;[2m---&amp#27;[0;39m &amp#27;[2m[           main]&amp#27;[0;39m &amp#27;[2m&amp#27;[0;39m&amp#27;[36mo.s.b.f.s.DefaultListableBeanFactory    &amp#27;[0;39m &amp#27;[2m:&amp#27;[0;39m Creating shared instance of singleton bean 'springSecurityFilterChain'
&amp#27;[2m2024-11-30T12:00:54.302+01:00&amp#27;[0;39m &amp#27;[32mDEBUG&amp#27;[0;39m &amp#27;[35m7864&amp#27;[0;39m &amp#27;[2m---&amp#27;[0;39m &amp#27;[2m[           main]&amp#27;[0;39m &amp#27;[2m&amp#27;[0;39m&amp#27;[36mo.s.b.f.s.DefaultListableBeanFactory    &amp#27;[0;39m &amp#27;[2m:&amp#27;[0;39m Creating shared instance of singleton bean 'webSecurityExpressionHandler'
&amp#27;[2m2024-11-30T12:00:54.305+01:00&amp#27;[0;39m &amp#27;[32mDEBUG&amp#27;[0;39m &amp#27;[35m7864&amp#27;[0;39m &amp#27;[2m---&amp#27;[0;39m &amp#27;[2m[           main]&amp#27;[0;39m &amp#27;[2m&amp#27;[0;39m&amp#27;[36mo.s.b.f.s.DefaultListableBeanFactory    &amp#27;[0;39m &amp#27;[2m:&amp#27;[0;39m Creating shared instance of singleton bean 'privilegeEvaluator'
&amp#27;[2m2024-11-30T12:00:54.307+01:00&amp#27;[0;39m &amp#27;[32mDEBUG&amp#27;[0;39m &amp#27;[35m7864&amp#27;[0;39m &amp#27;[2m---&amp#27;[0;39m &amp#27;[2m[           main]&amp#27;[0;39m &amp#27;[2m&amp#27;[0;39m&amp#27;[36mo.s.b.f.s.DefaultListableBeanFactory    &amp#27;[0;39m &amp#27;[2m:&amp#27;[0;39m Creating shared instance of singleton bean 'requestDataValueProcessor'
&amp#27;[2m2024-11-30T12:00:54.310+01:00&amp#27;[0;39m &amp#27;[32mDEBUG&amp#27;[0;39m &amp#27;[35m7864&amp#27;[0;39m &amp#27;[2m---&amp#27;[0;39m &amp#27;[2m[           main]&amp#27;[0;39m &amp#27;[2m&amp#27;[0;39m&amp#27;[36mo.s.b.f.s.DefaultListableBeanFactory    &amp#27;[0;39m &amp#27;[2m:&amp#27;[0;39m Creating shared instance of singleton bean 'org.springframework.boot.autoconfigure.context.PropertyPlaceholderAutoConfiguration'
&amp#27;[2m2024-11-30T12:00:54.311+01:00&amp#27;[0;39m &amp#27;[32mDEBUG&amp#27;[0;39m &amp#27;[35m7864&amp#27;[0;39m &amp#27;[2m---&amp#27;[0;39m &amp#27;[2m[           main]&amp#27;[0;39m &amp#27;[2m&amp#27;[0;39m&amp#27;[36mo.s.b.f.s.DefaultListableBeanFactory    &amp#27;[0;39m &amp#27;[2m:&amp#27;[0;39m Creating shared instance of singleton bean 'org.springframework.boot.autoconfigure.ssl.SslAutoConfiguration'
&amp#27;[2m2024-11-30T12:00:54.316+01:00&amp#27;[0;39m &amp#27;[32mDEBUG&amp#27;[0;39m &amp#27;[35m7864&amp#27;[0;39m &amp#27;[2m---&amp#27;[0;39m &amp#27;[2m[           main]&amp#27;[0;39m &amp#27;[2m&amp#27;[0;39m&amp#27;[36mo.s.b.f.s.DefaultListableBeanFactory    &amp#27;[0;39m &amp#27;[2m:&amp#27;[0;39m Creating shared instance of singleton bean 'spring.ssl-org.springframework.boot.autoconfigure.ssl.SslProperties'
&amp#27;[2m2024-11-30T12:00:54.320+01:00&amp#27;[0;39m &amp#27;[32mDEBUG&amp#27;[0;39m &amp#27;[35m7864&amp#27;[0;39m &amp#27;[2m---&amp#27;[0;39m &amp#27;[2m[           main]&amp#27;[0;39m &amp#27;[2m&amp#27;[0;39m&amp#27;[36mo.s.b.f.s.DefaultListableBeanFactory    &amp#27;[0;39m &amp#27;[2m:&amp#27;[0;39m Autowiring by type from bean name 'org.springframework.boot.autoconfigure.ssl.SslAutoConfiguration' via constructor to bean named 'spring.ssl-org.springframework.boot.autoconfigure.ssl.SslProperties'
&amp#27;[2m2024-11-30T12:00:54.320+01:00&amp#27;[0;39m &amp#27;[32mDEBUG&amp#27;[0;39m &amp#27;[35m7864&amp#27;[0;39m &amp#27;[2m---&amp#27;[0;39m &amp#27;[2m[           main]&amp#27;[0;39m &amp#27;[2m&amp#27;[0;39m&amp#27;[36mo.s.b.f.s.DefaultListableBeanFactory    &amp#27;[0;39m &amp#27;[2m:&amp#27;[0;39m Creating shared instance of singleton bean 'fileWatcher'
&amp#27;[2m2024-11-30T12:00:54.321+01:00&amp#27;[0;39m &amp#27;[32mDEBUG&amp#27;[0;39m &amp#27;[35m7864&amp#27;[0;39m &amp#27;[2m---&amp#27;[0;39m &amp#27;[2m[           main]&amp#27;[0;39m &amp#27;[2m&amp#27;[0;39m&amp#27;[36mo.s.b.f.s.DefaultListableBeanFactory    &amp#27;[0;39m &amp#27;[2m:&amp#27;[0;39m Creating shared instance of singleton bean 'sslPropertiesSslBundleRegistrar'
&amp#27;[2m2024-11-30T12:00:54.322+01:00&amp#27;[0;39m &amp#27;[32mDEBUG&amp#27;[0;39m &amp#27;[35m7864&amp#27;[0;39m &amp#27;[2m---&amp#27;[0;39m &amp#27;[2m[           main]&amp#27;[0;39m &amp#27;[2m&amp#27;[0;39m&amp#27;[36mo.s.b.f.s.DefaultListableBeanFactory    &amp#27;[0;39m &amp#27;[2m:&amp#27;[0;39m Autowiring by type from bean name 'sslPropertiesSslBundleRegistrar' via factory method to bean named 'fileWatcher'
&amp#27;[2m2024-11-30T12:00:54.325+01:00&amp#27;[0;39m &amp#27;[32mDEBUG&amp#27;[0;39m &amp#27;[35m7864&amp#27;[0;39m &amp#27;[2m---&amp#27;[0;39m &amp#27;[2m[           main]&amp#27;[0;39m &amp#27;[2m&amp#27;[0;39m&amp#27;[36mo.s.b.f.s.DefaultListableBeanFactory    &amp#27;[0;39m &amp#27;[2m:&amp#27;[0;39m Creating shared instance of singleton bean 'sslBundleRegistry'
&amp#27;[2m2024-11-30T12:00:54.329+01:00&amp#27;[0;39m &amp#27;[32mDEBUG&amp#27;[0;39m &amp#27;[35m7864&amp#27;[0;39m &amp#27;[2m---&amp#27;[0;39m &amp#27;[2m[           main]&amp#27;[0;39m &amp#27;[2m&amp#27;[0;39m&amp#27;[36mo.s.b.f.s.DefaultListableBeanFactory    &amp#27;[0;39m &amp#27;[2m:&amp#27;[0;39m Creating shared instance of singleton bean 'org.springframework.boot.context.properties.EnableConfigurationPropertiesRegistrar.methodValidationExcludeFilter'
&amp#27;[2m2024-11-30T12:00:54.333+01:00&amp#27;[0;39m &amp#27;[32mDEBUG&amp#27;[0;39m &amp#27;[35m7864&amp#27;[0;39m &amp#27;[2m---&amp#27;[0;39m &amp#27;[2m[           main]&amp#27;[0;39m &amp#27;[2m&amp#27;[0;39m&amp#27;[36mo.s.b.f.s.DefaultListableBeanFactory    &amp#27;[0;39m &amp#27;[2m:&amp#27;[0;39m Creating shared instance of singleton bean 'org.springframework.boot.autoconfigure.websocket.servlet.WebSocketServletAutoConfiguration$TomcatWebSocketConfiguration'
&amp#27;[2m2024-11-30T12:00:54.335+01:00&amp#27;[0;39m &amp#27;[32mDEBUG&amp#27;[0;39m &amp#27;[35m7864&amp#27;[0;39m &amp#27;[2m---&amp#27;[0;39m &amp#27;[2m[           main]&amp#27;[0;39m &amp#27;[2m&amp#27;[0;39m&amp#27;[36mo.s.b.f.s.DefaultListableBeanFactory    &amp#27;[0;39m &amp#27;[2m:&amp#27;[0;39m Creating shared instance of singleton bean 'websocketServletWebServerCustomizer'
&amp#27;[2m2024-11-30T12:00:54.337+01:00&amp#27;[0;39m &amp#27;[32mDEBUG&amp#27;[0;39m &amp#27;[35m7864&amp#27;[0;39m &amp#27;[2m---&amp#27;[0;39m &amp#27;[2m[           main]&amp#27;[0;39m &amp#27;[2m&amp#27;[0;39m&amp#27;[36mo.s.b.f.s.DefaultListableBeanFactory    &amp#27;[0;39m &amp#27;[2m:&amp#27;[0;39m Creating shared instance of singleton bean 'org.springframework.boot.autoconfigure.websocket.servlet.WebSocketServletAutoConfiguration'
&amp#27;[2m2024-11-30T12:00:54.339+01:00&amp#27;[0;39m &amp#27;[32mDEBUG&amp#27;[0;39m &amp#27;[35m7864&amp#27;[0;39m &amp#27;[2m---&amp#27;[0;39m &amp#27;[2m[           main]&amp#27;[0;39m &amp#27;[2m&amp#27;[0;39m&amp#27;[36mo.s.b.f.s.DefaultListableBeanFactory    &amp#27;[0;39m &amp#27;[2m:&amp#27;[0;39m Creating shared instance of singleton bean 'org.springframework.boot.autoconfigure.web.servlet.ServletWebServerFactoryConfiguration$EmbeddedTomcat'
&amp#27;[2m2024-11-30T12:00:54.339+01:00&amp#27;[0;39m &amp#27;[32mDEBUG&amp#27;[0;39m &amp#27;[35m7864&amp#27;[0;39m &amp#27;[2m---&amp#27;[0;39m &amp#27;[2m[           main]&amp#27;[0;39m &amp#27;[2m&amp#27;[0;39m&amp#27;[36mo.s.b.f.s.DefaultListableBeanFactory    &amp#27;[0;39m &amp#27;[2m:&amp#27;[0;39m Creating shared instance of singleton bean 'tomcatServletWebServerFactory'
&amp#27;[2m2024-11-30T12:00:54.389+01:00&amp#27;[0;39m &amp#27;[32mDEBUG&amp#27;[0;39m &amp#27;[35m7864&amp#27;[0;39m &amp#27;[2m---&amp#27;[0;39m &amp#27;[2m[           main]&amp#27;[0;39m &amp#27;[2m&amp#27;[0;39m&amp#27;[36mo.s.b.f.s.DefaultListableBeanFactory    &amp#27;[0;39m &amp#27;[2m:&amp#27;[0;39m Creating shared instance of singleton bean 'servletWebServerFactoryCustomizer'
&amp#27;[2m2024-11-30T12:00:54.390+01:00&amp#27;[0;39m &amp#27;[32mDEBUG&amp#27;[0;39m &amp#27;[35m7864&amp#27;[0;39m &amp#27;[2m---&amp#27;[0;39m &amp#27;[2m[           main]&amp#27;[0;39m &amp#27;[2m&amp#27;[0;39m&amp#27;[36mo.s.b.f.s.DefaultListableBeanFactory    &amp#27;[0;39m &amp#27;[2m:&amp#27;[0;39m Creating shared instance of singleton bean 'org.springframework.boot.autoconfigure.web.servlet.ServletWebServerFactoryAutoConfiguration'
&amp#27;[2m2024-11-30T12:00:54.392+01:00&amp#27;[0;39m &amp#27;[32mDEBUG&amp#27;[0;39m &amp#27;[35m7864&amp#27;[0;39m &amp#27;[2m---&amp#27;[0;39m &amp#27;[2m[           main]&amp#27;[0;39m &amp#27;[2m&amp#27;[0;39m&amp#27;[36mo.s.b.f.s.DefaultListableBeanFactory    &amp#27;[0;39m &amp#27;[2m:&amp#27;[0;39m Creating shared instance of singleton bean 'server-org.springframework.boot.autoconfigure.web.ServerProperties'
&amp#27;[2m2024-11-30T12:00:54.404+01:00&amp#27;[0;39m &amp#27;[32mDEBUG&amp#27;[0;39m &amp#27;[35m7864&amp#27;[0;39m &amp#27;[2m---&amp#27;[0;39m &amp#27;[2m[           main]&amp#27;[0;39m &amp#27;[2m&amp#27;[0;39m&amp#27;[36mo.s.b.f.s.DefaultListableBeanFactory    &amp#27;[0;39m &amp#27;[2m:&amp#27;[0;39m Autowiring by type from bean name 'servletWebServerFactoryCustomizer' via factory method to bean named 'server-org.springframework.boot.autoconfigure.web.ServerProperties'
&amp#27;[2m2024-11-30T12:00:54.409+01:00&amp#27;[0;39m &amp#27;[32mDEBUG&amp#27;[0;39m &amp#27;[35m7864&amp#27;[0;39m &amp#27;[2m---&amp#27;[0;39m &amp#27;[2m[           main]&amp#27;[0;39m &amp#27;[2m&amp#27;[0;39m&amp#27;[36mo.s.b.f.s.DefaultListableBeanFactory    &amp#27;[0;39m &amp#27;[2m:&amp#27;[0;39m Creating shared instance of singleton bean 'tomcatServletWebServerFactoryCustomizer'
&amp#27;[2m2024-11-30T12:00:54.410+01:00&amp#27;[0;39m &amp#27;[32mDEBUG&amp#27;[0;39m &amp#27;[35m7864&amp#27;[0;39m &amp#27;[2m---&amp#27;[0;39m &amp#27;[2m[           main]&amp#27;[0;39m &amp#27;[2m&amp#27;[0;39m&amp#27;[36mo.s.b.f.s.DefaultListableBeanFactory    &amp#27;[0;39m &amp#27;[2m:&amp#27;[0;39m Autowiring by type from bean name 'tomcatServletWebServerFactoryCustomizer' via factory method to bean named 'server-org.springframework.boot.autoconfigure.web.ServerProperties'
&amp#27;[2m2024-11-30T12:00:54.410+01:00&amp#27;[0;39m &amp#27;[32mDEBUG&amp#27;[0;39m &amp#27;[35m7864&amp#27;[0;39m &amp#27;[2m---&amp#27;[0;39m &amp#27;[2m[           main]&amp#27;[0;39m &amp#27;[2m&amp#27;[0;39m&amp#27;[36mo.s.b.f.s.DefaultListableBeanFactory    &amp#27;[0;39m &amp#27;[2m:&amp#27;[0;39m Creating shared instance of singleton bean 'localeCharsetMappingsCustomizer'
&amp#27;[2m2024-11-30T12:00:54.410+01:00&amp#27;[0;39m &amp#27;[32mDEBUG&amp#27;[0;39m &amp#27;[35m7864&amp#27;[0;39m &amp#27;[2m---&amp#27;[0;39m &amp#27;[2m[           main]&amp#27;[0;39m &amp#27;[2m&amp#27;[0;39m&amp#27;[36mo.s.b.f.s.DefaultListableBeanFactory    &amp#27;[0;39m &amp#27;[2m:&amp#27;[0;39m Creating shared instance of singleton bean 'org.springframework.boot.autoconfigure.web.servlet.HttpEncodingAutoConfiguration'
&amp#27;[2m2024-11-30T12:00:54.410+01:00&amp#27;[0;39m &amp#27;[32mDEBUG&amp#27;[0;39m &amp#27;[35m7864&amp#27;[0;39m &amp#27;[2m---&amp#27;[0;39m &amp#27;[2m[           main]&amp#27;[0;39m &amp#27;[2m&amp#27;[0;39m&amp#27;[36mo.s.b.f.s.DefaultListableBeanFactory    &amp#27;[0;39m &amp#27;[2m:&amp#27;[0;39m Autowiring by type from bean name 'org.springframework.boot.autoconfigure.web.servlet.HttpEncodingAutoConfiguration' via constructor to bean named 'server-org.springframework.boot.autoconfigure.web.ServerProperties'
&amp#27;[2m2024-11-30T12:00:54.424+01:00&amp#27;[0;39m &amp#27;[32mDEBUG&amp#27;[0;39m &amp#27;[35m7864&amp#27;[0;39m &amp#27;[2m---&amp#27;[0;39m &amp#27;[2m[           main]&amp#27;[0;39m &amp#27;[2m&amp#27;[0;39m&amp#27;[36mo.s.b.f.s.DefaultListableBeanFactory    &amp#27;[0;39m &amp#27;[2m:&amp#27;[0;39m Creating shared instance of singleton bean 'errorPageCustomizer'
&amp#27;[2m2024-11-30T12:00:54.424+01:00&amp#27;[0;39m &amp#27;[32mDEBUG&amp#27;[0;39m &amp#27;[35m7864&amp#27;[0;39m &amp#27;[2m---&amp#27;[0;39m &amp#27;[2m[           main]&amp#27;[0;39m &amp#27;[2m&amp#27;[0;39m&amp#27;[36mo.s.b.f.s.DefaultListableBeanFactory    &amp#27;[0;39m &amp#27;[2m:&amp#27;[0;39m Creating shared instance of singleton bean 'org.springframework.boot.autoconfigure.web.servlet.error.ErrorMvcAutoConfiguration'
&amp#27;[2m2024-11-30T12:00:54.425+01:00&amp#27;[0;39m &amp#27;[32mDEBUG&amp#27;[0;39m &amp#27;[35m7864&amp#27;[0;39m &amp#27;[2m---&amp#27;[0;39m &amp#27;[2m[           main]&amp#27;[0;39m &amp#27;[2m&amp#27;[0;39m&amp#27;[36mo.s.b.f.s.DefaultListableBeanFactory    &amp#27;[0;39m &amp#27;[2m:&amp#27;[0;39m Autowiring by type from bean name 'org.springframework.boot.autoconfigure.web.servlet.error.ErrorMvcAutoConfiguration' via constructor to bean named 'server-org.springframework.boot.autoconfigure.web.ServerProperties'
&amp#27;[2m2024-11-30T12:00:54.426+01:00&amp#27;[0;39m &amp#27;[32mDEBUG&amp#27;[0;39m &amp#27;[35m7864&amp#27;[0;39m &amp#27;[2m---&amp#27;[0;39m &amp#27;[2m[           main]&amp#27;[0;39m &amp#27;[2m&amp#27;[0;39m&amp#27;[36mo.s.b.f.s.DefaultListableBeanFactory    &amp#27;[0;39m &amp#27;[2m:&amp#27;[0;39m Creating shared instance of singleton bean 'dispatcherServletRegistration'
&amp#27;[2m2024-11-30T12:00:54.426+01:00&amp#27;[0;39m &amp#27;[32mDEBUG&amp#27;[0;39m &amp#27;[35m7864&amp#27;[0;39m &amp#27;[2m---&amp#27;[0;39m &amp#27;[2m[           main]&amp#27;[0;39m &amp#27;[2m&amp#27;[0;39m&amp#27;[36mo.s.b.f.s.DefaultListableBeanFactory    &amp#27;[0;39m &amp#27;[2m:&amp#27;[0;39m Creating shared instance of singleton bean 'org.springframework.boot.autoconfigure.web.servlet.DispatcherServletAutoConfiguration$DispatcherServletRegistrationConfiguration'
&amp#27;[2m2024-11-30T12:00:54.426+01:00&amp#27;[0;39m &amp#27;[32mDEBUG&amp#27;[0;39m &amp#27;[35m7864&amp#27;[0;39m &amp#27;[2m---&amp#27;[0;39m &amp#27;[2m[           main]&amp#27;[0;39m &amp#27;[2m&amp#27;[0;39m&amp#27;[36mo.s.b.f.s.DefaultListableBeanFactory    &amp#27;[0;39m &amp#27;[2m:&amp#27;[0;39m Creating shared instance of singleton bean 'dispatcherServlet'
&amp#27;[2m2024-11-30T12:00:54.427+01:00&amp#27;[0;39m &amp#27;[32mDEBUG&amp#27;[0;39m &amp#27;[35m7864&amp#27;[0;39m &amp#27;[2m---&amp#27;[0;39m &amp#27;[2m[           main]&amp#27;[0;39m &amp#27;[2m&amp#27;[0;39m&amp#27;[36mo.s.b.f.s.DefaultListableBeanFactory    &amp#27;[0;39m &amp#27;[2m:&amp#27;[0;39m Creating shared instance of singleton bean 'org.springframework.boot.autoconfigure.web.servlet.DispatcherServletAutoConfiguration$DispatcherServletConfiguration'
&amp#27;[2m2024-11-30T12:00:54.431+01:00&amp#27;[0;39m &amp#27;[32mDEBUG&amp#27;[0;39m &amp#27;[35m7864&amp#27;[0;39m &amp#27;[2m---&amp#27;[0;39m &amp#27;[2m[           main]&amp#27;[0;39m &amp#27;[2m&amp#27;[0;39m&amp#27;[36mo.s.b.f.s.DefaultListableBeanFactory    &amp#27;[0;39m &amp#27;[2m:&amp#27;[0;39m Autowiring by type from bean name 'dispatcherServlet' via factory method to bean named 'spring.mvc-org.springframework.boot.autoconfigure.web.servlet.WebMvcProperties'
&amp#27;[2m2024-11-30T12:00:54.442+01:00&amp#27;[0;39m &amp#27;[32mDEBUG&amp#27;[0;39m &amp#27;[35m7864&amp#27;[0;39m &amp#27;[2m---&amp#27;[0;39m &amp#27;[2m[           main]&amp#27;[0;39m &amp#27;[2m&amp#27;[0;39m&amp#27;[36mo.s.b.f.s.DefaultListableBeanFactory    &amp#27;[0;39m &amp#27;[2m:&amp#27;[0;39m Autowiring by type from bean name 'dispatcherServletRegistration' via factory method to bean named 'dispatcherServlet'
&amp#27;[2m2024-11-30T12:00:54.442+01:00&amp#27;[0;39m &amp#27;[32mDEBUG&amp#27;[0;39m &amp#27;[35m7864&amp#27;[0;39m &amp#27;[2m---&amp#27;[0;39m &amp#27;[2m[           main]&amp#27;[0;39m &amp#27;[2m&amp#27;[0;39m&amp#27;[36mo.s.b.f.s.DefaultListableBeanFactory    &amp#27;[0;39m &amp#27;[2m:&amp#27;[0;39m Autowiring by type from bean name 'dispatcherServletRegistration' via factory method to bean named 'spring.mvc-org.springframework.boot.autoconfigure.web.servlet.WebMvcProperties'
&amp#27;[2m2024-11-30T12:00:54.444+01:00&amp#27;[0;39m &amp#27;[32mDEBUG&amp#27;[0;39m &amp#27;[35m7864&amp#27;[0;39m &amp#27;[2m---&amp#27;[0;39m &amp#27;[2m[           main]&amp#27;[0;39m &amp#27;[2m&amp#27;[0;39m&amp#27;[36mo.s.b.f.s.DefaultListableBeanFactory    &amp#27;[0;39m &amp#27;[2m:&amp#27;[0;39m Creating shared instance of singleton bean 'multipartConfigElement'
&amp#27;[2m2024-11-30T12:00:54.445+01:00&amp#27;[0;39m &amp#27;[32mDEBUG&amp#27;[0;39m &amp#27;[35m7864&amp#27;[0;39m &amp#27;[2m---&amp#27;[0;39m &amp#27;[2m[           main]&amp#27;[0;39m &amp#27;[2m&amp#27;[0;39m&amp#27;[36mo.s.b.f.s.DefaultListableBeanFactory    &amp#27;[0;39m &amp#27;[2m:&amp#27;[0;39m Creating shared instance of singleton bean 'org.springframework.boot.autoconfigure.web.servlet.MultipartAutoConfiguration'
&amp#27;[2m2024-11-30T12:00:54.446+01:00&amp#27;[0;39m &amp#27;[32mDEBUG&amp#27;[0;39m &amp#27;[35m7864&amp#27;[0;39m &amp#27;[2m---&amp#27;[0;39m &amp#27;[2m[           main]&amp#27;[0;39m &amp#27;[2m&amp#27;[0;39m&amp#27;[36mo.s.b.f.s.DefaultListableBeanFactory    &amp#27;[0;39m &amp#27;[2m:&amp#27;[0;39m Creating shared instance of singleton bean 'spring.servlet.multipart-org.springframework.boot.autoconfigure.web.servlet.MultipartProperties'
&amp#27;[2m2024-11-30T12:00:54.454+01:00&amp#27;[0;39m &amp#27;[32mDEBUG&amp#27;[0;39m &amp#27;[35m7864&amp#27;[0;39m &amp#27;[2m---&amp#27;[0;39m &amp#27;[2m[           main]&amp#27;[0;39m &amp#27;[2m&amp#27;[0;39m&amp#27;[36mo.s.b.f.s.DefaultListableBeanFactory    &amp#27;[0;39m &amp#27;[2m:&amp#27;[0;39m Autowiring by type from bean name 'org.springframework.boot.autoconfigure.web.servlet.MultipartAutoConfiguration' via constructor to bean named 'spring.servlet.multipart-org.springframework.boot.autoconfigure.web.servlet.MultipartProperties'
&amp#27;[2m2024-11-30T12:00:54.457+01:00&amp#27;[0;39m &amp#27;[32mDEBUG&amp#27;[0;39m &amp#27;[35m7864&amp#27;[0;39m &amp#27;[2m---&amp#27;[0;39m &amp#27;[2m[           main]&amp#27;[0;39m &amp#27;[2m&amp#27;[0;39m&amp#27;[36mo.s.b.f.s.DefaultListableBeanFactory    &amp#27;[0;39m &amp#27;[2m:&amp#27;[0;39m Autowiring by type from bean name 'errorPageCustomizer' via factory method to bean named 'dispatcherServletRegistration'
&amp#27;[2m2024-11-30T12:00:54.459+01:00&amp#27;[0;39m &amp#27;[32mDEBUG&amp#27;[0;39m &amp#27;[35m7864&amp#27;[0;39m &amp#27;[2m---&amp#27;[0;39m &amp#27;[2m[           main]&amp#27;[0;39m &amp#27;[2m&amp#27;[0;39m&amp#27;[36mo.s.b.f.s.DefaultListableBeanFactory    &amp#27;[0;39m &amp#27;[2m:&amp#27;[0;39m Creating shared instance of singleton bean 'org.springframework.boot.autoconfigure.web.servlet.DispatcherServletAutoConfiguration'
&amp#27;[2m2024-11-30T12:00:54.459+01:00&amp#27;[0;39m &amp#27;[32mDEBUG&amp#27;[0;39m &amp#27;[35m7864&amp#27;[0;39m &amp#27;[2m---&amp#27;[0;39m &amp#27;[2m[           main]&amp#27;[0;39m &amp#27;[2m&amp#27;[0;39m&amp#27;[36mo.s.b.f.s.DefaultListableBeanFactory    &amp#27;[0;39m &amp#27;[2m:&amp#27;[0;39m Creating shared instance of singleton bean 'org.springframework.boot.autoconfigure.task.TaskExecutorConfigurations$ThreadPoolTaskExecutorBuilderConfiguration'
&amp#27;[2m2024-11-30T12:00:54.460+01:00&amp#27;[0;39m &amp#27;[32mDEBUG&amp#27;[0;39m &amp#27;[35m7864&amp#27;[0;39m &amp#27;[2m---&amp#27;[0;39m &amp#27;[2m[           main]&amp#27;[0;39m &amp#27;[2m&amp#27;[0;39m&amp#27;[36mo.s.b.f.s.DefaultListableBeanFactory    &amp#27;[0;39m &amp#27;[2m:&amp#27;[0;39m Creating shared instance of singleton bean 'threadPoolTaskExecutorBuilder'
&amp#27;[2m2024-11-30T12:00:54.460+01:00&amp#27;[0;39m &amp#27;[32mDEBUG&amp#27;[0;39m &amp#27;[35m7864&amp#27;[0;39m &amp#27;[2m---&amp#27;[0;39m &amp#27;[2m[           main]&amp#27;[0;39m &amp#27;[2m&amp#27;[0;39m&amp#27;[36mo.s.b.f.s.DefaultListableBeanFactory    &amp#27;[0;39m &amp#27;[2m:&amp#27;[0;39m Creating shared instance of singleton bean 'spring.task.execution-org.springframework.boot.autoconfigure.task.TaskExecutionProperties'
&amp#27;[2m2024-11-30T12:00:54.462+01:00&amp#27;[0;39m &amp#27;[32mDEBUG&amp#27;[0;39m &amp#27;[35m7864&amp#27;[0;39m &amp#27;[2m---&amp#27;[0;39m &amp#27;[2m[           main]&amp#27;[0;39m &amp#27;[2m&amp#27;[0;39m&amp#27;[36mo.s.b.f.s.DefaultListableBeanFactory    &amp#27;[0;39m &amp#27;[2m:&amp#27;[0;39m Autowiring by type from bean name 'threadPoolTaskExecutorBuilder' via factory method to bean named 'spring.task.execution-org.springframework.boot.autoconfigure.task.TaskExecutionProperties'
&amp#27;[2m2024-11-30T12:00:54.464+01:00&amp#27;[0;39m &amp#27;[32mDEBUG&amp#27;[0;39m &amp#27;[35m7864&amp#27;[0;39m &amp#27;[2m---&amp#27;[0;39m &amp#27;[2m[           main]&amp#27;[0;39m &amp#27;[2m&amp#27;[0;39m&amp#27;[36mo.s.b.f.s.DefaultListableBeanFactory    &amp#27;[0;39m &amp#27;[2m:&amp#27;[0;39m Creating shared instance of singleton bean 'org.springframework.boot.autoconfigure.task.TaskExecutorConfigurations$TaskExecutorBuilderConfiguration'
&amp#27;[2m2024-11-30T12:00:54.464+01:00&amp#27;[0;39m &amp#27;[32mDEBUG&amp#27;[0;39m &amp#27;[35m7864&amp#27;[0;39m &amp#27;[2m---&amp#27;[0;39m &amp#27;[2m[           main]&amp#27;[0;39m &amp#27;[2m&amp#27;[0;39m&amp#27;[36mo.s.b.f.s.DefaultListableBeanFactory    &amp#27;[0;39m &amp#27;[2m:&amp#27;[0;39m Creating shared instance of singleton bean 'taskExecutorBuilder'
&amp#27;[2m2024-11-30T12:00:54.465+01:00&amp#27;[0;39m &amp#27;[32mDEBUG&amp#27;[0;39m &amp#27;[35m7864&amp#27;[0;39m &amp#27;[2m---&amp#27;[0;39m &amp#27;[2m[           main]&amp#27;[0;39m &amp#27;[2m&amp#27;[0;39m&amp#27;[36mo.s.b.f.s.DefaultListableBeanFactory    &amp#27;[0;39m &amp#27;[2m:&amp#27;[0;39m Autowiring by type from bean name 'taskExecutorBuilder' via factory method to bean named 'spring.task.execution-org.springframework.boot.autoconfigure.task.TaskExecutionProperties'
&amp#27;[2m2024-11-30T12:00:54.466+01:00&amp#27;[0;39m &amp#27;[32mDEBUG&amp#27;[0;39m &amp#27;[35m7864&amp#27;[0;39m &amp#27;[2m---&amp#27;[0;39m &amp#27;[2m[           main]&amp#27;[0;39m &amp#27;[2m&amp#27;[0;39m&amp#27;[36mo.s.b.f.s.DefaultListableBeanFactory    &amp#27;[0;39m &amp#27;[2m:&amp#27;[0;39m Creating shared instance of singleton bean 'org.springframework.boot.autoconfigure.task.TaskExecutorConfigurations$SimpleAsyncTaskExecutorBuilderConfiguration'
&amp#27;[2m2024-11-30T12:00:54.467+01:00&amp#27;[0;39m &amp#27;[32mDEBUG&amp#27;[0;39m &amp#27;[35m7864&amp#27;[0;39m &amp#27;[2m---&amp#27;[0;39m &amp#27;[2m[           main]&amp#27;[0;39m &amp#27;[2m&amp#27;[0;39m&amp#27;[36mo.s.b.f.s.DefaultListableBeanFactory    &amp#27;[0;39m &amp#27;[2m:&amp#27;[0;39m Autowiring by type from bean name 'org.springframework.boot.autoconfigure.task.TaskExecutorConfigurations$SimpleAsyncTaskExecutorBuilderConfiguration' via constructor to bean named 'spring.task.execution-org.springframework.boot.autoconfigure.task.TaskExecutionProperties'
&amp#27;[2m2024-11-30T12:00:54.468+01:00&amp#27;[0;39m &amp#27;[32mDEBUG&amp#27;[0;39m &amp#27;[35m7864&amp#27;[0;39m &amp#27;[2m---&amp#27;[0;39m &amp#27;[2m[           main]&amp#27;[0;39m &amp#27;[2m&amp#27;[0;39m&amp#27;[36mo.s.b.f.s.DefaultListableBeanFactory    &amp#27;[0;39m &amp#27;[2m:&amp#27;[0;39m Creating shared instance of singleton bean 'simpleAsyncTaskExecutorBuilder'
&amp#27;[2m2024-11-30T12:00:54.469+01:00&amp#27;[0;39m &amp#27;[32mDEBUG&amp#27;[0;39m &amp#27;[35m7864&amp#27;[0;39m &amp#27;[2m---&amp#27;[0;39m &amp#27;[2m[           main]&amp#27;[0;39m &amp#27;[2m&amp#27;[0;39m&amp#27;[36mo.s.b.f.s.DefaultListableBeanFactory    &amp#27;[0;39m &amp#27;[2m:&amp#27;[0;39m Creating shared instance of singleton bean 'org.springframework.boot.autoconfigure.task.TaskExecutorConfigurations$TaskExecutorConfiguration'
&amp#27;[2m2024-11-30T12:00:54.470+01:00&amp#27;[0;39m &amp#27;[32mDEBUG&amp#27;[0;39m &amp#27;[35m7864&amp#27;[0;39m &amp#27;[2m---&amp#27;[0;39m &amp#27;[2m[           main]&amp#27;[0;39m &amp#27;[2m&amp#27;[0;39m&amp#27;[36mo.s.b.f.s.DefaultListableBeanFactory    &amp#27;[0;39m &amp#27;[2m:&amp#27;[0;39m Creating shared instance of singleton bean 'org.springframework.boot.autoconfigure.task.TaskExecutionAutoConfiguration'
&amp#27;[2m2024-11-30T12:00:54.470+01:00&amp#27;[0;39m &amp#27;[32mDEBUG&amp#27;[0;39m &amp#27;[35m7864&amp#27;[0;39m &amp#27;[2m---&amp#27;[0;39m &amp#27;[2m[           main]&amp#27;[0;39m &amp#27;[2m&amp#27;[0;39m&amp#27;[36mo.s.b.f.s.DefaultListableBeanFactory    &amp#27;[0;39m &amp#27;[2m:&amp#27;[0;39m Creating shared instance of singleton bean 'org.springframework.boot.autoconfigure.web.servlet.error.ErrorMvcAutoConfiguration$WhitelabelErrorViewConfiguration'
&amp#27;[2m2024-11-30T12:00:54.471+01:00&amp#27;[0;39m &amp#27;[32mDEBUG&amp#27;[0;39m &amp#27;[35m7864&amp#27;[0;39m &amp#27;[2m---&amp#27;[0;39m &amp#27;[2m[           main]&amp#27;[0;39m &amp#27;[2m&amp#27;[0;39m&amp#27;[36mo.s.b.f.s.DefaultListableBeanFactory    &amp#27;[0;39m &amp#27;[2m:&amp#27;[0;39m Creating shared instance of singleton bean 'error'
&amp#27;[2m2024-11-30T12:00:54.471+01:00&amp#27;[0;39m &amp#27;[32mDEBUG&amp#27;[0;39m &amp#27;[35m7864&amp#27;[0;39m &amp#27;[2m---&amp#27;[0;39m &amp#27;[2m[           main]&amp#27;[0;39m &amp#27;[2m&amp#27;[0;39m&amp#27;[36mo.s.b.f.s.DefaultListableBeanFactory    &amp#27;[0;39m &amp#27;[2m:&amp#27;[0;39m Creating shared instance of singleton bean 'beanNameViewResolver'
&amp#27;[2m2024-11-30T12:00:54.471+01:00&amp#27;[0;39m &amp#27;[32mDEBUG&amp#27;[0;39m &amp#27;[35m7864&amp#27;[0;39m &amp#27;[2m---&amp#27;[0;39m &amp#27;[2m[           main]&amp#27;[0;39m &amp#27;[2m&amp#27;[0;39m&amp#27;[36mo.s.b.f.s.DefaultListableBeanFactory    &amp#27;[0;39m &amp#27;[2m:&amp#27;[0;39m Creating shared instance of singleton bean 'org.springframework.boot.autoconfigure.web.servlet.error.ErrorMvcAutoConfiguration$DefaultErrorViewResolverConfiguration'
&amp#27;[2m2024-11-30T12:00:54.472+01:00&amp#27;[0;39m &amp#27;[32mDEBUG&amp#27;[0;39m &amp#27;[35m7864&amp#27;[0;39m &amp#27;[2m---&amp#27;[0;39m &amp#27;[2m[           main]&amp#27;[0;39m &amp#27;[2m&amp#27;[0;39m&amp#27;[36mo.s.b.f.s.DefaultListableBeanFactory    &amp#27;[0;39m &amp#27;[2m:&amp#27;[0;39m Autowiring by type from bean name 'org.springframework.boot.autoconfigure.web.servlet.error.ErrorMvcAutoConfiguration$DefaultErrorViewResolverConfiguration' via constructor to bean named 'org.springframework.web.context.support.GenericWebApplicationContext@1edb61b1'
&amp#27;[2m2024-11-30T12:00:54.472+01:00&amp#27;[0;39m &amp#27;[32mDEBUG&amp#27;[0;39m &amp#27;[35m7864&amp#27;[0;39m &amp#27;[2m---&amp#27;[0;39m &amp#27;[2m[           main]&amp#27;[0;39m &amp#27;[2m&amp#27;[0;39m&amp#27;[36mo.s.b.f.s.DefaultListableBeanFactory    &amp#27;[0;39m &amp#27;[2m:&amp#27;[0;39m Autowiring by type from bean name 'org.springframework.boot.autoconfigure.web.servlet.error.ErrorMvcAutoConfiguration$DefaultErrorViewResolverConfiguration' via constructor to bean named 'spring.web-org.springframework.boot.autoconfigure.web.WebProperties'
&amp#27;[2m2024-11-30T12:00:54.472+01:00&amp#27;[0;39m &amp#27;[32mDEBUG&amp#27;[0;39m &amp#27;[35m7864&amp#27;[0;39m &amp#27;[2m---&amp#27;[0;39m &amp#27;[2m[           main]&amp#27;[0;39m &amp#27;[2m&amp#27;[0;39m&amp#27;[36mo.s.b.f.s.DefaultListableBeanFactory    &amp#27;[0;39m &amp#27;[2m:&amp#27;[0;39m Creating shared instance of singleton bean 'conventionErrorViewResolver'
&amp#27;[2m2024-11-30T12:00:54.473+01:00&amp#27;[0;39m &amp#27;[32mDEBUG&amp#27;[0;39m &amp#27;[35m7864&amp#27;[0;39m &amp#27;[2m---&amp#27;[0;39m &amp#27;[2m[           main]&amp#27;[0;39m &amp#27;[2m&amp#27;[0;39m&amp#27;[36mo.s.b.f.s.DefaultListableBeanFactory    &amp#27;[0;39m &amp#27;[2m:&amp#27;[0;39m Creating shared instance of singleton bean 'errorAttributes'
&amp#27;[2m2024-11-30T12:00:54.475+01:00&amp#27;[0;39m &amp#27;[32mDEBUG&amp#27;[0;39m &amp#27;[35m7864&amp#27;[0;39m &amp#27;[2m---&amp#27;[0;39m &amp#27;[2m[           main]&amp#27;[0;39m &amp#27;[2m&amp#27;[0;39m&amp#27;[36mo.s.b.f.s.DefaultListableBeanFactory    &amp#27;[0;39m &amp#27;[2m:&amp#27;[0;39m Creating shared instance of singleton bean 'basicErrorController'
&amp#27;[2m2024-11-30T12:00:54.476+01:00&amp#27;[0;39m &amp#27;[32mDEBUG&amp#27;[0;39m &amp#27;[35m7864&amp#27;[0;39m &amp#27;[2m---&amp#27;[0;39m &amp#27;[2m[           main]&amp#27;[0;39m &amp#27;[2m&amp#27;[0;39m&amp#27;[36mo.s.b.f.s.DefaultListableBeanFactory    &amp#27;[0;39m &amp#27;[2m:&amp#27;[0;39m Autowiring by type from bean name 'basicErrorController' via factory method to bean named 'errorAttributes'
&amp#27;[2m2024-11-30T12:00:54.478+01:00&amp#27;[0;39m &amp#27;[32mDEBUG&amp#27;[0;39m &amp#27;[35m7864&amp#27;[0;39m &amp#27;[2m---&amp#27;[0;39m &amp#27;[2m[           main]&amp#27;[0;39m &amp#27;[2m&amp#27;[0;39m&amp#27;[36mo.s.b.f.s.DefaultListableBeanFactory    &amp#27;[0;39m &amp#27;[2m:&amp#27;[0;39m Creating shared instance of singleton bean 'localeResolver'
&amp#27;[2m2024-11-30T12:00:54.480+01:00&amp#27;[0;39m &amp#27;[32mDEBUG&amp#27;[0;39m &amp#27;[35m7864&amp#27;[0;39m &amp#27;[2m---&amp#27;[0;39m &amp#27;[2m[           main]&amp#27;[0;39m &amp#27;[2m&amp#27;[0;39m&amp#27;[36mo.s.b.f.s.DefaultListableBeanFactory    &amp#27;[0;39m &amp#27;[2m:&amp#27;[0;39m Creating shared instance of singleton bean 'themeResolver'
&amp#27;[2m2024-11-30T12:00:54.482+01:00&amp#27;[0;39m &amp#27;[32mDEBUG&amp#27;[0;39m &amp#27;[35m7864&amp#27;[0;39m &amp#27;[2m---&amp#27;[0;39m &amp#27;[2m[           main]&amp#27;[0;39m &amp#27;[2m&amp#27;[0;39m&amp#27;[36mo.s.b.f.s.DefaultListableBeanFactory    &amp#27;[0;39m &amp#27;[2m:&amp#27;[0;39m Creating shared instance of singleton bean 'flashMapManager'
&amp#27;[2m2024-11-30T12:00:54.483+01:00&amp#27;[0;39m &amp#27;[32mDEBUG&amp#27;[0;39m &amp#27;[35m7864&amp#27;[0;39m &amp#27;[2m---&amp#27;[0;39m &amp#27;[2m[           main]&amp#27;[0;39m &amp#27;[2m&amp#27;[0;39m&amp#27;[36mo.s.b.f.s.DefaultListableBeanFactory    &amp#27;[0;39m &amp#27;[2m:&amp#27;[0;39m Creating shared instance of singleton bean 'mvcValidator'
&amp#27;[2m2024-11-30T12:00:54.485+01:00&amp#27;[0;39m &amp#27;[32mDEBUG&amp#27;[0;39m &amp#27;[35m7864&amp#27;[0;39m &amp#27;[2m---&amp#27;[0;39m &amp#27;[2m[           main]&amp#27;[0;39m &amp#27;[2m&amp#27;[0;39m&amp#27;[36mo.s.b.f.s.DefaultListableBeanFactory    &amp#27;[0;39m &amp#27;[2m:&amp#27;[0;39m Creating shared instance of singleton bean 'mvcPatternParser'
&amp#27;[2m2024-11-30T12:00:54.485+01:00&amp#27;[0;39m &amp#27;[32mDEBUG&amp#27;[0;39m &amp#27;[35m7864&amp#27;[0;39m &amp#27;[2m---&amp#27;[0;39m &amp#27;[2m[           main]&amp#27;[0;39m &amp#27;[2m&amp#27;[0;39m&amp#27;[36mo.s.b.f.s.DefaultListableBeanFactory    &amp#27;[0;39m &amp#27;[2m:&amp#27;[0;39m Creating shared instance of singleton bean 'mvcUrlPathHelper'
&amp#27;[2m2024-11-30T12:00:54.487+01:00&amp#27;[0;39m &amp#27;[32mDEBUG&amp#27;[0;39m &amp#27;[35m7864&amp#27;[0;39m &amp#27;[2m---&amp#27;[0;39m &amp#27;[2m[           main]&amp#27;[0;39m &amp#27;[2m&amp#27;[0;39m&amp#27;[36mo.s.b.f.s.DefaultListableBeanFactory    &amp#27;[0;39m &amp#27;[2m:&amp#27;[0;39m Creating shared instance of singleton bean 'mvcPathMatcher'
&amp#27;[2m2024-11-30T12:00:54.488+01:00&amp#27;[0;39m &amp#27;[32mDEBUG&amp#27;[0;39m &amp#27;[35m7864&amp#27;[0;39m &amp#27;[2m---&amp#27;[0;39m &amp#27;[2m[           main]&amp#27;[0;39m &amp#27;[2m&amp#27;[0;39m&amp#27;[36mo.s.b.f.s.DefaultListableBeanFactory    &amp#27;[0;39m &amp#27;[2m:&amp#27;[0;39m Creating shared instance of singleton bean 'requestMappingHandlerAdapter'
&amp#27;[2m2024-11-30T12:00:54.489+01:00&amp#27;[0;39m &amp#27;[32mDEBUG&amp#27;[0;39m &amp#27;[35m7864&amp#27;[0;39m &amp#27;[2m---&amp#27;[0;39m &amp#27;[2m[           main]&amp#27;[0;39m &amp#27;[2m&amp#27;[0;39m&amp#27;[36mo.s.b.f.s.DefaultListableBeanFactory    &amp#27;[0;39m &amp#27;[2m:&amp#27;[0;39m Autowiring by type from bean name 'requestMappingHandlerAdapter' via factory method to bean named 'mvcContentNegotiationManager'
&amp#27;[2m2024-11-30T12:00:54.489+01:00&amp#27;[0;39m &amp#27;[32mDEBUG&amp#27;[0;39m &amp#27;[35m7864&amp#27;[0;39m &amp#27;[2m---&amp#27;[0;39m &amp#27;[2m[           main]&amp#27;[0;39m &amp#27;[2m&amp#27;[0;39m&amp#27;[36mo.s.b.f.s.DefaultListableBeanFactory    &amp#27;[0;39m &amp#27;[2m:&amp#27;[0;39m Autowiring by type from bean name 'requestMappingHandlerAdapter' via factory method to bean named 'mvcConversionService'
&amp#27;[2m2024-11-30T12:00:54.490+01:00&amp#27;[0;39m &amp#27;[32mDEBUG&amp#27;[0;39m &amp#27;[35m7864&amp#27;[0;39m &amp#27;[2m---&amp#27;[0;39m &amp#27;[2m[           main]&amp#27;[0;39m &amp#27;[2m&amp#27;[0;39m&amp#27;[36mo.s.b.f.s.DefaultListableBeanFactory    &amp#27;[0;39m &amp#27;[2m:&amp#27;[0;39m Autowiring by type from bean name 'requestMappingHandlerAdapter' via factory method to bean named 'mvcValidator'
&amp#27;[2m2024-11-30T12:00:54.498+01:00&amp#27;[0;39m &amp#27;[32mDEBUG&amp#27;[0;39m &amp#27;[35m7864&amp#27;[0;39m &amp#27;[2m---&amp#27;[0;39m &amp#27;[2m[           main]&amp#27;[0;39m &amp#27;[2m&amp#27;[0;39m&amp#27;[36mo.s.b.f.s.DefaultListableBeanFactory    &amp#27;[0;39m &amp#27;[2m:&amp#27;[0;39m Creating shared instance of singleton bean 'sortResolver'
&amp#27;[2m2024-11-30T12:00:54.505+01:00&amp#27;[0;39m &amp#27;[32mDEBUG&amp#27;[0;39m &amp#27;[35m7864&amp#27;[0;39m &amp#27;[2m---&amp#27;[0;39m &amp#27;[2m[           main]&amp#27;[0;39m &amp#27;[2m&amp#27;[0;39m&amp#27;[36mo.s.b.f.s.DefaultListableBeanFactory    &amp#27;[0;39m &amp#27;[2m:&amp#27;[0;39m Creating shared instance of singleton bean 'sortCustomizer'
&amp#27;[2m2024-11-30T12:00:54.505+01:00&amp#27;[0;39m &amp#27;[32mDEBUG&amp#27;[0;39m &amp#27;[35m7864&amp#27;[0;39m &amp#27;[2m---&amp#27;[0;39m &amp#27;[2m[           main]&amp#27;[0;39m &amp#27;[2m&amp#27;[0;39m&amp#27;[36mo.s.b.f.s.DefaultListableBeanFactory    &amp#27;[0;39m &amp#27;[2m:&amp#27;[0;39m Creating shared instance of singleton bean 'org.springframework.boot.autoconfigure.data.web.SpringDataWebAutoConfiguration'
&amp#27;[2m2024-11-30T12:00:54.506+01:00&amp#27;[0;39m &amp#27;[32mDEBUG&amp#27;[0;39m &amp#27;[35m7864&amp#27;[0;39m &amp#27;[2m---&amp#27;[0;39m &amp#27;[2m[           main]&amp#27;[0;39m &amp#27;[2m&amp#27;[0;39m&amp#27;[36mo.s.b.f.s.DefaultListableBeanFactory    &amp#27;[0;39m &amp#27;[2m:&amp#27;[0;39m Creating shared instance of singleton bean 'spring.data.web-org.springframework.boot.autoconfigure.data.web.SpringDataWebProperties'
&amp#27;[2m2024-11-30T12:00:54.509+01:00&amp#27;[0;39m &amp#27;[32mDEBUG&amp#27;[0;39m &amp#27;[35m7864&amp#27;[0;39m &amp#27;[2m---&amp#27;[0;39m &amp#27;[2m[           main]&amp#27;[0;39m &amp#27;[2m&amp#27;[0;39m&amp#27;[36mo.s.b.f.s.DefaultListableBeanFactory    &amp#27;[0;39m &amp#27;[2m:&amp#27;[0;39m Autowiring by type from bean name 'org.springframework.boot.autoconfigure.data.web.SpringDataWebAutoConfiguration' via constructor to bean named 'spring.data.web-org.springframework.boot.autoconfigure.data.web.SpringDataWebProperties'
&amp#27;[2m2024-11-30T12:00:54.513+01:00&amp#27;[0;39m &amp#27;[32mDEBUG&amp#27;[0;39m &amp#27;[35m7864&amp#27;[0;39m &amp#27;[2m---&amp#27;[0;39m &amp#27;[2m[           main]&amp#27;[0;39m &amp#27;[2m&amp#27;[0;39m&amp#27;[36mo.s.b.f.s.DefaultListableBeanFactory    &amp#27;[0;39m &amp#27;[2m:&amp#27;[0;39m Creating shared instance of singleton bean 'pageableResolver'
&amp#27;[2m2024-11-30T12:00:54.515+01:00&amp#27;[0;39m &amp#27;[32mDEBUG&amp#27;[0;39m &amp#27;[35m7864&amp#27;[0;39m &amp#27;[2m---&amp#27;[0;39m &amp#27;[2m[           main]&amp#27;[0;39m &amp#27;[2m&amp#27;[0;39m&amp#27;[36mo.s.b.f.s.DefaultListableBeanFactory    &amp#27;[0;39m &amp#27;[2m:&amp#27;[0;39m Creating shared instance of singleton bean 'pageableCustomizer'
&amp#27;[2m2024-11-30T12:00:54.518+01:00&amp#27;[0;39m &amp#27;[32mDEBUG&amp#27;[0;39m &amp#27;[35m7864&amp#27;[0;39m &amp#27;[2m---&amp#27;[0;39m &amp#27;[2m[           main]&amp#27;[0;39m &amp#27;[2m&amp#27;[0;39m&amp#27;[36mo.s.b.f.s.DefaultListableBeanFactory    &amp#27;[0;39m &amp#27;[2m:&amp#27;[0;39m Creating shared instance of singleton bean 'applicationTaskExecutor'
&amp#27;[2m2024-11-30T12:00:54.519+01:00&amp#27;[0;39m &amp#27;[32mDEBUG&amp#27;[0;39m &amp#27;[35m7864&amp#27;[0;39m &amp#27;[2m---&amp#27;[0;39m &amp#27;[2m[           main]&amp#27;[0;39m &amp#27;[2m&amp#27;[0;39m&amp#27;[36mo.s.b.f.s.DefaultListableBeanFactory    &amp#27;[0;39m &amp#27;[2m:&amp#27;[0;39m Autowiring by type from bean name 'applicationTaskExecutor' via factory method to bean named 'taskExecutorBuilder'
&amp#27;[2m2024-11-30T12:00:54.525+01:00&amp#27;[0;39m &amp#27;[32mDEBUG&amp#27;[0;39m &amp#27;[35m7864&amp#27;[0;39m &amp#27;[2m---&amp#27;[0;39m &amp#27;[2m[           main]&amp#27;[0;39m &amp#27;[2m&amp#27;[0;39m&amp#27;[36mo.s.s.concurrent.ThreadPoolTaskExecutor &amp#27;[0;39m &amp#27;[2m:&amp#27;[0;39m Initializing ExecutorService 'applicationTaskExecutor'
&amp#27;[2m2024-11-30T12:00:54.548+01:00&amp#27;[0;39m &amp#27;[32mDEBUG&amp#27;[0;39m &amp#27;[35m7864&amp#27;[0;39m &amp#27;[2m---&amp#27;[0;39m &amp#27;[2m[           main]&amp#27;[0;39m &amp#27;[2m&amp#27;[0;39m&amp#27;[36ms.w.s.m.m.a.RequestMappingHandlerAdapter&amp#27;[0;39m &amp#27;[2m:&amp#27;[0;39m ControllerAdvice beans: 0 @ModelAttribute, 0 @InitBinder, 1 RequestBodyAdvice, 1 ResponseBodyAdvice
&amp#27;[2m2024-11-30T12:00:54.568+01:00&amp#27;[0;39m &amp#27;[32mDEBUG&amp#27;[0;39m &amp#27;[35m7864&amp#27;[0;39m &amp#27;[2m---&amp#27;[0;39m &amp#27;[2m[           main]&amp#27;[0;39m &amp#27;[2m&amp#27;[0;39m&amp#27;[36mo.s.b.f.s.DefaultListableBeanFactory    &amp#27;[0;39m &amp#27;[2m:&amp#27;[0;39m Creating shared instance of singleton bean 'handlerFunctionAdapter'
&amp#27;[2m2024-11-30T12:00:54.571+01:00&amp#27;[0;39m &amp#27;[32mDEBUG&amp#27;[0;39m &amp#27;[35m7864&amp#27;[0;39m &amp#27;[2m---&amp#27;[0;39m &amp#27;[2m[           main]&amp#27;[0;39m &amp#27;[2m&amp#27;[0;39m&amp#27;[36mo.s.b.f.s.DefaultListableBeanFactory    &amp#27;[0;39m &amp#27;[2m:&amp#27;[0;39m Creating shared instance of singleton bean 'mvcUriComponentsContributor'
&amp#27;[2m2024-11-30T12:00:54.573+01:00&amp#27;[0;39m &amp#27;[32mDEBUG&amp#27;[0;39m &amp#27;[35m7864&amp#27;[0;39m &amp#27;[2m---&amp#27;[0;39m &amp#27;[2m[           main]&amp#27;[0;39m &amp#27;[2m&amp#27;[0;39m&amp#27;[36mo.s.b.f.s.DefaultListableBeanFactory    &amp#27;[0;39m &amp#27;[2m:&amp#27;[0;39m Autowiring by type from bean name 'mvcUriComponentsContributor' via factory method to bean named 'mvcConversionService'
&amp#27;[2m2024-11-30T12:00:54.573+01:00&amp#27;[0;39m &amp#27;[32mDEBUG&amp#27;[0;39m &amp#27;[35m7864&amp#27;[0;39m &amp#27;[2m---&amp#27;[0;39m &amp#27;[2m[           main]&amp#27;[0;39m &amp#27;[2m&amp#27;[0;39m&amp#27;[36mo.s.b.f.s.DefaultListableBeanFactory    &amp#27;[0;39m &amp#27;[2m:&amp#27;[0;39m Autowiring by type from bean name 'mvcUriComponentsContributor' via factory method to bean named 'requestMappingHandlerAdapter'
&amp#27;[2m2024-11-30T12:00:54.576+01:00&amp#27;[0;39m &amp#27;[32mDEBUG&amp#27;[0;39m &amp#27;[35m7864&amp#27;[0;39m &amp#27;[2m---&amp#27;[0;39m &amp#27;[2m[           main]&amp#27;[0;39m &amp#27;[2m&amp#27;[0;39m&amp#27;[36mo.s.b.f.s.DefaultListableBeanFactory    &amp#27;[0;39m &amp#27;[2m:&amp#27;[0;39m Creating shared instance of singleton bean 'httpRequestHandlerAdapter'
&amp#27;[2m2024-11-30T12:00:54.577+01:00&amp#27;[0;39m &amp#27;[32mDEBUG&amp#27;[0;39m &amp#27;[35m7864&amp#27;[0;39m &amp#27;[2m---&amp#27;[0;39m &amp#27;[2m[           main]&amp#27;[0;39m &amp#27;[2m&amp#27;[0;39m&amp#27;[36mo.s.b.f.s.DefaultListableBeanFactory    &amp#27;[0;39m &amp#27;[2m:&amp#27;[0;39m Creating shared instance of singleton bean 'simpleControllerHandlerAdapter'
&amp#27;[2m2024-11-30T12:00:54.577+01:00&amp#27;[0;39m &amp#27;[32mDEBUG&amp#27;[0;39m &amp#27;[35m7864&amp#27;[0;39m &amp#27;[2m---&amp#27;[0;39m &amp#27;[2m[           main]&amp#27;[0;39m &amp#27;[2m&amp#27;[0;39m&amp#27;[36mo.s.b.f.s.DefaultListableBeanFactory    &amp#27;[0;39m &amp#27;[2m:&amp#27;[0;39m Creating shared instance of singleton bean 'handlerExceptionResolver'
&amp#27;[2m2024-11-30T12:00:54.578+01:00&amp#27;[0;39m &amp#27;[32mDEBUG&amp#27;[0;39m &amp#27;[35m7864&amp#27;[0;39m &amp#27;[2m---&amp#27;[0;39m &amp#27;[2m[           main]&amp#27;[0;39m &amp#27;[2m&amp#27;[0;39m&amp#27;[36mo.s.b.f.s.DefaultListableBeanFactory    &amp#27;[0;39m &amp#27;[2m:&amp#27;[0;39m Autowiring by type from bean name 'handlerExceptionResolver' via factory method to bean named 'mvcContentNegotiationManager'
&amp#27;[2m2024-11-30T12:00:54.582+01:00&amp#27;[0;39m &amp#27;[32mDEBUG&amp#27;[0;39m &amp#27;[35m7864&amp#27;[0;39m &amp#27;[2m---&amp#27;[0;39m &amp#27;[2m[           main]&amp#27;[0;39m &amp#27;[2m&amp#27;[0;39m&amp#27;[36m.m.m.a.ExceptionHandlerExceptionResolver&amp#27;[0;39m &amp#27;[2m:&amp#27;[0;39m ControllerAdvice beans: 1 @ExceptionHandler, 1 ResponseBodyAdvice
&amp#27;[2m2024-11-30T12:00:54.584+01:00&amp#27;[0;39m &amp#27;[32mDEBUG&amp#27;[0;39m &amp#27;[35m7864&amp#27;[0;39m &amp#27;[2m---&amp#27;[0;39m &amp#27;[2m[           main]&amp#27;[0;39m &amp#27;[2m&amp#27;[0;39m&amp#27;[36mo.s.b.f.s.DefaultListableBeanFactory    &amp#27;[0;39m &amp#27;[2m:&amp#27;[0;39m Creating shared instance of singleton bean 'mvcViewResolver'
&amp#27;[2m2024-11-30T12:00:54.586+01:00&amp#27;[0;39m &amp#27;[32mDEBUG&amp#27;[0;39m &amp#27;[35m7864&amp#27;[0;39m &amp#27;[2m---&amp#27;[0;39m &amp#27;[2m[           main]&amp#27;[0;39m &amp#27;[2m&amp#27;[0;39m&amp#27;[36mo.s.b.f.s.DefaultListableBeanFactory    &amp#27;[0;39m &amp#27;[2m:&amp#27;[0;39m Autowiring by type from bean name 'mvcViewResolver' via factory method to bean named 'mvcContentNegotiationManager'
&amp#27;[2m2024-11-30T12:00:54.590+01:00&amp#27;[0;39m &amp#27;[32mDEBUG&amp#27;[0;39m &amp#27;[35m7864&amp#27;[0;39m &amp#27;[2m---&amp#27;[0;39m &amp#27;[2m[           main]&amp#27;[0;39m &amp#27;[2m&amp#27;[0;39m&amp#27;[36mo.s.b.f.s.DefaultListableBeanFactory    &amp#27;[0;39m &amp#27;[2m:&amp#27;[0;39m Creating shared instance of singleton bean 'viewNameTranslator'
&amp#27;[2m2024-11-30T12:00:54.592+01:00&amp#27;[0;39m &amp#27;[32mDEBUG&amp#27;[0;39m &amp#27;[35m7864&amp#27;[0;39m &amp#27;[2m---&amp#27;[0;39m &amp#27;[2m[           main]&amp#27;[0;39m &amp#27;[2m&amp#27;[0;39m&amp#27;[36mo.s.b.f.s.DefaultListableBeanFactory    &amp#27;[0;39m &amp#27;[2m:&amp#27;[0;39m Creating shared instance of singleton bean 'defaultViewResolver'
&amp#27;[2m2024-11-30T12:00:54.595+01:00&amp#27;[0;39m &amp#27;[32mDEBUG&amp#27;[0;39m &amp#27;[35m7864&amp#27;[0;39m &amp#27;[2m---&amp#27;[0;39m &amp#27;[2m[           main]&amp#27;[0;39m &amp#27;[2m&amp#27;[0;39m&amp#27;[36mo.s.b.f.s.DefaultListableBeanFactory    &amp#27;[0;39m &amp#27;[2m:&amp#27;[0;39m Creating shared instance of singleton bean 'viewResolver'
&amp#27;[2m2024-11-30T12:00:54.596+01:00&amp#27;[0;39m &amp#27;[32mDEBUG&amp#27;[0;39m &amp#27;[35m7864&amp#27;[0;39m &amp#27;[2m---&amp#27;[0;39m &amp#27;[2m[           main]&amp#27;[0;39m &amp#27;[2m&amp#27;[0;39m&amp#27;[36mo.s.b.f.s.DefaultListableBeanFactory    &amp#27;[0;39m &amp#27;[2m:&amp#27;[0;39m Autowiring by type from bean name 'viewResolver' via factory method to bean named 'org.springframework.beans.factory.support.DefaultListableBeanFactory@537b32ef'
&amp#27;[2m2024-11-30T12:00:54.597+01:00&amp#27;[0;39m &amp#27;[32mDEBUG&amp#27;[0;39m &amp#27;[35m7864&amp#27;[0;39m &amp#27;[2m---&amp#27;[0;39m &amp#27;[2m[           main]&amp#27;[0;39m &amp#27;[2m&amp#27;[0;39m&amp#27;[36mo.s.b.f.s.DefaultListableBeanFactory    &amp#27;[0;39m &amp#27;[2m:&amp#27;[0;39m Creating shared instance of singleton bean 'viewResolver'
&amp#27;[2m2024-11-30T12:00:54.600+01:00&amp#27;[0;39m &amp#27;[32mDEBUG&amp#27;[0;39m &amp#27;[35m7864&amp#27;[0;39m &amp#27;[2m---&amp#27;[0;39m &amp#27;[2m[           main]&amp#27;[0;39m &amp#27;[2m&amp#27;[0;39m&amp#27;[36mo.s.b.f.s.DefaultListableBeanFactory    &amp#27;[0;39m &amp#27;[2m:&amp#27;[0;39m Creating shared instance of singleton bean 'requestContextFilter'
&amp#27;[2m2024-11-30T12:00:54.601+01:00&amp#27;[0;39m &amp#27;[32mDEBUG&amp#27;[0;39m &amp#27;[35m7864&amp#27;[0;39m &amp#27;[2m---&amp#27;[0;39m &amp#27;[2m[           main]&amp#27;[0;39m &amp#27;[2m&amp#27;[0;39m&amp#27;[36mo.s.b.f.s.DefaultListableBeanFactory    &amp#27;[0;39m &amp#27;[2m:&amp#27;[0;39m Creating shared instance of singleton bean 'org.springframework.boot.autoconfigure.web.servlet.WebMvcAutoConfiguration'
&amp#27;[2m2024-11-30T12:00:54.602+01:00&amp#27;[0;39m &amp#27;[32mDEBUG&amp#27;[0;39m &amp#27;[35m7864&amp#27;[0;39m &amp#27;[2m---&amp#27;[0;39m &amp#27;[2m[           main]&amp#27;[0;39m &amp#27;[2m&amp#27;[0;39m&amp#27;[36mo.s.b.f.s.DefaultListableBeanFactory    &amp#27;[0;39m &amp#27;[2m:&amp#27;[0;39m Creating shared instance of singleton bean 'formContentFilter'
&amp#27;[2m2024-11-30T12:00:54.605+01:00&amp#27;[0;39m &amp#27;[32mDEBUG&amp#27;[0;39m &amp#27;[35m7864&amp#27;[0;39m &amp#27;[2m---&amp#27;[0;39m &amp#27;[2m[           main]&amp#27;[0;39m &amp#27;[2m&amp#27;[0;39m&amp#27;[36mo.s.b.f.s.DefaultListableBeanFactory    &amp#27;[0;39m &amp#27;[2m:&amp#27;[0;39m Creating shared instance of singleton bean 'org.springframework.boot.autoconfigure.aop.AopAutoConfiguration$AspectJAutoProxyingConfiguration$CglibAutoProxyConfiguration'
&amp#27;[2m2024-11-30T12:00:54.607+01:00&amp#27;[0;39m &amp#27;[32mDEBUG&amp#27;[0;39m &amp#27;[35m7864&amp#27;[0;39m &amp#27;[2m---&amp#27;[0;39m &amp#27;[2m[           main]&amp#27;[0;39m &amp#27;[2m&amp#27;[0;39m&amp#27;[36mo.s.b.f.s.DefaultListableBeanFactory    &amp#27;[0;39m &amp#27;[2m:&amp#27;[0;39m Creating shared instance of singleton bean 'org.springframework.boot.autoconfigure.aop.AopAutoConfiguration$AspectJAutoProxyingConfiguration'
&amp#27;[2m2024-11-30T12:00:54.608+01:00&amp#27;[0;39m &amp#27;[32mDEBUG&amp#27;[0;39m &amp#27;[35m7864&amp#27;[0;39m &amp#27;[2m---&amp#27;[0;39m &amp#27;[2m[           main]&amp#27;[0;39m &amp#27;[2m&amp#27;[0;39m&amp#27;[36mo.s.b.f.s.DefaultListableBeanFactory    &amp#27;[0;39m &amp#27;[2m:&amp#27;[0;39m Creating shared instance of singleton bean 'org.springframework.boot.autoconfigure.aop.AopAutoConfiguration'
&amp#27;[2m2024-11-30T12:00:54.609+01:00&amp#27;[0;39m &amp#27;[32mDEBUG&amp#27;[0;39m &amp#27;[35m7864&amp#27;[0;39m &amp#27;[2m---&amp#27;[0;39m &amp#27;[2m[           main]&amp#27;[0;39m &amp#27;[2m&amp#27;[0;39m&amp#27;[36mo.s.b.f.s.DefaultListableBeanFactory    &amp#27;[0;39m &amp#27;[2m:&amp#27;[0;39m Creating shared instance of singleton bean 'org.springframework.boot.autoconfigure.availability.ApplicationAvailabilityAutoConfiguration'
&amp#27;[2m2024-11-30T12:00:54.609+01:00&amp#27;[0;39m &amp#27;[32mDEBUG&amp#27;[0;39m &amp#27;[35m7864&amp#27;[0;39m &amp#27;[2m---&amp#27;[0;39m &amp#27;[2m[           main]&amp#27;[0;39m &amp#27;[2m&amp#27;[0;39m&amp#27;[36mo.s.b.f.s.DefaultListableBeanFactory    &amp#27;[0;39m &amp#27;[2m:&amp#27;[0;39m Creating shared instance of singleton bean 'applicationAvailability'
&amp#27;[2m2024-11-30T12:00:54.610+01:00&amp#27;[0;39m &amp#27;[32mDEBUG&amp#27;[0;39m &amp#27;[35m7864&amp#27;[0;39m &amp#27;[2m---&amp#27;[0;39m &amp#27;[2m[           main]&amp#27;[0;39m &amp#27;[2m&amp#27;[0;39m&amp#27;[36mo.s.b.f.s.DefaultListableBeanFactory    &amp#27;[0;39m &amp#27;[2m:&amp#27;[0;39m Creating shared instance of singleton bean 'org.springframework.boot.autoconfigure.transaction.jta.JtaAutoConfiguration'
&amp#27;[2m2024-11-30T12:00:54.610+01:00&amp#27;[0;39m &amp#27;[32mDEBUG&amp#27;[0;39m &amp#27;[35m7864&amp#27;[0;39m &amp#27;[2m---&amp#27;[0;39m &amp#27;[2m[           main]&amp#27;[0;39m &amp#27;[2m&amp#27;[0;39m&amp#27;[36mo.s.b.f.s.DefaultListableBeanFactory    &amp#27;[0;39m &amp#27;[2m:&amp#27;[0;39m Creating shared instance of singleton bean 'org.springframework.boot.autoconfigure.jdbc.metadata.DataSourcePoolMetadataProvidersConfiguration'
&amp#27;[2m2024-11-30T12:00:54.611+01:00&amp#27;[0;39m &amp#27;[32mDEBUG&amp#27;[0;39m &amp#27;[35m7864&amp#27;[0;39m &amp#27;[2m---&amp#27;[0;39m &amp#27;[2m[           main]&amp#27;[0;39m &amp#27;[2m&amp#27;[0;39m&amp#27;[36mo.s.b.f.s.DefaultListableBeanFactory    &amp#27;[0;39m &amp#27;[2m:&amp#27;[0;39m Creating shared instance of singleton bean 'org.springframework.boot.autoconfigure.jdbc.DataSourceAutoConfiguration'
&amp#27;[2m2024-11-30T12:00:54.611+01:00&amp#27;[0;39m &amp#27;[32mDEBUG&amp#27;[0;39m &amp#27;[35m7864&amp#27;[0;39m &amp#27;[2m---&amp#27;[0;39m &amp#27;[2m[           main]&amp#27;[0;39m &amp#27;[2m&amp#27;[0;39m&amp#27;[36mo.s.b.f.s.DefaultListableBeanFactory    &amp#27;[0;39m &amp#27;[2m:&amp#27;[0;39m Creating shared instance of singleton bean 'org.springframework.boot.autoconfigure.transaction.TransactionManagerCustomizationAutoConfiguration'
&amp#27;[2m2024-11-30T12:00:54.611+01:00&amp#27;[0;39m &amp#27;[32mDEBUG&amp#27;[0;39m &amp#27;[35m7864&amp#27;[0;39m &amp#27;[2m---&amp#27;[0;39m &amp#27;[2m[           main]&amp#27;[0;39m &amp#27;[2m&amp#27;[0;39m&amp#27;[36mo.s.b.f.s.DefaultListableBeanFactory    &amp#27;[0;39m &amp#27;[2m:&amp#27;[0;39m Creating shared instance of singleton bean 'platformTransactionManagerCustomizers'
&amp#27;[2m2024-11-30T12:00:54.615+01:00&amp#27;[0;39m &amp#27;[32mDEBUG&amp#27;[0;39m &amp#27;[35m7864&amp#27;[0;39m &amp#27;[2m---&amp#27;[0;39m &amp#27;[2m[           main]&amp#27;[0;39m &amp#27;[2m&amp#27;[0;39m&amp#27;[36mo.s.b.f.s.DefaultListableBeanFactory    &amp#27;[0;39m &amp#27;[2m:&amp#27;[0;39m Creating shared instance of singleton bean 'transactionExecutionListeners'
&amp#27;[2m2024-11-30T12:00:54.619+01:00&amp#27;[0;39m &amp#27;[32mDEBUG&amp#27;[0;39m &amp#27;[35m7864&amp#27;[0;39m &amp#27;[2m---&amp#27;[0;39m &amp#27;[2m[           main]&amp#27;[0;39m &amp#27;[2m&amp#27;[0;39m&amp#27;[36mo.s.b.f.s.DefaultListableBeanFactory    &amp#27;[0;39m &amp#27;[2m:&amp#27;[0;39m Creating shared instance of singleton bean 'spring.transaction-org.springframework.boot.autoconfigure.transaction.TransactionProperties'
&amp#27;[2m2024-11-30T12:00:54.629+01:00&amp#27;[0;39m &amp#27;[32mDEBUG&amp#27;[0;39m &amp#27;[35m7864&amp#27;[0;39m &amp#27;[2m---&amp#27;[0;39m &amp#27;[2m[           main]&amp#27;[0;39m &amp#27;[2m&amp#27;[0;39m&amp#27;[36mo.s.b.f.s.DefaultListableBeanFactory    &amp#27;[0;39m &amp#27;[2m:&amp#27;[0;39m Creating shared instance of singleton bean 'org.springframework.boot.autoconfigure.orm.jpa.JpaBaseConfiguration$PersistenceManagedTypesConfiguration'
&amp#27;[2m2024-11-30T12:00:54.631+01:00&amp#27;[0;39m &amp#27;[32mDEBUG&amp#27;[0;39m &amp#27;[35m7864&amp#27;[0;39m &amp#27;[2m---&amp#27;[0;39m &amp#27;[2m[           main]&amp#27;[0;39m &amp#27;[2m&amp#27;[0;39m&amp#27;[36mo.s.b.f.s.DefaultListableBeanFactory    &amp#27;[0;39m &amp#27;[2m:&amp#27;[0;39m Creating shared instance of singleton bean 'transactionManager'
&amp#27;[2m2024-11-30T12:00:54.642+01:00&amp#27;[0;39m &amp#27;[32mDEBUG&amp#27;[0;39m &amp#27;[35m7864&amp#27;[0;39m &amp#27;[2m---&amp#27;[0;39m &amp#27;[2m[           main]&amp#27;[0;39m &amp#27;[2m&amp#27;[0;39m&amp#27;[36mo.s.b.f.s.DefaultListableBeanFactory    &amp#27;[0;39m &amp#27;[2m:&amp#27;[0;39m Creating shared instance of singleton bean 'org.springframework.boot.autoconfigure.orm.jpa.HibernateJpaAutoConfiguration'
&amp#27;[2m2024-11-30T12:00:54.643+01:00&amp#27;[0;39m &amp#27;[32mDEBUG&amp#27;[0;39m &amp#27;[35m7864&amp#27;[0;39m &amp#27;[2m---&amp#27;[0;39m &amp#27;[2m[           main]&amp#27;[0;39m &amp#27;[2m&amp#27;[0;39m&amp#27;[36mo.s.b.f.s.DefaultListableBeanFactory    &amp#27;[0;39m &amp#27;[2m:&amp#27;[0;39m Creating shared instance of singleton bean 'org.springframework.boot.autoconfigure.context.ConfigurationPropertiesAutoConfiguration'
&amp#27;[2m2024-11-30T12:00:54.643+01:00&amp#27;[0;39m &amp#27;[32mDEBUG&amp#27;[0;39m &amp#27;[35m7864&amp#27;[0;39m &amp#27;[2m---&amp#27;[0;39m &amp#27;[2m[           main]&amp#27;[0;39m &amp#27;[2m&amp#27;[0;39m&amp#27;[36mo.s.b.f.s.DefaultListableBeanFactory    &amp#27;[0;39m &amp#27;[2m:&amp#27;[0;39m Creating shared instance of singleton bean 'org.springframework.boot.autoconfigure.context.LifecycleAutoConfiguration'
&amp#27;[2m2024-11-30T12:00:54.643+01:00&amp#27;[0;39m &amp#27;[32mDEBUG&amp#27;[0;39m &amp#27;[35m7864&amp#27;[0;39m &amp#27;[2m---&amp#27;[0;39m &amp#27;[2m[           main]&amp#27;[0;39m &amp#27;[2m&amp#27;[0;39m&amp#27;[36mo.s.b.f.s.DefaultListableBeanFactory    &amp#27;[0;39m &amp#27;[2m:&amp#27;[0;39m Creating shared instance of singleton bean 'lifecycleProcessor'
&amp#27;[2m2024-11-30T12:00:54.644+01:00&amp#27;[0;39m &amp#27;[32mDEBUG&amp#27;[0;39m &amp#27;[35m7864&amp#27;[0;39m &amp#27;[2m---&amp#27;[0;39m &amp#27;[2m[           main]&amp#27;[0;39m &amp#27;[2m&amp#27;[0;39m&amp#27;[36mo.s.b.f.s.DefaultListableBeanFactory    &amp#27;[0;39m &amp#27;[2m:&amp#27;[0;39m Creating shared instance of singleton bean 'spring.lifecycle-org.springframework.boot.autoconfigure.context.LifecycleProperties'
&amp#27;[2m2024-11-30T12:00:54.646+01:00&amp#27;[0;39m &amp#27;[32mDEBUG&amp#27;[0;39m &amp#27;[35m7864&amp#27;[0;39m &amp#27;[2m---&amp#27;[0;39m &amp#27;[2m[           main]&amp#27;[0;39m &amp#27;[2m&amp#27;[0;39m&amp#27;[36mo.s.b.f.s.DefaultListableBeanFactory    &amp#27;[0;39m &amp#27;[2m:&amp#27;[0;39m Autowiring by type from bean name 'lifecycleProcessor' via factory method to bean named 'spring.lifecycle-org.springframework.boot.autoconfigure.context.LifecycleProperties'
&amp#27;[2m2024-11-30T12:00:54.647+01:00&amp#27;[0;39m &amp#27;[32mDEBUG&amp#27;[0;39m &amp#27;[35m7864&amp#27;[0;39m &amp#27;[2m---&amp#27;[0;39m &amp#27;[2m[           main]&amp#27;[0;39m &amp#27;[2m&amp#27;[0;39m&amp#27;[36mo.s.b.f.s.DefaultListableBeanFactory    &amp#27;[0;39m &amp#27;[2m:&amp#27;[0;39m Creating shared instance of singleton bean 'org.springframework.boot.autoconfigure.dao.PersistenceExceptionTranslationAutoConfiguration'
&amp#27;[2m2024-11-30T12:00:54.648+01:00&amp#27;[0;39m &amp#27;[32mDEBUG&amp#27;[0;39m &amp#27;[35m7864&amp#27;[0;39m &amp#27;[2m---&amp#27;[0;39m &amp#27;[2m[           main]&amp#27;[0;39m &amp#27;[2m&amp#27;[0;39m&amp#27;[36mo.s.b.f.s.DefaultListableBeanFactory    &amp#27;[0;39m &amp#27;[2m:&amp#27;[0;39m Creating shared instance of singleton bean 'org.springframework.boot.autoconfigure.data.jpa.JpaRepositoriesAutoConfiguration'
&amp#27;[2m2024-11-30T12:00:54.649+01:00&amp#27;[0;39m &amp#27;[32mDEBUG&amp#27;[0;39m &amp#27;[35m7864&amp#27;[0;39m &amp#27;[2m---&amp#27;[0;39m &amp#27;[2m[           main]&amp#27;[0;39m &amp#27;[2m&amp#27;[0;39m&amp#27;[36mo.s.b.f.s.DefaultListableBeanFactory    &amp#27;[0;39m &amp#27;[2m:&amp#27;[0;39m Creating shared instance of singleton bean 'org.springframework.data.jpa.util.JpaMetamodelCacheCleanup'
&amp#27;[2m2024-11-30T12:00:54.649+01:00&amp#27;[0;39m &amp#27;[32mDEBUG&amp#27;[0;39m &amp#27;[35m7864&amp#27;[0;39m &amp#27;[2m---&amp#27;[0;39m &amp#27;[2m[           main]&amp#27;[0;39m &amp#27;[2m&amp#27;[0;39m&amp#27;[36mo.s.b.f.s.DefaultListableBeanFactory    &amp#27;[0;39m &amp#27;[2m:&amp#27;[0;39m Creating shared instance of singleton bean 'org.springframework.data.jpa.repository.support.JpaEvaluationContextExtension'
&amp#27;[2m2024-11-30T12:00:54.651+01:00&amp#27;[0;39m &amp#27;[32mDEBUG&amp#27;[0;39m &amp#27;[35m7864&amp#27;[0;39m &amp#27;[2m---&amp#27;[0;39m &amp#27;[2m[           main]&amp#27;[0;39m &amp#27;[2m&amp#27;[0;39m&amp#27;[36mo.s.b.f.s.DefaultListableBeanFactory    &amp#27;[0;39m &amp#27;[2m:&amp#27;[0;39m Creating shared instance of singleton bean 'data-jpa.repository-aot-processor#0'
&amp#27;[2m2024-11-30T12:00:54.663+01:00&amp#27;[0;39m &amp#27;[32mDEBUG&amp#27;[0;39m &amp#27;[35m7864&amp#27;[0;39m &amp#27;[2m---&amp#27;[0;39m &amp#27;[2m[           main]&amp#27;[0;39m &amp#27;[2m&amp#27;[0;39m&amp#27;[36mo.s.b.f.s.DefaultListableBeanFactory    &amp#27;[0;39m &amp#27;[2m:&amp#27;[0;39m Creating shared instance of singleton bean 'org.springframework.boot.autoconfigure.http.JacksonHttpMessageConvertersConfiguration'
&amp#27;[2m2024-11-30T12:00:54.664+01:00&amp#27;[0;39m &amp#27;[32mDEBUG&amp#27;[0;39m &amp#27;[35m7864&amp#27;[0;39m &amp#27;[2m---&amp#27;[0;39m &amp#27;[2m[           main]&amp#27;[0;39m &amp#27;[2m&amp#27;[0;39m&amp#27;[36mo.s.b.f.s.DefaultListableBeanFactory    &amp#27;[0;39m &amp#27;[2m:&amp#27;[0;39m Creating shared instance of singleton bean 'org.springframework.data.web.config.ProjectingArgumentResolverRegistrar'
&amp#27;[2m2024-11-30T12:00:54.665+01:00&amp#27;[0;39m &amp#27;[32mDEBUG&amp#27;[0;39m &amp#27;[35m7864&amp#27;[0;39m &amp#27;[2m---&amp#27;[0;39m &amp#27;[2m[           main]&amp#27;[0;39m &amp#27;[2m&amp#27;[0;39m&amp#27;[36mo.s.b.f.s.DefaultListableBeanFactory    &amp#27;[0;39m &amp#27;[2m:&amp#27;[0;39m Creating shared instance of singleton bean 'offsetResolver'
&amp#27;[2m2024-11-30T12:00:54.668+01:00&amp#27;[0;39m &amp#27;[32mDEBUG&amp#27;[0;39m &amp#27;[35m7864&amp#27;[0;39m &amp#27;[2m---&amp#27;[0;39m &amp#27;[2m[           main]&amp#27;[0;39m &amp#27;[2m&amp#27;[0;39m&amp#27;[36mo.s.b.f.s.DefaultListableBeanFactory    &amp#27;[0;39m &amp#27;[2m:&amp#27;[0;39m Creating shared instance of singleton bean 'org.springframework.boot.autoconfigure.info.ProjectInfoAutoConfiguration'
&amp#27;[2m2024-11-30T12:00:54.670+01:00&amp#27;[0;39m &amp#27;[32mDEBUG&amp#27;[0;39m &amp#27;[35m7864&amp#27;[0;39m &amp#27;[2m---&amp#27;[0;39m &amp#27;[2m[           main]&amp#27;[0;39m &amp#27;[2m&amp#27;[0;39m&amp#27;[36mo.s.b.f.s.DefaultListableBeanFactory    &amp#27;[0;39m &amp#27;[2m:&amp#27;[0;39m Creating shared instance of singleton bean 'spring.info-org.springframework.boot.autoconfigure.info.ProjectInfoProperties'
&amp#27;[2m2024-11-30T12:00:54.672+01:00&amp#27;[0;39m &amp#27;[32mDEBUG&amp#27;[0;39m &amp#27;[35m7864&amp#27;[0;39m &amp#27;[2m---&amp#27;[0;39m &amp#27;[2m[           main]&amp#27;[0;39m &amp#27;[2m&amp#27;[0;39m&amp#27;[36mo.s.b.f.s.DefaultListableBeanFactory    &amp#27;[0;39m &amp#27;[2m:&amp#27;[0;39m Autowiring by type from bean name 'org.springframework.boot.autoconfigure.info.ProjectInfoAutoConfiguration' via constructor to bean named 'spring.info-org.springframework.boot.autoconfigure.info.ProjectInfoProperties'
&amp#27;[2m2024-11-30T12:00:54.672+01:00&amp#27;[0;39m &amp#27;[32mDEBUG&amp#27;[0;39m &amp#27;[35m7864&amp#27;[0;39m &amp#27;[2m---&amp#27;[0;39m &amp#27;[2m[           main]&amp#27;[0;39m &amp#27;[2m&amp#27;[0;39m&amp#27;[36mo.s.b.f.s.DefaultListableBeanFactory    &amp#27;[0;39m &amp#27;[2m:&amp#27;[0;39m Creating shared instance of singleton bean 'org.springframework.boot.autoconfigure.jdbc.NamedParameterJdbcTemplateConfiguration'
&amp#27;[2m2024-11-30T12:00:54.673+01:00&amp#27;[0;39m &amp#27;[32mDEBUG&amp#27;[0;39m &amp#27;[35m7864&amp#27;[0;39m &amp#27;[2m---&amp#27;[0;39m &amp#27;[2m[           main]&amp#27;[0;39m &amp#27;[2m&amp#27;[0;39m&amp#27;[36mo.s.b.f.s.DefaultListableBeanFactory    &amp#27;[0;39m &amp#27;[2m:&amp#27;[0;39m Creating shared instance of singleton bean 'namedParameterJdbcTemplate'
&amp#27;[2m2024-11-30T12:00:54.673+01:00&amp#27;[0;39m &amp#27;[32mDEBUG&amp#27;[0;39m &amp#27;[35m7864&amp#27;[0;39m &amp#27;[2m---&amp#27;[0;39m &amp#27;[2m[           main]&amp#27;[0;39m &amp#27;[2m&amp#27;[0;39m&amp#27;[36mo.s.b.f.s.DefaultListableBeanFactory    &amp#27;[0;39m &amp#27;[2m:&amp#27;[0;39m Autowiring by type from bean name 'namedParameterJdbcTemplate' via factory method to bean named 'jdbcTemplate'
&amp#27;[2m2024-11-30T12:00:54.677+01:00&amp#27;[0;39m &amp#27;[32mDEBUG&amp#27;[0;39m &amp#27;[35m7864&amp#27;[0;39m &amp#27;[2m---&amp#27;[0;39m &amp#27;[2m[           main]&amp#27;[0;39m &amp#27;[2m&amp#27;[0;39m&amp#27;[36mo.s.b.f.s.DefaultListableBeanFactory    &amp#27;[0;39m &amp#27;[2m:&amp#27;[0;39m Creating shared instance of singleton bean 'org.springframework.boot.autoconfigure.jdbc.JdbcTemplateAutoConfiguration'
&amp#27;[2m2024-11-30T12:00:54.679+01:00&amp#27;[0;39m &amp#27;[32mDEBUG&amp#27;[0;39m &amp#27;[35m7864&amp#27;[0;39m &amp#27;[2m---&amp#27;[0;39m &amp#27;[2m[           main]&amp#27;[0;39m &amp#27;[2m&amp#27;[0;39m&amp#27;[36mo.s.b.f.s.DefaultListableBeanFactory    &amp#27;[0;39m &amp#27;[2m:&amp#27;[0;39m Creating shared instance of singleton bean 'org.springframework.boot.autoconfigure.jdbc.JdbcClientAutoConfiguration'
&amp#27;[2m2024-11-30T12:00:54.680+01:00&amp#27;[0;39m &amp#27;[32mDEBUG&amp#27;[0;39m &amp#27;[35m7864&amp#27;[0;39m &amp#27;[2m---&amp#27;[0;39m &amp#27;[2m[           main]&amp#27;[0;39m &amp#27;[2m&amp#27;[0;39m&amp#27;[36mo.s.b.f.s.DefaultListableBeanFactory    &amp#27;[0;39m &amp#27;[2m:&amp#27;[0;39m Creating shared instance of singleton bean 'jdbcClient'
&amp#27;[2m2024-11-30T12:00:54.680+01:00&amp#27;[0;39m &amp#27;[32mDEBUG&amp#27;[0;39m &amp#27;[35m7864&amp#27;[0;39m &amp#27;[2m---&amp#27;[0;39m &amp#27;[2m[           main]&amp#27;[0;39m &amp#27;[2m&amp#27;[0;39m&amp#27;[36mo.s.b.f.s.DefaultListableBeanFactory    &amp#27;[0;39m &amp#27;[2m:&amp#27;[0;39m Autowiring by type from bean name 'jdbcClient' via factory method to bean named 'namedParameterJdbcTemplate'
&amp#27;[2m2024-11-30T12:00:54.682+01:00&amp#27;[0;39m &amp#27;[32mDEBUG&amp#27;[0;39m &amp#27;[35m7864&amp#27;[0;39m &amp#27;[2m---&amp#27;[0;39m &amp#27;[2m[           main]&amp#27;[0;39m &amp#27;[2m&amp#27;[0;39m&amp#27;[36mo.s.b.f.s.DefaultListableBeanFactory    &amp#27;[0;39m &amp#27;[2m:&amp#27;[0;39m Creating shared instance of singleton bean 'org.springframework.boot.autoconfigure.security.servlet.SpringBootWebSecurityConfiguration'
&amp#27;[2m2024-11-30T12:00:54.682+01:00&amp#27;[0;39m &amp#27;[32mDEBUG&amp#27;[0;39m &amp#27;[35m7864&amp#27;[0;39m &amp#27;[2m---&amp#27;[0;39m &amp#27;[2m[           main]&amp#27;[0;39m &amp#27;[2m&amp#27;[0;39m&amp#27;[36mo.s.b.f.s.DefaultListableBeanFactory    &amp#27;[0;39m &amp#27;[2m:&amp#27;[0;39m Creating shared instance of singleton bean 'org.springframework.boot.autoconfigure.security.servlet.SecurityFilterAutoConfiguration'
&amp#27;[2m2024-11-30T12:00:54.682+01:00&amp#27;[0;39m &amp#27;[32mDEBUG&amp#27;[0;39m &amp#27;[35m7864&amp#27;[0;39m &amp#27;[2m---&amp#27;[0;39m &amp#27;[2m[           main]&amp#27;[0;39m &amp#27;[2m&amp#27;[0;39m&amp#27;[36mo.s.b.f.s.DefaultListableBeanFactory    &amp#27;[0;39m &amp#27;[2m:&amp#27;[0;39m Creating shared instance of singleton bean 'securityFilterChainRegistration'
&amp#27;[2m2024-11-30T12:00:54.682+01:00&amp#27;[0;39m &amp#27;[32mDEBUG&amp#27;[0;39m &amp#27;[35m7864&amp#27;[0;39m &amp#27;[2m---&amp#27;[0;39m &amp#27;[2m[           main]&amp#27;[0;39m &amp#27;[2m&amp#27;[0;39m&amp#27;[36mo.s.b.f.s.DefaultListableBeanFactory    &amp#27;[0;39m &amp#27;[2m:&amp#27;[0;39m Autowiring by type from bean name 'securityFilterChainRegistration' via factory method to bean named 'spring.security-org.springframework.boot.autoconfigure.security.SecurityProperties'
&amp#27;[2m2024-11-30T12:00:54.687+01:00&amp#27;[0;39m &amp#27;[32mDEBUG&amp#27;[0;39m &amp#27;[35m7864&amp#27;[0;39m &amp#27;[2m---&amp#27;[0;39m &amp#27;[2m[           main]&amp#27;[0;39m &amp#27;[2m&amp#27;[0;39m&amp#27;[36mo.s.b.f.s.DefaultListableBeanFactory    &amp#27;[0;39m &amp#27;[2m:&amp#27;[0;39m Creating shared instance of singleton bean 'org.springframework.boot.autoconfigure.sql.init.SqlInitializationAutoConfiguration'
&amp#27;[2m2024-11-30T12:00:54.687+01:00&amp#27;[0;39m &amp#27;[32mDEBUG&amp#27;[0;39m &amp#27;[35m7864&amp#27;[0;39m &amp#27;[2m---&amp#27;[0;39m &amp#27;[2m[           main]&amp#27;[0;39m &amp#27;[2m&amp#27;[0;39m&amp#27;[36mo.s.b.f.s.DefaultListableBeanFactory    &amp#27;[0;39m &amp#27;[2m:&amp#27;[0;39m Creating shared instance of singleton bean 'org.springframework.boot.autoconfigure.task.TaskSchedulingConfigurations$ThreadPoolTaskSchedulerBuilderConfiguration'
&amp#27;[2m2024-11-30T12:00:54.688+01:00&amp#27;[0;39m &amp#27;[32mDEBUG&amp#27;[0;39m &amp#27;[35m7864&amp#27;[0;39m &amp#27;[2m---&amp#27;[0;39m &amp#27;[2m[           main]&amp#27;[0;39m &amp#27;[2m&amp#27;[0;39m&amp#27;[36mo.s.b.f.s.DefaultListableBeanFactory    &amp#27;[0;39m &amp#27;[2m:&amp#27;[0;39m Creating shared instance of singleton bean 'threadPoolTaskSchedulerBuilder'
&amp#27;[2m2024-11-30T12:00:54.688+01:00&amp#27;[0;39m &amp#27;[32mDEBUG&amp#27;[0;39m &amp#27;[35m7864&amp#27;[0;39m &amp#27;[2m---&amp#27;[0;39m &amp#27;[2m[           main]&amp#27;[0;39m &amp#27;[2m&amp#27;[0;39m&amp#27;[36mo.s.b.f.s.DefaultListableBeanFactory    &amp#27;[0;39m &amp#27;[2m:&amp#27;[0;39m Creating shared instance of singleton bean 'spring.task.scheduling-org.springframework.boot.autoconfigure.task.TaskSchedulingProperties'
&amp#27;[2m2024-11-30T12:00:54.692+01:00&amp#27;[0;39m &amp#27;[32mDEBUG&amp#27;[0;39m &amp#27;[35m7864&amp#27;[0;39m &amp#27;[2m---&amp#27;[0;39m &amp#27;[2m[           main]&amp#27;[0;39m &amp#27;[2m&amp#27;[0;39m&amp#27;[36mo.s.b.f.s.DefaultListableBeanFactory    &amp#27;[0;39m &amp#27;[2m:&amp#27;[0;39m Autowiring by type from bean name 'threadPoolTaskSchedulerBuilder' via factory method to bean named 'spring.task.scheduling-org.springframework.boot.autoconfigure.task.TaskSchedulingProperties'
&amp#27;[2m2024-11-30T12:00:54.694+01:00&amp#27;[0;39m &amp#27;[32mDEBUG&amp#27;[0;39m &amp#27;[35m7864&amp#27;[0;39m &amp#27;[2m---&amp#27;[0;39m &amp#27;[2m[           main]&amp#27;[0;39m &amp#27;[2m&amp#27;[0;39m&amp#27;[36mo.s.b.f.s.DefaultListableBeanFactory    &amp#27;[0;39m &amp#27;[2m:&amp#27;[0;39m Creating shared instance of singleton bean 'org.springframework.boot.autoconfigure.task.TaskSchedulingConfigurations$TaskSchedulerBuilderConfiguration'
&amp#27;[2m2024-11-30T12:00:54.695+01:00&amp#27;[0;39m &amp#27;[32mDEBUG&amp#27;[0;39m &amp#27;[35m7864&amp#27;[0;39m &amp#27;[2m---&amp#27;[0;39m &amp#27;[2m[           main]&amp#27;[0;39m &amp#27;[2m&amp#27;[0;39m&amp#27;[36mo.s.b.f.s.DefaultListableBeanFactory    &amp#27;[0;39m &amp#27;[2m:&amp#27;[0;39m Creating shared instance of singleton bean 'taskSchedulerBuilder'
&amp#27;[2m2024-11-30T12:00:54.696+01:00&amp#27;[0;39m &amp#27;[32mDEBUG&amp#27;[0;39m &amp#27;[35m7864&amp#27;[0;39m &amp#27;[2m---&amp#27;[0;39m &amp#27;[2m[           main]&amp#27;[0;39m &amp#27;[2m&amp#27;[0;39m&amp#27;[36mo.s.b.f.s.DefaultListableBeanFactory    &amp#27;[0;39m &amp#27;[2m:&amp#27;[0;39m Autowiring by type from bean name 'taskSchedulerBuilder' via factory method to bean named 'spring.task.scheduling-org.springframework.boot.autoconfigure.task.TaskSchedulingProperties'
&amp#27;[2m2024-11-30T12:00:54.696+01:00&amp#27;[0;39m &amp#27;[32mDEBUG&amp#27;[0;39m &amp#27;[35m7864&amp#27;[0;39m &amp#27;[2m---&amp#27;[0;39m &amp#27;[2m[           main]&amp#27;[0;39m &amp#27;[2m&amp#27;[0;39m&amp#27;[36mo.s.b.f.s.DefaultListableBeanFactory    &amp#27;[0;39m &amp#27;[2m:&amp#27;[0;39m Creating shared instance of singleton bean 'org.springframework.boot.autoconfigure.task.TaskSchedulingConfigurations$SimpleAsyncTaskSchedulerBuilderConfiguration'
&amp#27;[2m2024-11-30T12:00:54.697+01:00&amp#27;[0;39m &amp#27;[32mDEBUG&amp#27;[0;39m &amp#27;[35m7864&amp#27;[0;39m &amp#27;[2m---&amp#27;[0;39m &amp#27;[2m[           main]&amp#27;[0;39m &amp#27;[2m&amp#27;[0;39m&amp#27;[36mo.s.b.f.s.DefaultListableBeanFactory    &amp#27;[0;39m &amp#27;[2m:&amp#27;[0;39m Autowiring by type from bean name 'org.springframework.boot.autoconfigure.task.TaskSchedulingConfigurations$SimpleAsyncTaskSchedulerBuilderConfiguration' via constructor to bean named 'spring.task.scheduling-org.springframework.boot.autoconfigure.task.TaskSchedulingProperties'
&amp#27;[2m2024-11-30T12:00:54.697+01:00&amp#27;[0;39m &amp#27;[32mDEBUG&amp#27;[0;39m &amp#27;[35m7864&amp#27;[0;39m &amp#27;[2m---&amp#27;[0;39m &amp#27;[2m[           main]&amp#27;[0;39m &amp#27;[2m&amp#27;[0;39m&amp#27;[36mo.s.b.f.s.DefaultListableBeanFactory    &amp#27;[0;39m &amp#27;[2m:&amp#27;[0;39m Creating shared instance of singleton bean 'simpleAsyncTaskSchedulerBuilder'
&amp#27;[2m2024-11-30T12:00:54.700+01:00&amp#27;[0;39m &amp#27;[32mDEBUG&amp#27;[0;39m &amp#27;[35m7864&amp#27;[0;39m &amp#27;[2m---&amp#27;[0;39m &amp#27;[2m[           main]&amp#27;[0;39m &amp#27;[2m&amp#27;[0;39m&amp#27;[36mo.s.b.f.s.DefaultListableBeanFactory    &amp#27;[0;39m &amp#27;[2m:&amp#27;[0;39m Creating shared instance of singleton bean 'org.springframework.boot.autoconfigure.task.TaskSchedulingAutoConfiguration'
&amp#27;[2m2024-11-30T12:00:54.701+01:00&amp#27;[0;39m &amp#27;[32mDEBUG&amp#27;[0;39m &amp#27;[35m7864&amp#27;[0;39m &amp#27;[2m---&amp#27;[0;39m &amp#27;[2m[           main]&amp#27;[0;39m &amp#27;[2m&amp#27;[0;39m&amp#27;[36mo.s.b.f.s.DefaultListableBeanFactory    &amp#27;[0;39m &amp#27;[2m:&amp#27;[0;39m Creating shared instance of singleton bean 'org.springframework.boot.autoconfigure.jdbc.DataSourceTransactionManagerAutoConfiguration$JdbcTransactionManagerConfiguration'
&amp#27;[2m2024-11-30T12:00:54.702+01:00&amp#27;[0;39m &amp#27;[32mDEBUG&amp#27;[0;39m &amp#27;[35m7864&amp#27;[0;39m &amp#27;[2m---&amp#27;[0;39m &amp#27;[2m[           main]&amp#27;[0;39m &amp#27;[2m&amp#27;[0;39m&amp#27;[36mo.s.b.f.s.DefaultListableBeanFactory    &amp#27;[0;39m &amp#27;[2m:&amp#27;[0;39m Creating shared instance of singleton bean 'org.springframework.boot.autoconfigure.jdbc.DataSourceTransactionManagerAutoConfiguration'
&amp#27;[2m2024-11-30T12:00:54.703+01:00&amp#27;[0;39m &amp#27;[32mDEBUG&amp#27;[0;39m &amp#27;[35m7864&amp#27;[0;39m &amp#27;[2m---&amp#27;[0;39m &amp#27;[2m[           main]&amp#27;[0;39m &amp#27;[2m&amp#27;[0;39m&amp#27;[36mo.s.b.f.s.DefaultListableBeanFactory    &amp#27;[0;39m &amp#27;[2m:&amp#27;[0;39m Creating shared instance of singleton bean 'org.springframework.boot.autoconfigure.transaction.TransactionAutoConfiguration$EnableTransactionManagementConfiguration$CglibAutoProxyConfiguration'
&amp#27;[2m2024-11-30T12:00:54.704+01:00&amp#27;[0;39m &amp#27;[32mDEBUG&amp#27;[0;39m &amp#27;[35m7864&amp#27;[0;39m &amp#27;[2m---&amp#27;[0;39m &amp#27;[2m[           main]&amp#27;[0;39m &amp#27;[2m&amp#27;[0;39m&amp#27;[36mo.s.b.f.s.DefaultListableBeanFactory    &amp#27;[0;39m &amp#27;[2m:&amp#27;[0;39m Creating shared instance of singleton bean 'org.springframework.boot.autoconfigure.transaction.TransactionAutoConfiguration$EnableTransactionManagementConfiguration'
&amp#27;[2m2024-11-30T12:00:54.705+01:00&amp#27;[0;39m &amp#27;[32mDEBUG&amp#27;[0;39m &amp#27;[35m7864&amp#27;[0;39m &amp#27;[2m---&amp#27;[0;39m &amp#27;[2m[           main]&amp#27;[0;39m &amp#27;[2m&amp#27;[0;39m&amp#27;[36mo.s.b.f.s.DefaultListableBeanFactory    &amp#27;[0;39m &amp#27;[2m:&amp#27;[0;39m Creating shared instance of singleton bean 'org.springframework.boot.autoconfigure.transaction.TransactionAutoConfiguration$TransactionTemplateConfiguration'
&amp#27;[2m2024-11-30T12:00:54.705+01:00&amp#27;[0;39m &amp#27;[32mDEBUG&amp#27;[0;39m &amp#27;[35m7864&amp#27;[0;39m &amp#27;[2m---&amp#27;[0;39m &amp#27;[2m[           main]&amp#27;[0;39m &amp#27;[2m&amp#27;[0;39m&amp#27;[36mo.s.b.f.s.DefaultListableBeanFactory    &amp#27;[0;39m &amp#27;[2m:&amp#27;[0;39m Creating shared instance of singleton bean 'transactionTemplate'
&amp#27;[2m2024-11-30T12:00:54.705+01:00&amp#27;[0;39m &amp#27;[32mDEBUG&amp#27;[0;39m &amp#27;[35m7864&amp#27;[0;39m &amp#27;[2m---&amp#27;[0;39m &amp#27;[2m[           main]&amp#27;[0;39m &amp#27;[2m&amp#27;[0;39m&amp#27;[36mo.s.b.f.s.DefaultListableBeanFactory    &amp#27;[0;39m &amp#27;[2m:&amp#27;[0;39m Autowiring by type from bean name 'transactionTemplate' via factory method to bean named 'transactionManager'
&amp#27;[2m2024-11-30T12:00:54.706+01:00&amp#27;[0;39m &amp#27;[32mDEBUG&amp#27;[0;39m &amp#27;[35m7864&amp#27;[0;39m &amp#27;[2m---&amp#27;[0;39m &amp#27;[2m[           main]&amp#27;[0;39m &amp#27;[2m&amp#27;[0;39m&amp#27;[36mo.s.b.f.s.DefaultListableBeanFactory    &amp#27;[0;39m &amp#27;[2m:&amp#27;[0;39m Creating shared instance of singleton bean 'org.springframework.boot.autoconfigure.transaction.TransactionAutoConfiguration'
&amp#27;[2m2024-11-30T12:00:54.708+01:00&amp#27;[0;39m &amp#27;[32mDEBUG&amp#27;[0;39m &amp#27;[35m7864&amp#27;[0;39m &amp#27;[2m---&amp#27;[0;39m &amp#27;[2m[           main]&amp#27;[0;39m &amp#27;[2m&amp#27;[0;39m&amp#27;[36mo.s.b.f.s.DefaultListableBeanFactory    &amp#27;[0;39m &amp#27;[2m:&amp#27;[0;39m Creating shared instance of singleton bean 'org.springframework.boot.autoconfigure.web.client.RestClientAutoConfiguration'
&amp#27;[2m2024-11-30T12:00:54.708+01:00&amp#27;[0;39m &amp#27;[32mDEBUG&amp#27;[0;39m &amp#27;[35m7864&amp#27;[0;39m &amp#27;[2m---&amp#27;[0;39m &amp#27;[2m[           main]&amp#27;[0;39m &amp#27;[2m&amp#27;[0;39m&amp#27;[36mo.s.b.f.s.DefaultListableBeanFactory    &amp#27;[0;39m &amp#27;[2m:&amp#27;[0;39m Creating shared instance of singleton bean 'httpMessageConvertersRestClientCustomizer'
&amp#27;[2m2024-11-30T12:00:54.709+01:00&amp#27;[0;39m &amp#27;[32mDEBUG&amp#27;[0;39m &amp#27;[35m7864&amp#27;[0;39m &amp#27;[2m---&amp#27;[0;39m &amp#27;[2m[           main]&amp#27;[0;39m &amp#27;[2m&amp#27;[0;39m&amp#27;[36mo.s.b.f.s.DefaultListableBeanFactory    &amp#27;[0;39m &amp#27;[2m:&amp#27;[0;39m Creating shared instance of singleton bean 'restClientSsl'
&amp#27;[2m2024-11-30T12:00:54.709+01:00&amp#27;[0;39m &amp#27;[32mDEBUG&amp#27;[0;39m &amp#27;[35m7864&amp#27;[0;39m &amp#27;[2m---&amp#27;[0;39m &amp#27;[2m[           main]&amp#27;[0;39m &amp#27;[2m&amp#27;[0;39m&amp#27;[36mo.s.b.f.s.DefaultListableBeanFactory    &amp#27;[0;39m &amp#27;[2m:&amp#27;[0;39m Autowiring by type from bean name 'restClientSsl' via factory method to bean named 'sslBundleRegistry'
&amp#27;[2m2024-11-30T12:00:54.710+01:00&amp#27;[0;39m &amp#27;[32mDEBUG&amp#27;[0;39m &amp#27;[35m7864&amp#27;[0;39m &amp#27;[2m---&amp#27;[0;39m &amp#27;[2m[           main]&amp#27;[0;39m &amp#27;[2m&amp#27;[0;39m&amp#27;[36mo.s.b.f.s.DefaultListableBeanFactory    &amp#27;[0;39m &amp#27;[2m:&amp#27;[0;39m Creating shared instance of singleton bean 'restClientBuilderConfigurer'
&amp#27;[2m2024-11-30T12:00:54.710+01:00&amp#27;[0;39m &amp#27;[32mDEBUG&amp#27;[0;39m &amp#27;[35m7864&amp#27;[0;39m &amp#27;[2m---&amp#27;[0;39m &amp#27;[2m[           main]&amp#27;[0;39m &amp#27;[2m&amp#27;[0;39m&amp#27;[36mo.s.b.f.s.DefaultListableBeanFactory    &amp#27;[0;39m &amp#27;[2m:&amp#27;[0;39m Creating shared instance of singleton bean 'org.springframework.boot.autoconfigure.web.client.RestTemplateAutoConfiguration'
&amp#27;[2m2024-11-30T12:00:54.711+01:00&amp#27;[0;39m &amp#27;[32mDEBUG&amp#27;[0;39m &amp#27;[35m7864&amp#27;[0;39m &amp#27;[2m---&amp#27;[0;39m &amp#27;[2m[           main]&amp#27;[0;39m &amp#27;[2m&amp#27;[0;39m&amp#27;[36mo.s.b.f.s.DefaultListableBeanFactory    &amp#27;[0;39m &amp#27;[2m:&amp#27;[0;39m Creating shared instance of singleton bean 'characterEncodingFilter'
&amp#27;[2m2024-11-30T12:00:54.713+01:00&amp#27;[0;39m &amp#27;[32mDEBUG&amp#27;[0;39m &amp#27;[35m7864&amp#27;[0;39m &amp#27;[2m---&amp#27;[0;39m &amp#27;[2m[           main]&amp#27;[0;39m &amp#27;[2m&amp#27;[0;39m&amp#27;[36mo.s.b.f.s.DefaultListableBeanFactory    &amp#27;[0;39m &amp#27;[2m:&amp#27;[0;39m Creating shared instance of singleton bean 'multipartResolver'
&amp#27;[2m2024-11-30T12:00:54.749+01:00&amp#27;[0;39m &amp#27;[32mDEBUG&amp#27;[0;39m &amp#27;[35m7864&amp#27;[0;39m &amp#27;[2m---&amp#27;[0;39m &amp#27;[2m[           main]&amp#27;[0;39m &amp#27;[2m&amp#27;[0;39m&amp#27;[36mo.s.c.support.DefaultLifecycleProcessor &amp#27;[0;39m &amp#27;[2m:&amp#27;[0;39m Starting beans in phase -2147483647
&amp#27;[2m2024-11-30T12:00:54.751+01:00&amp#27;[0;39m &amp#27;[32mDEBUG&amp#27;[0;39m &amp#27;[35m7864&amp#27;[0;39m &amp#27;[2m---&amp#27;[0;39m &amp#27;[2m[           main]&amp#27;[0;39m &amp#27;[2m&amp#27;[0;39m&amp#27;[36mo.s.c.support.DefaultLifecycleProcessor &amp#27;[0;39m &amp#27;[2m:&amp#27;[0;39m Successfully started bean 'springBootLoggingLifecycle'
&amp#27;[2m2024-11-30T12:00:54.751+01:00&amp#27;[0;39m &amp#27;[32mDEBUG&amp#27;[0;39m &amp#27;[35m7864&amp#27;[0;39m &amp#27;[2m---&amp#27;[0;39m &amp#27;[2m[           main]&amp#27;[0;39m &amp#27;[2m&amp#27;[0;39m&amp#27;[36mo.s.c.support.DefaultLifecycleProcessor &amp#27;[0;39m &amp#27;[2m:&amp#27;[0;39m Starting beans in phase 2147483647
&amp#27;[2m2024-11-30T12:00:54.776+01:00&amp#27;[0;39m &amp#27;[32mDEBUG&amp#27;[0;39m &amp#27;[35m7864&amp#27;[0;39m &amp#27;[2m---&amp#27;[0;39m &amp#27;[2m[           main]&amp#27;[0;39m &amp#27;[2m&amp#27;[0;39m&amp#27;[36m.s.b.a.l.ConditionEvaluationReportLogger&amp#27;[0;39m &amp#27;[2m:&amp#27;[0;39m 


============================
CONDITIONS EVALUATION REPORT
============================


Positive matches:
-----------------

   AopAutoConfiguration matched:
      - @ConditionalOnProperty (spring.aop.auto=true) matched (OnPropertyCondition)

   AopAutoConfiguration.AspectJAutoProxyingConfiguration matched:
      - @ConditionalOnClass found required class 'org.aspectj.weaver.Advice' (OnClassCondition)

   AopAutoConfiguration.AspectJAutoProxyingConfiguration.CglibAutoProxyConfiguration matched:
      - @ConditionalOnProperty (spring.aop.proxy-target-class=true) matched (OnPropertyCondition)

   ApplicationAvailabilityAutoConfiguration#applicationAvailability matched:
      - @ConditionalOnMissingBean (types: org.springframework.boot.availability.ApplicationAvailability; SearchStrategy: all) did not find any beans (OnBeanCondition)

   DataSourceAutoConfiguration matched:
      - @ConditionalOnClass found required classes 'javax.sql.DataSource', 'org.springframework.jdbc.datasource.embedded.EmbeddedDatabaseType' (OnClassCondition)
      - @ConditionalOnMissingBean (types: io.r2dbc.spi.ConnectionFactory; SearchStrategy: all) did not find any beans (OnBeanCondition)

   DataSourceAutoConfiguration.PooledDataSourceConfiguration matched:
      - AnyNestedCondition 1 matched 1 did not; NestedCondition on DataSourceAutoConfiguration.PooledDataSourceCondition.PooledDataSourceAvailable PooledDataSource found supported DataSource; NestedCondition on DataSourceAutoConfiguration.PooledDataSourceCondition.ExplicitType @ConditionalOnProperty (spring.datasource.type) did not find property 'type' (DataSourceAutoConfiguration.PooledDataSourceCondition)
      - @ConditionalOnMissingBean (types: javax.sql.DataSource,javax.sql.XADataSource; SearchStrategy: all) did not find any beans (OnBeanCondition)

   DataSourceAutoConfiguration.PooledDataSourceConfiguration#jdbcConnectionDetails matched:
      - @ConditionalOnMissingBean (types: org.springframework.boot.autoconfigure.jdbc.JdbcConnectionDetails; SearchStrategy: all) did not find any beans (OnBeanCondition)

   DataSourceConfiguration.Hikari matched:
      - @ConditionalOnClass found required class 'com.zaxxer.hikari.HikariDataSource' (OnClassCondition)
      - @ConditionalOnProperty (spring.datasource.type=com.zaxxer.hikari.HikariDataSource) matched (OnPropertyCondition)
      - @ConditionalOnMissingBean (types: javax.sql.DataSource; SearchStrategy: all) did not find any beans (OnBeanCondition)

   DataSourceInitializationConfiguration matched:
      - @ConditionalOnClass found required class 'org.springframework.jdbc.datasource.init.DatabasePopulator' (OnClassCondition)
      - @ConditionalOnSingleCandidate (types: javax.sql.DataSource; SearchStrategy: all) found a single bean 'dataSource'; @ConditionalOnMissingBean (types: org.springframework.boot.autoconfigure.sql.init.SqlDataSourceScriptDatabaseInitializer,org.springframework.boot.autoconfigure.sql.init.SqlR2dbcScriptDatabaseInitializer; SearchStrategy: all) did not find any beans (OnBeanCondition)

   DataSourcePoolMetadataProvidersConfiguration.HikariPoolDataSourceMetadataProviderConfiguration matched:
      - @ConditionalOnClass found required class 'com.zaxxer.hikari.HikariDataSource' (OnClassCondition)

   DataSourceTransactionManagerAutoConfiguration matched:
      - @ConditionalOnClass found required classes 'org.springframework.jdbc.core.JdbcTemplate', 'org.springframework.transaction.TransactionManager' (OnClassCondition)

   DataSourceTransactionManagerAutoConfiguration.JdbcTransactionManagerConfiguration matched:
      - @ConditionalOnSingleCandidate (types: javax.sql.DataSource; SearchStrategy: all) found a single bean 'dataSource' (OnBeanCondition)

   DispatcherServletAutoConfiguration matched:
      - @ConditionalOnClass found required class 'org.springframework.web.servlet.DispatcherServlet' (OnClassCondition)
      - found 'session' scope (OnWebApplicationCondition)

   DispatcherServletAutoConfiguration.DispatcherServletConfiguration matched:
      - @ConditionalOnClass found required class 'jakarta.servlet.ServletRegistration' (OnClassCondition)
      - Default DispatcherServlet did not find dispatcher servlet beans (DispatcherServletAutoConfiguration.DefaultDispatcherServletCondition)

   DispatcherServletAutoConfiguration.DispatcherServletRegistrationConfiguration matched:
      - @ConditionalOnClass found required class 'jakarta.servlet.ServletRegistration' (OnClassCondition)
      - DispatcherServlet Registration did not find servlet registration bean (DispatcherServletAutoConfiguration.DispatcherServletRegistrationCondition)

   DispatcherServletAutoConfiguration.DispatcherServletRegistrationConfiguration#dispatcherServletRegistration matched:
      - @ConditionalOnBean (names: dispatcherServlet types: org.springframework.web.servlet.DispatcherServlet; SearchStrategy: all) found bean 'dispatcherServlet' (OnBeanCondition)

   ErrorMvcAutoConfiguration matched:
      - @ConditionalOnClass found required classes 'jakarta.servlet.Servlet', 'org.springframework.web.servlet.DispatcherServlet' (OnClassCondition)
      - found 'session' scope (OnWebApplicationCondition)

   ErrorMvcAutoConfiguration#basicErrorController matched:
      - @ConditionalOnMissingBean (types: org.springframework.boot.web.servlet.error.ErrorController; SearchStrategy: current) did not find any beans (OnBeanCondition)

   ErrorMvcAutoConfiguration#errorAttributes matched:
      - @ConditionalOnMissingBean (types: org.springframework.boot.web.servlet.error.ErrorAttributes; SearchStrategy: current) did not find any beans (OnBeanCondition)

   ErrorMvcAutoConfiguration.DefaultErrorViewResolverConfiguration#conventionErrorViewResolver matched:
      - @ConditionalOnBean (types: org.springframework.web.servlet.DispatcherServlet; SearchStrategy: all) found bean 'dispatcherServlet'; @ConditionalOnMissingBean (types: org.springframework.boot.autoconfigure.web.servlet.error.ErrorViewResolver; SearchStrategy: all) did not find any beans (OnBeanCondition)

   ErrorMvcAutoConfiguration.WhitelabelErrorViewConfiguration matched:
      - @ConditionalOnProperty (server.error.whitelabel.enabled) matched (OnPropertyCondition)
      - ErrorTemplate Missing did not find error template view (ErrorMvcAutoConfiguration.ErrorTemplateMissingCondition)

   ErrorMvcAutoConfiguration.WhitelabelErrorViewConfiguration#beanNameViewResolver matched:
      - @ConditionalOnMissingBean (types: org.springframework.web.servlet.view.BeanNameViewResolver; SearchStrategy: all) did not find any beans (OnBeanCondition)

   ErrorMvcAutoConfiguration.WhitelabelErrorViewConfiguration#defaultErrorView matched:
      - @ConditionalOnMissingBean (names: error; SearchStrategy: all) did not find any beans (OnBeanCondition)

   GenericCacheConfiguration matched:
      - Cache org.springframework.boot.autoconfigure.cache.GenericCacheConfiguration automatic cache type (CacheCondition)

   HibernateJpaAutoConfiguration matched:
      - @ConditionalOnClass found required classes 'org.springframework.orm.jpa.LocalContainerEntityManagerFactoryBean', 'jakarta.persistence.EntityManager', 'org.hibernate.engine.spi.SessionImplementor' (OnClassCondition)

   HibernateJpaConfiguration matched:
      - @ConditionalOnSingleCandidate (types: javax.sql.DataSource; SearchStrategy: all) found a single bean 'dataSource' (OnBeanCondition)

   HttpEncodingAutoConfiguration matched:
      - @ConditionalOnClass found required class 'org.springframework.web.filter.CharacterEncodingFilter' (OnClassCondition)
      - found 'session' scope (OnWebApplicationCondition)
      - @ConditionalOnProperty (server.servlet.encoding.enabled) matched (OnPropertyCondition)

   HttpEncodingAutoConfiguration#characterEncodingFilter matched:
      - @ConditionalOnMissingBean (types: org.springframework.web.filter.CharacterEncodingFilter; SearchStrategy: all) did not find any beans (OnBeanCondition)

   HttpMessageConvertersAutoConfiguration matched:
      - @ConditionalOnClass found required class 'org.springframework.http.converter.HttpMessageConverter' (OnClassCondition)
      - NoneNestedConditions 0 matched 1 did not; NestedCondition on HttpMessageConvertersAutoConfiguration.NotReactiveWebApplicationCondition.ReactiveWebApplication did not find reactive web application classes (HttpMessageConvertersAutoConfiguration.NotReactiveWebApplicationCondition)

   HttpMessageConvertersAutoConfiguration#messageConverters matched:
      - @ConditionalOnMissingBean (types: org.springframework.boot.autoconfigure.http.HttpMessageConverters; SearchStrategy: all) did not find any beans (OnBeanCondition)

   HttpMessageConvertersAutoConfiguration.StringHttpMessageConverterConfiguration matched:
      - @ConditionalOnClass found required class 'org.springframework.http.converter.StringHttpMessageConverter' (OnClassCondition)

   HttpMessageConvertersAutoConfiguration.StringHttpMessageConverterConfiguration#stringHttpMessageConverter matched:
      - @ConditionalOnMissingBean (types: org.springframework.http.converter.StringHttpMessageConverter; SearchStrategy: all) did not find any beans (OnBeanCondition)

   JacksonAutoConfiguration matched:
      - @ConditionalOnClass found required class 'com.fasterxml.jackson.databind.ObjectMapper' (OnClassCondition)

   JacksonAutoConfiguration.Jackson2ObjectMapperBuilderCustomizerConfiguration matched:
      - @ConditionalOnClass found required class 'org.springframework.http.converter.json.Jackson2ObjectMapperBuilder' (OnClassCondition)

   JacksonAutoConfiguration.JacksonObjectMapperBuilderConfiguration matched:
      - @ConditionalOnClass found required class 'org.springframework.http.converter.json.Jackson2ObjectMapperBuilder' (OnClassCondition)

   JacksonAutoConfiguration.JacksonObjectMapperBuilderConfiguration#jacksonObjectMapperBuilder matched:
      - @ConditionalOnMissingBean (types: org.springframework.http.converter.json.Jackson2ObjectMapperBuilder; SearchStrategy: all) did not find any beans (OnBeanCondition)

   JacksonAutoConfiguration.JacksonObjectMapperConfiguration matched:
      - @ConditionalOnClass found required class 'org.springframework.http.converter.json.Jackson2ObjectMapperBuilder' (OnClassCondition)

   JacksonAutoConfiguration.JacksonObjectMapperConfiguration#jacksonObjectMapper matched:
      - @ConditionalOnMissingBean (types: com.fasterxml.jackson.databind.ObjectMapper; SearchStrategy: all) did not find any beans (OnBeanCondition)

   JacksonAutoConfiguration.ParameterNamesModuleConfiguration matched:
      - @ConditionalOnClass found required class 'com.fasterxml.jackson.module.paramnames.ParameterNamesModule' (OnClassCondition)

   JacksonAutoConfiguration.ParameterNamesModuleConfiguration#parameterNamesModule matched:
      - @ConditionalOnMissingBean (types: com.fasterxml.jackson.module.paramnames.ParameterNamesModule; SearchStrategy: all) did not find any beans (OnBeanCondition)

   JacksonHttpMessageConvertersConfiguration.MappingJackson2HttpMessageConverterConfiguration matched:
      - @ConditionalOnClass found required class 'com.fasterxml.jackson.databind.ObjectMapper' (OnClassCondition)
      - @ConditionalOnProperty (spring.mvc.converters.preferred-json-mapper=jackson) matched (OnPropertyCondition)
      - @ConditionalOnBean (types: com.fasterxml.jackson.databind.ObjectMapper; SearchStrategy: all) found bean 'jacksonObjectMapper' (OnBeanCondition)

   JacksonHttpMessageConvertersConfiguration.MappingJackson2HttpMessageConverterConfiguration#mappingJackson2HttpMessageConverter matched:
      - @ConditionalOnMissingBean (types: org.springframework.http.converter.json.MappingJackson2HttpMessageConverter ignored: org.springframework.hateoas.server.mvc.TypeConstrainedMappingJackson2HttpMessageConverter,org.springframework.data.rest.webmvc.alps.AlpsJsonHttpMessageConverter; SearchStrategy: all) did not find any beans (OnBeanCondition)

   JdbcClientAutoConfiguration matched:
      - @ConditionalOnSingleCandidate (types: org.springframework.jdbc.core.namedparam.NamedParameterJdbcTemplate; SearchStrategy: all) found a single bean 'namedParameterJdbcTemplate'; @ConditionalOnMissingBean (types: org.springframework.jdbc.core.simple.JdbcClient; SearchStrategy: all) did not find any beans (OnBeanCondition)

   JdbcTemplateAutoConfiguration matched:
      - @ConditionalOnClass found required classes 'javax.sql.DataSource', 'org.springframework.jdbc.core.JdbcTemplate' (OnClassCondition)
      - @ConditionalOnSingleCandidate (types: javax.sql.DataSource; SearchStrategy: all) found a single bean 'dataSource' (OnBeanCondition)

   JdbcTemplateConfiguration matched:
      - @ConditionalOnMissingBean (types: org.springframework.jdbc.core.JdbcOperations; SearchStrategy: all) did not find any beans (OnBeanCondition)

   JpaBaseConfiguration#entityManagerFactory matched:
      - @ConditionalOnMissingBean (types: org.springframework.orm.jpa.LocalContainerEntityManagerFactoryBean,jakarta.persistence.EntityManagerFactory; SearchStrategy: all) did not find any beans (OnBeanCondition)

   JpaBaseConfiguration#entityManagerFactoryBuilder matched:
      - @ConditionalOnMissingBean (types: org.springframework.boot.orm.jpa.EntityManagerFactoryBuilder; SearchStrategy: all) did not find any beans (OnBeanCondition)

   JpaBaseConfiguration#jpaVendorAdapter matched:
      - @ConditionalOnMissingBean (types: org.springframework.orm.jpa.JpaVendorAdapter; SearchStrategy: all) did not find any beans (OnBeanCondition)

   JpaBaseConfiguration#transactionManager matched:
      - @ConditionalOnMissingBean (types: org.springframework.transaction.TransactionManager; SearchStrategy: all) did not find any beans (OnBeanCondition)

   JpaBaseConfiguration.JpaWebConfiguration matched:
      - @ConditionalOnClass found required class 'org.springframework.web.servlet.config.annotation.WebMvcConfigurer' (OnClassCondition)
      - found 'session' scope (OnWebApplicationCondition)
      - @ConditionalOnProperty (spring.jpa.open-in-view=true) matched (OnPropertyCondition)
      - @ConditionalOnMissingBean (types: org.springframework.orm.jpa.support.OpenEntityManagerInViewInterceptor,org.springframework.orm.jpa.support.OpenEntityManagerInViewFilter; SearchStrategy: all) did not find any beans (OnBeanCondition)

   JpaBaseConfiguration.PersistenceManagedTypesConfiguration matched:
      - @ConditionalOnMissingBean (types: org.springframework.orm.jpa.LocalContainerEntityManagerFactoryBean,jakarta.persistence.EntityManagerFactory; SearchStrategy: all) did not find any beans (OnBeanCondition)

   JpaBaseConfiguration.PersistenceManagedTypesConfiguration#persistenceManagedTypes matched:
      - @ConditionalOnMissingBean (types: org.springframework.orm.jpa.persistenceunit.PersistenceManagedTypes; SearchStrategy: all) did not find any beans (OnBeanCondition)

   JpaRepositoriesAutoConfiguration matched:
      - @ConditionalOnClass found required class 'org.springframework.data.jpa.repository.JpaRepository' (OnClassCondition)
      - @ConditionalOnProperty (spring.data.jpa.repositories.enabled=true) matched (OnPropertyCondition)
      - @ConditionalOnBean (types: javax.sql.DataSource; SearchStrategy: all) found bean 'dataSource'; @ConditionalOnMissingBean (types: org.springframework.data.jpa.repository.support.JpaRepositoryFactoryBean,org.springframework.data.jpa.repository.config.JpaRepositoryConfigExtension; SearchStrategy: all) did not find any beans (OnBeanCondition)

   JtaAutoConfiguration matched:
      - @ConditionalOnClass found required class 'jakarta.transaction.Transaction' (OnClassCondition)
      - @ConditionalOnProperty (spring.jta.enabled) matched (OnPropertyCondition)

   LifecycleAutoConfiguration#defaultLifecycleProcessor matched:
      - @ConditionalOnMissingBean (names: lifecycleProcessor; SearchStrategy: current) did not find any beans (OnBeanCondition)

   MultipartAutoConfiguration matched:
      - @ConditionalOnClass found required classes 'jakarta.servlet.Servlet', 'org.springframework.web.multipart.support.StandardServletMultipartResolver', 'jakarta.servlet.MultipartConfigElement' (OnClassCondition)
      - found 'session' scope (OnWebApplicationCondition)
      - @ConditionalOnProperty (spring.servlet.multipart.enabled) matched (OnPropertyCondition)

   MultipartAutoConfiguration#multipartConfigElement matched:
      - @ConditionalOnMissingBean (types: jakarta.servlet.MultipartConfigElement; SearchStrategy: all) did not find any beans (OnBeanCondition)

   MultipartAutoConfiguration#multipartResolver matched:
      - @ConditionalOnMissingBean (types: org.springframework.web.multipart.MultipartResolver; SearchStrategy: all) did not find any beans (OnBeanCondition)

   NamedParameterJdbcTemplateConfiguration matched:
      - @ConditionalOnSingleCandidate (types: org.springframework.jdbc.core.JdbcTemplate; SearchStrategy: all) found a single bean 'jdbcTemplate'; @ConditionalOnMissingBean (types: org.springframework.jdbc.core.namedparam.NamedParameterJdbcOperations; SearchStrategy: all) did not find any beans (OnBeanCondition)

   NoOpCacheConfiguration matched:
      - Cache org.springframework.boot.autoconfigure.cache.NoOpCacheConfiguration automatic cache type (CacheCondition)

   PersistenceExceptionTranslationAutoConfiguration matched:
      - @ConditionalOnClass found required class 'org.springframework.dao.annotation.PersistenceExceptionTranslationPostProcessor' (OnClassCondition)

   PersistenceExceptionTranslationAutoConfiguration#persistenceExceptionTranslationPostProcessor matched:
      - @ConditionalOnProperty (spring.dao.exceptiontranslation.enabled) matched (OnPropertyCondition)
      - @ConditionalOnMissingBean (types: org.springframework.dao.annotation.PersistenceExceptionTranslationPostProcessor; SearchStrategy: all) did not find any beans (OnBeanCondition)

   PropertyPlaceholderAutoConfiguration#propertySourcesPlaceholderConfigurer matched:
      - @ConditionalOnMissingBean (types: org.springframework.context.support.PropertySourcesPlaceholderConfigurer; SearchStrategy: current) did not find any beans (OnBeanCondition)

   RestClientAutoConfiguration matched:
      - @ConditionalOnClass found required class 'org.springframework.web.client.RestClient' (OnClassCondition)
      - NoneNestedConditions 0 matched 1 did not; NestedCondition on NotReactiveWebApplicationCondition.ReactiveWebApplication did not find reactive web application classes (NotReactiveWebApplicationCondition)

   RestClientAutoConfiguration#httpMessageConvertersRestClientCustomizer matched:
      - @ConditionalOnMissingBean (types: org.springframework.boot.autoconfigure.web.client.HttpMessageConvertersRestClientCustomizer; SearchStrategy: all) did not find any beans (OnBeanCondition)

   RestClientAutoConfiguration#restClientBuilder matched:
      - @ConditionalOnMissingBean (types: org.springframework.web.client.RestClient$Builder; SearchStrategy: all) did not find any beans (OnBeanCondition)

   RestClientAutoConfiguration#restClientBuilderConfigurer matched:
      - @ConditionalOnMissingBean (types: org.springframework.boot.autoconfigure.web.client.RestClientBuilderConfigurer; SearchStrategy: all) did not find any beans (OnBeanCondition)

   RestClientAutoConfiguration#restClientSsl matched:
      - @ConditionalOnBean (types: org.springframework.boot.ssl.SslBundles; SearchStrategy: all) found bean 'sslBundleRegistry'; @ConditionalOnMissingBean (types: org.springframework.boot.autoconfigure.web.client.RestClientSsl; SearchStrategy: all) did not find any beans (OnBeanCondition)

   RestTemplateAutoConfiguration matched:
      - @ConditionalOnClass found required class 'org.springframework.web.client.RestTemplate' (OnClassCondition)
      - NoneNestedConditions 0 matched 1 did not; NestedCondition on NotReactiveWebApplicationCondition.ReactiveWebApplication did not find reactive web application classes (NotReactiveWebApplicationCondition)

   RestTemplateAutoConfiguration#restTemplateBuilder matched:
      - @ConditionalOnMissingBean (types: org.springframework.boot.web.client.RestTemplateBuilder; SearchStrategy: all) did not find any beans (OnBeanCondition)

   SecurityAutoConfiguration matched:
      - @ConditionalOnClass found required class 'org.springframework.security.authentication.DefaultAuthenticationEventPublisher' (OnClassCondition)

   SecurityAutoConfiguration#authenticationEventPublisher matched:
      - @ConditionalOnMissingBean (types: org.springframework.security.authentication.AuthenticationEventPublisher; SearchStrategy: all) did not find any beans (OnBeanCondition)

   SecurityFilterAutoConfiguration matched:
      - @ConditionalOnClass found required classes 'org.springframework.security.web.context.AbstractSecurityWebApplicationInitializer', 'org.springframework.security.config.http.SessionCreationPolicy' (OnClassCondition)
      - found 'session' scope (OnWebApplicationCondition)

   SecurityFilterAutoConfiguration#securityFilterChainRegistration matched:
      - @ConditionalOnBean (names: springSecurityFilterChain; SearchStrategy: all) found bean 'springSecurityFilterChain' (OnBeanCondition)

   ServletWebServerFactoryAutoConfiguration matched:
      - @ConditionalOnClass found required class 'jakarta.servlet.ServletRequest' (OnClassCondition)
      - found 'session' scope (OnWebApplicationCondition)

   ServletWebServerFactoryAutoConfiguration#tomcatServletWebServerFactoryCustomizer matched:
      - @ConditionalOnClass found required class 'org.apache.catalina.startup.Tomcat' (OnClassCondition)

   ServletWebServerFactoryConfiguration.EmbeddedTomcat matched:
      - @ConditionalOnClass found required classes 'jakarta.servlet.Servlet', 'org.apache.catalina.startup.Tomcat', 'org.apache.coyote.UpgradeProtocol' (OnClassCondition)
      - @ConditionalOnMissingBean (types: org.springframework.boot.web.servlet.server.ServletWebServerFactory; SearchStrategy: current) did not find any beans (OnBeanCondition)

   SimpleCacheConfiguration matched:
      - Cache org.springframework.boot.autoconfigure.cache.SimpleCacheConfiguration automatic cache type (CacheCondition)

   SpringBootWebSecurityConfiguration matched:
      - found 'session' scope (OnWebApplicationCondition)

   SpringDataWebAutoConfiguration matched:
      - @ConditionalOnClass found required classes 'org.springframework.data.web.PageableHandlerMethodArgumentResolver', 'org.springframework.web.servlet.config.annotation.WebMvcConfigurer' (OnClassCondition)
      - found 'session' scope (OnWebApplicationCondition)
      - @ConditionalOnMissingBean (types: org.springframework.data.web.PageableHandlerMethodArgumentResolver; SearchStrategy: all) did not find any beans (OnBeanCondition)

   SpringDataWebAutoConfiguration#pageableCustomizer matched:
      - @ConditionalOnMissingBean (types: org.springframework.data.web.config.PageableHandlerMethodArgumentResolverCustomizer; SearchStrategy: all) did not find any beans (OnBeanCondition)

   SpringDataWebAutoConfiguration#sortCustomizer matched:
      - @ConditionalOnMissingBean (types: org.springframework.data.web.config.SortHandlerMethodArgumentResolverCustomizer; SearchStrategy: all) did not find any beans (OnBeanCondition)

   SqlInitializationAutoConfiguration matched:
      - @ConditionalOnProperty (spring.sql.init.enabled) matched (OnPropertyCondition)
      - NoneNestedConditions 0 matched 1 did not; NestedCondition on SqlInitializationAutoConfiguration.SqlInitializationModeCondition.ModeIsNever @ConditionalOnProperty (spring.sql.init.mode=never) did not find property 'mode' (SqlInitializationAutoConfiguration.SqlInitializationModeCondition)

   SslAutoConfiguration#sslBundleRegistry matched:
      - @ConditionalOnMissingBean (types: org.springframework.boot.ssl.SslBundleRegistry,org.springframework.boot.ssl.SslBundles; SearchStrategy: all) did not find any beans (OnBeanCondition)

   TaskExecutionAutoConfiguration matched:
      - @ConditionalOnClass found required class 'org.springframework.scheduling.concurrent.ThreadPoolTaskExecutor' (OnClassCondition)

   TaskExecutorConfigurations.SimpleAsyncTaskExecutorBuilderConfiguration#simpleAsyncTaskExecutorBuilder matched:
      - @ConditionalOnMissingBean (types: org.springframework.boot.task.SimpleAsyncTaskExecutorBuilder; SearchStrategy: all) did not find any beans (OnBeanCondition)
      - @ConditionalOnThreading found PLATFORM (OnThreadingCondition)

   TaskExecutorConfigurations.TaskExecutorBuilderConfiguration#taskExecutorBuilder matched:
      - @ConditionalOnMissingBean (types: org.springframework.boot.task.TaskExecutorBuilder; SearchStrategy: all) did not find any beans (OnBeanCondition)

   TaskExecutorConfigurations.TaskExecutorConfiguration matched:
      - @ConditionalOnMissingBean (types: java.util.concurrent.Executor; SearchStrategy: all) did not find any beans (OnBeanCondition)

   TaskExecutorConfigurations.TaskExecutorConfiguration#applicationTaskExecutor matched:
      - @ConditionalOnThreading found PLATFORM (OnThreadingCondition)

   TaskExecutorConfigurations.ThreadPoolTaskExecutorBuilderConfiguration#threadPoolTaskExecutorBuilder matched:
      - @ConditionalOnMissingBean (types: org.springframework.boot.task.TaskExecutorBuilder,org.springframework.boot.task.ThreadPoolTaskExecutorBuilder; SearchStrategy: all) did not find any beans (OnBeanCondition)

   TaskSchedulingAutoConfiguration matched:
      - @ConditionalOnClass found required class 'org.springframework.scheduling.concurrent.ThreadPoolTaskScheduler' (OnClassCondition)

   TaskSchedulingConfigurations.SimpleAsyncTaskSchedulerBuilderConfiguration#simpleAsyncTaskSchedulerBuilder matched:
      - @ConditionalOnMissingBean (types: org.springframework.boot.task.SimpleAsyncTaskSchedulerBuilder; SearchStrategy: all) did not find any beans (OnBeanCondition)
      - @ConditionalOnThreading found PLATFORM (OnThreadingCondition)

   TaskSchedulingConfigurations.TaskSchedulerBuilderConfiguration#taskSchedulerBuilder matched:
      - @ConditionalOnMissingBean (types: org.springframework.boot.task.TaskSchedulerBuilder; SearchStrategy: all) did not find any beans (OnBeanCondition)

   TaskSchedulingConfigurations.ThreadPoolTaskSchedulerBuilderConfiguration#threadPoolTaskSchedulerBuilder matched:
      - @ConditionalOnMissingBean (types: org.springframework.boot.task.TaskSchedulerBuilder,org.springframework.boot.task.ThreadPoolTaskSchedulerBuilder; SearchStrategy: all) did not find any beans (OnBeanCondition)

   TransactionAutoConfiguration matched:
      - @ConditionalOnClass found required class 'org.springframework.transaction.PlatformTransactionManager' (OnClassCondition)

   TransactionAutoConfiguration.EnableTransactionManagementConfiguration matched:
      - @ConditionalOnBean (types: org.springframework.transaction.TransactionManager; SearchStrategy: all) found bean 'transactionManager'; @ConditionalOnMissingBean (types: org.springframework.transaction.annotation.AbstractTransactionManagementConfiguration; SearchStrategy: all) did not find any beans (OnBeanCondition)

   TransactionAutoConfiguration.EnableTransactionManagementConfiguration.CglibAutoProxyConfiguration matched:
      - @ConditionalOnProperty (spring.aop.proxy-target-class=true) matched (OnPropertyCondition)

   TransactionAutoConfiguration.TransactionTemplateConfiguration matched:
      - @ConditionalOnSingleCandidate (types: org.springframework.transaction.PlatformTransactionManager; SearchStrategy: all) found a single bean 'transactionManager' (OnBeanCondition)

   TransactionAutoConfiguration.TransactionTemplateConfiguration#transactionTemplate matched:
      - @ConditionalOnMissingBean (types: org.springframework.transaction.support.TransactionOperations; SearchStrategy: all) did not find any beans (OnBeanCondition)

   TransactionManagerCustomizationAutoConfiguration matched:
      - @ConditionalOnClass found required class 'org.springframework.transaction.PlatformTransactionManager' (OnClassCondition)

   TransactionManagerCustomizationAutoConfiguration#platformTransactionManagerCustomizers matched:
      - @ConditionalOnMissingBean (types: org.springframework.boot.autoconfigure.transaction.TransactionManagerCustomizers; SearchStrategy: all) did not find any beans (OnBeanCondition)

   UserDetailsServiceAutoConfiguration matched:
      - @ConditionalOnClass found required class 'org.springframework.security.authentication.AuthenticationManager'; @ConditionalOnMissingClass did not find unwanted classes 'org.springframework.security.oauth2.client.registration.ClientRegistrationRepository', 'org.springframework.security.oauth2.server.resource.introspection.OpaqueTokenIntrospector', 'org.springframework.security.saml2.provider.service.registration.RelyingPartyRegistrationRepository' (OnClassCondition)
      - @ConditionalOnBean (types: org.springframework.security.config.annotation.ObjectPostProcessor; SearchStrategy: all) found bean 'objectPostProcessor'; @ConditionalOnMissingBean (types: org.springframework.security.authentication.AuthenticationManager,org.springframework.security.authentication.AuthenticationProvider,org.springframework.security.core.userdetails.UserDetailsService,org.springframework.security.authentication.AuthenticationManagerResolver,org.springframework.security.oauth2.jwt.JwtDecoder; SearchStrategy: all) did not find any beans (OnBeanCondition)

   WebMvcAutoConfiguration matched:
      - @ConditionalOnClass found required classes 'jakarta.servlet.Servlet', 'org.springframework.web.servlet.DispatcherServlet', 'org.springframework.web.servlet.config.annotation.WebMvcConfigurer' (OnClassCondition)
      - found 'session' scope (OnWebApplicationCondition)
      - @ConditionalOnMissingBean (types: org.springframework.web.servlet.config.annotation.WebMvcConfigurationSupport; SearchStrategy: all) did not find any beans (OnBeanCondition)

   WebMvcAutoConfiguration#formContentFilter matched:
      - @ConditionalOnProperty (spring.mvc.formcontent.filter.enabled) matched (OnPropertyCondition)
      - @ConditionalOnMissingBean (types: org.springframework.web.filter.FormContentFilter; SearchStrategy: all) did not find any beans (OnBeanCondition)

   WebMvcAutoConfiguration.EnableWebMvcConfiguration#flashMapManager matched:
      - @ConditionalOnMissingBean (names: flashMapManager; SearchStrategy: all) did not find any beans (OnBeanCondition)

   WebMvcAutoConfiguration.EnableWebMvcConfiguration#localeResolver matched:
      - @ConditionalOnMissingBean (names: localeResolver; SearchStrategy: all) did not find any beans (OnBeanCondition)

   WebMvcAutoConfiguration.EnableWebMvcConfiguration#themeResolver matched:
      - @ConditionalOnMissingBean (names: themeResolver; SearchStrategy: all) did not find any beans (OnBeanCondition)

   WebMvcAutoConfiguration.WebMvcAutoConfigurationAdapter#defaultViewResolver matched:
      - @ConditionalOnMissingBean (types: org.springframework.web.servlet.view.InternalResourceViewResolver; SearchStrategy: all) did not find any beans (OnBeanCondition)

   WebMvcAutoConfiguration.WebMvcAutoConfigurationAdapter#requestContextFilter matched:
      - @ConditionalOnMissingBean (types: org.springframework.web.context.request.RequestContextListener,org.springframework.web.filter.RequestContextFilter; SearchStrategy: all) did not find any beans (OnBeanCondition)

   WebMvcAutoConfiguration.WebMvcAutoConfigurationAdapter#viewResolver matched:
      - @ConditionalOnBean (types: org.springframework.web.servlet.ViewResolver; SearchStrategy: all) found beans 'defaultViewResolver', 'beanNameViewResolver', 'mvcViewResolver'; @ConditionalOnMissingBean (names: viewResolver types: org.springframework.web.servlet.view.ContentNegotiatingViewResolver; SearchStrategy: all) did not find any beans (OnBeanCondition)

   WebSocketServletAutoConfiguration matched:
      - @ConditionalOnClass found required classes 'jakarta.servlet.Servlet', 'jakarta.websocket.server.ServerContainer' (OnClassCondition)
      - found 'session' scope (OnWebApplicationCondition)

   WebSocketServletAutoConfiguration.TomcatWebSocketConfiguration matched:
      - @ConditionalOnClass found required classes 'org.apache.catalina.startup.Tomcat', 'org.apache.tomcat.websocket.server.WsSci' (OnClassCondition)

   WebSocketServletAutoConfiguration.TomcatWebSocketConfiguration#websocketServletWebServerCustomizer matched:
      - @ConditionalOnMissingBean (names: websocketServletWebServerCustomizer; SearchStrategy: all) did not find any beans (OnBeanCondition)


Negative matches:
-----------------

   ActiveMQAutoConfiguration:
      Did not match:
         - @ConditionalOnClass did not find required class 'jakarta.jms.ConnectionFactory' (OnClassCondition)

   AopAutoConfiguration.AspectJAutoProxyingConfiguration.JdkDynamicAutoProxyConfiguration:
      Did not match:
         - @ConditionalOnProperty (spring.aop.proxy-target-class=false) did not find property 'proxy-target-class' (OnPropertyCondition)

   AopAutoConfiguration.ClassProxyingConfiguration:
      Did not match:
         - @ConditionalOnMissingClass found unwanted class 'org.aspectj.weaver.Advice' (OnClassCondition)

   ArtemisAutoConfiguration:
      Did not match:
         - @ConditionalOnClass did not find required class 'jakarta.jms.ConnectionFactory' (OnClassCondition)

   BatchAutoConfiguration:
      Did not match:
         - @ConditionalOnClass did not find required class 'org.springframework.batch.core.launch.JobLauncher' (OnClassCondition)

   Cache2kCacheConfiguration:
      Did not match:
         - @ConditionalOnClass did not find required class 'org.cache2k.Cache2kBuilder' (OnClassCondition)

   CacheAutoConfiguration:
      Did not match:
         - @ConditionalOnBean (types: org.springframework.cache.interceptor.CacheAspectSupport; SearchStrategy: all) did not find any beans of type org.springframework.cache.interceptor.CacheAspectSupport (OnBeanCondition)
      Matched:
         - @ConditionalOnClass found required class 'org.springframework.cache.CacheManager' (OnClassCondition)

   CacheAutoConfiguration.CacheManagerEntityManagerFactoryDependsOnPostProcessor:
      Did not match:
         - Ancestor org.springframework.boot.autoconfigure.cache.CacheAutoConfiguration did not match (ConditionEvaluationReport.AncestorsMatchedCondition)
      Matched:
         - @ConditionalOnClass found required class 'org.springframework.orm.jpa.LocalContainerEntityManagerFactoryBean' (OnClassCondition)

   CaffeineCacheConfiguration:
      Did not match:
         - @ConditionalOnClass did not find required class 'com.github.benmanes.caffeine.cache.Caffeine' (OnClassCondition)

   CassandraAutoConfiguration:
      Did not match:
         - @ConditionalOnClass did not find required class 'com.datastax.oss.driver.api.core.CqlSession' (OnClassCondition)

   CassandraDataAutoConfiguration:
      Did not match:
         - @ConditionalOnClass did not find required class 'com.datastax.oss.driver.api.core.CqlSession' (OnClassCondition)

   CassandraReactiveDataAutoConfiguration:
      Did not match:
         - @ConditionalOnClass did not find required class 'com.datastax.oss.driver.api.core.CqlSession' (OnClassCondition)

   CassandraReactiveRepositoriesAutoConfiguration:
      Did not match:
         - @ConditionalOnClass did not find required class 'org.springframework.data.cassandra.ReactiveSession' (OnClassCondition)

   CassandraRepositoriesAutoConfiguration:
      Did not match:
         - @ConditionalOnClass did not find required class 'com.datastax.oss.driver.api.core.CqlSession' (OnClassCondition)

   ClientHttpConnectorAutoConfiguration:
      Did not match:
         - @ConditionalOnClass did not find required class 'org.springframework.web.reactive.function.client.WebClient' (OnClassCondition)

   CodecsAutoConfiguration:
      Did not match:
         - @ConditionalOnClass did not find required class 'org.springframework.web.reactive.function.client.WebClient' (OnClassCondition)

   CouchbaseAutoConfiguration:
      Did not match:
         - @ConditionalOnClass did not find required class 'com.couchbase.client.java.Cluster' (OnClassCondition)

   CouchbaseCacheConfiguration:
      Did not match:
         - @ConditionalOnClass did not find required class 'com.couchbase.client.java.Cluster' (OnClassCondition)

   CouchbaseDataAutoConfiguration:
      Did not match:
         - @ConditionalOnClass did not find required class 'com.couchbase.client.java.Bucket' (OnClassCondition)

   CouchbaseReactiveDataAutoConfiguration:
      Did not match:
         - @ConditionalOnClass did not find required class 'com.couchbase.client.java.Cluster' (OnClassCondition)

   CouchbaseReactiveRepositoriesAutoConfiguration:
      Did not match:
         - @ConditionalOnClass did not find required class 'com.couchbase.client.java.Cluster' (OnClassCondition)

   CouchbaseRepositoriesAutoConfiguration:
      Did not match:
         - @ConditionalOnClass did not find required class 'com.couchbase.client.java.Bucket' (OnClassCondition)

   DataSourceAutoConfiguration.EmbeddedDatabaseConfiguration:
      Did not match:
         - EmbeddedDataSource spring.datasource.url is set (DataSourceAutoConfiguration.EmbeddedDatabaseCondition)

   DataSourceCheckpointRestoreConfiguration:
      Did not match:
         - @ConditionalOnClass did not find required class 'org.crac.Resource' (OnClassCondition)

   DataSourceConfiguration.Dbcp2:
      Did not match:
         - @ConditionalOnClass did not find required class 'org.apache.commons.dbcp2.BasicDataSource' (OnClassCondition)

   DataSourceConfiguration.Generic:
      Did not match:
         - @ConditionalOnProperty (spring.datasource.type) did not find property 'spring.datasource.type' (OnPropertyCondition)

   DataSourceConfiguration.OracleUcp:
      Did not match:
         - @ConditionalOnClass did not find required classes 'oracle.ucp.jdbc.PoolDataSourceImpl', 'oracle.jdbc.OracleConnection' (OnClassCondition)

   DataSourceConfiguration.Tomcat:
      Did not match:
         - @ConditionalOnClass did not find required class 'org.apache.tomcat.jdbc.pool.DataSource' (OnClassCondition)

   DataSourceJmxConfiguration:
      Did not match:
         - @ConditionalOnProperty (spring.jmx.enabled=true) found different value in property 'enabled' (OnPropertyCondition)

   DataSourcePoolMetadataProvidersConfiguration.CommonsDbcp2PoolDataSourceMetadataProviderConfiguration:
      Did not match:
         - @ConditionalOnClass did not find required class 'org.apache.commons.dbcp2.BasicDataSource' (OnClassCondition)

   DataSourcePoolMetadataProvidersConfiguration.OracleUcpPoolDataSourceMetadataProviderConfiguration:
      Did not match:
         - @ConditionalOnClass did not find required classes 'oracle.ucp.jdbc.PoolDataSource', 'oracle.jdbc.OracleConnection' (OnClassCondition)

   DataSourcePoolMetadataProvidersConfiguration.TomcatDataSourcePoolMetadataProviderConfiguration:
      Did not match:
         - @ConditionalOnClass did not find required class 'org.apache.tomcat.jdbc.pool.DataSource' (OnClassCondition)

   DataSourceTransactionManagerAutoConfiguration.JdbcTransactionManagerConfiguration#transactionManager:
      Did not match:
         - @ConditionalOnMissingBean (types: org.springframework.transaction.TransactionManager; SearchStrategy: all) found beans of type 'org.springframework.transaction.TransactionManager' transactionManager (OnBeanCondition)

   DispatcherServletAutoConfiguration.DispatcherServletConfiguration#multipartResolver:
      Did not match:
         - @ConditionalOnBean (types: org.springframework.web.multipart.MultipartResolver; SearchStrategy: all) did not find any beans of type org.springframework.web.multipart.MultipartResolver (OnBeanCondition)

   ElasticsearchClientAutoConfiguration:
      Did not match:
         - @ConditionalOnClass did not find required class 'co.elastic.clients.elasticsearch.ElasticsearchClient' (OnClassCondition)

   ElasticsearchDataAutoConfiguration:
      Did not match:
         - @ConditionalOnClass did not find required class 'org.springframework.data.elasticsearch.client.elc.ElasticsearchTemplate' (OnClassCondition)

   ElasticsearchRepositoriesAutoConfiguration:
      Did not match:
         - @ConditionalOnClass did not find required class 'org.springframework.data.elasticsearch.repository.ElasticsearchRepository' (OnClassCondition)

   ElasticsearchRestClientAutoConfiguration:
      Did not match:
         - @ConditionalOnClass did not find required class 'org.elasticsearch.client.RestClientBuilder' (OnClassCondition)

   EmbeddedLdapAutoConfiguration:
      Did not match:
         - @ConditionalOnClass did not find required class 'com.unboundid.ldap.listener.InMemoryDirectoryServer' (OnClassCondition)

   EmbeddedWebServerFactoryCustomizerAutoConfiguration:
      Did not match:
         - Application is deployed as a WAR file. (OnWarDeploymentCondition)
      Matched:
         - @ConditionalOnWebApplication (required) found 'session' scope (OnWebApplicationCondition)

   ErrorWebFluxAutoConfiguration:
      Did not match:
         - @ConditionalOnClass did not find required class 'org.springframework.web.reactive.config.WebFluxConfigurer' (OnClassCondition)

   FlywayAutoConfiguration:
      Did not match:
         - @ConditionalOnClass did not find required class 'org.flywaydb.core.Flyway' (OnClassCondition)

   FreeMarkerAutoConfiguration:
      Did not match:
         - @ConditionalOnClass did not find required class 'freemarker.template.Configuration' (OnClassCondition)

   GraphQlAutoConfiguration:
      Did not match:
         - @ConditionalOnClass did not find required class 'graphql.GraphQL' (OnClassCondition)

   GraphQlQueryByExampleAutoConfiguration:
      Did not match:
         - @ConditionalOnClass did not find required class 'graphql.GraphQL' (OnClassCondition)

   GraphQlQuerydslAutoConfiguration:
      Did not match:
         - @ConditionalOnClass did not find required class 'com.querydsl.core.Query' (OnClassCondition)

   GraphQlRSocketAutoConfiguration:
      Did not match:
         - @ConditionalOnClass did not find required class 'graphql.GraphQL' (OnClassCondition)

   GraphQlReactiveQueryByExampleAutoConfiguration:
      Did not match:
         - @ConditionalOnClass did not find required class 'graphql.GraphQL' (OnClassCondition)

   GraphQlReactiveQuerydslAutoConfiguration:
      Did not match:
         - @ConditionalOnClass did not find required class 'com.querydsl.core.Query' (OnClassCondition)

   GraphQlWebFluxAutoConfiguration:
      Did not match:
         - @ConditionalOnClass did not find required class 'graphql.GraphQL' (OnClassCondition)

   GraphQlWebFluxSecurityAutoConfiguration:
      Did not match:
         - @ConditionalOnClass did not find required class 'graphql.GraphQL' (OnClassCondition)

   GraphQlWebMvcAutoConfiguration:
      Did not match:
         - @ConditionalOnClass did not find required class 'graphql.GraphQL' (OnClassCondition)

   GraphQlWebMvcSecurityAutoConfiguration:
      Did not match:
         - @ConditionalOnClass did not find required class 'graphql.GraphQL' (OnClassCondition)

   GroovyTemplateAutoConfiguration:
      Did not match:
         - @ConditionalOnClass did not find required class 'groovy.text.markup.MarkupTemplateEngine' (OnClassCondition)

   GsonAutoConfiguration:
      Did not match:
         - @ConditionalOnClass did not find required class 'com.google.gson.Gson' (OnClassCondition)

   GsonHttpMessageConvertersConfiguration:
      Did not match:
         - @ConditionalOnClass did not find required class 'com.google.gson.Gson' (OnClassCondition)

   H2ConsoleAutoConfiguration:
      Did not match:
         - @ConditionalOnProperty (spring.h2.console.enabled=true) did not find property 'enabled' (OnPropertyCondition)
      Matched:
         - @ConditionalOnClass found required class 'org.h2.server.web.JakartaWebServlet' (OnClassCondition)
         - found 'session' scope (OnWebApplicationCondition)

   HazelcastAutoConfiguration:
      Did not match:
         - @ConditionalOnClass did not find required class 'com.hazelcast.core.HazelcastInstance' (OnClassCondition)

   HazelcastCacheConfiguration:
      Did not match:
         - @ConditionalOnClass did not find required class 'com.hazelcast.core.HazelcastInstance' (OnClassCondition)

   HazelcastJpaDependencyAutoConfiguration:
      Did not match:
         - @ConditionalOnClass did not find required class 'com.hazelcast.core.HazelcastInstance' (OnClassCondition)

   HttpHandlerAutoConfiguration:
      Did not match:
         - @ConditionalOnClass did not find required class 'org.springframework.web.reactive.DispatcherHandler' (OnClassCondition)

   HypermediaAutoConfiguration:
      Did not match:
         - @ConditionalOnClass did not find required class 'org.springframework.hateoas.EntityModel' (OnClassCondition)

   InfinispanCacheConfiguration:
      Did not match:
         - @ConditionalOnClass did not find required class 'org.infinispan.spring.embedded.provider.SpringEmbeddedCacheManager' (OnClassCondition)

   InfluxDbAutoConfiguration:
      Did not match:
         - @ConditionalOnClass did not find required class 'org.influxdb.InfluxDB' (OnClassCondition)

   IntegrationAutoConfiguration:
      Did not match:
         - @ConditionalOnClass did not find required class 'org.springframework.integration.config.EnableIntegration' (OnClassCondition)

   JCacheCacheConfiguration:
      Did not match:
         - @ConditionalOnClass did not find required class 'javax.cache.Caching' (OnClassCondition)

   JacksonHttpMessageConvertersConfiguration.MappingJackson2XmlHttpMessageConverterConfiguration:
      Did not match:
         - @ConditionalOnClass did not find required class 'com.fasterxml.jackson.dataformat.xml.XmlMapper' (OnClassCondition)

   JdbcRepositoriesAutoConfiguration:
      Did not match:
         - @ConditionalOnClass did not find required class 'org.springframework.data.jdbc.repository.config.AbstractJdbcConfiguration' (OnClassCondition)

   JerseyAutoConfiguration:
      Did not match:
         - @ConditionalOnClass did not find required class 'org.glassfish.jersey.server.spring.SpringComponentProvider' (OnClassCondition)

   JmsAutoConfiguration:
      Did not match:
         - @ConditionalOnClass did not find required class 'jakarta.jms.Message' (OnClassCondition)

   JmxAutoConfiguration:
      Did not match:
         - @ConditionalOnProperty (spring.jmx.enabled=true) found different value in property 'enabled' (OnPropertyCondition)
      Matched:
         - @ConditionalOnClass found required class 'org.springframework.jmx.export.MBeanExporter' (OnClassCondition)

   JndiConnectionFactoryAutoConfiguration:
      Did not match:
         - @ConditionalOnClass did not find required class 'org.springframework.jms.core.JmsTemplate' (OnClassCondition)

   JndiDataSourceAutoConfiguration:
      Did not match:
         - @ConditionalOnProperty (spring.datasource.jndi-name) did not find property 'jndi-name' (OnPropertyCondition)
      Matched:
         - @ConditionalOnClass found required classes 'javax.sql.DataSource', 'org.springframework.jdbc.datasource.embedded.EmbeddedDatabaseType' (OnClassCondition)

   JndiJtaConfiguration:
      Did not match:
         - @ConditionalOnJndi JNDI environment is not available (OnJndiCondition)
      Matched:
         - @ConditionalOnClass found required class 'org.springframework.transaction.jta.JtaTransactionManager' (OnClassCondition)

   JooqAutoConfiguration:
      Did not match:
         - @ConditionalOnClass did not find required class 'org.jooq.DSLContext' (OnClassCondition)

   JpaRepositoriesAutoConfiguration#entityManagerFactoryBootstrapExecutorCustomizer:
      Did not match:
         - AnyNestedCondition 0 matched 2 did not; NestedCondition on JpaRepositoriesAutoConfiguration.BootstrapExecutorCondition.LazyBootstrapMode @ConditionalOnProperty (spring.data.jpa.repositories.bootstrap-mode=lazy) did not find property 'bootstrap-mode'; NestedCondition on JpaRepositoriesAutoConfiguration.BootstrapExecutorCondition.DeferredBootstrapMode @ConditionalOnProperty (spring.data.jpa.repositories.bootstrap-mode=deferred) did not find property 'bootstrap-mode' (JpaRepositoriesAutoConfiguration.BootstrapExecutorCondition)

   JsonbAutoConfiguration:
      Did not match:
         - @ConditionalOnClass did not find required class 'jakarta.json.bind.Jsonb' (OnClassCondition)

   JsonbHttpMessageConvertersConfiguration:
      Did not match:
         - @ConditionalOnClass did not find required class 'jakarta.json.bind.Jsonb' (OnClassCondition)

   KafkaAutoConfiguration:
      Did not match:
         - @ConditionalOnClass did not find required class 'org.springframework.kafka.core.KafkaTemplate' (OnClassCondition)

   LdapAutoConfiguration:
      Did not match:
         - @ConditionalOnClass did not find required class 'org.springframework.ldap.core.ContextSource' (OnClassCondition)

   LdapRepositoriesAutoConfiguration:
      Did not match:
         - @ConditionalOnClass did not find required class 'org.springframework.data.ldap.repository.LdapRepository' (OnClassCondition)

   LiquibaseAutoConfiguration:
      Did not match:
         - @ConditionalOnClass did not find required class 'liquibase.change.DatabaseChange' (OnClassCondition)

   MailSenderAutoConfiguration:
      Did not match:
         - @ConditionalOnClass did not find required class 'jakarta.mail.internet.MimeMessage' (OnClassCondition)

   MailSenderValidatorAutoConfiguration:
      Did not match:
         - @ConditionalOnSingleCandidate did not find required type 'org.springframework.mail.javamail.JavaMailSenderImpl' (OnBeanCondition)

   MessageSourceAutoConfiguration:
      Did not match:
         - ResourceBundle did not find bundle with basename messages (MessageSourceAutoConfiguration.ResourceBundleCondition)

   MongoAutoConfiguration:
      Did not match:
         - @ConditionalOnClass did not find required class 'com.mongodb.client.MongoClient' (OnClassCondition)

   MongoDataAutoConfiguration:
      Did not match:
         - @ConditionalOnClass did not find required class 'com.mongodb.client.MongoClient' (OnClassCondition)

   MongoReactiveAutoConfiguration:
      Did not match:
         - @ConditionalOnClass did not find required class 'com.mongodb.reactivestreams.client.MongoClient' (OnClassCondition)

   MongoReactiveDataAutoConfiguration:
      Did not match:
         - @ConditionalOnClass did not find required class 'com.mongodb.reactivestreams.client.MongoClient' (OnClassCondition)

   MongoReactiveRepositoriesAutoConfiguration:
      Did not match:
         - @ConditionalOnClass did not find required class 'com.mongodb.reactivestreams.client.MongoClient' (OnClassCondition)

   MongoRepositoriesAutoConfiguration:
      Did not match:
         - @ConditionalOnClass did not find required class 'com.mongodb.client.MongoClient' (OnClassCondition)

   MustacheAutoConfiguration:
      Did not match:
         - @ConditionalOnClass did not find required class 'com.samskivert.mustache.Mustache' (OnClassCondition)

   Neo4jAutoConfiguration:
      Did not match:
         - @ConditionalOnClass did not find required class 'org.neo4j.driver.Driver' (OnClassCondition)

   Neo4jDataAutoConfiguration:
      Did not match:
         - @ConditionalOnClass did not find required class 'org.neo4j.driver.Driver' (OnClassCondition)

   Neo4jReactiveDataAutoConfiguration:
      Did not match:
         - @ConditionalOnClass did not find required class 'org.neo4j.driver.Driver' (OnClassCondition)

   Neo4jReactiveRepositoriesAutoConfiguration:
      Did not match:
         - @ConditionalOnClass did not find required class 'org.neo4j.driver.Driver' (OnClassCondition)

   Neo4jRepositoriesAutoConfiguration:
      Did not match:
         - @ConditionalOnClass did not find required class 'org.neo4j.driver.Driver' (OnClassCondition)

   NettyAutoConfiguration:
      Did not match:
         - @ConditionalOnClass did not find required class 'io.netty.util.NettyRuntime' (OnClassCondition)

   OAuth2AuthorizationServerAutoConfiguration:
      Did not match:
         - @ConditionalOnClass did not find required class 'org.springframework.security.oauth2.server.authorization.OAuth2Authorization' (OnClassCondition)

   OAuth2AuthorizationServerJwtAutoConfiguration:
      Did not match:
         - @ConditionalOnClass did not find required class 'org.springframework.security.oauth2.server.authorization.OAuth2Authorization' (OnClassCondition)

   OAuth2ClientAutoConfiguration:
      Did not match:
         - @ConditionalOnClass did not find required class 'org.springframework.security.oauth2.client.registration.ClientRegistration' (OnClassCondition)

   OAuth2ResourceServerAutoConfiguration:
      Did not match:
         - @ConditionalOnClass did not find required class 'org.springframework.security.oauth2.server.resource.authentication.BearerTokenAuthenticationToken' (OnClassCondition)

   ProjectInfoAutoConfiguration#buildProperties:
      Did not match:
         - @ConditionalOnResource did not find resource '${spring.info.build.location:classpath:META-INF/build-info.properties}' (OnResourceCondition)

   ProjectInfoAutoConfiguration#gitProperties:
      Did not match:
         - GitResource did not find git info at classpath:git.properties (ProjectInfoAutoConfiguration.GitResourceAvailableCondition)

   PulsarAutoConfiguration:
      Did not match:
         - @ConditionalOnClass did not find required class 'org.apache.pulsar.client.api.PulsarClient' (OnClassCondition)

   PulsarReactiveAutoConfiguration:
      Did not match:
         - @ConditionalOnClass did not find required class 'org.apache.pulsar.client.api.PulsarClient' (OnClassCondition)

   QuartzAutoConfiguration:
      Did not match:
         - @ConditionalOnClass did not find required class 'org.quartz.Scheduler' (OnClassCondition)

   R2dbcAutoConfiguration:
      Did not match:
         - @ConditionalOnClass did not find required class 'io.r2dbc.spi.ConnectionFactory' (OnClassCondition)

   R2dbcDataAutoConfiguration:
      Did not match:
         - @ConditionalOnClass did not find required class 'org.springframework.data.r2dbc.core.R2dbcEntityTemplate' (OnClassCondition)

   R2dbcInitializationConfiguration:
      Did not match:
         - @ConditionalOnClass did not find required classes 'io.r2dbc.spi.ConnectionFactory', 'org.springframework.r2dbc.connection.init.DatabasePopulator' (OnClassCondition)

   R2dbcRepositoriesAutoConfiguration:
      Did not match:
         - @ConditionalOnClass did not find required class 'io.r2dbc.spi.ConnectionFactory' (OnClassCondition)

   R2dbcTransactionManagerAutoConfiguration:
      Did not match:
         - @ConditionalOnClass did not find required class 'org.springframework.r2dbc.connection.R2dbcTransactionManager' (OnClassCondition)

   RSocketGraphQlClientAutoConfiguration:
      Did not match:
         - @ConditionalOnClass did not find required class 'graphql.GraphQL' (OnClassCondition)

   RSocketMessagingAutoConfiguration:
      Did not match:
         - @ConditionalOnClass did not find required class 'io.rsocket.RSocket' (OnClassCondition)

   RSocketRequesterAutoConfiguration:
      Did not match:
         - @ConditionalOnClass did not find required class 'io.rsocket.RSocket' (OnClassCondition)

   RSocketSecurityAutoConfiguration:
      Did not match:
         - @ConditionalOnClass did not find required class 'org.springframework.security.rsocket.core.SecuritySocketAcceptorInterceptor' (OnClassCondition)

   RSocketServerAutoConfiguration:
      Did not match:
         - @ConditionalOnClass did not find required class 'io.rsocket.core.RSocketServer' (OnClassCondition)

   RSocketStrategiesAutoConfiguration:
      Did not match:
         - @ConditionalOnClass did not find required class 'io.netty.buffer.PooledByteBufAllocator' (OnClassCondition)

   RabbitAutoConfiguration:
      Did not match:
         - @ConditionalOnClass did not find required class 'com.rabbitmq.client.Channel' (OnClassCondition)

   ReactiveElasticsearchClientAutoConfiguration:
      Did not match:
         - @ConditionalOnClass did not find required class 'co.elastic.clients.transport.ElasticsearchTransport' (OnClassCondition)

   ReactiveElasticsearchRepositoriesAutoConfiguration:
      Did not match:
         - @ConditionalOnClass did not find required class 'org.springframework.data.elasticsearch.client.elc.ReactiveElasticsearchClient' (OnClassCondition)

   ReactiveMultipartAutoConfiguration:
      Did not match:
         - @ConditionalOnClass did not find required class 'org.springframework.web.reactive.config.WebFluxConfigurer' (OnClassCondition)

   ReactiveOAuth2ClientAutoConfiguration:
      Did not match:
         - @ConditionalOnClass did not find required class 'reactor.core.publisher.Flux' (OnClassCondition)

   ReactiveOAuth2ResourceServerAutoConfiguration:
      Did not match:
         - @ConditionalOnWebApplication did not find reactive web application classes (OnWebApplicationCondition)

   ReactiveSecurityAutoConfiguration:
      Did not match:
         - @ConditionalOnClass did not find required class 'reactor.core.publisher.Flux' (OnClassCondition)

   ReactiveUserDetailsServiceAutoConfiguration:
      Did not match:
         - AnyNestedCondition 0 matched 2 did not; NestedCondition on ReactiveUserDetailsServiceAutoConfiguration.ReactiveUserDetailsServiceCondition.ReactiveWebApplicationCondition did not find reactive web application classes; NestedCondition on ReactiveUserDetailsServiceAutoConfiguration.ReactiveUserDetailsServiceCondition.RSocketSecurityEnabledCondition @ConditionalOnBean (types: org.springframework.messaging.rsocket.annotation.support.RSocketMessageHandler; SearchStrategy: all) did not find any beans of type org.springframework.messaging.rsocket.annotation.support.RSocketMessageHandler (ReactiveUserDetailsServiceAutoConfiguration.ReactiveUserDetailsServiceCondition)
      Matched:
         - @ConditionalOnClass found required class 'org.springframework.security.authentication.ReactiveAuthenticationManager'; @ConditionalOnMissingClass did not find unwanted classes 'org.springframework.security.oauth2.client.registration.ClientRegistrationRepository', 'org.springframework.security.oauth2.server.resource.introspection.ReactiveOpaqueTokenIntrospector' (OnClassCondition)

   ReactiveWebServerFactoryAutoConfiguration:
      Did not match:
         - @ConditionalOnWebApplication did not find reactive web application classes (OnWebApplicationCondition)

   ReactorAutoConfiguration:
      Did not match:
         - @ConditionalOnClass did not find required class 'reactor.core.publisher.Hooks' (OnClassCondition)

   RedisAutoConfiguration:
      Did not match:
         - @ConditionalOnClass did not find required class 'org.springframework.data.redis.core.RedisOperations' (OnClassCondition)

   RedisCacheConfiguration:
      Did not match:
         - @ConditionalOnClass did not find required class 'org.springframework.data.redis.connection.RedisConnectionFactory' (OnClassCondition)

   RedisReactiveAutoConfiguration:
      Did not match:
         - @ConditionalOnClass did not find required class 'reactor.core.publisher.Flux' (OnClassCondition)

   RedisRepositoriesAutoConfiguration:
      Did not match:
         - @ConditionalOnClass did not find required class 'org.springframework.data.redis.repository.configuration.EnableRedisRepositories' (OnClassCondition)

   RepositoryRestMvcAutoConfiguration:
      Did not match:
         - @ConditionalOnClass did not find required class 'org.springframework.data.rest.webmvc.config.RepositoryRestMvcConfiguration' (OnClassCondition)

   Saml2RelyingPartyAutoConfiguration:
      Did not match:
         - @ConditionalOnClass did not find required class 'org.springframework.security.saml2.provider.service.registration.RelyingPartyRegistrationRepository' (OnClassCondition)

   SecurityDataConfiguration:
      Did not match:
         - @ConditionalOnClass did not find required class 'org.springframework.security.data.repository.query.SecurityEvaluationContextExtension' (OnClassCondition)

   SendGridAutoConfiguration:
      Did not match:
         - @ConditionalOnClass did not find required class 'com.sendgrid.SendGrid' (OnClassCondition)

   ServletWebServerFactoryAutoConfiguration.ForwardedHeaderFilterConfiguration:
      Did not match:
         - @ConditionalOnProperty (server.forward-headers-strategy=framework) did not find property 'server.forward-headers-strategy' (OnPropertyCondition)

   ServletWebServerFactoryConfiguration.EmbeddedJetty:
      Did not match:
         - @ConditionalOnClass did not find required classes 'org.eclipse.jetty.server.Server', 'org.eclipse.jetty.util.Loader', 'org.eclipse.jetty.ee10.webapp.WebAppContext' (OnClassCondition)

   ServletWebServerFactoryConfiguration.EmbeddedUndertow:
      Did not match:
         - @ConditionalOnClass did not find required classes 'io.undertow.Undertow', 'org.xnio.SslClientAuthMode' (OnClassCondition)

   SessionAutoConfiguration:
      Did not match:
         - @ConditionalOnClass did not find required class 'org.springframework.session.Session' (OnClassCondition)

   SpringApplicationAdminJmxAutoConfiguration:
      Did not match:
         - @ConditionalOnProperty (spring.application.admin.enabled=true) did not find property 'enabled' (OnPropertyCondition)

   SpringBootWebSecurityConfiguration.SecurityFilterChainConfiguration:
      Did not match:
         - AllNestedConditions 1 matched 1 did not; NestedCondition on DefaultWebSecurityCondition.Beans @ConditionalOnMissingBean (types: org.springframework.security.web.SecurityFilterChain; SearchStrategy: all) found beans of type 'org.springframework.security.web.SecurityFilterChain' filterChain; NestedCondition on DefaultWebSecurityCondition.Classes @ConditionalOnClass found required classes 'org.springframework.security.web.SecurityFilterChain', 'org.springframework.security.config.annotation.web.builders.HttpSecurity' (DefaultWebSecurityCondition)

   SpringBootWebSecurityConfiguration.WebSecurityEnablerConfiguration:
      Did not match:
         - @ConditionalOnMissingBean (names: springSecurityFilterChain; SearchStrategy: all) found beans named springSecurityFilterChain (OnBeanCondition)
      Matched:
         - @ConditionalOnClass found required class 'org.springframework.security.config.annotation.web.configuration.EnableWebSecurity' (OnClassCondition)

   TaskExecutorConfigurations.SimpleAsyncTaskExecutorBuilderConfiguration#simpleAsyncTaskExecutorBuilderVirtualThreads:
      Did not match:
         - @ConditionalOnMissingBean (types: org.springframework.boot.task.SimpleAsyncTaskExecutorBuilder; SearchStrategy: all) found beans of type 'org.springframework.boot.task.SimpleAsyncTaskExecutorBuilder' simpleAsyncTaskExecutorBuilder (OnBeanCondition)

   TaskExecutorConfigurations.TaskExecutorConfiguration#applicationTaskExecutorVirtualThreads:
      Did not match:
         - @ConditionalOnThreading did not find VIRTUAL (OnThreadingCondition)

   TaskSchedulingAutoConfiguration#scheduledBeanLazyInitializationExcludeFilter:
      Did not match:
         - @ConditionalOnBean (names: org.springframework.context.annotation.internalScheduledAnnotationProcessor; SearchStrategy: all) did not find any beans named org.springframework.context.annotation.internalScheduledAnnotationProcessor (OnBeanCondition)

   TaskSchedulingConfigurations.SimpleAsyncTaskSchedulerBuilderConfiguration#simpleAsyncTaskSchedulerBuilderVirtualThreads:
      Did not match:
         - @ConditionalOnMissingBean (types: org.springframework.boot.task.SimpleAsyncTaskSchedulerBuilder; SearchStrategy: all) found beans of type 'org.springframework.boot.task.SimpleAsyncTaskSchedulerBuilder' simpleAsyncTaskSchedulerBuilder (OnBeanCondition)

   TaskSchedulingConfigurations.TaskSchedulerConfiguration:
      Did not match:
         - @ConditionalOnBean (names: org.springframework.context.annotation.internalScheduledAnnotationProcessor; SearchStrategy: all) did not find any beans named org.springframework.context.annotation.internalScheduledAnnotationProcessor (OnBeanCondition)

   ThymeleafAutoConfiguration:
      Did not match:
         - @ConditionalOnClass did not find required class 'org.thymeleaf.spring6.SpringTemplateEngine' (OnClassCondition)

   TransactionAutoConfiguration#transactionalOperator:
      Did not match:
         - @ConditionalOnSingleCandidate (types: org.springframework.transaction.ReactiveTransactionManager; SearchStrategy: all) did not find any beans (OnBeanCondition)

   TransactionAutoConfiguration.AspectJTransactionManagementConfiguration:
      Did not match:
         - @ConditionalOnBean (types: org.springframework.transaction.aspectj.AbstractTransactionAspect; SearchStrategy: all) did not find any beans of type org.springframework.transaction.aspectj.AbstractTransactionAspect (OnBeanCondition)

   TransactionAutoConfiguration.EnableTransactionManagementConfiguration.JdkDynamicAutoProxyConfiguration:
      Did not match:
         - @ConditionalOnProperty (spring.aop.proxy-target-class=false) did not find property 'proxy-target-class' (OnPropertyCondition)

   ValidationAutoConfiguration:
      Did not match:
         - @ConditionalOnClass did not find required class 'jakarta.validation.executable.ExecutableValidator' (OnClassCondition)

   WebClientAutoConfiguration:
      Did not match:
         - @ConditionalOnClass did not find required class 'org.springframework.web.reactive.function.client.WebClient' (OnClassCondition)

   WebFluxAutoConfiguration:
      Did not match:
         - @ConditionalOnClass did not find required class 'org.springframework.web.reactive.config.WebFluxConfigurer' (OnClassCondition)

   WebMvcAutoConfiguration#hiddenHttpMethodFilter:
      Did not match:
         - @ConditionalOnProperty (spring.mvc.hiddenmethod.filter.enabled) did not find property 'enabled' (OnPropertyCondition)

   WebMvcAutoConfiguration.ProblemDetailsErrorHandlingConfiguration:
      Did not match:
         - @ConditionalOnProperty (spring.mvc.problemdetails.enabled=true) did not find property 'enabled' (OnPropertyCondition)

   WebMvcAutoConfiguration.ResourceChainCustomizerConfiguration:
      Did not match:
         - @ConditionalOnEnabledResourceChain did not find class org.webjars.WebJarAssetLocator (OnEnabledResourceChainCondition)

   WebMvcAutoConfiguration.WebMvcAutoConfigurationAdapter#beanNameViewResolver:
      Did not match:
         - @ConditionalOnMissingBean (types: org.springframework.web.servlet.view.BeanNameViewResolver; SearchStrategy: all) found beans of type 'org.springframework.web.servlet.view.BeanNameViewResolver' beanNameViewResolver (OnBeanCondition)

   WebServiceTemplateAutoConfiguration:
      Did not match:
         - @ConditionalOnClass did not find required class 'org.springframework.oxm.Marshaller' (OnClassCondition)

   WebServicesAutoConfiguration:
      Did not match:
         - @ConditionalOnClass did not find required class 'org.springframework.ws.transport.http.MessageDispatcherServlet' (OnClassCondition)

   WebSessionIdResolverAutoConfiguration:
      Did not match:
         - @ConditionalOnClass did not find required class 'reactor.core.publisher.Mono' (OnClassCondition)

   WebSocketMessagingAutoConfiguration:
      Did not match:
         - @ConditionalOnClass did not find required class 'org.springframework.web.socket.config.annotation.WebSocketMessageBrokerConfigurer' (OnClassCondition)

   WebSocketReactiveAutoConfiguration:
      Did not match:
         - @ConditionalOnWebApplication did not find reactive web application classes (OnWebApplicationCondition)

   WebSocketServletAutoConfiguration.JettyWebSocketConfiguration:
      Did not match:
         - @ConditionalOnClass did not find required class 'org.eclipse.jetty.ee10.websocket.jakarta.server.config.JakartaWebSocketServletContainerInitializer' (OnClassCondition)

   WebSocketServletAutoConfiguration.UndertowWebSocketConfiguration:
      Did not match:
         - @ConditionalOnClass did not find required class 'io.undertow.websockets.jsr.Bootstrap' (OnClassCondition)

   XADataSourceAutoConfiguration:
      Did not match:
         - @ConditionalOnBean (types: org.springframework.boot.jdbc.XADataSourceWrapper; SearchStrategy: all) did not find any beans of type org.springframework.boot.jdbc.XADataSourceWrapper (OnBeanCondition)
      Matched:
         - @ConditionalOnClass found required classes 'javax.sql.DataSource', 'jakarta.transaction.TransactionManager', 'org.springframework.jdbc.datasource.embedded.EmbeddedDatabaseType' (OnClassCondition)


Exclusions:
-----------

    None


Unconditional classes:
----------------------

    org.springframework.boot.autoconfigure.context.ConfigurationPropertiesAutoConfiguration

    org.springframework.boot.autoconfigure.ssl.SslAutoConfiguration

    org.springframework.boot.autoconfigure.context.LifecycleAutoConfiguration

    org.springframework.boot.autoconfigure.context.PropertyPlaceholderAutoConfiguration

    org.springframework.boot.autoconfigure.availability.ApplicationAvailabilityAutoConfiguration

    org.springframework.boot.autoconfigure.info.ProjectInfoAutoConfiguration



&amp#27;[2m2024-11-30T12:00:54.790+01:00&amp#27;[0;39m &amp#27;[32m INFO&amp#27;[0;39m &amp#27;[35m7864&amp#27;[0;39m &amp#27;[2m---&amp#27;[0;39m &amp#27;[2m[           main]&amp#27;[0;39m &amp#27;[2m&amp#27;[0;39m&amp#27;[36mc.m.service.MisightApplicationTests     &amp#27;[0;39m &amp#27;[2m:&amp#27;[0;39m Started MisightApplicationTests in 9.814 seconds (process running for 11.372)
&amp#27;[2m2024-11-30T12:00:54.795+01:00&amp#27;[0;39m &amp#27;[32mDEBUG&amp#27;[0;39m &amp#27;[35m7864&amp#27;[0;39m &amp#27;[2m---&amp#27;[0;39m &amp#27;[2m[           main]&amp#27;[0;39m &amp#27;[2m&amp#27;[0;39m&amp#27;[36mo.s.b.a.ApplicationAvailabilityBean     &amp#27;[0;39m &amp#27;[2m:&amp#27;[0;39m Application availability state LivenessState changed to CORRECT
&amp#27;[2m2024-11-30T12:00:54.837+01:00&amp#27;[0;39m &amp#27;[32mDEBUG&amp#27;[0;39m &amp#27;[35m7864&amp#27;[0;39m &amp#27;[2m---&amp#27;[0;39m &amp#27;[2m[           main]&amp#27;[0;39m &amp#27;[2m&amp#27;[0;39m&amp#27;[36mo.s.jdbc.core.JdbcTemplate              &amp#27;[0;39m &amp#27;[2m:&amp#27;[0;39m Executing SQL query [SELECT 1]
&amp#27;[2m2024-11-30T12:00:54.843+01:00&amp#27;[0;39m &amp#27;[32mDEBUG&amp#27;[0;39m &amp#27;[35m7864&amp#27;[0;39m &amp#27;[2m---&amp#27;[0;39m &amp#27;[2m[           main]&amp#27;[0;39m &amp#27;[2m&amp#27;[0;39m&amp#27;[36mo.s.jdbc.datasource.DataSourceUtils     &amp#27;[0;39m &amp#27;[2m:&amp#27;[0;39m Fetching JDBC Connection from DataSource
Database connection is successful!
&amp#27;[2m2024-11-30T12:00:54.892+01:00&amp#27;[0;39m &amp#27;[32mDEBUG&amp#27;[0;39m &amp#27;[35m7864&amp#27;[0;39m &amp#27;[2m---&amp#27;[0;39m &amp#27;[2m[           main]&amp#27;[0;39m &amp#27;[2m&amp#27;[0;39m&amp#27;[36mo.s.b.a.ApplicationAvailabilityBean     &amp#27;[0;39m &amp#27;[2m:&amp#27;[0;39m Application availability state ReadinessState changed to ACCEPTING_TRAFFIC
&amp#27;[2m2024-11-30T12:00:54.896+01:00&amp#27;[0;39m &amp#27;[32mDEBUG&amp#27;[0;39m &amp#27;[35m7864&amp#27;[0;39m &amp#27;[2m---&amp#27;[0;39m &amp#27;[2m[           main]&amp#27;[0;39m &amp#27;[2m&amp#27;[0;39m&amp#27;[36morg.springframework.test.context.cache  &amp#27;[0;39m &amp#27;[2m:&amp#27;[0;39m Spring test ApplicationContext cache statistics: [DefaultContextCache@5bc3c4e5 size = 1, maxSize = 32, parentContextCount = 0, hitCount = 0, missCount = 1, failureCount = 0]
&amp#27;[2m2024-11-30T12:00:54.896+01:00&amp#27;[0;39m &amp#27;[32mDEBUG&amp#27;[0;39m &amp#27;[35m7864&amp#27;[0;39m &amp#27;[2m---&amp#27;[0;39m &amp#27;[2m[           main]&amp#27;[0;39m &amp#27;[2m&amp#27;[0;39m&amp#27;[36mo.s.t.c.w.ServletTestExecutionListener  &amp#27;[0;39m &amp#27;[2m:&amp#27;[0;39m Setting up MockHttpServletRequest, MockHttpServletResponse, ServletWebRequest, and RequestContextHolder for test class com.misight.service.MisightApplicationTests
&amp#27;[2m2024-11-30T12:00:54.951+01:00&amp#27;[0;39m &amp#27;[32mDEBUG&amp#27;[0;39m &amp#27;[35m7864&amp#27;[0;39m &amp#27;[2m---&amp#27;[0;39m &amp#27;[2m[           main]&amp#27;[0;39m &amp#27;[2m&amp#27;[0;39m&amp#27;[36mDependencyInjectionTestExecutionListener&amp#27;[0;39m &amp#27;[2m:&amp#27;[0;39m Performing dependency injection for test class com.misight.service.MisightApplicationTests
&amp#27;[2m2024-11-30T12:00:54.953+01:00&amp#27;[0;39m &amp#27;[32mDEBUG&amp#27;[0;39m &amp#27;[35m7864&amp#27;[0;39m &amp#27;[2m---&amp#27;[0;39m &amp#27;[2m[           main]&amp#27;[0;39m &amp#27;[2m&amp#27;[0;39m&amp#27;[36morg.springframework.test.context.cache  &amp#27;[0;39m &amp#27;[2m:&amp#27;[0;39m Spring test ApplicationContext cache statistics: [DefaultContextCache@5bc3c4e5 size = 1, maxSize = 32, parentContextCount = 0, hitCount = 1, missCount = 1, failureCount = 0]
&amp#27;[2m2024-11-30T12:00:54.959+01:00&amp#27;[0;39m &amp#27;[32mDEBUG&amp#27;[0;39m &amp#27;[35m7864&amp#27;[0;39m &amp#27;[2m---&amp#27;[0;39m &amp#27;[2m[           main]&amp#27;[0;39m &amp#27;[2m&amp#27;[0;39m&amp#27;[36morg.springframework.test.context.cache  &amp#27;[0;39m &amp#27;[2m:&amp#27;[0;39m Spring test ApplicationContext cache statistics: [DefaultContextCache@5bc3c4e5 size = 1, maxSize = 32, parentContextCount = 0, hitCount = 2, missCount = 1, failureCount = 0]
&amp#27;[2m2024-11-30T12:00:54.983+01:00&amp#27;[0;39m &amp#27;[32mDEBUG&amp#27;[0;39m &amp#27;[35m7864&amp#27;[0;39m &amp#27;[2m---&amp#27;[0;39m &amp#27;[2m[           main]&amp#27;[0;39m &amp#27;[2m&amp#27;[0;39m&amp#27;[36msContextBeforeModesTestExecutionListener&amp#27;[0;39m &amp#27;[2m:&amp#27;[0;39m Before test method: class [MisightApplicationTests], method [contextLoads], class annotated with @DirtiesContext [false] with mode [null], method annotated with @DirtiesContext [false] with mode [null]
&amp#27;[2m2024-11-30T12:00:54.986+01:00&amp#27;[0;39m &amp#27;[32mDEBUG&amp#27;[0;39m &amp#27;[35m7864&amp#27;[0;39m &amp#27;[2m---&amp#27;[0;39m &amp#27;[2m[           main]&amp#27;[0;39m &amp#27;[2m&amp#27;[0;39m&amp#27;[36morg.springframework.test.context.cache  &amp#27;[0;39m &amp#27;[2m:&amp#27;[0;39m Spring test ApplicationContext cache statistics: [DefaultContextCache@5bc3c4e5 size = 1, maxSize = 32, parentContextCount = 0, hitCount = 3, missCount = 1, failureCount = 0]
&amp#27;[2m2024-11-30T12:00:54.987+01:00&amp#27;[0;39m &amp#27;[32mDEBUG&amp#27;[0;39m &amp#27;[35m7864&amp#27;[0;39m &amp#27;[2m---&amp#27;[0;39m &amp#27;[2m[           main]&amp#27;[0;39m &amp#27;[2m&amp#27;[0;39m&amp#27;[36morg.springframework.test.context.cache  &amp#27;[0;39m &amp#27;[2m:&amp#27;[0;39m Spring test ApplicationContext cache statistics: [DefaultContextCache@5bc3c4e5 size = 1, maxSize = 32, parentContextCount = 0, hitCount = 4, missCount = 1, failureCount = 0]
&amp#27;[2m2024-11-30T12:00:55.861+01:00&amp#27;[0;39m &amp#27;[32mDEBUG&amp#27;[0;39m &amp#27;[35m7864&amp#27;[0;39m &amp#27;[2m---&amp#27;[0;39m &amp#27;[2m[           main]&amp#27;[0;39m &amp#27;[2m&amp#27;[0;39m&amp#27;[36morg.springframework.test.context.cache  &amp#27;[0;39m &amp#27;[2m:&amp#27;[0;39m Spring test ApplicationContext cache statistics: [DefaultContextCache@5bc3c4e5 size = 1, maxSize = 32, parentContextCount = 0, hitCount = 5, missCount = 1, failureCount = 0]
&amp#27;[2m2024-11-30T12:00:55.869+01:00&amp#27;[0;39m &amp#27;[32mDEBUG&amp#27;[0;39m &amp#27;[35m7864&amp#27;[0;39m &amp#27;[2m---&amp#27;[0;39m &amp#27;[2m[           main]&amp#27;[0;39m &amp#27;[2m&amp#27;[0;39m&amp#27;[36morg.springframework.test.context.cache  &amp#27;[0;39m &amp#27;[2m:&amp#27;[0;39m Spring test ApplicationContext cache statistics: [DefaultContextCache@5bc3c4e5 size = 1, maxSize = 32, parentContextCount = 0, hitCount = 6, missCount = 1, failureCount = 0]
&amp#27;[2m2024-11-30T12:00:55.872+01:00&amp#27;[0;39m &amp#27;[32mDEBUG&amp#27;[0;39m &amp#27;[35m7864&amp#27;[0;39m &amp#27;[2m---&amp#27;[0;39m &amp#27;[2m[           main]&amp#27;[0;39m &amp#27;[2m&amp#27;[0;39m&amp#27;[36morg.springframework.test.context.cache  &amp#27;[0;39m &amp#27;[2m:&amp#27;[0;39m Spring test ApplicationContext cache statistics: [DefaultContextCache@5bc3c4e5 size = 1, maxSize = 32, parentContextCount = 0, hitCount = 7, missCount = 1, failureCount = 0]
&amp#27;[2m2024-11-30T12:00:55.872+01:00&amp#27;[0;39m &amp#27;[32mDEBUG&amp#27;[0;39m &amp#27;[35m7864&amp#27;[0;39m &amp#27;[2m---&amp#27;[0;39m &amp#27;[2m[           main]&amp#27;[0;39m &amp#27;[2m&amp#27;[0;39m&amp#27;[36morg.springframework.test.context.cache  &amp#27;[0;39m &amp#27;[2m:&amp#27;[0;39m Spring test ApplicationContext cache statistics: [DefaultContextCache@5bc3c4e5 size = 1, maxSize = 32, parentContextCount = 0, hitCount = 8, missCount = 1, failureCount = 0]
&amp#27;[2m2024-11-30T12:00:55.874+01:00&amp#27;[0;39m &amp#27;[32mDEBUG&amp#27;[0;39m &amp#27;[35m7864&amp#27;[0;39m &amp#27;[2m---&amp#27;[0;39m &amp#27;[2m[           main]&amp#27;[0;39m &amp#27;[2m&amp#27;[0;39m&amp#27;[36morg.springframework.test.context.cache  &amp#27;[0;39m &amp#27;[2m:&amp#27;[0;39m Spring test ApplicationContext cache statistics: [DefaultContextCache@5bc3c4e5 size = 1, maxSize = 32, parentContextCount = 0, hitCount = 9, missCount = 1, failureCount = 0]
&amp#27;[2m2024-11-30T12:00:55.879+01:00&amp#27;[0;39m &amp#27;[32mDEBUG&amp#27;[0;39m &amp#27;[35m7864&amp#27;[0;39m &amp#27;[2m---&amp#27;[0;39m &amp#27;[2m[           main]&amp#27;[0;39m &amp#27;[2m&amp#27;[0;39m&amp#27;[36morg.springframework.test.context.cache  &amp#27;[0;39m &amp#27;[2m:&amp#27;[0;39m Spring test ApplicationContext cache statistics: [DefaultContextCache@5bc3c4e5 size = 1, maxSize = 32, parentContextCount = 0, hitCount = 10, missCount = 1, failureCount = 0]
&amp#27;[2m2024-11-30T12:00:55.885+01:00&amp#27;[0;39m &amp#27;[32mDEBUG&amp#27;[0;39m &amp#27;[35m7864&amp#27;[0;39m &amp#27;[2m---&amp#27;[0;39m &amp#27;[2m[           main]&amp#27;[0;39m &amp#27;[2m&amp#27;[0;39m&amp#27;[36morg.springframework.test.context.cache  &amp#27;[0;39m &amp#27;[2m:&amp#27;[0;39m Spring test ApplicationContext cache statistics: [DefaultContextCache@5bc3c4e5 size = 1, maxSize = 32, parentContextCount = 0, hitCount = 11, missCount = 1, failureCount = 0]
&amp#27;[2m2024-11-30T12:00:55.887+01:00&amp#27;[0;39m &amp#27;[32mDEBUG&amp#27;[0;39m &amp#27;[35m7864&amp#27;[0;39m &amp#27;[2m---&amp#27;[0;39m &amp#27;[2m[           main]&amp#27;[0;39m &amp#27;[2m&amp#27;[0;39m&amp#27;[36m.c.s.DirtiesContextTestExecutionListener&amp#27;[0;39m &amp#27;[2m:&amp#27;[0;39m After test method: class [MisightApplicationTests], method [contextLoads], class annotated with @DirtiesContext [false] with mode [null], method annotated with @DirtiesContext [false] with mode [null]
&amp#27;[2m2024-11-30T12:00:55.887+01:00&amp#27;[0;39m &amp#27;[32mDEBUG&amp#27;[0;39m &amp#27;[35m7864&amp#27;[0;39m &amp#27;[2m---&amp#27;[0;39m &amp#27;[2m[           main]&amp#27;[0;39m &amp#27;[2m&amp#27;[0;39m&amp#27;[36mo.s.t.c.w.ServletTestExecutionListener  &amp#27;[0;39m &amp#27;[2m:&amp#27;[0;39m Resetting RequestContextHolder for test class com.misight.service.MisightApplicationTests
]]></system-out>
    <system-err><![CDATA[WARNING: A Java agent has been loaded dynamically (/Users/keyinstudent/.m2/repository/net/bytebuddy/byte-buddy-agent/1.14.10/byte-buddy-agent-1.14.10.jar)
WARNING: If a serviceability tool is in use, please run with -XX:+EnableDynamicAgentLoading to hide this warning
WARNING: If a serviceability tool is not in use, please run with -Djdk.instrument.traceUsage for more information
WARNING: Dynamic loading of agents will be disallowed by default in a future release
]]></system-err>
  </testcase>
</testsuite>